<?xml version="1.0" encoding="UTF-8"?>
<robot generator="Robot 7.0 (Python 3.12.1 on win32)" generated="2025-02-01T16:41:39.484804" rpa="false" schemaversion="5">
<suite id="s1" name="CalculatorTest" source="D:\AUTOMATION TEST\Calculator_v2\Tests\CalculatorTest.robot">
<kw name="Setup Calculator Environment" owner="CalculatorPage" type="SETUP">
<kw name="Log" owner="BuiltIn">
<msg time="2025-02-01T16:41:39.715802" level="INFO">Setting up calculator test environment</msg>
<arg>Setting up calculator test environment</arg>
<arg>console=True</arg>
<doc>Logs the given message with the given level.</doc>
<status status="PASS" start="2025-02-01T16:41:39.715802" elapsed="0.000000"/>
</kw>
<kw name="Set Selenium Timeout" owner="SeleniumLibrary">
<arg>${TIMEOUT}</arg>
<doc>Sets the timeout that is used by various keywords.</doc>
<status status="PASS" start="2025-02-01T16:41:39.715802" elapsed="0.000000"/>
</kw>
<kw name="Create List" owner="BuiltIn">
<msg time="2025-02-01T16:41:39.716809" level="INFO">${args} = ['--headless', '--no-sandbox', '--disable-dev-shm-usage', '--disable-gpu', '--window-size=1920,1080', '--remote-debugging-port=9222', '--disable-extensions', '--disable-setuid-sandbox', '--disable-web...</msg>
<var>${args}</var>
<arg>--headless</arg>
<arg>--no-sandbox</arg>
<arg>--disable-dev-shm-usage</arg>
<arg>--disable-gpu</arg>
<arg>--window-size=1920,1080</arg>
<arg>--remote-debugging-port=9222</arg>
<arg>--disable-extensions</arg>
<arg>--disable-setuid-sandbox</arg>
<arg>--disable-web-security</arg>
<doc>Returns a list containing given items.</doc>
<status status="PASS" start="2025-02-01T16:41:39.716809" elapsed="0.000000"/>
</kw>
<kw name="Evaluate" owner="BuiltIn">
<msg time="2025-02-01T16:41:39.716809" level="INFO">${chrome_options} = &lt;selenium.webdriver.chrome.options.Options object at 0x000001A1DA4B00B0&gt;</msg>
<var>${chrome_options}</var>
<arg>sys.modules['selenium.webdriver'].ChromeOptions()</arg>
<arg>sys</arg>
<doc>Evaluates the given expression in Python and returns the result.</doc>
<status status="PASS" start="2025-02-01T16:41:39.716809" elapsed="0.000000"/>
</kw>
<for flavor="IN">
<iter>
<kw name="Call Method" owner="BuiltIn">
<arg>${chrome_options}</arg>
<arg>add_argument</arg>
<arg>${arg}</arg>
<doc>Calls the named method of the given object with the provided arguments.</doc>
<status status="PASS" start="2025-02-01T16:41:39.716809" elapsed="0.000000"/>
</kw>
<var name="${arg}">--headless</var>
<status status="PASS" start="2025-02-01T16:41:39.716809" elapsed="0.000000"/>
</iter>
<iter>
<kw name="Call Method" owner="BuiltIn">
<arg>${chrome_options}</arg>
<arg>add_argument</arg>
<arg>${arg}</arg>
<doc>Calls the named method of the given object with the provided arguments.</doc>
<status status="PASS" start="2025-02-01T16:41:39.716809" elapsed="0.000000"/>
</kw>
<var name="${arg}">--no-sandbox</var>
<status status="PASS" start="2025-02-01T16:41:39.716809" elapsed="0.000000"/>
</iter>
<iter>
<kw name="Call Method" owner="BuiltIn">
<arg>${chrome_options}</arg>
<arg>add_argument</arg>
<arg>${arg}</arg>
<doc>Calls the named method of the given object with the provided arguments.</doc>
<status status="PASS" start="2025-02-01T16:41:39.717806" elapsed="0.000000"/>
</kw>
<var name="${arg}">--disable-dev-shm-usage</var>
<status status="PASS" start="2025-02-01T16:41:39.717806" elapsed="0.000000"/>
</iter>
<iter>
<kw name="Call Method" owner="BuiltIn">
<arg>${chrome_options}</arg>
<arg>add_argument</arg>
<arg>${arg}</arg>
<doc>Calls the named method of the given object with the provided arguments.</doc>
<status status="PASS" start="2025-02-01T16:41:39.717806" elapsed="0.000000"/>
</kw>
<var name="${arg}">--disable-gpu</var>
<status status="PASS" start="2025-02-01T16:41:39.717806" elapsed="0.000000"/>
</iter>
<iter>
<kw name="Call Method" owner="BuiltIn">
<arg>${chrome_options}</arg>
<arg>add_argument</arg>
<arg>${arg}</arg>
<doc>Calls the named method of the given object with the provided arguments.</doc>
<status status="PASS" start="2025-02-01T16:41:39.717806" elapsed="0.000000"/>
</kw>
<var name="${arg}">--window-size=1920,1080</var>
<status status="PASS" start="2025-02-01T16:41:39.717806" elapsed="0.000000"/>
</iter>
<iter>
<kw name="Call Method" owner="BuiltIn">
<arg>${chrome_options}</arg>
<arg>add_argument</arg>
<arg>${arg}</arg>
<doc>Calls the named method of the given object with the provided arguments.</doc>
<status status="PASS" start="2025-02-01T16:41:39.717806" elapsed="0.000915"/>
</kw>
<var name="${arg}">--remote-debugging-port=9222</var>
<status status="PASS" start="2025-02-01T16:41:39.717806" elapsed="0.000915"/>
</iter>
<iter>
<kw name="Call Method" owner="BuiltIn">
<arg>${chrome_options}</arg>
<arg>add_argument</arg>
<arg>${arg}</arg>
<doc>Calls the named method of the given object with the provided arguments.</doc>
<status status="PASS" start="2025-02-01T16:41:39.718721" elapsed="0.000000"/>
</kw>
<var name="${arg}">--disable-extensions</var>
<status status="PASS" start="2025-02-01T16:41:39.718721" elapsed="0.000000"/>
</iter>
<iter>
<kw name="Call Method" owner="BuiltIn">
<arg>${chrome_options}</arg>
<arg>add_argument</arg>
<arg>${arg}</arg>
<doc>Calls the named method of the given object with the provided arguments.</doc>
<status status="PASS" start="2025-02-01T16:41:39.718721" elapsed="0.000000"/>
</kw>
<var name="${arg}">--disable-setuid-sandbox</var>
<status status="PASS" start="2025-02-01T16:41:39.718721" elapsed="0.000000"/>
</iter>
<iter>
<kw name="Call Method" owner="BuiltIn">
<arg>${chrome_options}</arg>
<arg>add_argument</arg>
<arg>${arg}</arg>
<doc>Calls the named method of the given object with the provided arguments.</doc>
<status status="PASS" start="2025-02-01T16:41:39.718721" elapsed="0.000000"/>
</kw>
<var name="${arg}">--disable-web-security</var>
<status status="PASS" start="2025-02-01T16:41:39.718721" elapsed="0.000000"/>
</iter>
<var>${arg}</var>
<value>@{args}</value>
<status status="PASS" start="2025-02-01T16:41:39.716809" elapsed="0.001912"/>
</for>
<kw name="Create Webdriver" owner="SeleniumLibrary">
<msg time="2025-02-01T16:41:39.718721" level="INFO">Creating an instance of the Chrome WebDriver.</msg>
<arg>Chrome</arg>
<arg>options=${chrome_options}</arg>
<doc>Creates an instance of Selenium WebDriver.</doc>
<status status="PASS" start="2025-02-01T16:41:39.718721" elapsed="2.916274"/>
</kw>
<kw name="Set Window Size" owner="SeleniumLibrary">
<arg>1920</arg>
<arg>1080</arg>
<doc>Sets current windows size to given ``width`` and ``height``.</doc>
<status status="PASS" start="2025-02-01T16:41:42.634995" elapsed="0.003000"/>
</kw>
<kw name="Go To" owner="SeleniumLibrary">
<msg time="2025-02-01T16:41:42.638996" level="INFO">Opening url 'https://testpages.eviltester.com/styled/apps/calculator.html'</msg>
<arg>${URL}</arg>
<doc>Navigates the current browser window to the provided ``url``.</doc>
<status status="PASS" start="2025-02-01T16:41:42.637995" elapsed="2.325438"/>
</kw>
<doc>Initialize the calculator test environment</doc>
<status status="PASS" start="2025-02-01T16:41:39.714809" elapsed="5.248624"/>
</kw>
<test id="s1-t1" name="User can perform basic integer addition" line="18">
<kw name="Initialize Calculator Session" type="SETUP">
<kw name="Go To" owner="SeleniumLibrary">
<msg time="2025-02-01T16:41:44.964439" level="INFO">Opening url 'https://testpages.eviltester.com/styled/apps/calculator.html'</msg>
<arg>${CALCULATOR_URL}</arg>
<doc>Navigates the current browser window to the provided ``url``.</doc>
<status status="PASS" start="2025-02-01T16:41:44.964439" elapsed="0.586220"/>
</kw>
<kw name="Maximize Browser Window" owner="SeleniumLibrary">
<doc>Maximizes current browser window.</doc>
<status status="PASS" start="2025-02-01T16:41:45.550659" elapsed="0.017916"/>
</kw>
<kw name="Wait Until Element Is Visible" owner="SeleniumLibrary">
<arg>${CALCULATOR_DISPLAY}</arg>
<doc>Waits until the element ``locator`` is visible.</doc>
<status status="PASS" start="2025-02-01T16:41:45.568575" elapsed="0.021000"/>
</kw>
<status status="PASS" start="2025-02-01T16:41:44.964439" elapsed="0.625136"/>
</kw>
<kw name="Log" owner="BuiltIn">
<msg time="2025-02-01T16:41:45.590575" level="INFO">Starting test: Basic Integer Addition</msg>
<arg>Starting test: Basic Integer Addition</arg>
<arg>console=True</arg>
<doc>Logs the given message with the given level.</doc>
<status status="PASS" start="2025-02-01T16:41:45.589575" elapsed="0.001000"/>
</kw>
<kw name="Given Calculator is ready for input">
<kw name="Log" owner="BuiltIn">
<msg time="2025-02-01T16:41:45.590575" level="INFO">Ensuring calculator is ready for input</msg>
<arg>Ensuring calculator is ready for input</arg>
<arg>console=True</arg>
<doc>Logs the given message with the given level.</doc>
<status status="PASS" start="2025-02-01T16:41:45.590575" elapsed="0.001014"/>
</kw>
<kw name="Clear Display" owner="CalculatorPage">
<kw name="Wait Until Element Is Visible" owner="SeleniumLibrary">
<arg>${CLEAR_BTN}</arg>
<arg>${TIMEOUT}</arg>
<doc>Waits until the element ``locator`` is visible.</doc>
<status status="PASS" start="2025-02-01T16:41:45.591589" elapsed="0.018213"/>
</kw>
<kw name="Click Element" owner="SeleniumLibrary">
<msg time="2025-02-01T16:41:45.609802" level="INFO">Clicking element 'id=buttonclearentry'.</msg>
<arg>${CLEAR_BTN}</arg>
<doc>Click the element identified by ``locator``.</doc>
<status status="PASS" start="2025-02-01T16:41:45.609802" elapsed="0.044712"/>
</kw>
<kw name="Verify Display Shows" owner="CalculatorFlow">
<kw name="Log" owner="BuiltIn">
<msg time="2025-02-01T16:41:45.655550" level="INFO">Verifying display shows: </msg>
<arg>Verifying display shows: ${expected_value}</arg>
<arg>console=True</arg>
<doc>Logs the given message with the given level.</doc>
<status status="PASS" start="2025-02-01T16:41:45.655550" elapsed="0.000000"/>
</kw>
<kw name="Wait Until Display Shows" owner="CalculatorPage">
<kw name="Wait Until Keyword Succeeds" owner="BuiltIn">
<kw name="Verify Display Value" owner="CalculatorPage">
<kw name="Get Display Value" owner="CalculatorPage">
<kw name="Wait Until Element Is Visible" owner="SeleniumLibrary">
<arg>${CALCULATOR_DISPLAY}</arg>
<doc>Waits until the element ``locator`` is visible.</doc>
<status status="PASS" start="2025-02-01T16:41:45.656552" elapsed="0.010714"/>
</kw>
<kw name="Get Element Attribute" owner="SeleniumLibrary">
<msg time="2025-02-01T16:41:45.678276" level="INFO">${value} = </msg>
<var>${value}</var>
<arg>${CALCULATOR_DISPLAY}</arg>
<arg>value</arg>
<doc>Returns the value of ``attribute`` from the element ``locator``.</doc>
<status status="PASS" start="2025-02-01T16:41:45.667266" elapsed="0.011955"/>
</kw>
<kw name="Set Variable If" owner="BuiltIn">
<msg time="2025-02-01T16:41:45.679221" level="INFO">${value} = </msg>
<var>${value}</var>
<arg>'${value}' == ''</arg>
<arg>${DEFAULT_VALUE}</arg>
<arg>${value}</arg>
<doc>Sets variable based on the given condition.</doc>
<status status="PASS" start="2025-02-01T16:41:45.679221" elapsed="0.000000"/>
</kw>
<return>
<value>${value}</value>
<status status="PASS" start="2025-02-01T16:41:45.679221" elapsed="0.000000"/>
</return>
<msg time="2025-02-01T16:41:45.679221" level="INFO">${actual} = </msg>
<var>${actual}</var>
<doc>Get the current value from the calculator display</doc>
<status status="PASS" start="2025-02-01T16:41:45.656552" elapsed="0.022669"/>
</kw>
<kw name="Convert And Compare Numbers" owner="CalculatorPage">
<kw name="Run Keyword If" owner="BuiltIn">
<kw name="Set Variable" owner="BuiltIn">
<arg>0</arg>
<doc>Returns the given values which can then be assigned to a variables.</doc>
<status status="PASS" start="2025-02-01T16:41:45.680270" elapsed="0.000000"/>
</kw>
<msg time="2025-02-01T16:41:45.680270" level="INFO">${actual_num} = 0</msg>
<var>${actual_num}</var>
<arg>'${actual}' == ''</arg>
<arg>Set Variable</arg>
<arg>0</arg>
<arg>ELSE</arg>
<arg>Convert To Number</arg>
<arg>${actual}</arg>
<doc>Runs the given keyword with the given arguments, if ``condition`` is true.</doc>
<status status="PASS" start="2025-02-01T16:41:45.679221" elapsed="0.001049"/>
</kw>
<kw name="Run Keyword If" owner="BuiltIn">
<kw name="Set Variable" owner="BuiltIn">
<arg>0</arg>
<doc>Returns the given values which can then be assigned to a variables.</doc>
<status status="PASS" start="2025-02-01T16:41:45.680270" elapsed="0.000000"/>
</kw>
<msg time="2025-02-01T16:41:45.680270" level="INFO">${expected_num} = 0</msg>
<var>${expected_num}</var>
<arg>'${expected}' == ''</arg>
<arg>Set Variable</arg>
<arg>0</arg>
<arg>ELSE</arg>
<arg>Convert To Number</arg>
<arg>${expected}</arg>
<doc>Runs the given keyword with the given arguments, if ``condition`` is true.</doc>
<status status="PASS" start="2025-02-01T16:41:45.680270" elapsed="0.000000"/>
</kw>
<kw name="Should Be Equal As Numbers" owner="BuiltIn">
<arg>${actual_num}</arg>
<arg>${expected_num}</arg>
<doc>Fails if objects are unequal after converting them to real numbers.</doc>
<status status="PASS" start="2025-02-01T16:41:45.680270" elapsed="0.000000"/>
</kw>
<arg>${actual}</arg>
<arg>${expected}</arg>
<doc>Convert and compare two numbers</doc>
<status status="PASS" start="2025-02-01T16:41:45.679221" elapsed="0.001049"/>
</kw>
<arg>${expected}</arg>
<doc>Verify the calculator display shows the expected value</doc>
<status status="PASS" start="2025-02-01T16:41:45.656552" elapsed="0.023718"/>
</kw>
<arg>5s</arg>
<arg>1s</arg>
<arg>Verify Display Value</arg>
<arg>${expected}</arg>
<doc>Runs the specified keyword and retries if it fails.</doc>
<status status="PASS" start="2025-02-01T16:41:45.656552" elapsed="0.023718"/>
</kw>
<arg>${expected_value}</arg>
<doc>Wait until the calculator display shows the expected value</doc>
<status status="PASS" start="2025-02-01T16:41:45.655550" elapsed="0.024720"/>
</kw>
<arg>${DEFAULT_VALUE}</arg>
<doc>Verifies the calculator display shows expected value</doc>
<status status="PASS" start="2025-02-01T16:41:45.654514" elapsed="0.025756"/>
</kw>
<doc>Clear the calculator display</doc>
<status status="PASS" start="2025-02-01T16:41:45.591589" elapsed="0.088681"/>
</kw>
<kw name="Verify Display Shows" owner="CalculatorFlow">
<kw name="Log" owner="BuiltIn">
<msg time="2025-02-01T16:41:45.681262" level="INFO">Verifying display shows: </msg>
<arg>Verifying display shows: ${expected_value}</arg>
<arg>console=True</arg>
<doc>Logs the given message with the given level.</doc>
<status status="PASS" start="2025-02-01T16:41:45.681262" elapsed="0.000000"/>
</kw>
<kw name="Wait Until Display Shows" owner="CalculatorPage">
<kw name="Wait Until Keyword Succeeds" owner="BuiltIn">
<kw name="Verify Display Value" owner="CalculatorPage">
<kw name="Get Display Value" owner="CalculatorPage">
<kw name="Wait Until Element Is Visible" owner="SeleniumLibrary">
<arg>${CALCULATOR_DISPLAY}</arg>
<doc>Waits until the element ``locator`` is visible.</doc>
<status status="PASS" start="2025-02-01T16:41:45.682265" elapsed="0.011107"/>
</kw>
<kw name="Get Element Attribute" owner="SeleniumLibrary">
<msg time="2025-02-01T16:41:45.704531" level="INFO">${value} = </msg>
<var>${value}</var>
<arg>${CALCULATOR_DISPLAY}</arg>
<arg>value</arg>
<doc>Returns the value of ``attribute`` from the element ``locator``.</doc>
<status status="PASS" start="2025-02-01T16:41:45.693372" elapsed="0.011159"/>
</kw>
<kw name="Set Variable If" owner="BuiltIn">
<msg time="2025-02-01T16:41:45.705516" level="INFO">${value} = </msg>
<var>${value}</var>
<arg>'${value}' == ''</arg>
<arg>${DEFAULT_VALUE}</arg>
<arg>${value}</arg>
<doc>Sets variable based on the given condition.</doc>
<status status="PASS" start="2025-02-01T16:41:45.705516" elapsed="0.000000"/>
</kw>
<return>
<value>${value}</value>
<status status="PASS" start="2025-02-01T16:41:45.705516" elapsed="0.000000"/>
</return>
<msg time="2025-02-01T16:41:45.705516" level="INFO">${actual} = </msg>
<var>${actual}</var>
<doc>Get the current value from the calculator display</doc>
<status status="PASS" start="2025-02-01T16:41:45.682265" elapsed="0.023251"/>
</kw>
<kw name="Convert And Compare Numbers" owner="CalculatorPage">
<kw name="Run Keyword If" owner="BuiltIn">
<kw name="Set Variable" owner="BuiltIn">
<arg>0</arg>
<doc>Returns the given values which can then be assigned to a variables.</doc>
<status status="PASS" start="2025-02-01T16:41:45.706518" elapsed="0.000000"/>
</kw>
<msg time="2025-02-01T16:41:45.706518" level="INFO">${actual_num} = 0</msg>
<var>${actual_num}</var>
<arg>'${actual}' == ''</arg>
<arg>Set Variable</arg>
<arg>0</arg>
<arg>ELSE</arg>
<arg>Convert To Number</arg>
<arg>${actual}</arg>
<doc>Runs the given keyword with the given arguments, if ``condition`` is true.</doc>
<status status="PASS" start="2025-02-01T16:41:45.706518" elapsed="0.000000"/>
</kw>
<kw name="Run Keyword If" owner="BuiltIn">
<kw name="Set Variable" owner="BuiltIn">
<arg>0</arg>
<doc>Returns the given values which can then be assigned to a variables.</doc>
<status status="PASS" start="2025-02-01T16:41:45.707515" elapsed="0.000000"/>
</kw>
<msg time="2025-02-01T16:41:45.707515" level="INFO">${expected_num} = 0</msg>
<var>${expected_num}</var>
<arg>'${expected}' == ''</arg>
<arg>Set Variable</arg>
<arg>0</arg>
<arg>ELSE</arg>
<arg>Convert To Number</arg>
<arg>${expected}</arg>
<doc>Runs the given keyword with the given arguments, if ``condition`` is true.</doc>
<status status="PASS" start="2025-02-01T16:41:45.706518" elapsed="0.000997"/>
</kw>
<kw name="Should Be Equal As Numbers" owner="BuiltIn">
<arg>${actual_num}</arg>
<arg>${expected_num}</arg>
<doc>Fails if objects are unequal after converting them to real numbers.</doc>
<status status="PASS" start="2025-02-01T16:41:45.707515" elapsed="0.000000"/>
</kw>
<arg>${actual}</arg>
<arg>${expected}</arg>
<doc>Convert and compare two numbers</doc>
<status status="PASS" start="2025-02-01T16:41:45.705516" elapsed="0.001999"/>
</kw>
<arg>${expected}</arg>
<doc>Verify the calculator display shows the expected value</doc>
<status status="PASS" start="2025-02-01T16:41:45.681262" elapsed="0.026253"/>
</kw>
<arg>5s</arg>
<arg>1s</arg>
<arg>Verify Display Value</arg>
<arg>${expected}</arg>
<doc>Runs the specified keyword and retries if it fails.</doc>
<status status="PASS" start="2025-02-01T16:41:45.681262" elapsed="0.026253"/>
</kw>
<arg>${expected_value}</arg>
<doc>Wait until the calculator display shows the expected value</doc>
<status status="PASS" start="2025-02-01T16:41:45.681262" elapsed="0.026253"/>
</kw>
<arg>${DEFAULT_VALUE}</arg>
<doc>Verifies the calculator display shows expected value</doc>
<status status="PASS" start="2025-02-01T16:41:45.680270" elapsed="0.027245"/>
</kw>
<status status="PASS" start="2025-02-01T16:41:45.590575" elapsed="0.116940"/>
</kw>
<kw name="When User generates test data for basic operation">
<kw name="Log" owner="BuiltIn">
<msg time="2025-02-01T16:41:45.708539" level="INFO">Generating test data for basic operation (min=1, max=100, decimals=False)</msg>
<arg>Generating test data for basic operation (min=${min}, max=${max}, decimals=${use_decimals})</arg>
<arg>console=True</arg>
<doc>Logs the given message with the given level.</doc>
<status status="PASS" start="2025-02-01T16:41:45.708539" elapsed="0.000233"/>
</kw>
<kw name="Generate Basic Operation Data" owner="CalculatorData">
<kw name="Generate Numbers" owner="calculator_data_generator">
<msg time="2025-02-01T16:41:45.708772" level="INFO">${data} = {'num1': '34', 'num2': '19', 'expected_addition': '53', 'expected_multiplication': '646'}</msg>
<var>${data}</var>
<arg>${min_val}</arg>
<arg>${max_val}</arg>
<arg>${use_decimal}</arg>
<doc>Generate two random numbers and their expected results</doc>
<status status="PASS" start="2025-02-01T16:41:45.708772" elapsed="0.000000"/>
</kw>
<return>
<value>${data}</value>
<status status="PASS" start="2025-02-01T16:41:45.708772" elapsed="0.000000"/>
</return>
<msg time="2025-02-01T16:41:45.708772" level="INFO">${test_data} = {'num1': '34', 'num2': '19', 'expected_addition': '53', 'expected_multiplication': '646'}</msg>
<var>${test_data}</var>
<arg>${min}</arg>
<arg>${max}</arg>
<arg>${use_decimals}</arg>
<status status="PASS" start="2025-02-01T16:41:45.708772" elapsed="0.000000"/>
</kw>
<kw name="Set Test Variable" owner="BuiltIn">
<msg time="2025-02-01T16:41:45.708772" level="INFO">${TEST_DATA} = {'num1': '34', 'num2': '19', 'expected_addition': '53', 'expected_multiplication': '646'}</msg>
<arg>${TEST_DATA}</arg>
<arg>${test_data}</arg>
<doc>Makes a variable available everywhere within the scope of the current test.</doc>
<status status="PASS" start="2025-02-01T16:41:45.708772" elapsed="0.000000"/>
</kw>
<kw name="Log" owner="BuiltIn">
<msg time="2025-02-01T16:41:45.709824" level="INFO">Generated test data: {'num1': '34', 'num2': '19', 'expected_addition': '53', 'expected_multiplication': '646'}</msg>
<arg>Generated test data: ${test_data}</arg>
<arg>console=True</arg>
<doc>Logs the given message with the given level.</doc>
<status status="PASS" start="2025-02-01T16:41:45.708772" elapsed="0.001052"/>
</kw>
<arg>min=1</arg>
<arg>max=100</arg>
<arg>use_decimals=${FALSE}</arg>
<status status="PASS" start="2025-02-01T16:41:45.707515" elapsed="0.002309"/>
</kw>
<kw name="And User performs addition operation with generated numbers">
<kw name="Log" owner="BuiltIn">
<msg time="2025-02-01T16:41:45.709824" level="INFO">Performing addition operation with numbers: 34 + 19</msg>
<arg>Performing addition operation with numbers: ${TEST_DATA}[num1] + ${TEST_DATA}[num2]</arg>
<arg>console=True</arg>
<doc>Logs the given message with the given level.</doc>
<status status="PASS" start="2025-02-01T16:41:45.709824" elapsed="0.000000"/>
</kw>
<kw name="Perform Addition Operation" owner="CalculatorFlow">
<kw name="Log" owner="BuiltIn">
<msg time="2025-02-01T16:41:45.710792" level="INFO">Performing addition: 34 + 19</msg>
<arg>Performing addition: ${first_number} + ${second_number}</arg>
<arg>console=True</arg>
<doc>Logs the given message with the given level.</doc>
<status status="PASS" start="2025-02-01T16:41:45.710792" elapsed="0.000000"/>
</kw>
<kw name="Enter Number" owner="CalculatorFlow">
<kw name="Log" owner="BuiltIn">
<msg time="2025-02-01T16:41:45.710792" level="INFO">Entering number: 34</msg>
<arg>Entering number: ${number}</arg>
<arg>console=True</arg>
<doc>Logs the given message with the given level.</doc>
<status status="PASS" start="2025-02-01T16:41:45.710792" elapsed="0.000000"/>
</kw>
<kw name="Convert To String" owner="BuiltIn">
<msg time="2025-02-01T16:41:45.711792" level="INFO">${digits} = 34</msg>
<var>${digits}</var>
<arg>${number}</arg>
<doc>Converts the given item to a Unicode string.</doc>
<status status="PASS" start="2025-02-01T16:41:45.710792" elapsed="0.001000"/>
</kw>
<kw name="Split String To Characters" owner="String">
<msg time="2025-02-01T16:41:45.711792" level="INFO">@{chars} = [ 3 | 4 ]</msg>
<var>@{chars}</var>
<arg>${digits}</arg>
<doc>Splits the given ``string`` to characters.</doc>
<status status="PASS" start="2025-02-01T16:41:45.711792" elapsed="0.000000"/>
</kw>
<for flavor="IN">
<iter>
<kw name="Run Keyword If" owner="BuiltIn">
<kw name="Click Number" owner="CalculatorPage">
<kw name="Get From Dictionary" owner="Collections">
<msg time="2025-02-01T16:41:45.711792" level="INFO">${button_id} = button03</msg>
<var>${button_id}</var>
<arg>${NUMBER_BUTTONS}</arg>
<arg>${number}</arg>
<doc>Returns a value from the given ``dictionary`` based on the given ``key``.</doc>
<status status="PASS" start="2025-02-01T16:41:45.711792" elapsed="0.000000"/>
</kw>
<kw name="Wait And Click Element" owner="CalculatorPage">
<kw name="Wait Until Element Is Visible" owner="SeleniumLibrary">
<arg>${locator}</arg>
<doc>Waits until the element ``locator`` is visible.</doc>
<status status="PASS" start="2025-02-01T16:41:45.712791" elapsed="0.013002"/>
</kw>
<kw name="Click Element" owner="SeleniumLibrary">
<msg time="2025-02-01T16:41:45.726794" level="INFO">Clicking element 'id=button03'.</msg>
<arg>${locator}</arg>
<doc>Click the element identified by ``locator``.</doc>
<status status="PASS" start="2025-02-01T16:41:45.725793" elapsed="0.036786"/>
</kw>
<arg>id=${button_id}</arg>
<doc>Wait for element to be visible and click it</doc>
<status status="PASS" start="2025-02-01T16:41:45.712791" elapsed="0.049788"/>
</kw>
<arg>${char}</arg>
<doc>Click a number button on the calculator</doc>
<status status="PASS" start="2025-02-01T16:41:45.711792" elapsed="0.050787"/>
</kw>
<arg>'${char}' == '.'</arg>
<arg>Click Decimal Point</arg>
<arg>ELSE</arg>
<arg>Click Number</arg>
<arg>${char}</arg>
<doc>Runs the given keyword with the given arguments, if ``condition`` is true.</doc>
<status status="PASS" start="2025-02-01T16:41:45.711792" elapsed="0.050787"/>
</kw>
<var name="${char}">3</var>
<status status="PASS" start="2025-02-01T16:41:45.711792" elapsed="0.050787"/>
</iter>
<iter>
<kw name="Run Keyword If" owner="BuiltIn">
<kw name="Click Number" owner="CalculatorPage">
<kw name="Get From Dictionary" owner="Collections">
<msg time="2025-02-01T16:41:45.764083" level="INFO">${button_id} = button04</msg>
<var>${button_id}</var>
<arg>${NUMBER_BUTTONS}</arg>
<arg>${number}</arg>
<doc>Returns a value from the given ``dictionary`` based on the given ``key``.</doc>
<status status="PASS" start="2025-02-01T16:41:45.764083" elapsed="0.000000"/>
</kw>
<kw name="Wait And Click Element" owner="CalculatorPage">
<kw name="Wait Until Element Is Visible" owner="SeleniumLibrary">
<arg>${locator}</arg>
<doc>Waits until the element ``locator`` is visible.</doc>
<status status="PASS" start="2025-02-01T16:41:45.764083" elapsed="0.013409"/>
</kw>
<kw name="Click Element" owner="SeleniumLibrary">
<msg time="2025-02-01T16:41:45.777492" level="INFO">Clicking element 'id=button04'.</msg>
<arg>${locator}</arg>
<doc>Click the element identified by ``locator``.</doc>
<status status="PASS" start="2025-02-01T16:41:45.777492" elapsed="0.035597"/>
</kw>
<arg>id=${button_id}</arg>
<doc>Wait for element to be visible and click it</doc>
<status status="PASS" start="2025-02-01T16:41:45.764083" elapsed="0.049006"/>
</kw>
<arg>${char}</arg>
<doc>Click a number button on the calculator</doc>
<status status="PASS" start="2025-02-01T16:41:45.764083" elapsed="0.049006"/>
</kw>
<arg>'${char}' == '.'</arg>
<arg>Click Decimal Point</arg>
<arg>ELSE</arg>
<arg>Click Number</arg>
<arg>${char}</arg>
<doc>Runs the given keyword with the given arguments, if ``condition`` is true.</doc>
<status status="PASS" start="2025-02-01T16:41:45.762579" elapsed="0.050510"/>
</kw>
<var name="${char}">4</var>
<status status="PASS" start="2025-02-01T16:41:45.762579" elapsed="0.051506"/>
</iter>
<var>${char}</var>
<value>@{chars}</value>
<status status="PASS" start="2025-02-01T16:41:45.711792" elapsed="0.102293"/>
</for>
<kw name="Sleep" owner="BuiltIn">
<msg time="2025-02-01T16:41:46.014531" level="INFO">Slept 200 milliseconds.</msg>
<arg>0.2s</arg>
<doc>Pauses the test executed for the given time.</doc>
<status status="PASS" start="2025-02-01T16:41:45.814085" elapsed="0.200446"/>
</kw>
<arg>${first_number}</arg>
<doc>Enters a number into the calculator</doc>
<status status="PASS" start="2025-02-01T16:41:45.710792" elapsed="0.303739"/>
</kw>
<kw name="Press Addition Operator" owner="CalculatorFlow">
<kw name="Log" owner="BuiltIn">
<msg time="2025-02-01T16:41:46.016553" level="INFO">Pressing addition operator</msg>
<arg>Pressing addition operator</arg>
<arg>console=True</arg>
<doc>Logs the given message with the given level.</doc>
<status status="PASS" start="2025-02-01T16:41:46.015555" elapsed="0.002000"/>
</kw>
<kw name="Click Plus" owner="CalculatorPage">
<kw name="Wait And Click Element" owner="CalculatorPage">
<kw name="Wait Until Element Is Visible" owner="SeleniumLibrary">
<arg>${locator}</arg>
<doc>Waits until the element ``locator`` is visible.</doc>
<status status="PASS" start="2025-02-01T16:41:46.018550" elapsed="0.025138"/>
</kw>
<kw name="Click Element" owner="SeleniumLibrary">
<msg time="2025-02-01T16:41:46.044739" level="INFO">Clicking element 'id=buttonplus'.</msg>
<arg>${locator}</arg>
<doc>Click the element identified by ``locator``.</doc>
<status status="PASS" start="2025-02-01T16:41:46.043688" elapsed="0.034760"/>
</kw>
<arg>${PLUS_BTN}</arg>
<doc>Wait for element to be visible and click it</doc>
<status status="PASS" start="2025-02-01T16:41:46.018550" elapsed="0.059898"/>
</kw>
<doc>Click the plus button</doc>
<status status="PASS" start="2025-02-01T16:41:46.017555" elapsed="0.060893"/>
</kw>
<doc>Clicks the addition operator</doc>
<status status="PASS" start="2025-02-01T16:41:46.015555" elapsed="0.062893"/>
</kw>
<kw name="Enter Number" owner="CalculatorFlow">
<kw name="Log" owner="BuiltIn">
<msg time="2025-02-01T16:41:46.079792" level="INFO">Entering number: 19</msg>
<arg>Entering number: ${number}</arg>
<arg>console=True</arg>
<doc>Logs the given message with the given level.</doc>
<status status="PASS" start="2025-02-01T16:41:46.079792" elapsed="0.000000"/>
</kw>
<kw name="Convert To String" owner="BuiltIn">
<msg time="2025-02-01T16:41:46.079792" level="INFO">${digits} = 19</msg>
<var>${digits}</var>
<arg>${number}</arg>
<doc>Converts the given item to a Unicode string.</doc>
<status status="PASS" start="2025-02-01T16:41:46.079792" elapsed="0.000000"/>
</kw>
<kw name="Split String To Characters" owner="String">
<msg time="2025-02-01T16:41:46.079792" level="INFO">@{chars} = [ 1 | 9 ]</msg>
<var>@{chars}</var>
<arg>${digits}</arg>
<doc>Splits the given ``string`` to characters.</doc>
<status status="PASS" start="2025-02-01T16:41:46.079792" elapsed="0.000000"/>
</kw>
<for flavor="IN">
<iter>
<kw name="Run Keyword If" owner="BuiltIn">
<kw name="Click Number" owner="CalculatorPage">
<kw name="Get From Dictionary" owner="Collections">
<msg time="2025-02-01T16:41:46.080821" level="INFO">${button_id} = button01</msg>
<var>${button_id}</var>
<arg>${NUMBER_BUTTONS}</arg>
<arg>${number}</arg>
<doc>Returns a value from the given ``dictionary`` based on the given ``key``.</doc>
<status status="PASS" start="2025-02-01T16:41:46.080821" elapsed="0.000000"/>
</kw>
<kw name="Wait And Click Element" owner="CalculatorPage">
<kw name="Wait Until Element Is Visible" owner="SeleniumLibrary">
<arg>${locator}</arg>
<doc>Waits until the element ``locator`` is visible.</doc>
<status status="PASS" start="2025-02-01T16:41:46.080821" elapsed="0.011982"/>
</kw>
<kw name="Click Element" owner="SeleniumLibrary">
<msg time="2025-02-01T16:41:46.092803" level="INFO">Clicking element 'id=button01'.</msg>
<arg>${locator}</arg>
<doc>Click the element identified by ``locator``.</doc>
<status status="PASS" start="2025-02-01T16:41:46.092803" elapsed="0.033785"/>
</kw>
<arg>id=${button_id}</arg>
<doc>Wait for element to be visible and click it</doc>
<status status="PASS" start="2025-02-01T16:41:46.080821" elapsed="0.045767"/>
</kw>
<arg>${char}</arg>
<doc>Click a number button on the calculator</doc>
<status status="PASS" start="2025-02-01T16:41:46.080821" elapsed="0.045767"/>
</kw>
<arg>'${char}' == '.'</arg>
<arg>Click Decimal Point</arg>
<arg>ELSE</arg>
<arg>Click Number</arg>
<arg>${char}</arg>
<doc>Runs the given keyword with the given arguments, if ``condition`` is true.</doc>
<status status="PASS" start="2025-02-01T16:41:46.080821" elapsed="0.045767"/>
</kw>
<var name="${char}">1</var>
<status status="PASS" start="2025-02-01T16:41:46.080821" elapsed="0.045767"/>
</iter>
<iter>
<kw name="Run Keyword If" owner="BuiltIn">
<kw name="Click Number" owner="CalculatorPage">
<kw name="Get From Dictionary" owner="Collections">
<msg time="2025-02-01T16:41:46.127698" level="INFO">${button_id} = button09</msg>
<var>${button_id}</var>
<arg>${NUMBER_BUTTONS}</arg>
<arg>${number}</arg>
<doc>Returns a value from the given ``dictionary`` based on the given ``key``.</doc>
<status status="PASS" start="2025-02-01T16:41:46.127698" elapsed="0.000000"/>
</kw>
<kw name="Wait And Click Element" owner="CalculatorPage">
<kw name="Wait Until Element Is Visible" owner="SeleniumLibrary">
<arg>${locator}</arg>
<doc>Waits until the element ``locator`` is visible.</doc>
<status status="PASS" start="2025-02-01T16:41:46.128678" elapsed="0.010945"/>
</kw>
<kw name="Click Element" owner="SeleniumLibrary">
<msg time="2025-02-01T16:41:46.139623" level="INFO">Clicking element 'id=button09'.</msg>
<arg>${locator}</arg>
<doc>Click the element identified by ``locator``.</doc>
<status status="PASS" start="2025-02-01T16:41:46.139623" elapsed="0.031398"/>
</kw>
<arg>id=${button_id}</arg>
<doc>Wait for element to be visible and click it</doc>
<status status="PASS" start="2025-02-01T16:41:46.127698" elapsed="0.043323"/>
</kw>
<arg>${char}</arg>
<doc>Click a number button on the calculator</doc>
<status status="PASS" start="2025-02-01T16:41:46.127698" elapsed="0.043323"/>
</kw>
<arg>'${char}' == '.'</arg>
<arg>Click Decimal Point</arg>
<arg>ELSE</arg>
<arg>Click Number</arg>
<arg>${char}</arg>
<doc>Runs the given keyword with the given arguments, if ``condition`` is true.</doc>
<status status="PASS" start="2025-02-01T16:41:46.127698" elapsed="0.043323"/>
</kw>
<var name="${char}">9</var>
<status status="PASS" start="2025-02-01T16:41:46.127698" elapsed="0.043323"/>
</iter>
<var>${char}</var>
<value>@{chars}</value>
<status status="PASS" start="2025-02-01T16:41:46.079792" elapsed="0.091229"/>
</for>
<kw name="Sleep" owner="BuiltIn">
<msg time="2025-02-01T16:41:46.371508" level="INFO">Slept 200 milliseconds.</msg>
<arg>0.2s</arg>
<doc>Pauses the test executed for the given time.</doc>
<status status="PASS" start="2025-02-01T16:41:46.171021" elapsed="0.200487"/>
</kw>
<arg>${second_number}</arg>
<doc>Enters a number into the calculator</doc>
<status status="PASS" start="2025-02-01T16:41:46.078448" elapsed="0.293060"/>
</kw>
<kw name="Press Equals" owner="CalculatorFlow">
<kw name="Log" owner="BuiltIn">
<msg time="2025-02-01T16:41:46.372522" level="INFO">Pressing equals button</msg>
<arg>Pressing equals button</arg>
<arg>console=True</arg>
<doc>Logs the given message with the given level.</doc>
<status status="PASS" start="2025-02-01T16:41:46.372522" elapsed="0.000998"/>
</kw>
<kw name="Click Equals" owner="CalculatorPage">
<kw name="Wait And Click Element" owner="CalculatorPage">
<kw name="Wait Until Element Is Visible" owner="SeleniumLibrary">
<arg>${locator}</arg>
<doc>Waits until the element ``locator`` is visible.</doc>
<status status="PASS" start="2025-02-01T16:41:46.373520" elapsed="0.018098"/>
</kw>
<kw name="Click Element" owner="SeleniumLibrary">
<msg time="2025-02-01T16:41:46.391618" level="INFO">Clicking element 'id=buttonequals'.</msg>
<arg>${locator}</arg>
<doc>Click the element identified by ``locator``.</doc>
<status status="PASS" start="2025-02-01T16:41:46.391618" elapsed="0.034246"/>
</kw>
<arg>${CALCULATOR_EQUALS}</arg>
<doc>Wait for element to be visible and click it</doc>
<status status="PASS" start="2025-02-01T16:41:46.373520" elapsed="0.053344"/>
</kw>
<doc>Click the equals button</doc>
<status status="PASS" start="2025-02-01T16:41:46.373520" elapsed="0.053344"/>
</kw>
<kw name="Sleep" owner="BuiltIn">
<msg time="2025-02-01T16:41:46.927354" level="INFO">Slept 500 milliseconds.</msg>
<arg>0.5s</arg>
<doc>Pauses the test executed for the given time.</doc>
<status status="PASS" start="2025-02-01T16:41:46.426864" elapsed="0.500490"/>
</kw>
<kw name="Get Display Value" owner="CalculatorPage">
<kw name="Wait Until Element Is Visible" owner="SeleniumLibrary">
<arg>${CALCULATOR_DISPLAY}</arg>
<doc>Waits until the element ``locator`` is visible.</doc>
<status status="PASS" start="2025-02-01T16:41:46.928370" elapsed="0.026421"/>
</kw>
<kw name="Get Element Attribute" owner="SeleniumLibrary">
<msg time="2025-02-01T16:41:46.964766" level="INFO">${value} = 53</msg>
<var>${value}</var>
<arg>${CALCULATOR_DISPLAY}</arg>
<arg>value</arg>
<doc>Returns the value of ``attribute`` from the element ``locator``.</doc>
<status status="PASS" start="2025-02-01T16:41:46.954791" elapsed="0.009975"/>
</kw>
<kw name="Set Variable If" owner="BuiltIn">
<msg time="2025-02-01T16:41:46.964766" level="INFO">${value} = 53</msg>
<var>${value}</var>
<arg>'${value}' == ''</arg>
<arg>${DEFAULT_VALUE}</arg>
<arg>${value}</arg>
<doc>Sets variable based on the given condition.</doc>
<status status="PASS" start="2025-02-01T16:41:46.964766" elapsed="0.000000"/>
</kw>
<return>
<value>${value}</value>
<status status="PASS" start="2025-02-01T16:41:46.964766" elapsed="0.000000"/>
</return>
<msg time="2025-02-01T16:41:46.964766" level="INFO">${result} = 53</msg>
<var>${result}</var>
<doc>Get the current value from the calculator display</doc>
<status status="PASS" start="2025-02-01T16:41:46.927354" elapsed="0.037412"/>
</kw>
<kw name="Log" owner="BuiltIn">
<msg time="2025-02-01T16:41:46.965770" level="INFO">Result obtained: 53</msg>
<arg>Result obtained: ${result}</arg>
<arg>console=True</arg>
<doc>Logs the given message with the given level.</doc>
<status status="PASS" start="2025-02-01T16:41:46.964766" elapsed="0.001004"/>
</kw>
<return>
<value>${result}</value>
<status status="PASS" start="2025-02-01T16:41:46.965770" elapsed="0.000000"/>
</return>
<msg time="2025-02-01T16:41:46.965770" level="INFO">${result} = 53</msg>
<var>${result}</var>
<doc>Clicks the equals button and returns result</doc>
<status status="PASS" start="2025-02-01T16:41:46.372522" elapsed="0.593248"/>
</kw>
<kw name="Log" owner="BuiltIn">
<msg time="2025-02-01T16:41:46.965770" level="INFO">Addition result: 53</msg>
<arg>Addition result: ${result}</arg>
<arg>console=True</arg>
<doc>Logs the given message with the given level.</doc>
<status status="PASS" start="2025-02-01T16:41:46.965770" elapsed="0.000000"/>
</kw>
<return>
<value>${result}</value>
<status status="PASS" start="2025-02-01T16:41:46.965770" elapsed="0.000000"/>
</return>
<msg time="2025-02-01T16:41:46.966766" level="INFO">${result} = 53</msg>
<var>${result}</var>
<arg>${TEST_DATA}[num1]</arg>
<arg>${TEST_DATA}[num2]</arg>
<doc>Performs addition operation and returns result</doc>
<status status="PASS" start="2025-02-01T16:41:45.710792" elapsed="1.255974"/>
</kw>
<kw name="Set Test Variable" owner="BuiltIn">
<msg time="2025-02-01T16:41:46.967270" level="INFO">${ACTUAL_RESULT} = 53</msg>
<arg>${ACTUAL_RESULT}</arg>
<arg>${result}</arg>
<doc>Makes a variable available everywhere within the scope of the current test.</doc>
<status status="PASS" start="2025-02-01T16:41:46.966766" elapsed="0.000504"/>
</kw>
<kw name="Log" owner="BuiltIn">
<msg time="2025-02-01T16:41:46.967270" level="INFO">Addition operation result: 53</msg>
<arg>Addition operation result: ${result}</arg>
<arg>console=True</arg>
<doc>Logs the given message with the given level.</doc>
<status status="PASS" start="2025-02-01T16:41:46.967270" elapsed="0.000000"/>
</kw>
<status status="PASS" start="2025-02-01T16:41:45.709824" elapsed="1.257446"/>
</kw>
<kw name="Then Result should match expected addition value">
<kw name="Log" owner="BuiltIn">
<msg time="2025-02-01T16:41:46.968275" level="INFO">Verifying addition result</msg>
<arg>Verifying addition result</arg>
<arg>console=True</arg>
<doc>Logs the given message with the given level.</doc>
<status status="PASS" start="2025-02-01T16:41:46.968275" elapsed="0.000000"/>
</kw>
<kw name="Verify Calculation Result" owner="CalculatorFlow">
<kw name="Log" owner="BuiltIn">
<msg time="2025-02-01T16:41:46.968275" level="INFO">Verifying calculation result matches: 53</msg>
<arg>Verifying calculation result matches: ${expected_result}</arg>
<arg>console=True</arg>
<doc>Logs the given message with the given level.</doc>
<status status="PASS" start="2025-02-01T16:41:46.968275" elapsed="0.000000"/>
</kw>
<kw name="Get Display Value" owner="CalculatorPage">
<kw name="Wait Until Element Is Visible" owner="SeleniumLibrary">
<arg>${CALCULATOR_DISPLAY}</arg>
<doc>Waits until the element ``locator`` is visible.</doc>
<status status="PASS" start="2025-02-01T16:41:46.969275" elapsed="0.007667"/>
</kw>
<kw name="Get Element Attribute" owner="SeleniumLibrary">
<msg time="2025-02-01T16:41:46.986026" level="INFO">${value} = 53</msg>
<var>${value}</var>
<arg>${CALCULATOR_DISPLAY}</arg>
<arg>value</arg>
<doc>Returns the value of ``attribute`` from the element ``locator``.</doc>
<status status="PASS" start="2025-02-01T16:41:46.976942" elapsed="0.009084"/>
</kw>
<kw name="Set Variable If" owner="BuiltIn">
<msg time="2025-02-01T16:41:46.987027" level="INFO">${value} = 53</msg>
<var>${value}</var>
<arg>'${value}' == ''</arg>
<arg>${DEFAULT_VALUE}</arg>
<arg>${value}</arg>
<doc>Sets variable based on the given condition.</doc>
<status status="PASS" start="2025-02-01T16:41:46.986026" elapsed="0.001001"/>
</kw>
<return>
<value>${value}</value>
<status status="PASS" start="2025-02-01T16:41:46.987027" elapsed="0.000000"/>
</return>
<msg time="2025-02-01T16:41:46.987027" level="INFO">${actual_result} = 53</msg>
<var>${actual_result}</var>
<doc>Get the current value from the calculator display</doc>
<status status="PASS" start="2025-02-01T16:41:46.969275" elapsed="0.017752"/>
</kw>
<kw name="Should Be Equal As Numbers" owner="BuiltIn">
<arg>${actual_result}</arg>
<arg>${expected_result}</arg>
<doc>Fails if objects are unequal after converting them to real numbers.</doc>
<status status="PASS" start="2025-02-01T16:41:46.987027" elapsed="0.000000"/>
</kw>
<kw name="Log" owner="BuiltIn">
<msg time="2025-02-01T16:41:46.987027" level="INFO">Verification passed: 53 equals 53</msg>
<arg>Verification passed: ${actual_result} equals ${expected_result}</arg>
<arg>console=True</arg>
<doc>Logs the given message with the given level.</doc>
<status status="PASS" start="2025-02-01T16:41:46.987027" elapsed="0.001001"/>
</kw>
<arg>${TEST_DATA}[expected_addition]</arg>
<doc>Verifies the calculation result matches expected value</doc>
<status status="PASS" start="2025-02-01T16:41:46.968275" elapsed="0.019753"/>
</kw>
<status status="PASS" start="2025-02-01T16:41:46.968275" elapsed="0.019753"/>
</kw>
<kw name="Cleanup Calculator Session" type="TEARDOWN">
<kw name="Run Keyword If Test Failed" owner="BuiltIn">
<arg>Capture Page Screenshot</arg>
<doc>Runs the given keyword with the given arguments, if the test failed.</doc>
<status status="PASS" start="2025-02-01T16:41:46.988028" elapsed="0.000000"/>
</kw>
<kw name="Go To" owner="SeleniumLibrary">
<msg time="2025-02-01T16:41:46.989027" level="INFO">Opening url 'about:blank'</msg>
<arg>about:blank</arg>
<doc>Navigates the current browser window to the provided ``url``.</doc>
<status status="PASS" start="2025-02-01T16:41:46.989027" elapsed="0.111454"/>
</kw>
<status status="PASS" start="2025-02-01T16:41:46.988028" elapsed="0.113452"/>
</kw>
<doc>Verify that calculator can perform basic addition with integers</doc>
<tag>addition</tag>
<tag>integer</tag>
<tag>smoke</tag>
<status status="PASS" start="2025-02-01T16:41:44.963433" elapsed="2.138047"/>
</test>
<test id="s1-t2" name="User can perform basic integer multiplication" line="27">
<kw name="Initialize Calculator Session" type="SETUP">
<kw name="Go To" owner="SeleniumLibrary">
<msg time="2025-02-01T16:41:47.102481" level="INFO">Opening url 'https://testpages.eviltester.com/styled/apps/calculator.html'</msg>
<arg>${CALCULATOR_URL}</arg>
<doc>Navigates the current browser window to the provided ``url``.</doc>
<status status="PASS" start="2025-02-01T16:41:47.102481" elapsed="0.601349"/>
</kw>
<kw name="Maximize Browser Window" owner="SeleniumLibrary">
<doc>Maximizes current browser window.</doc>
<status status="PASS" start="2025-02-01T16:41:47.704830" elapsed="0.004490"/>
</kw>
<kw name="Wait Until Element Is Visible" owner="SeleniumLibrary">
<arg>${CALCULATOR_DISPLAY}</arg>
<doc>Waits until the element ``locator`` is visible.</doc>
<status status="PASS" start="2025-02-01T16:41:47.709320" elapsed="0.020006"/>
</kw>
<status status="PASS" start="2025-02-01T16:41:47.102481" elapsed="0.626845"/>
</kw>
<kw name="Log" owner="BuiltIn">
<msg time="2025-02-01T16:41:47.729326" level="INFO">Starting test: Basic Integer Multiplication</msg>
<arg>Starting test: Basic Integer Multiplication</arg>
<arg>console=True</arg>
<doc>Logs the given message with the given level.</doc>
<status status="PASS" start="2025-02-01T16:41:47.729326" elapsed="0.000000"/>
</kw>
<kw name="Given Calculator is ready for input">
<kw name="Log" owner="BuiltIn">
<msg time="2025-02-01T16:41:47.730326" level="INFO">Ensuring calculator is ready for input</msg>
<arg>Ensuring calculator is ready for input</arg>
<arg>console=True</arg>
<doc>Logs the given message with the given level.</doc>
<status status="PASS" start="2025-02-01T16:41:47.730326" elapsed="0.000000"/>
</kw>
<kw name="Clear Display" owner="CalculatorPage">
<kw name="Wait Until Element Is Visible" owner="SeleniumLibrary">
<arg>${CLEAR_BTN}</arg>
<arg>${TIMEOUT}</arg>
<doc>Waits until the element ``locator`` is visible.</doc>
<status status="PASS" start="2025-02-01T16:41:47.731325" elapsed="0.013880"/>
</kw>
<kw name="Click Element" owner="SeleniumLibrary">
<msg time="2025-02-01T16:41:47.746226" level="INFO">Clicking element 'id=buttonclearentry'.</msg>
<arg>${CLEAR_BTN}</arg>
<doc>Click the element identified by ``locator``.</doc>
<status status="PASS" start="2025-02-01T16:41:47.745205" elapsed="0.043946"/>
</kw>
<kw name="Verify Display Shows" owner="CalculatorFlow">
<kw name="Log" owner="BuiltIn">
<msg time="2025-02-01T16:41:47.790151" level="INFO">Verifying display shows: </msg>
<arg>Verifying display shows: ${expected_value}</arg>
<arg>console=True</arg>
<doc>Logs the given message with the given level.</doc>
<status status="PASS" start="2025-02-01T16:41:47.789151" elapsed="0.001000"/>
</kw>
<kw name="Wait Until Display Shows" owner="CalculatorPage">
<kw name="Wait Until Keyword Succeeds" owner="BuiltIn">
<kw name="Verify Display Value" owner="CalculatorPage">
<kw name="Get Display Value" owner="CalculatorPage">
<kw name="Wait Until Element Is Visible" owner="SeleniumLibrary">
<arg>${CALCULATOR_DISPLAY}</arg>
<doc>Waits until the element ``locator`` is visible.</doc>
<status status="PASS" start="2025-02-01T16:41:47.791176" elapsed="0.009852"/>
</kw>
<kw name="Get Element Attribute" owner="SeleniumLibrary">
<msg time="2025-02-01T16:41:47.814031" level="INFO">${value} = </msg>
<var>${value}</var>
<arg>${CALCULATOR_DISPLAY}</arg>
<arg>value</arg>
<doc>Returns the value of ``attribute`` from the element ``locator``.</doc>
<status status="PASS" start="2025-02-01T16:41:47.801028" elapsed="0.013003"/>
</kw>
<kw name="Set Variable If" owner="BuiltIn">
<msg time="2025-02-01T16:41:47.814031" level="INFO">${value} = </msg>
<var>${value}</var>
<arg>'${value}' == ''</arg>
<arg>${DEFAULT_VALUE}</arg>
<arg>${value}</arg>
<doc>Sets variable based on the given condition.</doc>
<status status="PASS" start="2025-02-01T16:41:47.814031" elapsed="0.000000"/>
</kw>
<return>
<value>${value}</value>
<status status="PASS" start="2025-02-01T16:41:47.814031" elapsed="0.000000"/>
</return>
<msg time="2025-02-01T16:41:47.814031" level="INFO">${actual} = </msg>
<var>${actual}</var>
<doc>Get the current value from the calculator display</doc>
<status status="PASS" start="2025-02-01T16:41:47.791176" elapsed="0.022855"/>
</kw>
<kw name="Convert And Compare Numbers" owner="CalculatorPage">
<kw name="Run Keyword If" owner="BuiltIn">
<kw name="Set Variable" owner="BuiltIn">
<arg>0</arg>
<doc>Returns the given values which can then be assigned to a variables.</doc>
<status status="PASS" start="2025-02-01T16:41:47.815015" elapsed="0.000000"/>
</kw>
<msg time="2025-02-01T16:41:47.815015" level="INFO">${actual_num} = 0</msg>
<var>${actual_num}</var>
<arg>'${actual}' == ''</arg>
<arg>Set Variable</arg>
<arg>0</arg>
<arg>ELSE</arg>
<arg>Convert To Number</arg>
<arg>${actual}</arg>
<doc>Runs the given keyword with the given arguments, if ``condition`` is true.</doc>
<status status="PASS" start="2025-02-01T16:41:47.814031" elapsed="0.000984"/>
</kw>
<kw name="Run Keyword If" owner="BuiltIn">
<kw name="Set Variable" owner="BuiltIn">
<arg>0</arg>
<doc>Returns the given values which can then be assigned to a variables.</doc>
<status status="PASS" start="2025-02-01T16:41:47.815015" elapsed="0.000000"/>
</kw>
<msg time="2025-02-01T16:41:47.815015" level="INFO">${expected_num} = 0</msg>
<var>${expected_num}</var>
<arg>'${expected}' == ''</arg>
<arg>Set Variable</arg>
<arg>0</arg>
<arg>ELSE</arg>
<arg>Convert To Number</arg>
<arg>${expected}</arg>
<doc>Runs the given keyword with the given arguments, if ``condition`` is true.</doc>
<status status="PASS" start="2025-02-01T16:41:47.815015" elapsed="0.000000"/>
</kw>
<kw name="Should Be Equal As Numbers" owner="BuiltIn">
<arg>${actual_num}</arg>
<arg>${expected_num}</arg>
<doc>Fails if objects are unequal after converting them to real numbers.</doc>
<status status="PASS" start="2025-02-01T16:41:47.815015" elapsed="0.000000"/>
</kw>
<arg>${actual}</arg>
<arg>${expected}</arg>
<doc>Convert and compare two numbers</doc>
<status status="PASS" start="2025-02-01T16:41:47.814031" elapsed="0.002005"/>
</kw>
<arg>${expected}</arg>
<doc>Verify the calculator display shows the expected value</doc>
<status status="PASS" start="2025-02-01T16:41:47.791176" elapsed="0.024860"/>
</kw>
<arg>5s</arg>
<arg>1s</arg>
<arg>Verify Display Value</arg>
<arg>${expected}</arg>
<doc>Runs the specified keyword and retries if it fails.</doc>
<status status="PASS" start="2025-02-01T16:41:47.790151" elapsed="0.025885"/>
</kw>
<arg>${expected_value}</arg>
<doc>Wait until the calculator display shows the expected value</doc>
<status status="PASS" start="2025-02-01T16:41:47.790151" elapsed="0.025885"/>
</kw>
<arg>${DEFAULT_VALUE}</arg>
<doc>Verifies the calculator display shows expected value</doc>
<status status="PASS" start="2025-02-01T16:41:47.789151" elapsed="0.026885"/>
</kw>
<doc>Clear the calculator display</doc>
<status status="PASS" start="2025-02-01T16:41:47.730326" elapsed="0.085710"/>
</kw>
<kw name="Verify Display Shows" owner="CalculatorFlow">
<kw name="Log" owner="BuiltIn">
<msg time="2025-02-01T16:41:47.816036" level="INFO">Verifying display shows: </msg>
<arg>Verifying display shows: ${expected_value}</arg>
<arg>console=True</arg>
<doc>Logs the given message with the given level.</doc>
<status status="PASS" start="2025-02-01T16:41:47.816036" elapsed="0.000000"/>
</kw>
<kw name="Wait Until Display Shows" owner="CalculatorPage">
<kw name="Wait Until Keyword Succeeds" owner="BuiltIn">
<kw name="Verify Display Value" owner="CalculatorPage">
<kw name="Get Display Value" owner="CalculatorPage">
<kw name="Wait Until Element Is Visible" owner="SeleniumLibrary">
<arg>${CALCULATOR_DISPLAY}</arg>
<doc>Waits until the element ``locator`` is visible.</doc>
<status status="PASS" start="2025-02-01T16:41:47.817014" elapsed="0.009999"/>
</kw>
<kw name="Get Element Attribute" owner="SeleniumLibrary">
<msg time="2025-02-01T16:41:47.839017" level="INFO">${value} = </msg>
<var>${value}</var>
<arg>${CALCULATOR_DISPLAY}</arg>
<arg>value</arg>
<doc>Returns the value of ``attribute`` from the element ``locator``.</doc>
<status status="PASS" start="2025-02-01T16:41:47.827013" elapsed="0.012004"/>
</kw>
<kw name="Set Variable If" owner="BuiltIn">
<msg time="2025-02-01T16:41:47.839017" level="INFO">${value} = </msg>
<var>${value}</var>
<arg>'${value}' == ''</arg>
<arg>${DEFAULT_VALUE}</arg>
<arg>${value}</arg>
<doc>Sets variable based on the given condition.</doc>
<status status="PASS" start="2025-02-01T16:41:47.839017" elapsed="0.000000"/>
</kw>
<return>
<value>${value}</value>
<status status="PASS" start="2025-02-01T16:41:47.839017" elapsed="0.000000"/>
</return>
<msg time="2025-02-01T16:41:47.840016" level="INFO">${actual} = </msg>
<var>${actual}</var>
<doc>Get the current value from the calculator display</doc>
<status status="PASS" start="2025-02-01T16:41:47.817014" elapsed="0.023002"/>
</kw>
<kw name="Convert And Compare Numbers" owner="CalculatorPage">
<kw name="Run Keyword If" owner="BuiltIn">
<kw name="Set Variable" owner="BuiltIn">
<arg>0</arg>
<doc>Returns the given values which can then be assigned to a variables.</doc>
<status status="PASS" start="2025-02-01T16:41:47.840016" elapsed="0.000000"/>
</kw>
<msg time="2025-02-01T16:41:47.840016" level="INFO">${actual_num} = 0</msg>
<var>${actual_num}</var>
<arg>'${actual}' == ''</arg>
<arg>Set Variable</arg>
<arg>0</arg>
<arg>ELSE</arg>
<arg>Convert To Number</arg>
<arg>${actual}</arg>
<doc>Runs the given keyword with the given arguments, if ``condition`` is true.</doc>
<status status="PASS" start="2025-02-01T16:41:47.840016" elapsed="0.000000"/>
</kw>
<kw name="Run Keyword If" owner="BuiltIn">
<kw name="Set Variable" owner="BuiltIn">
<arg>0</arg>
<doc>Returns the given values which can then be assigned to a variables.</doc>
<status status="PASS" start="2025-02-01T16:41:47.840016" elapsed="0.000000"/>
</kw>
<msg time="2025-02-01T16:41:47.840016" level="INFO">${expected_num} = 0</msg>
<var>${expected_num}</var>
<arg>'${expected}' == ''</arg>
<arg>Set Variable</arg>
<arg>0</arg>
<arg>ELSE</arg>
<arg>Convert To Number</arg>
<arg>${expected}</arg>
<doc>Runs the given keyword with the given arguments, if ``condition`` is true.</doc>
<status status="PASS" start="2025-02-01T16:41:47.840016" elapsed="0.000000"/>
</kw>
<kw name="Should Be Equal As Numbers" owner="BuiltIn">
<arg>${actual_num}</arg>
<arg>${expected_num}</arg>
<doc>Fails if objects are unequal after converting them to real numbers.</doc>
<status status="PASS" start="2025-02-01T16:41:47.841013" elapsed="0.000000"/>
</kw>
<arg>${actual}</arg>
<arg>${expected}</arg>
<doc>Convert and compare two numbers</doc>
<status status="PASS" start="2025-02-01T16:41:47.840016" elapsed="0.000997"/>
</kw>
<arg>${expected}</arg>
<doc>Verify the calculator display shows the expected value</doc>
<status status="PASS" start="2025-02-01T16:41:47.817014" elapsed="0.023999"/>
</kw>
<arg>5s</arg>
<arg>1s</arg>
<arg>Verify Display Value</arg>
<arg>${expected}</arg>
<doc>Runs the specified keyword and retries if it fails.</doc>
<status status="PASS" start="2025-02-01T16:41:47.817014" elapsed="0.023999"/>
</kw>
<arg>${expected_value}</arg>
<doc>Wait until the calculator display shows the expected value</doc>
<status status="PASS" start="2025-02-01T16:41:47.816036" elapsed="0.024977"/>
</kw>
<arg>${DEFAULT_VALUE}</arg>
<doc>Verifies the calculator display shows expected value</doc>
<status status="PASS" start="2025-02-01T16:41:47.816036" elapsed="0.024977"/>
</kw>
<status status="PASS" start="2025-02-01T16:41:47.730326" elapsed="0.110687"/>
</kw>
<kw name="When User generates test data for basic operation">
<kw name="Log" owner="BuiltIn">
<msg time="2025-02-01T16:41:47.842050" level="INFO">Generating test data for basic operation (min=1, max=100, decimals=False)</msg>
<arg>Generating test data for basic operation (min=${min}, max=${max}, decimals=${use_decimals})</arg>
<arg>console=True</arg>
<doc>Logs the given message with the given level.</doc>
<status status="PASS" start="2025-02-01T16:41:47.841013" elapsed="0.001037"/>
</kw>
<kw name="Generate Basic Operation Data" owner="CalculatorData">
<kw name="Generate Numbers" owner="calculator_data_generator">
<msg time="2025-02-01T16:41:47.842050" level="INFO">${data} = {'num1': '46', 'num2': '83', 'expected_addition': '129', 'expected_multiplication': '3818'}</msg>
<var>${data}</var>
<arg>${min_val}</arg>
<arg>${max_val}</arg>
<arg>${use_decimal}</arg>
<doc>Generate two random numbers and their expected results</doc>
<status status="PASS" start="2025-02-01T16:41:47.842050" elapsed="0.000000"/>
</kw>
<return>
<value>${data}</value>
<status status="PASS" start="2025-02-01T16:41:47.842050" elapsed="0.000000"/>
</return>
<msg time="2025-02-01T16:41:47.842050" level="INFO">${test_data} = {'num1': '46', 'num2': '83', 'expected_addition': '129', 'expected_multiplication': '3818'}</msg>
<var>${test_data}</var>
<arg>${min}</arg>
<arg>${max}</arg>
<arg>${use_decimals}</arg>
<status status="PASS" start="2025-02-01T16:41:47.842050" elapsed="0.000000"/>
</kw>
<kw name="Set Test Variable" owner="BuiltIn">
<msg time="2025-02-01T16:41:47.843014" level="INFO">${TEST_DATA} = {'num1': '46', 'num2': '83', 'expected_addition': '129', 'expected_multiplication': '3818'}</msg>
<arg>${TEST_DATA}</arg>
<arg>${test_data}</arg>
<doc>Makes a variable available everywhere within the scope of the current test.</doc>
<status status="PASS" start="2025-02-01T16:41:47.843014" elapsed="0.000000"/>
</kw>
<kw name="Log" owner="BuiltIn">
<msg time="2025-02-01T16:41:47.843014" level="INFO">Generated test data: {'num1': '46', 'num2': '83', 'expected_addition': '129', 'expected_multiplication': '3818'}</msg>
<arg>Generated test data: ${test_data}</arg>
<arg>console=True</arg>
<doc>Logs the given message with the given level.</doc>
<status status="PASS" start="2025-02-01T16:41:47.843014" elapsed="0.000000"/>
</kw>
<arg>min=1</arg>
<arg>max=100</arg>
<arg>use_decimals=${FALSE}</arg>
<status status="PASS" start="2025-02-01T16:41:47.841013" elapsed="0.002001"/>
</kw>
<kw name="And User performs multiplication operation with generated numbers">
<kw name="Log" owner="BuiltIn">
<msg time="2025-02-01T16:41:47.843014" level="INFO">Performing multiplication operation with numbers: 46 * 83</msg>
<arg>Performing multiplication operation with numbers: ${TEST_DATA}[num1] * ${TEST_DATA}[num2]</arg>
<arg>console=True</arg>
<doc>Logs the given message with the given level.</doc>
<status status="PASS" start="2025-02-01T16:41:47.843014" elapsed="0.001021"/>
</kw>
<kw name="Perform Multiplication Operation" owner="CalculatorFlow">
<kw name="Log" owner="BuiltIn">
<msg time="2025-02-01T16:41:47.844035" level="INFO">Performing multiplication: 46 * 83</msg>
<arg>Performing multiplication: ${first_number} * ${second_number}</arg>
<arg>console=True</arg>
<doc>Logs the given message with the given level.</doc>
<status status="PASS" start="2025-02-01T16:41:47.844035" elapsed="0.000000"/>
</kw>
<kw name="Enter Number" owner="CalculatorFlow">
<kw name="Log" owner="BuiltIn">
<msg time="2025-02-01T16:41:47.845013" level="INFO">Entering number: 46</msg>
<arg>Entering number: ${number}</arg>
<arg>console=True</arg>
<doc>Logs the given message with the given level.</doc>
<status status="PASS" start="2025-02-01T16:41:47.845013" elapsed="0.000000"/>
</kw>
<kw name="Convert To String" owner="BuiltIn">
<msg time="2025-02-01T16:41:47.845013" level="INFO">${digits} = 46</msg>
<var>${digits}</var>
<arg>${number}</arg>
<doc>Converts the given item to a Unicode string.</doc>
<status status="PASS" start="2025-02-01T16:41:47.845013" elapsed="0.000000"/>
</kw>
<kw name="Split String To Characters" owner="String">
<msg time="2025-02-01T16:41:47.845013" level="INFO">@{chars} = [ 4 | 6 ]</msg>
<var>@{chars}</var>
<arg>${digits}</arg>
<doc>Splits the given ``string`` to characters.</doc>
<status status="PASS" start="2025-02-01T16:41:47.845013" elapsed="0.000000"/>
</kw>
<for flavor="IN">
<iter>
<kw name="Run Keyword If" owner="BuiltIn">
<kw name="Click Number" owner="CalculatorPage">
<kw name="Get From Dictionary" owner="Collections">
<msg time="2025-02-01T16:41:47.846013" level="INFO">${button_id} = button04</msg>
<var>${button_id}</var>
<arg>${NUMBER_BUTTONS}</arg>
<arg>${number}</arg>
<doc>Returns a value from the given ``dictionary`` based on the given ``key``.</doc>
<status status="PASS" start="2025-02-01T16:41:47.846013" elapsed="0.000000"/>
</kw>
<kw name="Wait And Click Element" owner="CalculatorPage">
<kw name="Wait Until Element Is Visible" owner="SeleniumLibrary">
<arg>${locator}</arg>
<doc>Waits until the element ``locator`` is visible.</doc>
<status status="PASS" start="2025-02-01T16:41:47.846013" elapsed="0.014006"/>
</kw>
<kw name="Click Element" owner="SeleniumLibrary">
<msg time="2025-02-01T16:41:47.860019" level="INFO">Clicking element 'id=button04'.</msg>
<arg>${locator}</arg>
<doc>Click the element identified by ``locator``.</doc>
<status status="PASS" start="2025-02-01T16:41:47.860019" elapsed="0.037050"/>
</kw>
<arg>id=${button_id}</arg>
<doc>Wait for element to be visible and click it</doc>
<status status="PASS" start="2025-02-01T16:41:47.846013" elapsed="0.051056"/>
</kw>
<arg>${char}</arg>
<doc>Click a number button on the calculator</doc>
<status status="PASS" start="2025-02-01T16:41:47.846013" elapsed="0.051056"/>
</kw>
<arg>'${char}' == '.'</arg>
<arg>Click Decimal Point</arg>
<arg>ELSE</arg>
<arg>Click Number</arg>
<arg>${char}</arg>
<doc>Runs the given keyword with the given arguments, if ``condition`` is true.</doc>
<status status="PASS" start="2025-02-01T16:41:47.846013" elapsed="0.051056"/>
</kw>
<var name="${char}">4</var>
<status status="PASS" start="2025-02-01T16:41:47.845013" elapsed="0.052056"/>
</iter>
<iter>
<kw name="Run Keyword If" owner="BuiltIn">
<kw name="Click Number" owner="CalculatorPage">
<kw name="Get From Dictionary" owner="Collections">
<msg time="2025-02-01T16:41:47.897069" level="INFO">${button_id} = button06</msg>
<var>${button_id}</var>
<arg>${NUMBER_BUTTONS}</arg>
<arg>${number}</arg>
<doc>Returns a value from the given ``dictionary`` based on the given ``key``.</doc>
<status status="PASS" start="2025-02-01T16:41:47.897069" elapsed="0.000000"/>
</kw>
<kw name="Wait And Click Element" owner="CalculatorPage">
<kw name="Wait Until Element Is Visible" owner="SeleniumLibrary">
<arg>${locator}</arg>
<doc>Waits until the element ``locator`` is visible.</doc>
<status status="PASS" start="2025-02-01T16:41:47.898098" elapsed="0.011987"/>
</kw>
<kw name="Click Element" owner="SeleniumLibrary">
<msg time="2025-02-01T16:41:47.911090" level="INFO">Clicking element 'id=button06'.</msg>
<arg>${locator}</arg>
<doc>Click the element identified by ``locator``.</doc>
<status status="PASS" start="2025-02-01T16:41:47.911090" elapsed="0.030979"/>
</kw>
<arg>id=${button_id}</arg>
<doc>Wait for element to be visible and click it</doc>
<status status="PASS" start="2025-02-01T16:41:47.898098" elapsed="0.043971"/>
</kw>
<arg>${char}</arg>
<doc>Click a number button on the calculator</doc>
<status status="PASS" start="2025-02-01T16:41:47.897069" elapsed="0.045000"/>
</kw>
<arg>'${char}' == '.'</arg>
<arg>Click Decimal Point</arg>
<arg>ELSE</arg>
<arg>Click Number</arg>
<arg>${char}</arg>
<doc>Runs the given keyword with the given arguments, if ``condition`` is true.</doc>
<status status="PASS" start="2025-02-01T16:41:47.897069" elapsed="0.045000"/>
</kw>
<var name="${char}">6</var>
<status status="PASS" start="2025-02-01T16:41:47.897069" elapsed="0.045000"/>
</iter>
<var>${char}</var>
<value>@{chars}</value>
<status status="PASS" start="2025-02-01T16:41:47.845013" elapsed="0.097056"/>
</for>
<kw name="Sleep" owner="BuiltIn">
<msg time="2025-02-01T16:41:48.143291" level="INFO">Slept 200 milliseconds.</msg>
<arg>0.2s</arg>
<doc>Pauses the test executed for the given time.</doc>
<status status="PASS" start="2025-02-01T16:41:47.942069" elapsed="0.201222"/>
</kw>
<arg>${first_number}</arg>
<doc>Enters a number into the calculator</doc>
<status status="PASS" start="2025-02-01T16:41:47.844035" elapsed="0.299256"/>
</kw>
<kw name="Press Multiplication Operator" owner="CalculatorFlow">
<kw name="Log" owner="BuiltIn">
<msg time="2025-02-01T16:41:48.144301" level="INFO">Pressing multiplication operator</msg>
<arg>Pressing multiplication operator</arg>
<arg>console=True</arg>
<doc>Logs the given message with the given level.</doc>
<status status="PASS" start="2025-02-01T16:41:48.144301" elapsed="0.000000"/>
</kw>
<kw name="Click Multiply" owner="CalculatorPage">
<kw name="Wait And Click Element" owner="CalculatorPage">
<kw name="Wait Until Element Is Visible" owner="SeleniumLibrary">
<arg>${locator}</arg>
<doc>Waits until the element ``locator`` is visible.</doc>
<status status="PASS" start="2025-02-01T16:41:48.145306" elapsed="0.026137"/>
</kw>
<kw name="Click Element" owner="SeleniumLibrary">
<msg time="2025-02-01T16:41:48.171443" level="INFO">Clicking element 'id=buttonmultiply'.</msg>
<arg>${locator}</arg>
<doc>Click the element identified by ``locator``.</doc>
<status status="PASS" start="2025-02-01T16:41:48.171443" elapsed="0.036112"/>
</kw>
<arg>${MULTIPLY_BTN}</arg>
<doc>Wait for element to be visible and click it</doc>
<status status="PASS" start="2025-02-01T16:41:48.145306" elapsed="0.062249"/>
</kw>
<doc>Click the multiply button</doc>
<status status="PASS" start="2025-02-01T16:41:48.144301" elapsed="0.063254"/>
</kw>
<doc>Clicks the multiplication operator</doc>
<status status="PASS" start="2025-02-01T16:41:48.143291" elapsed="0.064264"/>
</kw>
<kw name="Enter Number" owner="CalculatorFlow">
<kw name="Log" owner="BuiltIn">
<msg time="2025-02-01T16:41:48.207555" level="INFO">Entering number: 83</msg>
<arg>Entering number: ${number}</arg>
<arg>console=True</arg>
<doc>Logs the given message with the given level.</doc>
<status status="PASS" start="2025-02-01T16:41:48.207555" elapsed="0.000987"/>
</kw>
<kw name="Convert To String" owner="BuiltIn">
<msg time="2025-02-01T16:41:48.208542" level="INFO">${digits} = 83</msg>
<var>${digits}</var>
<arg>${number}</arg>
<doc>Converts the given item to a Unicode string.</doc>
<status status="PASS" start="2025-02-01T16:41:48.208542" elapsed="0.000000"/>
</kw>
<kw name="Split String To Characters" owner="String">
<msg time="2025-02-01T16:41:48.208542" level="INFO">@{chars} = [ 8 | 3 ]</msg>
<var>@{chars}</var>
<arg>${digits}</arg>
<doc>Splits the given ``string`` to characters.</doc>
<status status="PASS" start="2025-02-01T16:41:48.208542" elapsed="0.000000"/>
</kw>
<for flavor="IN">
<iter>
<kw name="Run Keyword If" owner="BuiltIn">
<kw name="Click Number" owner="CalculatorPage">
<kw name="Get From Dictionary" owner="Collections">
<msg time="2025-02-01T16:41:48.209552" level="INFO">${button_id} = button08</msg>
<var>${button_id}</var>
<arg>${NUMBER_BUTTONS}</arg>
<arg>${number}</arg>
<doc>Returns a value from the given ``dictionary`` based on the given ``key``.</doc>
<status status="PASS" start="2025-02-01T16:41:48.209552" elapsed="0.000000"/>
</kw>
<kw name="Wait And Click Element" owner="CalculatorPage">
<kw name="Wait Until Element Is Visible" owner="SeleniumLibrary">
<arg>${locator}</arg>
<doc>Waits until the element ``locator`` is visible.</doc>
<status status="PASS" start="2025-02-01T16:41:48.209552" elapsed="0.013198"/>
</kw>
<kw name="Click Element" owner="SeleniumLibrary">
<msg time="2025-02-01T16:41:48.222750" level="INFO">Clicking element 'id=button08'.</msg>
<arg>${locator}</arg>
<doc>Click the element identified by ``locator``.</doc>
<status status="PASS" start="2025-02-01T16:41:48.222750" elapsed="0.034159"/>
</kw>
<arg>id=${button_id}</arg>
<doc>Wait for element to be visible and click it</doc>
<status status="PASS" start="2025-02-01T16:41:48.209552" elapsed="0.047357"/>
</kw>
<arg>${char}</arg>
<doc>Click a number button on the calculator</doc>
<status status="PASS" start="2025-02-01T16:41:48.209552" elapsed="0.047357"/>
</kw>
<arg>'${char}' == '.'</arg>
<arg>Click Decimal Point</arg>
<arg>ELSE</arg>
<arg>Click Number</arg>
<arg>${char}</arg>
<doc>Runs the given keyword with the given arguments, if ``condition`` is true.</doc>
<status status="PASS" start="2025-02-01T16:41:48.208542" elapsed="0.048367"/>
</kw>
<var name="${char}">8</var>
<status status="PASS" start="2025-02-01T16:41:48.208542" elapsed="0.048367"/>
</iter>
<iter>
<kw name="Run Keyword If" owner="BuiltIn">
<kw name="Click Number" owner="CalculatorPage">
<kw name="Get From Dictionary" owner="Collections">
<msg time="2025-02-01T16:41:48.257855" level="INFO">${button_id} = button03</msg>
<var>${button_id}</var>
<arg>${NUMBER_BUTTONS}</arg>
<arg>${number}</arg>
<doc>Returns a value from the given ``dictionary`` based on the given ``key``.</doc>
<status status="PASS" start="2025-02-01T16:41:48.257855" elapsed="0.000000"/>
</kw>
<kw name="Wait And Click Element" owner="CalculatorPage">
<kw name="Wait Until Element Is Visible" owner="SeleniumLibrary">
<arg>${locator}</arg>
<doc>Waits until the element ``locator`` is visible.</doc>
<status status="PASS" start="2025-02-01T16:41:48.257855" elapsed="0.011646"/>
</kw>
<kw name="Click Element" owner="SeleniumLibrary">
<msg time="2025-02-01T16:41:48.270600" level="INFO">Clicking element 'id=button03'.</msg>
<arg>${locator}</arg>
<doc>Click the element identified by ``locator``.</doc>
<status status="PASS" start="2025-02-01T16:41:48.269501" elapsed="0.031315"/>
</kw>
<arg>id=${button_id}</arg>
<doc>Wait for element to be visible and click it</doc>
<status status="PASS" start="2025-02-01T16:41:48.257855" elapsed="0.042961"/>
</kw>
<arg>${char}</arg>
<doc>Click a number button on the calculator</doc>
<status status="PASS" start="2025-02-01T16:41:48.257855" elapsed="0.042961"/>
</kw>
<arg>'${char}' == '.'</arg>
<arg>Click Decimal Point</arg>
<arg>ELSE</arg>
<arg>Click Number</arg>
<arg>${char}</arg>
<doc>Runs the given keyword with the given arguments, if ``condition`` is true.</doc>
<status status="PASS" start="2025-02-01T16:41:48.256909" elapsed="0.043907"/>
</kw>
<var name="${char}">3</var>
<status status="PASS" start="2025-02-01T16:41:48.256909" elapsed="0.043907"/>
</iter>
<var>${char}</var>
<value>@{chars}</value>
<status status="PASS" start="2025-02-01T16:41:48.208542" elapsed="0.092274"/>
</for>
<kw name="Sleep" owner="BuiltIn">
<msg time="2025-02-01T16:41:48.501265" level="INFO">Slept 200 milliseconds.</msg>
<arg>0.2s</arg>
<doc>Pauses the test executed for the given time.</doc>
<status status="PASS" start="2025-02-01T16:41:48.300816" elapsed="0.200449"/>
</kw>
<arg>${second_number}</arg>
<doc>Enters a number into the calculator</doc>
<status status="PASS" start="2025-02-01T16:41:48.207555" elapsed="0.293710"/>
</kw>
<kw name="Press Equals" owner="CalculatorFlow">
<kw name="Log" owner="BuiltIn">
<msg time="2025-02-01T16:41:48.501873" level="INFO">Pressing equals button</msg>
<arg>Pressing equals button</arg>
<arg>console=True</arg>
<doc>Logs the given message with the given level.</doc>
<status status="PASS" start="2025-02-01T16:41:48.501873" elapsed="0.001017"/>
</kw>
<kw name="Click Equals" owner="CalculatorPage">
<kw name="Wait And Click Element" owner="CalculatorPage">
<kw name="Wait Until Element Is Visible" owner="SeleniumLibrary">
<arg>${locator}</arg>
<doc>Waits until the element ``locator`` is visible.</doc>
<status status="PASS" start="2025-02-01T16:41:48.503887" elapsed="0.015992"/>
</kw>
<kw name="Click Element" owner="SeleniumLibrary">
<msg time="2025-02-01T16:41:48.519879" level="INFO">Clicking element 'id=buttonequals'.</msg>
<arg>${locator}</arg>
<doc>Click the element identified by ``locator``.</doc>
<status status="PASS" start="2025-02-01T16:41:48.519879" elapsed="0.035817"/>
</kw>
<arg>${CALCULATOR_EQUALS}</arg>
<doc>Wait for element to be visible and click it</doc>
<status status="PASS" start="2025-02-01T16:41:48.502890" elapsed="0.052806"/>
</kw>
<doc>Click the equals button</doc>
<status status="PASS" start="2025-02-01T16:41:48.502890" elapsed="0.052806"/>
</kw>
<kw name="Sleep" owner="BuiltIn">
<msg time="2025-02-01T16:41:49.057193" level="INFO">Slept 500 milliseconds.</msg>
<arg>0.5s</arg>
<doc>Pauses the test executed for the given time.</doc>
<status status="PASS" start="2025-02-01T16:41:48.555696" elapsed="0.501497"/>
</kw>
<kw name="Get Display Value" owner="CalculatorPage">
<kw name="Wait Until Element Is Visible" owner="SeleniumLibrary">
<arg>${CALCULATOR_DISPLAY}</arg>
<doc>Waits until the element ``locator`` is visible.</doc>
<status status="PASS" start="2025-02-01T16:41:49.058210" elapsed="0.024544"/>
</kw>
<kw name="Get Element Attribute" owner="SeleniumLibrary">
<msg time="2025-02-01T16:41:49.097534" level="INFO">${value} = 3818</msg>
<var>${value}</var>
<arg>${CALCULATOR_DISPLAY}</arg>
<arg>value</arg>
<doc>Returns the value of ``attribute`` from the element ``locator``.</doc>
<status status="PASS" start="2025-02-01T16:41:49.083753" elapsed="0.013781"/>
</kw>
<kw name="Set Variable If" owner="BuiltIn">
<msg time="2025-02-01T16:41:49.098584" level="INFO">${value} = 3818</msg>
<var>${value}</var>
<arg>'${value}' == ''</arg>
<arg>${DEFAULT_VALUE}</arg>
<arg>${value}</arg>
<doc>Sets variable based on the given condition.</doc>
<status status="PASS" start="2025-02-01T16:41:49.098584" elapsed="0.000000"/>
</kw>
<return>
<value>${value}</value>
<status status="PASS" start="2025-02-01T16:41:49.098584" elapsed="0.000000"/>
</return>
<msg time="2025-02-01T16:41:49.098584" level="INFO">${result} = 3818</msg>
<var>${result}</var>
<doc>Get the current value from the calculator display</doc>
<status status="PASS" start="2025-02-01T16:41:49.057193" elapsed="0.041391"/>
</kw>
<kw name="Log" owner="BuiltIn">
<msg time="2025-02-01T16:41:49.098584" level="INFO">Result obtained: 3818</msg>
<arg>Result obtained: ${result}</arg>
<arg>console=True</arg>
<doc>Logs the given message with the given level.</doc>
<status status="PASS" start="2025-02-01T16:41:49.098584" elapsed="0.000972"/>
</kw>
<return>
<value>${result}</value>
<status status="PASS" start="2025-02-01T16:41:49.099556" elapsed="0.000000"/>
</return>
<msg time="2025-02-01T16:41:49.099556" level="INFO">${result} = 3818</msg>
<var>${result}</var>
<doc>Clicks the equals button and returns result</doc>
<status status="PASS" start="2025-02-01T16:41:48.501873" elapsed="0.597683"/>
</kw>
<kw name="Log" owner="BuiltIn">
<msg time="2025-02-01T16:41:49.099556" level="INFO">Multiplication result: 3818</msg>
<arg>Multiplication result: ${result}</arg>
<arg>console=True</arg>
<doc>Logs the given message with the given level.</doc>
<status status="PASS" start="2025-02-01T16:41:49.099556" elapsed="0.000000"/>
</kw>
<return>
<value>${result}</value>
<status status="PASS" start="2025-02-01T16:41:49.100555" elapsed="0.000000"/>
</return>
<msg time="2025-02-01T16:41:49.100555" level="INFO">${result} = 3818</msg>
<var>${result}</var>
<arg>${TEST_DATA}[num1]</arg>
<arg>${TEST_DATA}[num2]</arg>
<doc>Performs multiplication operation and returns result</doc>
<status status="PASS" start="2025-02-01T16:41:47.844035" elapsed="1.256520"/>
</kw>
<kw name="Set Test Variable" owner="BuiltIn">
<msg time="2025-02-01T16:41:49.100555" level="INFO">${ACTUAL_RESULT} = 3818</msg>
<arg>${ACTUAL_RESULT}</arg>
<arg>${result}</arg>
<doc>Makes a variable available everywhere within the scope of the current test.</doc>
<status status="PASS" start="2025-02-01T16:41:49.100555" elapsed="0.000000"/>
</kw>
<kw name="Log" owner="BuiltIn">
<msg time="2025-02-01T16:41:49.101572" level="INFO">Multiplication operation result: 3818</msg>
<arg>Multiplication operation result: ${result}</arg>
<arg>console=True</arg>
<doc>Logs the given message with the given level.</doc>
<status status="PASS" start="2025-02-01T16:41:49.100555" elapsed="0.001017"/>
</kw>
<status status="PASS" start="2025-02-01T16:41:47.843014" elapsed="1.258558"/>
</kw>
<kw name="Then Result should match expected multiplication value">
<kw name="Log" owner="BuiltIn">
<msg time="2025-02-01T16:41:49.101572" level="INFO">Verifying multiplication result</msg>
<arg>Verifying multiplication result</arg>
<arg>console=True</arg>
<doc>Logs the given message with the given level.</doc>
<status status="PASS" start="2025-02-01T16:41:49.101572" elapsed="0.000000"/>
</kw>
<kw name="Verify Calculation Result" owner="CalculatorFlow">
<kw name="Log" owner="BuiltIn">
<msg time="2025-02-01T16:41:49.102555" level="INFO">Verifying calculation result matches: 3818</msg>
<arg>Verifying calculation result matches: ${expected_result}</arg>
<arg>console=True</arg>
<doc>Logs the given message with the given level.</doc>
<status status="PASS" start="2025-02-01T16:41:49.102555" elapsed="0.000000"/>
</kw>
<kw name="Get Display Value" owner="CalculatorPage">
<kw name="Wait Until Element Is Visible" owner="SeleniumLibrary">
<arg>${CALCULATOR_DISPLAY}</arg>
<doc>Waits until the element ``locator`` is visible.</doc>
<status status="PASS" start="2025-02-01T16:41:49.102555" elapsed="0.008291"/>
</kw>
<kw name="Get Element Attribute" owner="SeleniumLibrary">
<msg time="2025-02-01T16:41:49.119827" level="INFO">${value} = 3818</msg>
<var>${value}</var>
<arg>${CALCULATOR_DISPLAY}</arg>
<arg>value</arg>
<doc>Returns the value of ``attribute`` from the element ``locator``.</doc>
<status status="PASS" start="2025-02-01T16:41:49.110846" elapsed="0.008981"/>
</kw>
<kw name="Set Variable If" owner="BuiltIn">
<msg time="2025-02-01T16:41:49.119827" level="INFO">${value} = 3818</msg>
<var>${value}</var>
<arg>'${value}' == ''</arg>
<arg>${DEFAULT_VALUE}</arg>
<arg>${value}</arg>
<doc>Sets variable based on the given condition.</doc>
<status status="PASS" start="2025-02-01T16:41:49.119827" elapsed="0.000000"/>
</kw>
<return>
<value>${value}</value>
<status status="PASS" start="2025-02-01T16:41:49.119827" elapsed="0.000000"/>
</return>
<msg time="2025-02-01T16:41:49.119827" level="INFO">${actual_result} = 3818</msg>
<var>${actual_result}</var>
<doc>Get the current value from the calculator display</doc>
<status status="PASS" start="2025-02-01T16:41:49.102555" elapsed="0.017272"/>
</kw>
<kw name="Should Be Equal As Numbers" owner="BuiltIn">
<arg>${actual_result}</arg>
<arg>${expected_result}</arg>
<doc>Fails if objects are unequal after converting them to real numbers.</doc>
<status status="PASS" start="2025-02-01T16:41:49.119827" elapsed="0.001025"/>
</kw>
<kw name="Log" owner="BuiltIn">
<msg time="2025-02-01T16:41:49.120852" level="INFO">Verification passed: 3818 equals 3818</msg>
<arg>Verification passed: ${actual_result} equals ${expected_result}</arg>
<arg>console=True</arg>
<doc>Logs the given message with the given level.</doc>
<status status="PASS" start="2025-02-01T16:41:49.120852" elapsed="0.000000"/>
</kw>
<arg>${TEST_DATA}[expected_multiplication]</arg>
<doc>Verifies the calculation result matches expected value</doc>
<status status="PASS" start="2025-02-01T16:41:49.101572" elapsed="0.019280"/>
</kw>
<status status="PASS" start="2025-02-01T16:41:49.101572" elapsed="0.019280"/>
</kw>
<kw name="Cleanup Calculator Session" type="TEARDOWN">
<kw name="Run Keyword If Test Failed" owner="BuiltIn">
<arg>Capture Page Screenshot</arg>
<doc>Runs the given keyword with the given arguments, if the test failed.</doc>
<status status="PASS" start="2025-02-01T16:41:49.120852" elapsed="0.000000"/>
</kw>
<kw name="Go To" owner="SeleniumLibrary">
<msg time="2025-02-01T16:41:49.121852" level="INFO">Opening url 'about:blank'</msg>
<arg>about:blank</arg>
<doc>Navigates the current browser window to the provided ``url``.</doc>
<status status="PASS" start="2025-02-01T16:41:49.120852" elapsed="0.103174"/>
</kw>
<status status="PASS" start="2025-02-01T16:41:49.120852" elapsed="0.103174"/>
</kw>
<doc>Verify that calculator can perform basic multiplication with integers</doc>
<tag>integer</tag>
<tag>multiplication</tag>
<tag>smoke</tag>
<status status="PASS" start="2025-02-01T16:41:47.101480" elapsed="2.122546"/>
</test>
<test id="s1-t3" name="User can perform decimal addition" line="36">
<kw name="Initialize Calculator Session" type="SETUP">
<kw name="Go To" owner="SeleniumLibrary">
<msg time="2025-02-01T16:41:49.226026" level="INFO">Opening url 'https://testpages.eviltester.com/styled/apps/calculator.html'</msg>
<arg>${CALCULATOR_URL}</arg>
<doc>Navigates the current browser window to the provided ``url``.</doc>
<status status="PASS" start="2025-02-01T16:41:49.226026" elapsed="0.604707"/>
</kw>
<kw name="Maximize Browser Window" owner="SeleniumLibrary">
<doc>Maximizes current browser window.</doc>
<status status="PASS" start="2025-02-01T16:41:49.830733" elapsed="0.001001"/>
</kw>
<kw name="Wait Until Element Is Visible" owner="SeleniumLibrary">
<arg>${CALCULATOR_DISPLAY}</arg>
<doc>Waits until the element ``locator`` is visible.</doc>
<status status="PASS" start="2025-02-01T16:41:49.831734" elapsed="0.017308"/>
</kw>
<status status="PASS" start="2025-02-01T16:41:49.226026" elapsed="0.623016"/>
</kw>
<kw name="Log" owner="BuiltIn">
<msg time="2025-02-01T16:41:49.850048" level="INFO">Starting test: Decimal Addition</msg>
<arg>Starting test: Decimal Addition</arg>
<arg>console=True</arg>
<doc>Logs the given message with the given level.</doc>
[...]
<kw name="Set Variable" owner="BuiltIn">
<arg>0</arg>
<doc>Returns the given values which can then be assigned to a variables.</doc>
<status status="PASS" start="2025-02-01T16:41:55.686505" elapsed="0.001000"/>
</kw>
<msg time="2025-02-01T16:41:55.687505" level="INFO">${expected_num} = 0</msg>
<var>${expected_num}</var>
<arg>'${expected}' == ''</arg>
<arg>Set Variable</arg>
<arg>0</arg>
<arg>ELSE</arg>
<arg>Convert To Number</arg>
<arg>${expected}</arg>
<doc>Runs the given keyword with the given arguments, if ``condition`` is true.</doc>
<status status="PASS" start="2025-02-01T16:41:55.686505" elapsed="0.001000"/>
</kw>
<kw name="Should Be Equal As Numbers" owner="BuiltIn">
<arg>${actual_num}</arg>
<arg>${expected_num}</arg>
<doc>Fails if objects are unequal after converting them to real numbers.</doc>
<status status="PASS" start="2025-02-01T16:41:55.687505" elapsed="0.000000"/>
</kw>
<arg>${actual}</arg>
<arg>${expected}</arg>
<doc>Convert and compare two numbers</doc>
<status status="PASS" start="2025-02-01T16:41:55.685505" elapsed="0.002000"/>
</kw>
<arg>${expected}</arg>
<doc>Verify the calculator display shows the expected value</doc>
<status status="PASS" start="2025-02-01T16:41:55.660989" elapsed="0.026516"/>
</kw>
<arg>5s</arg>
<arg>1s</arg>
<arg>Verify Display Value</arg>
<arg>${expected}</arg>
<doc>Runs the specified keyword and retries if it fails.</doc>
<status status="PASS" start="2025-02-01T16:41:55.660989" elapsed="0.026516"/>
</kw>
<arg>${expected_value}</arg>
<doc>Wait until the calculator display shows the expected value</doc>
<status status="PASS" start="2025-02-01T16:41:55.660989" elapsed="0.026516"/>
</kw>
<arg>${DEFAULT_VALUE}</arg>
<doc>Verifies the calculator display shows expected value</doc>
<status status="PASS" start="2025-02-01T16:41:55.659990" elapsed="0.027515"/>
</kw>
<doc>Clear the calculator display</doc>
<status status="PASS" start="2025-02-01T16:41:55.604319" elapsed="0.083186"/>
</kw>
<kw name="Recall Memory" owner="CalculatorFlow">
<kw name="Log" owner="BuiltIn">
<msg time="2025-02-01T16:41:55.687505" level="INFO">Recalling value from memory</msg>
<arg>Recalling value from memory</arg>
<arg>console=True</arg>
<doc>Logs the given message with the given level.</doc>
<status status="PASS" start="2025-02-01T16:41:55.687505" elapsed="0.000999"/>
</kw>
<kw name="Click Memory Recall" owner="CalculatorPage">
<kw name="Wait And Click Element" owner="CalculatorPage">
<kw name="Wait Until Element Is Visible" owner="SeleniumLibrary">
<arg>${locator}</arg>
<doc>Waits until the element ``locator`` is visible.</doc>
<status status="PASS" start="2025-02-01T16:41:55.688504" elapsed="0.015001"/>
</kw>
<kw name="Click Element" owner="SeleniumLibrary">
<msg time="2025-02-01T16:41:55.704506" level="INFO">Clicking element 'id=buttonmemoryrecall'.</msg>
<arg>${locator}</arg>
<doc>Click the element identified by ``locator``.</doc>
<status status="PASS" start="2025-02-01T16:41:55.703505" elapsed="0.045002"/>
</kw>
<arg>${MEMORY_RECALL_BTN}</arg>
<doc>Wait for element to be visible and click it</doc>
<status status="PASS" start="2025-02-01T16:41:55.688504" elapsed="0.060003"/>
</kw>
<doc>Click the memory recall button</doc>
<status status="PASS" start="2025-02-01T16:41:55.688504" elapsed="0.060003"/>
</kw>
<doc>Recalls value from memory</doc>
<status status="PASS" start="2025-02-01T16:41:55.687505" elapsed="0.061002"/>
</kw>
<kw name="Click Minus" owner="CalculatorPage">
<kw name="Wait And Click Element" owner="CalculatorPage">
<kw name="Wait Until Element Is Visible" owner="SeleniumLibrary">
<arg>${locator}</arg>
<doc>Waits until the element ``locator`` is visible.</doc>
<status status="PASS" start="2025-02-01T16:41:55.749506" elapsed="0.012999"/>
</kw>
<kw name="Click Element" owner="SeleniumLibrary">
<msg time="2025-02-01T16:41:55.762505" level="INFO">Clicking element 'id=buttonminus'.</msg>
<arg>${locator}</arg>
<doc>Click the element identified by ``locator``.</doc>
<status status="PASS" start="2025-02-01T16:41:55.762505" elapsed="0.041114"/>
</kw>
<arg>${MINUS_BTN}</arg>
<doc>Wait for element to be visible and click it</doc>
<status status="PASS" start="2025-02-01T16:41:55.749506" elapsed="0.054113"/>
</kw>
<doc>Click the minus button</doc>
<status status="PASS" start="2025-02-01T16:41:55.748507" elapsed="0.055112"/>
</kw>
<kw name="Log" owner="BuiltIn">
<msg time="2025-02-01T16:41:55.803619" level="INFO">Memory subtract value: 75</msg>
<arg>Memory subtract value: ${data}[memory_subtract]</arg>
<arg>console=True</arg>
<doc>Logs the given message with the given level.</doc>
<status status="PASS" start="2025-02-01T16:41:55.803619" elapsed="0.000000"/>
</kw>
<kw name="Enter Number" owner="CalculatorFlow">
<kw name="Log" owner="BuiltIn">
<msg time="2025-02-01T16:41:55.804621" level="INFO">Entering number: 75</msg>
<arg>Entering number: ${number}</arg>
<arg>console=True</arg>
<doc>Logs the given message with the given level.</doc>
<status status="PASS" start="2025-02-01T16:41:55.804621" elapsed="0.000000"/>
</kw>
<kw name="Convert To String" owner="BuiltIn">
<msg time="2025-02-01T16:41:55.804621" level="INFO">${digits} = 75</msg>
<var>${digits}</var>
<arg>${number}</arg>
<doc>Converts the given item to a Unicode string.</doc>
<status status="PASS" start="2025-02-01T16:41:55.804621" elapsed="0.000000"/>
</kw>
<kw name="Split String To Characters" owner="String">
<msg time="2025-02-01T16:41:55.805619" level="INFO">@{chars} = [ 7 | 5 ]</msg>
<var>@{chars}</var>
<arg>${digits}</arg>
<doc>Splits the given ``string`` to characters.</doc>
<status status="PASS" start="2025-02-01T16:41:55.804621" elapsed="0.000998"/>
</kw>
<for flavor="IN">
<iter>
<kw name="Run Keyword If" owner="BuiltIn">
<kw name="Click Number" owner="CalculatorPage">
<kw name="Get From Dictionary" owner="Collections">
<msg time="2025-02-01T16:41:55.805619" level="INFO">${button_id} = button07</msg>
<var>${button_id}</var>
<arg>${NUMBER_BUTTONS}</arg>
<arg>${number}</arg>
<doc>Returns a value from the given ``dictionary`` based on the given ``key``.</doc>
<status status="PASS" start="2025-02-01T16:41:55.805619" elapsed="0.000000"/>
</kw>
<kw name="Wait And Click Element" owner="CalculatorPage">
<kw name="Wait Until Element Is Visible" owner="SeleniumLibrary">
<arg>${locator}</arg>
<doc>Waits until the element ``locator`` is visible.</doc>
<status status="PASS" start="2025-02-01T16:41:55.806619" elapsed="0.012000"/>
</kw>
<kw name="Click Element" owner="SeleniumLibrary">
<msg time="2025-02-01T16:41:55.819619" level="INFO">Clicking element 'id=button07'.</msg>
<arg>${locator}</arg>
<doc>Click the element identified by ``locator``.</doc>
<status status="PASS" start="2025-02-01T16:41:55.819619" elapsed="0.042269"/>
</kw>
<arg>id=${button_id}</arg>
<doc>Wait for element to be visible and click it</doc>
<status status="PASS" start="2025-02-01T16:41:55.805619" elapsed="0.056269"/>
</kw>
<arg>${char}</arg>
<doc>Click a number button on the calculator</doc>
<status status="PASS" start="2025-02-01T16:41:55.805619" elapsed="0.056269"/>
</kw>
<arg>'${char}' == '.'</arg>
<arg>Click Decimal Point</arg>
<arg>ELSE</arg>
<arg>Click Number</arg>
<arg>${char}</arg>
<doc>Runs the given keyword with the given arguments, if ``condition`` is true.</doc>
<status status="PASS" start="2025-02-01T16:41:55.805619" elapsed="0.056269"/>
</kw>
<var name="${char}">7</var>
<status status="PASS" start="2025-02-01T16:41:55.805619" elapsed="0.056269"/>
</iter>
<iter>
<kw name="Run Keyword If" owner="BuiltIn">
<kw name="Click Number" owner="CalculatorPage">
<kw name="Get From Dictionary" owner="Collections">
<msg time="2025-02-01T16:41:55.862888" level="INFO">${button_id} = button05</msg>
<var>${button_id}</var>
<arg>${NUMBER_BUTTONS}</arg>
<arg>${number}</arg>
<doc>Returns a value from the given ``dictionary`` based on the given ``key``.</doc>
<status status="PASS" start="2025-02-01T16:41:55.862888" elapsed="0.000000"/>
</kw>
<kw name="Wait And Click Element" owner="CalculatorPage">
<kw name="Wait Until Element Is Visible" owner="SeleniumLibrary">
<arg>${locator}</arg>
<doc>Waits until the element ``locator`` is visible.</doc>
<status status="PASS" start="2025-02-01T16:41:55.863887" elapsed="0.012100"/>
</kw>
<kw name="Click Element" owner="SeleniumLibrary">
<msg time="2025-02-01T16:41:55.875987" level="INFO">Clicking element 'id=button05'.</msg>
<arg>${locator}</arg>
<doc>Click the element identified by ``locator``.</doc>
<status status="PASS" start="2025-02-01T16:41:55.875987" elapsed="0.045007"/>
</kw>
<arg>id=${button_id}</arg>
<doc>Wait for element to be visible and click it</doc>
<status status="PASS" start="2025-02-01T16:41:55.862888" elapsed="0.058106"/>
</kw>
<arg>${char}</arg>
<doc>Click a number button on the calculator</doc>
<status status="PASS" start="2025-02-01T16:41:55.862888" elapsed="0.059106"/>
</kw>
<arg>'${char}' == '.'</arg>
<arg>Click Decimal Point</arg>
<arg>ELSE</arg>
<arg>Click Number</arg>
<arg>${char}</arg>
<doc>Runs the given keyword with the given arguments, if ``condition`` is true.</doc>
<status status="PASS" start="2025-02-01T16:41:55.862888" elapsed="0.059106"/>
</kw>
<var name="${char}">5</var>
<status status="PASS" start="2025-02-01T16:41:55.862888" elapsed="0.059106"/>
</iter>
<var>${char}</var>
<value>@{chars}</value>
<status status="PASS" start="2025-02-01T16:41:55.805619" elapsed="0.116375"/>
</for>
<kw name="Sleep" owner="BuiltIn">
<msg time="2025-02-01T16:41:56.122186" level="INFO">Slept 200 milliseconds.</msg>
<arg>0.2s</arg>
<doc>Pauses the test executed for the given time.</doc>
<status status="PASS" start="2025-02-01T16:41:55.921994" elapsed="0.200192"/>
</kw>
<arg>${data}[memory_subtract]</arg>
<doc>Enters a number into the calculator</doc>
<status status="PASS" start="2025-02-01T16:41:55.804621" elapsed="0.317565"/>
</kw>
<kw name="Press Equals" owner="CalculatorFlow">
<kw name="Log" owner="BuiltIn">
<msg time="2025-02-01T16:41:56.122186" level="INFO">Pressing equals button</msg>
<arg>Pressing equals button</arg>
<arg>console=True</arg>
<doc>Logs the given message with the given level.</doc>
<status status="PASS" start="2025-02-01T16:41:56.122186" elapsed="0.000000"/>
</kw>
<kw name="Click Equals" owner="CalculatorPage">
<kw name="Wait And Click Element" owner="CalculatorPage">
<kw name="Wait Until Element Is Visible" owner="SeleniumLibrary">
<arg>${locator}</arg>
<doc>Waits until the element ``locator`` is visible.</doc>
<status status="PASS" start="2025-02-01T16:41:56.123344" elapsed="0.013000"/>
</kw>
<kw name="Click Element" owner="SeleniumLibrary">
<msg time="2025-02-01T16:41:56.136344" level="INFO">Clicking element 'id=buttonequals'.</msg>
<arg>${locator}</arg>
<doc>Click the element identified by ``locator``.</doc>
<status status="PASS" start="2025-02-01T16:41:56.136344" elapsed="0.041440"/>
</kw>
<arg>${CALCULATOR_EQUALS}</arg>
<doc>Wait for element to be visible and click it</doc>
<status status="PASS" start="2025-02-01T16:41:56.122186" elapsed="0.055598"/>
</kw>
<doc>Click the equals button</doc>
<status status="PASS" start="2025-02-01T16:41:56.122186" elapsed="0.055598"/>
</kw>
<kw name="Sleep" owner="BuiltIn">
<msg time="2025-02-01T16:41:56.678976" level="INFO">Slept 500 milliseconds.</msg>
<arg>0.5s</arg>
<doc>Pauses the test executed for the given time.</doc>
<status status="PASS" start="2025-02-01T16:41:56.177784" elapsed="0.501192"/>
</kw>
<kw name="Get Display Value" owner="CalculatorPage">
<kw name="Wait Until Element Is Visible" owner="SeleniumLibrary">
<arg>${CALCULATOR_DISPLAY}</arg>
<doc>Waits until the element ``locator`` is visible.</doc>
<status status="PASS" start="2025-02-01T16:41:56.679482" elapsed="0.015217"/>
</kw>
<kw name="Get Element Attribute" owner="SeleniumLibrary">
<msg time="2025-02-01T16:41:56.708874" level="INFO">${value} = 54</msg>
<var>${value}</var>
<arg>${CALCULATOR_DISPLAY}</arg>
<arg>value</arg>
<doc>Returns the value of ``attribute`` from the element ``locator``.</doc>
<status status="PASS" start="2025-02-01T16:41:56.695646" elapsed="0.013228"/>
</kw>
<kw name="Set Variable If" owner="BuiltIn">
<msg time="2025-02-01T16:41:56.708874" level="INFO">${value} = 54</msg>
<var>${value}</var>
<arg>'${value}' == ''</arg>
<arg>${DEFAULT_VALUE}</arg>
<arg>${value}</arg>
<doc>Sets variable based on the given condition.</doc>
<status status="PASS" start="2025-02-01T16:41:56.708874" elapsed="0.000000"/>
</kw>
<return>
<value>${value}</value>
<status status="PASS" start="2025-02-01T16:41:56.708874" elapsed="0.000000"/>
</return>
<msg time="2025-02-01T16:41:56.708874" level="INFO">${result} = 54</msg>
<var>${result}</var>
<doc>Get the current value from the calculator display</doc>
<status status="PASS" start="2025-02-01T16:41:56.678976" elapsed="0.029898"/>
</kw>
<kw name="Log" owner="BuiltIn">
<msg time="2025-02-01T16:41:56.709873" level="INFO">Result obtained: 54</msg>
<arg>Result obtained: ${result}</arg>
<arg>console=True</arg>
<doc>Logs the given message with the given level.</doc>
<status status="PASS" start="2025-02-01T16:41:56.708874" elapsed="0.000999"/>
</kw>
<return>
<value>${result}</value>
<status status="PASS" start="2025-02-01T16:41:56.709873" elapsed="0.000000"/>
</return>
<msg time="2025-02-01T16:41:56.709873" level="INFO">${result} = 54</msg>
<var>${result}</var>
<doc>Clicks the equals button and returns result</doc>
<status status="PASS" start="2025-02-01T16:41:56.122186" elapsed="0.587687"/>
</kw>
<kw name="Log" owner="BuiltIn">
<msg time="2025-02-01T16:41:56.709873" level="INFO">Memory operation result: 54</msg>
<arg>Memory operation result: ${result}</arg>
<arg>console=True</arg>
<doc>Logs the given message with the given level.</doc>
<status status="PASS" start="2025-02-01T16:41:56.709873" elapsed="0.000000"/>
</kw>
<return>
<value>${result}</value>
<status status="PASS" start="2025-02-01T16:41:56.709873" elapsed="0.000000"/>
</return>
<msg time="2025-02-01T16:41:56.710875" level="INFO">${result} = 54</msg>
<var>${result}</var>
<arg>${TEST_DATA}</arg>
<doc>Performs a sequence of memory operations</doc>
<status status="PASS" start="2025-02-01T16:41:54.794986" elapsed="1.915889"/>
</kw>
<kw name="Set Test Variable" owner="BuiltIn">
<msg time="2025-02-01T16:41:56.710875" level="INFO">${ACTUAL_RESULT} = 54</msg>
<arg>${ACTUAL_RESULT}</arg>
<arg>${result}</arg>
<doc>Makes a variable available everywhere within the scope of the current test.</doc>
<status status="PASS" start="2025-02-01T16:41:56.710875" elapsed="0.000000"/>
</kw>
<kw name="Log" owner="BuiltIn">
<msg time="2025-02-01T16:41:56.710875" level="INFO">Memory operation sequence result: 54</msg>
<arg>Memory operation sequence result: ${result}</arg>
<arg>console=True</arg>
<doc>Logs the given message with the given level.</doc>
<status status="PASS" start="2025-02-01T16:41:56.710875" elapsed="0.000999"/>
</kw>
<status status="PASS" start="2025-02-01T16:41:54.793986" elapsed="1.917888"/>
</kw>
<kw name="Then Result should match expected memory operation value">
<kw name="Log" owner="BuiltIn">
<msg time="2025-02-01T16:41:56.711874" level="INFO">Verifying memory operation result</msg>
<arg>Verifying memory operation result</arg>
<arg>console=True</arg>
<doc>Logs the given message with the given level.</doc>
<status status="PASS" start="2025-02-01T16:41:56.711874" elapsed="0.000999"/>
</kw>
<kw name="Verify Calculation Result" owner="CalculatorFlow">
<kw name="Log" owner="BuiltIn">
<msg time="2025-02-01T16:41:56.712873" level="INFO">Verifying calculation result matches: 54</msg>
<arg>Verifying calculation result matches: ${expected_result}</arg>
<arg>console=True</arg>
<doc>Logs the given message with the given level.</doc>
<status status="PASS" start="2025-02-01T16:41:56.712873" elapsed="0.000000"/>
</kw>
<kw name="Get Display Value" owner="CalculatorPage">
<kw name="Wait Until Element Is Visible" owner="SeleniumLibrary">
<arg>${CALCULATOR_DISPLAY}</arg>
<doc>Waits until the element ``locator`` is visible.</doc>
<status status="PASS" start="2025-02-01T16:41:56.712873" elapsed="0.014430"/>
</kw>
<kw name="Get Element Attribute" owner="SeleniumLibrary">
<msg time="2025-02-01T16:41:56.739065" level="INFO">${value} = 54</msg>
<var>${value}</var>
<arg>${CALCULATOR_DISPLAY}</arg>
<arg>value</arg>
<doc>Returns the value of ``attribute`` from the element ``locator``.</doc>
<status status="PASS" start="2025-02-01T16:41:56.727303" elapsed="0.011762"/>
</kw>
<kw name="Set Variable If" owner="BuiltIn">
<msg time="2025-02-01T16:41:56.739065" level="INFO">${value} = 54</msg>
<var>${value}</var>
<arg>'${value}' == ''</arg>
<arg>${DEFAULT_VALUE}</arg>
<arg>${value}</arg>
<doc>Sets variable based on the given condition.</doc>
<status status="PASS" start="2025-02-01T16:41:56.739065" elapsed="0.000000"/>
</kw>
<return>
<value>${value}</value>
<status status="PASS" start="2025-02-01T16:41:56.739065" elapsed="0.000000"/>
</return>
<msg time="2025-02-01T16:41:56.739065" level="INFO">${actual_result} = 54</msg>
<var>${actual_result}</var>
<doc>Get the current value from the calculator display</doc>
<status status="PASS" start="2025-02-01T16:41:56.712873" elapsed="0.026192"/>
</kw>
<kw name="Should Be Equal As Numbers" owner="BuiltIn">
<arg>${actual_result}</arg>
<arg>${expected_result}</arg>
<doc>Fails if objects are unequal after converting them to real numbers.</doc>
<status status="PASS" start="2025-02-01T16:41:56.739065" elapsed="0.000000"/>
</kw>
<kw name="Log" owner="BuiltIn">
<msg time="2025-02-01T16:41:56.740080" level="INFO">Verification passed: 54 equals 54</msg>
<arg>Verification passed: ${actual_result} equals ${expected_result}</arg>
<arg>console=True</arg>
<doc>Logs the given message with the given level.</doc>
<status status="PASS" start="2025-02-01T16:41:56.739065" elapsed="0.001015"/>
</kw>
<arg>${TEST_DATA}[expected_result]</arg>
<doc>Verifies the calculation result matches expected value</doc>
<status status="PASS" start="2025-02-01T16:41:56.712873" elapsed="0.027207"/>
</kw>
<status status="PASS" start="2025-02-01T16:41:56.711874" elapsed="0.028206"/>
</kw>
<kw name="Cleanup Calculator Session" type="TEARDOWN">
<kw name="Run Keyword If Test Failed" owner="BuiltIn">
<arg>Capture Page Screenshot</arg>
<doc>Runs the given keyword with the given arguments, if the test failed.</doc>
<status status="PASS" start="2025-02-01T16:41:56.740080" elapsed="0.000000"/>
</kw>
<kw name="Go To" owner="SeleniumLibrary">
<msg time="2025-02-01T16:41:56.740080" level="INFO">Opening url 'about:blank'</msg>
<arg>about:blank</arg>
<doc>Navigates the current browser window to the provided ``url``.</doc>
<status status="PASS" start="2025-02-01T16:41:56.740080" elapsed="0.100502"/>
</kw>
<status status="PASS" start="2025-02-01T16:41:56.740080" elapsed="0.100502"/>
</kw>
<doc>Verify that calculator can perform a sequence of memory operations</doc>
<tag>memory</tag>
<tag>smoke</tag>
<status status="PASS" start="2025-02-01T16:41:54.034702" elapsed="2.806880"/>
</test>
<kw name="Cleanup Calculator Environment" owner="CalculatorPage" type="TEARDOWN">
<kw name="Close All Browsers" owner="SeleniumLibrary">
<doc>Closes all open browsers and resets the browser cache.</doc>
<status status="PASS" start="2025-02-01T16:41:56.842581" elapsed="7.960178"/>
</kw>
<doc>Clean up the test environment</doc>
<status status="PASS" start="2025-02-01T16:41:56.842581" elapsed="7.960178"/>
</kw>
<doc>Test suite for calculator functionality using BDD approach</doc>
<status status="PASS" start="2025-02-01T16:41:39.486778" elapsed="25.315981"/>
</suite>
<statistics>
<total>
<stat pass="5" fail="0" skip="0">All Tests</stat>
</total>
<tag>
<stat pass="2" fail="0" skip="0">addition</stat>
<stat pass="2" fail="0" skip="0">decimal</stat>
<stat pass="2" fail="0" skip="0">integer</stat>
<stat pass="1" fail="0" skip="0">memory</stat>
<stat pass="2" fail="0" skip="0">multiplication</stat>
<stat pass="5" fail="0" skip="0">smoke</stat>
</tag>
<suite>
<stat pass="5" fail="0" skip="0" id="s1" name="CalculatorTest">CalculatorTest</stat>
</suite>
</statistics>
<errors>
</errors>
</robot>
