<?xml version="1.0" encoding="UTF-8"?>
<robot generator="Robot 7.0 (Python 3.12.1 on win32)" generated="2025-02-01T16:45:49.588288" rpa="false" schemaversion="5">
<suite id="s1" name="CalculatorTest" source="D:\AUTOMATION TEST\Calculator_v2\Tests\CalculatorTest.robot">
<kw name="Setup Calculator Environment" owner="CalculatorPage" type="SETUP">
<kw name="Log" owner="BuiltIn">
<msg time="2025-02-01T16:45:49.830043" level="INFO">Setting up calculator test environment</msg>
<arg>Setting up calculator test environment</arg>
<arg>console=True</arg>
<doc>Logs the given message with the given level.</doc>
<status status="PASS" start="2025-02-01T16:45:49.830043" elapsed="0.001000"/>
</kw>
<kw name="Set Selenium Timeout" owner="SeleniumLibrary">
<arg>${TIMEOUT}</arg>
<doc>Sets the timeout that is used by various keywords.</doc>
<status status="PASS" start="2025-02-01T16:45:49.831043" elapsed="0.000000"/>
</kw>
<kw name="Create List" owner="BuiltIn">
<msg time="2025-02-01T16:45:49.831043" level="INFO">${args} = ['--headless', '--no-sandbox', '--disable-dev-shm-usage', '--disable-gpu', '--window-size=1920,1080', '--remote-debugging-port=9222', '--disable-extensions', '--disable-setuid-sandbox', '--disable-web...</msg>
<var>${args}</var>
<arg>--headless</arg>
<arg>--no-sandbox</arg>
<arg>--disable-dev-shm-usage</arg>
<arg>--disable-gpu</arg>
<arg>--window-size=1920,1080</arg>
<arg>--remote-debugging-port=9222</arg>
<arg>--disable-extensions</arg>
<arg>--disable-setuid-sandbox</arg>
<arg>--disable-web-security</arg>
<doc>Returns a list containing given items.</doc>
<status status="PASS" start="2025-02-01T16:45:49.831043" elapsed="0.000000"/>
</kw>
<kw name="Evaluate" owner="BuiltIn">
<msg time="2025-02-01T16:45:49.832042" level="INFO">${chrome_options} = &lt;selenium.webdriver.chrome.options.Options object at 0x000001D8984601D0&gt;</msg>
<var>${chrome_options}</var>
<arg>sys.modules['selenium.webdriver'].ChromeOptions()</arg>
<arg>sys</arg>
<doc>Evaluates the given expression in Python and returns the result.</doc>
<status status="PASS" start="2025-02-01T16:45:49.831043" elapsed="0.000999"/>
</kw>
<for flavor="IN">
<iter>
<kw name="Call Method" owner="BuiltIn">
<arg>${chrome_options}</arg>
<arg>add_argument</arg>
<arg>${arg}</arg>
<doc>Calls the named method of the given object with the provided arguments.</doc>
<status status="PASS" start="2025-02-01T16:45:49.832042" elapsed="0.000000"/>
</kw>
<var name="${arg}">--headless</var>
<status status="PASS" start="2025-02-01T16:45:49.832042" elapsed="0.000000"/>
</iter>
<iter>
<kw name="Call Method" owner="BuiltIn">
<arg>${chrome_options}</arg>
<arg>add_argument</arg>
<arg>${arg}</arg>
<doc>Calls the named method of the given object with the provided arguments.</doc>
<status status="PASS" start="2025-02-01T16:45:49.832042" elapsed="0.000000"/>
</kw>
<var name="${arg}">--no-sandbox</var>
<status status="PASS" start="2025-02-01T16:45:49.832042" elapsed="0.000000"/>
</iter>
<iter>
<kw name="Call Method" owner="BuiltIn">
<arg>${chrome_options}</arg>
<arg>add_argument</arg>
<arg>${arg}</arg>
<doc>Calls the named method of the given object with the provided arguments.</doc>
<status status="PASS" start="2025-02-01T16:45:49.832042" elapsed="0.000000"/>
</kw>
<var name="${arg}">--disable-dev-shm-usage</var>
<status status="PASS" start="2025-02-01T16:45:49.832042" elapsed="0.000000"/>
</iter>
<iter>
<kw name="Call Method" owner="BuiltIn">
<arg>${chrome_options}</arg>
<arg>add_argument</arg>
<arg>${arg}</arg>
<doc>Calls the named method of the given object with the provided arguments.</doc>
<status status="PASS" start="2025-02-01T16:45:49.832042" elapsed="0.001001"/>
</kw>
<var name="${arg}">--disable-gpu</var>
<status status="PASS" start="2025-02-01T16:45:49.832042" elapsed="0.001001"/>
</iter>
<iter>
<kw name="Call Method" owner="BuiltIn">
<arg>${chrome_options}</arg>
<arg>add_argument</arg>
<arg>${arg}</arg>
<doc>Calls the named method of the given object with the provided arguments.</doc>
<status status="PASS" start="2025-02-01T16:45:49.833043" elapsed="0.000000"/>
</kw>
<var name="${arg}">--window-size=1920,1080</var>
<status status="PASS" start="2025-02-01T16:45:49.833043" elapsed="0.000000"/>
</iter>
<iter>
<kw name="Call Method" owner="BuiltIn">
<arg>${chrome_options}</arg>
<arg>add_argument</arg>
<arg>${arg}</arg>
<doc>Calls the named method of the given object with the provided arguments.</doc>
<status status="PASS" start="2025-02-01T16:45:49.833043" elapsed="0.000000"/>
</kw>
<var name="${arg}">--remote-debugging-port=9222</var>
<status status="PASS" start="2025-02-01T16:45:49.833043" elapsed="0.000000"/>
</iter>
<iter>
<kw name="Call Method" owner="BuiltIn">
<arg>${chrome_options}</arg>
<arg>add_argument</arg>
<arg>${arg}</arg>
<doc>Calls the named method of the given object with the provided arguments.</doc>
<status status="PASS" start="2025-02-01T16:45:49.833043" elapsed="0.000000"/>
</kw>
<var name="${arg}">--disable-extensions</var>
<status status="PASS" start="2025-02-01T16:45:49.833043" elapsed="0.000000"/>
</iter>
<iter>
<kw name="Call Method" owner="BuiltIn">
<arg>${chrome_options}</arg>
<arg>add_argument</arg>
<arg>${arg}</arg>
<doc>Calls the named method of the given object with the provided arguments.</doc>
<status status="PASS" start="2025-02-01T16:45:49.833043" elapsed="0.000000"/>
</kw>
<var name="${arg}">--disable-setuid-sandbox</var>
<status status="PASS" start="2025-02-01T16:45:49.833043" elapsed="0.000000"/>
</iter>
<iter>
<kw name="Call Method" owner="BuiltIn">
<arg>${chrome_options}</arg>
<arg>add_argument</arg>
<arg>${arg}</arg>
<doc>Calls the named method of the given object with the provided arguments.</doc>
<status status="PASS" start="2025-02-01T16:45:49.834042" elapsed="0.000000"/>
</kw>
<var name="${arg}">--disable-web-security</var>
<status status="PASS" start="2025-02-01T16:45:49.834042" elapsed="0.000000"/>
</iter>
<var>${arg}</var>
<value>@{args}</value>
<status status="PASS" start="2025-02-01T16:45:49.832042" elapsed="0.002000"/>
</for>
<kw name="Create Webdriver" owner="SeleniumLibrary">
<msg time="2025-02-01T16:45:49.834042" level="INFO">Creating an instance of the Chrome WebDriver.</msg>
<arg>Chrome</arg>
<arg>options=${chrome_options}</arg>
<doc>Creates an instance of Selenium WebDriver.</doc>
<status status="PASS" start="2025-02-01T16:45:49.834042" elapsed="2.914267"/>
</kw>
<kw name="Set Window Size" owner="SeleniumLibrary">
<arg>1920</arg>
<arg>1080</arg>
<doc>Sets current windows size to given ``width`` and ``height``.</doc>
<status status="PASS" start="2025-02-01T16:45:52.748309" elapsed="0.004999"/>
</kw>
<kw name="Go To" owner="SeleniumLibrary">
<msg time="2025-02-01T16:45:52.754653" level="INFO">Opening url 'https://testpages.eviltester.com/styled/apps/calculator.html'</msg>
<arg>${URL}</arg>
<doc>Navigates the current browser window to the provided ``url``.</doc>
<status status="PASS" start="2025-02-01T16:45:52.754653" elapsed="2.165446"/>
</kw>
<doc>Initialize the calculator test environment</doc>
<status status="PASS" start="2025-02-01T16:45:49.830043" elapsed="5.090056"/>
</kw>
<test id="s1-t1" name="User can perform basic integer addition" line="18">
<kw name="Initialize Calculator Session" type="SETUP">
<kw name="Go To" owner="SeleniumLibrary">
<msg time="2025-02-01T16:45:54.921044" level="INFO">Opening url 'https://testpages.eviltester.com/styled/apps/calculator.html'</msg>
<arg>${CALCULATOR_URL}</arg>
<doc>Navigates the current browser window to the provided ``url``.</doc>
<status status="PASS" start="2025-02-01T16:45:54.921044" elapsed="0.561982"/>
</kw>
<kw name="Maximize Browser Window" owner="SeleniumLibrary">
<doc>Maximizes current browser window.</doc>
<status status="PASS" start="2025-02-01T16:45:55.484030" elapsed="0.029406"/>
</kw>
<kw name="Wait Until Element Is Visible" owner="SeleniumLibrary">
<arg>${CALCULATOR_DISPLAY}</arg>
<doc>Waits until the element ``locator`` is visible.</doc>
<status status="PASS" start="2025-02-01T16:45:55.513436" elapsed="0.020882"/>
</kw>
<status status="PASS" start="2025-02-01T16:45:54.920099" elapsed="0.614219"/>
</kw>
<kw name="Log" owner="BuiltIn">
<msg time="2025-02-01T16:45:55.535317" level="INFO">Starting test: Basic Integer Addition</msg>
<arg>Starting test: Basic Integer Addition</arg>
<arg>console=True</arg>
<doc>Logs the given message with the given level.</doc>
<status status="PASS" start="2025-02-01T16:45:55.534318" elapsed="0.001172"/>
</kw>
<kw name="Given Calculator is ready for input">
<kw name="Log" owner="BuiltIn">
<msg time="2025-02-01T16:45:55.535490" level="INFO">Ensuring calculator is ready for input</msg>
<arg>Ensuring calculator is ready for input</arg>
<arg>console=True</arg>
<doc>Logs the given message with the given level.</doc>
<status status="PASS" start="2025-02-01T16:45:55.535490" elapsed="0.000000"/>
</kw>
<kw name="Clear Display" owner="CalculatorPage">
<kw name="Wait Until Element Is Visible" owner="SeleniumLibrary">
<arg>${CLEAR_BTN}</arg>
<arg>${TIMEOUT}</arg>
<doc>Waits until the element ``locator`` is visible.</doc>
<status status="PASS" start="2025-02-01T16:45:55.536511" elapsed="0.015139"/>
</kw>
<kw name="Click Element" owner="SeleniumLibrary">
<msg time="2025-02-01T16:45:55.551650" level="INFO">Clicking element 'id=buttonclearentry'.</msg>
<arg>${CLEAR_BTN}</arg>
<doc>Click the element identified by ``locator``.</doc>
<status status="PASS" start="2025-02-01T16:45:55.551650" elapsed="0.049541"/>
</kw>
<kw name="Verify Display Shows" owner="CalculatorFlow">
<kw name="Log" owner="BuiltIn">
<msg time="2025-02-01T16:45:55.602191" level="INFO">Verifying display shows: </msg>
<arg>Verifying display shows: ${expected_value}</arg>
<arg>console=True</arg>
<doc>Logs the given message with the given level.</doc>
<status status="PASS" start="2025-02-01T16:45:55.601191" elapsed="0.001000"/>
</kw>
<kw name="Wait Until Display Shows" owner="CalculatorPage">
<kw name="Wait Until Keyword Succeeds" owner="BuiltIn">
<kw name="Verify Display Value" owner="CalculatorPage">
<kw name="Get Display Value" owner="CalculatorPage">
<kw name="Wait Until Element Is Visible" owner="SeleniumLibrary">
<arg>${CALCULATOR_DISPLAY}</arg>
<doc>Waits until the element ``locator`` is visible.</doc>
<status status="PASS" start="2025-02-01T16:45:55.603193" elapsed="0.012997"/>
</kw>
<kw name="Get Element Attribute" owner="SeleniumLibrary">
<msg time="2025-02-01T16:45:55.630223" level="INFO">${value} = </msg>
<var>${value}</var>
<arg>${CALCULATOR_DISPLAY}</arg>
<arg>value</arg>
<doc>Returns the value of ``attribute`` from the element ``locator``.</doc>
<status status="PASS" start="2025-02-01T16:45:55.616190" elapsed="0.014033"/>
</kw>
<kw name="Set Variable If" owner="BuiltIn">
<msg time="2025-02-01T16:45:55.630223" level="INFO">${value} = </msg>
<var>${value}</var>
<arg>'${value}' == ''</arg>
<arg>${DEFAULT_VALUE}</arg>
<arg>${value}</arg>
<doc>Sets variable based on the given condition.</doc>
<status status="PASS" start="2025-02-01T16:45:55.630223" elapsed="0.000000"/>
</kw>
<return>
<value>${value}</value>
<status status="PASS" start="2025-02-01T16:45:55.630223" elapsed="0.000000"/>
</return>
<msg time="2025-02-01T16:45:55.630223" level="INFO">${actual} = </msg>
<var>${actual}</var>
<doc>Get the current value from the calculator display</doc>
<status status="PASS" start="2025-02-01T16:45:55.603193" elapsed="0.027030"/>
</kw>
<kw name="Convert And Compare Numbers" owner="CalculatorPage">
<kw name="Run Keyword If" owner="BuiltIn">
<kw name="Set Variable" owner="BuiltIn">
<arg>0</arg>
<doc>Returns the given values which can then be assigned to a variables.</doc>
<status status="PASS" start="2025-02-01T16:45:55.631222" elapsed="0.000000"/>
</kw>
<msg time="2025-02-01T16:45:55.631222" level="INFO">${actual_num} = 0</msg>
<var>${actual_num}</var>
<arg>'${actual}' == ''</arg>
<arg>Set Variable</arg>
<arg>0</arg>
<arg>ELSE</arg>
<arg>Convert To Number</arg>
<arg>${actual}</arg>
<doc>Runs the given keyword with the given arguments, if ``condition`` is true.</doc>
<status status="PASS" start="2025-02-01T16:45:55.631222" elapsed="0.000000"/>
</kw>
<kw name="Run Keyword If" owner="BuiltIn">
<kw name="Set Variable" owner="BuiltIn">
<arg>0</arg>
<doc>Returns the given values which can then be assigned to a variables.</doc>
<status status="PASS" start="2025-02-01T16:45:55.631222" elapsed="0.000000"/>
</kw>
<msg time="2025-02-01T16:45:55.631222" level="INFO">${expected_num} = 0</msg>
<var>${expected_num}</var>
<arg>'${expected}' == ''</arg>
<arg>Set Variable</arg>
<arg>0</arg>
<arg>ELSE</arg>
<arg>Convert To Number</arg>
<arg>${expected}</arg>
<doc>Runs the given keyword with the given arguments, if ``condition`` is true.</doc>
<status status="PASS" start="2025-02-01T16:45:55.631222" elapsed="0.000000"/>
</kw>
<kw name="Should Be Equal As Numbers" owner="BuiltIn">
<arg>${actual_num}</arg>
<arg>${expected_num}</arg>
<doc>Fails if objects are unequal after converting them to real numbers.</doc>
<status status="PASS" start="2025-02-01T16:45:55.631222" elapsed="0.000000"/>
</kw>
<arg>${actual}</arg>
<arg>${expected}</arg>
<doc>Convert and compare two numbers</doc>
<status status="PASS" start="2025-02-01T16:45:55.630223" elapsed="0.000999"/>
</kw>
<arg>${expected}</arg>
<doc>Verify the calculator display shows the expected value</doc>
<status status="PASS" start="2025-02-01T16:45:55.602191" elapsed="0.029031"/>
</kw>
<arg>5s</arg>
<arg>1s</arg>
<arg>Verify Display Value</arg>
<arg>${expected}</arg>
<doc>Runs the specified keyword and retries if it fails.</doc>
<status status="PASS" start="2025-02-01T16:45:55.602191" elapsed="0.029031"/>
</kw>
<arg>${expected_value}</arg>
<doc>Wait until the calculator display shows the expected value</doc>
<status status="PASS" start="2025-02-01T16:45:55.602191" elapsed="0.029031"/>
</kw>
<arg>${DEFAULT_VALUE}</arg>
<doc>Verifies the calculator display shows expected value</doc>
<status status="PASS" start="2025-02-01T16:45:55.601191" elapsed="0.030031"/>
</kw>
<doc>Clear the calculator display</doc>
<status status="PASS" start="2025-02-01T16:45:55.535490" elapsed="0.095732"/>
</kw>
<kw name="Verify Display Shows" owner="CalculatorFlow">
<kw name="Log" owner="BuiltIn">
<msg time="2025-02-01T16:45:55.631222" level="INFO">Verifying display shows: </msg>
<arg>Verifying display shows: ${expected_value}</arg>
<arg>console=True</arg>
<doc>Logs the given message with the given level.</doc>
<status status="PASS" start="2025-02-01T16:45:55.631222" elapsed="0.001505"/>
</kw>
<kw name="Wait Until Display Shows" owner="CalculatorPage">
<kw name="Wait Until Keyword Succeeds" owner="BuiltIn">
<kw name="Verify Display Value" owner="CalculatorPage">
<kw name="Get Display Value" owner="CalculatorPage">
<kw name="Wait Until Element Is Visible" owner="SeleniumLibrary">
<arg>${CALCULATOR_DISPLAY}</arg>
<doc>Waits until the element ``locator`` is visible.</doc>
<status status="PASS" start="2025-02-01T16:45:55.633733" elapsed="0.011000"/>
</kw>
<kw name="Get Element Attribute" owner="SeleniumLibrary">
<msg time="2025-02-01T16:45:55.656732" level="INFO">${value} = </msg>
<var>${value}</var>
<arg>${CALCULATOR_DISPLAY}</arg>
<arg>value</arg>
<doc>Returns the value of ``attribute`` from the element ``locator``.</doc>
<status status="PASS" start="2025-02-01T16:45:55.645732" elapsed="0.011000"/>
</kw>
<kw name="Set Variable If" owner="BuiltIn">
<msg time="2025-02-01T16:45:55.656732" level="INFO">${value} = </msg>
<var>${value}</var>
<arg>'${value}' == ''</arg>
<arg>${DEFAULT_VALUE}</arg>
<arg>${value}</arg>
<doc>Sets variable based on the given condition.</doc>
<status status="PASS" start="2025-02-01T16:45:55.656732" elapsed="0.000000"/>
</kw>
<return>
<value>${value}</value>
<status status="PASS" start="2025-02-01T16:45:55.656732" elapsed="0.000000"/>
</return>
<msg time="2025-02-01T16:45:55.656732" level="INFO">${actual} = </msg>
<var>${actual}</var>
<doc>Get the current value from the calculator display</doc>
<status status="PASS" start="2025-02-01T16:45:55.633733" elapsed="0.022999"/>
</kw>
<kw name="Convert And Compare Numbers" owner="CalculatorPage">
<kw name="Run Keyword If" owner="BuiltIn">
<kw name="Set Variable" owner="BuiltIn">
<arg>0</arg>
<doc>Returns the given values which can then be assigned to a variables.</doc>
<status status="PASS" start="2025-02-01T16:45:55.657734" elapsed="0.000000"/>
</kw>
<msg time="2025-02-01T16:45:55.657734" level="INFO">${actual_num} = 0</msg>
<var>${actual_num}</var>
<arg>'${actual}' == ''</arg>
<arg>Set Variable</arg>
<arg>0</arg>
<arg>ELSE</arg>
<arg>Convert To Number</arg>
<arg>${actual}</arg>
<doc>Runs the given keyword with the given arguments, if ``condition`` is true.</doc>
<status status="PASS" start="2025-02-01T16:45:55.657734" elapsed="0.000000"/>
</kw>
<kw name="Run Keyword If" owner="BuiltIn">
<kw name="Set Variable" owner="BuiltIn">
<arg>0</arg>
<doc>Returns the given values which can then be assigned to a variables.</doc>
<status status="PASS" start="2025-02-01T16:45:55.657734" elapsed="0.000000"/>
</kw>
<msg time="2025-02-01T16:45:55.658733" level="INFO">${expected_num} = 0</msg>
<var>${expected_num}</var>
<arg>'${expected}' == ''</arg>
<arg>Set Variable</arg>
<arg>0</arg>
<arg>ELSE</arg>
<arg>Convert To Number</arg>
<arg>${expected}</arg>
<doc>Runs the given keyword with the given arguments, if ``condition`` is true.</doc>
<status status="PASS" start="2025-02-01T16:45:55.657734" elapsed="0.000999"/>
</kw>
<kw name="Should Be Equal As Numbers" owner="BuiltIn">
<arg>${actual_num}</arg>
<arg>${expected_num}</arg>
<doc>Fails if objects are unequal after converting them to real numbers.</doc>
<status status="PASS" start="2025-02-01T16:45:55.658733" elapsed="0.000000"/>
</kw>
<arg>${actual}</arg>
<arg>${expected}</arg>
<doc>Convert and compare two numbers</doc>
<status status="PASS" start="2025-02-01T16:45:55.656732" elapsed="0.002001"/>
</kw>
<arg>${expected}</arg>
<doc>Verify the calculator display shows the expected value</doc>
<status status="PASS" start="2025-02-01T16:45:55.632727" elapsed="0.026006"/>
</kw>
<arg>5s</arg>
<arg>1s</arg>
<arg>Verify Display Value</arg>
<arg>${expected}</arg>
<doc>Runs the specified keyword and retries if it fails.</doc>
<status status="PASS" start="2025-02-01T16:45:55.632727" elapsed="0.026006"/>
</kw>
<arg>${expected_value}</arg>
<doc>Wait until the calculator display shows the expected value</doc>
<status status="PASS" start="2025-02-01T16:45:55.632727" elapsed="0.026006"/>
</kw>
<arg>${DEFAULT_VALUE}</arg>
<doc>Verifies the calculator display shows expected value</doc>
<status status="PASS" start="2025-02-01T16:45:55.631222" elapsed="0.027511"/>
</kw>
<status status="PASS" start="2025-02-01T16:45:55.535490" elapsed="0.123243"/>
</kw>
<kw name="When User generates test data for basic operation">
<kw name="Log" owner="BuiltIn">
<msg time="2025-02-01T16:45:55.659757" level="INFO">Generating test data for basic operation (min=1, max=100, decimals=False)</msg>
<arg>Generating test data for basic operation (min=${min}, max=${max}, decimals=${use_decimals})</arg>
<arg>console=True</arg>
<doc>Logs the given message with the given level.</doc>
<status status="PASS" start="2025-02-01T16:45:55.658733" elapsed="0.001024"/>
</kw>
<kw name="Generate Basic Operation Data" owner="CalculatorData">
<kw name="Generate Numbers" owner="calculator_data_generator">
<msg time="2025-02-01T16:45:55.659757" level="INFO">${data} = {'num1': '91', 'num2': '73', 'expected_addition': '164', 'expected_multiplication': '6643'}</msg>
<var>${data}</var>
<arg>${min_val}</arg>
<arg>${max_val}</arg>
<arg>${use_decimal}</arg>
<doc>Generate two random numbers and their expected results</doc>
<status status="PASS" start="2025-02-01T16:45:55.659757" elapsed="0.000000"/>
</kw>
<return>
<value>${data}</value>
<status status="PASS" start="2025-02-01T16:45:55.659757" elapsed="0.000000"/>
</return>
<msg time="2025-02-01T16:45:55.660756" level="INFO">${test_data} = {'num1': '91', 'num2': '73', 'expected_addition': '164', 'expected_multiplication': '6643'}</msg>
<var>${test_data}</var>
<arg>${min}</arg>
<arg>${max}</arg>
<arg>${use_decimals}</arg>
<status status="PASS" start="2025-02-01T16:45:55.659757" elapsed="0.000999"/>
</kw>
<kw name="Set Test Variable" owner="BuiltIn">
<msg time="2025-02-01T16:45:55.660756" level="INFO">${TEST_DATA} = {'num1': '91', 'num2': '73', 'expected_addition': '164', 'expected_multiplication': '6643'}</msg>
<arg>${TEST_DATA}</arg>
<arg>${test_data}</arg>
<doc>Makes a variable available everywhere within the scope of the current test.</doc>
<status status="PASS" start="2025-02-01T16:45:55.660756" elapsed="0.000000"/>
</kw>
<kw name="Log" owner="BuiltIn">
<msg time="2025-02-01T16:45:55.660756" level="INFO">Generated test data: {'num1': '91', 'num2': '73', 'expected_addition': '164', 'expected_multiplication': '6643'}</msg>
<arg>Generated test data: ${test_data}</arg>
<arg>console=True</arg>
<doc>Logs the given message with the given level.</doc>
<status status="PASS" start="2025-02-01T16:45:55.660756" elapsed="0.000000"/>
</kw>
<arg>min=1</arg>
<arg>max=100</arg>
<arg>use_decimals=${FALSE}</arg>
<status status="PASS" start="2025-02-01T16:45:55.658733" elapsed="0.002023"/>
</kw>
<kw name="And User performs addition operation with generated numbers">
<kw name="Log" owner="BuiltIn">
<msg time="2025-02-01T16:45:55.661733" level="INFO">Performing addition operation with numbers: 91 + 73</msg>
<arg>Performing addition operation with numbers: ${TEST_DATA}[num1] + ${TEST_DATA}[num2]</arg>
<arg>console=True</arg>
<doc>Logs the given message with the given level.</doc>
<status status="PASS" start="2025-02-01T16:45:55.661733" elapsed="0.000000"/>
</kw>
<kw name="Perform Addition Operation" owner="CalculatorFlow">
<kw name="Log" owner="BuiltIn">
<msg time="2025-02-01T16:45:55.661733" level="INFO">Performing addition: 91 + 73</msg>
<arg>Performing addition: ${first_number} + ${second_number}</arg>
<arg>console=True</arg>
<doc>Logs the given message with the given level.</doc>
<status status="PASS" start="2025-02-01T16:45:55.661733" elapsed="0.000000"/>
</kw>
<kw name="Enter Number" owner="CalculatorFlow">
<kw name="Log" owner="BuiltIn">
<msg time="2025-02-01T16:45:55.662733" level="INFO">Entering number: 91</msg>
<arg>Entering number: ${number}</arg>
<arg>console=True</arg>
<doc>Logs the given message with the given level.</doc>
<status status="PASS" start="2025-02-01T16:45:55.662733" elapsed="0.000000"/>
</kw>
<kw name="Convert To String" owner="BuiltIn">
<msg time="2025-02-01T16:45:55.662733" level="INFO">${digits} = 91</msg>
<var>${digits}</var>
<arg>${number}</arg>
<doc>Converts the given item to a Unicode string.</doc>
<status status="PASS" start="2025-02-01T16:45:55.662733" elapsed="0.000000"/>
</kw>
<kw name="Split String To Characters" owner="String">
<msg time="2025-02-01T16:45:55.663734" level="INFO">@{chars} = [ 9 | 1 ]</msg>
<var>@{chars}</var>
<arg>${digits}</arg>
<doc>Splits the given ``string`` to characters.</doc>
<status status="PASS" start="2025-02-01T16:45:55.662733" elapsed="0.001001"/>
</kw>
<for flavor="IN">
<iter>
<kw name="Run Keyword If" owner="BuiltIn">
<kw name="Click Number" owner="CalculatorPage">
<kw name="Get From Dictionary" owner="Collections">
<msg time="2025-02-01T16:45:55.663734" level="INFO">${button_id} = button09</msg>
<var>${button_id}</var>
<arg>${NUMBER_BUTTONS}</arg>
<arg>${number}</arg>
<doc>Returns a value from the given ``dictionary`` based on the given ``key``.</doc>
<status status="PASS" start="2025-02-01T16:45:55.663734" elapsed="0.000000"/>
</kw>
<kw name="Wait And Click Element" owner="CalculatorPage">
<kw name="Wait Until Element Is Visible" owner="SeleniumLibrary">
<arg>${locator}</arg>
<doc>Waits until the element ``locator`` is visible.</doc>
<status status="PASS" start="2025-02-01T16:45:55.664734" elapsed="0.011740"/>
</kw>
<kw name="Click Element" owner="SeleniumLibrary">
<msg time="2025-02-01T16:45:55.677476" level="INFO">Clicking element 'id=button09'.</msg>
<arg>${locator}</arg>
<doc>Click the element identified by ``locator``.</doc>
<status status="PASS" start="2025-02-01T16:45:55.677476" elapsed="0.034344"/>
</kw>
<arg>id=${button_id}</arg>
<doc>Wait for element to be visible and click it</doc>
<status status="PASS" start="2025-02-01T16:45:55.663734" elapsed="0.048086"/>
</kw>
<arg>${char}</arg>
<doc>Click a number button on the calculator</doc>
<status status="PASS" start="2025-02-01T16:45:55.663734" elapsed="0.048086"/>
</kw>
<arg>'${char}' == '.'</arg>
<arg>Click Decimal Point</arg>
<arg>ELSE</arg>
<arg>Click Number</arg>
<arg>${char}</arg>
<doc>Runs the given keyword with the given arguments, if ``condition`` is true.</doc>
<status status="PASS" start="2025-02-01T16:45:55.663734" elapsed="0.048086"/>
</kw>
<var name="${char}">9</var>
<status status="PASS" start="2025-02-01T16:45:55.663734" elapsed="0.048086"/>
</iter>
<iter>
<kw name="Run Keyword If" owner="BuiltIn">
<kw name="Click Number" owner="CalculatorPage">
<kw name="Get From Dictionary" owner="Collections">
<msg time="2025-02-01T16:45:55.712828" level="INFO">${button_id} = button01</msg>
<var>${button_id}</var>
<arg>${NUMBER_BUTTONS}</arg>
<arg>${number}</arg>
<doc>Returns a value from the given ``dictionary`` based on the given ``key``.</doc>
<status status="PASS" start="2025-02-01T16:45:55.712828" elapsed="0.000000"/>
</kw>
<kw name="Wait And Click Element" owner="CalculatorPage">
<kw name="Wait Until Element Is Visible" owner="SeleniumLibrary">
<arg>${locator}</arg>
<doc>Waits until the element ``locator`` is visible.</doc>
<status status="PASS" start="2025-02-01T16:45:55.712828" elapsed="0.012064"/>
</kw>
<kw name="Click Element" owner="SeleniumLibrary">
<msg time="2025-02-01T16:45:55.724892" level="INFO">Clicking element 'id=button01'.</msg>
<arg>${locator}</arg>
<doc>Click the element identified by ``locator``.</doc>
<status status="PASS" start="2025-02-01T16:45:55.724892" elapsed="0.031396"/>
</kw>
<arg>id=${button_id}</arg>
<doc>Wait for element to be visible and click it</doc>
<status status="PASS" start="2025-02-01T16:45:55.712828" elapsed="0.043460"/>
</kw>
<arg>${char}</arg>
<doc>Click a number button on the calculator</doc>
<status status="PASS" start="2025-02-01T16:45:55.712828" elapsed="0.043460"/>
</kw>
<arg>'${char}' == '.'</arg>
<arg>Click Decimal Point</arg>
<arg>ELSE</arg>
<arg>Click Number</arg>
<arg>${char}</arg>
<doc>Runs the given keyword with the given arguments, if ``condition`` is true.</doc>
<status status="PASS" start="2025-02-01T16:45:55.711820" elapsed="0.044468"/>
</kw>
<var name="${char}">1</var>
<status status="PASS" start="2025-02-01T16:45:55.711820" elapsed="0.044468"/>
</iter>
<var>${char}</var>
<value>@{chars}</value>
<status status="PASS" start="2025-02-01T16:45:55.663734" elapsed="0.093575"/>
</for>
<kw name="Sleep" owner="BuiltIn">
<msg time="2025-02-01T16:45:55.957843" level="INFO">Slept 200 milliseconds.</msg>
<arg>0.2s</arg>
<doc>Pauses the test executed for the given time.</doc>
<status status="PASS" start="2025-02-01T16:45:55.757309" elapsed="0.200534"/>
</kw>
<arg>${first_number}</arg>
<doc>Enters a number into the calculator</doc>
<status status="PASS" start="2025-02-01T16:45:55.661733" elapsed="0.296110"/>
</kw>
<kw name="Press Addition Operator" owner="CalculatorFlow">
<kw name="Log" owner="BuiltIn">
<msg time="2025-02-01T16:45:55.958856" level="INFO">Pressing addition operator</msg>
<arg>Pressing addition operator</arg>
<arg>console=True</arg>
<doc>Logs the given message with the given level.</doc>
<status status="PASS" start="2025-02-01T16:45:55.958856" elapsed="0.000000"/>
</kw>
<kw name="Click Plus" owner="CalculatorPage">
<kw name="Wait And Click Element" owner="CalculatorPage">
<kw name="Wait Until Element Is Visible" owner="SeleniumLibrary">
<arg>${locator}</arg>
<doc>Waits until the element ``locator`` is visible.</doc>
<status status="PASS" start="2025-02-01T16:45:55.959856" elapsed="0.021003"/>
</kw>
<kw name="Click Element" owner="SeleniumLibrary">
<msg time="2025-02-01T16:45:55.980859" level="INFO">Clicking element 'id=buttonplus'.</msg>
<arg>${locator}</arg>
<doc>Click the element identified by ``locator``.</doc>
<status status="PASS" start="2025-02-01T16:45:55.980859" elapsed="0.037027"/>
</kw>
<arg>${PLUS_BTN}</arg>
<doc>Wait for element to be visible and click it</doc>
<status status="PASS" start="2025-02-01T16:45:55.959856" elapsed="0.058030"/>
</kw>
<doc>Click the plus button</doc>
<status status="PASS" start="2025-02-01T16:45:55.959856" elapsed="0.058030"/>
</kw>
<doc>Clicks the addition operator</doc>
<status status="PASS" start="2025-02-01T16:45:55.957843" elapsed="0.060043"/>
</kw>
<kw name="Enter Number" owner="CalculatorFlow">
<kw name="Log" owner="BuiltIn">
<msg time="2025-02-01T16:45:56.017886" level="INFO">Entering number: 73</msg>
<arg>Entering number: ${number}</arg>
<arg>console=True</arg>
<doc>Logs the given message with the given level.</doc>
<status status="PASS" start="2025-02-01T16:45:56.017886" elapsed="0.001031"/>
</kw>
<kw name="Convert To String" owner="BuiltIn">
<msg time="2025-02-01T16:45:56.018917" level="INFO">${digits} = 73</msg>
<var>${digits}</var>
<arg>${number}</arg>
<doc>Converts the given item to a Unicode string.</doc>
<status status="PASS" start="2025-02-01T16:45:56.018917" elapsed="0.000000"/>
</kw>
<kw name="Split String To Characters" owner="String">
<msg time="2025-02-01T16:45:56.018917" level="INFO">@{chars} = [ 7 | 3 ]</msg>
<var>@{chars}</var>
<arg>${digits}</arg>
<doc>Splits the given ``string`` to characters.</doc>
<status status="PASS" start="2025-02-01T16:45:56.018917" elapsed="0.000000"/>
</kw>
<for flavor="IN">
<iter>
<kw name="Run Keyword If" owner="BuiltIn">
<kw name="Click Number" owner="CalculatorPage">
<kw name="Get From Dictionary" owner="Collections">
<msg time="2025-02-01T16:45:56.019929" level="INFO">${button_id} = button07</msg>
<var>${button_id}</var>
<arg>${NUMBER_BUTTONS}</arg>
<arg>${number}</arg>
<doc>Returns a value from the given ``dictionary`` based on the given ``key``.</doc>
<status status="PASS" start="2025-02-01T16:45:56.019929" elapsed="0.000000"/>
</kw>
<kw name="Wait And Click Element" owner="CalculatorPage">
<kw name="Wait Until Element Is Visible" owner="SeleniumLibrary">
<arg>${locator}</arg>
<doc>Waits until the element ``locator`` is visible.</doc>
<status status="PASS" start="2025-02-01T16:45:56.019929" elapsed="0.011964"/>
</kw>
<kw name="Click Element" owner="SeleniumLibrary">
<msg time="2025-02-01T16:45:56.031893" level="INFO">Clicking element 'id=button07'.</msg>
<arg>${locator}</arg>
<doc>Click the element identified by ``locator``.</doc>
<status status="PASS" start="2025-02-01T16:45:56.031893" elapsed="0.035672"/>
</kw>
<arg>id=${button_id}</arg>
<doc>Wait for element to be visible and click it</doc>
<status status="PASS" start="2025-02-01T16:45:56.019929" elapsed="0.047636"/>
</kw>
<arg>${char}</arg>
<doc>Click a number button on the calculator</doc>
<status status="PASS" start="2025-02-01T16:45:56.019929" elapsed="0.047636"/>
</kw>
<arg>'${char}' == '.'</arg>
<arg>Click Decimal Point</arg>
<arg>ELSE</arg>
<arg>Click Number</arg>
<arg>${char}</arg>
<doc>Runs the given keyword with the given arguments, if ``condition`` is true.</doc>
<status status="PASS" start="2025-02-01T16:45:56.018917" elapsed="0.048648"/>
</kw>
<var name="${char}">7</var>
<status status="PASS" start="2025-02-01T16:45:56.018917" elapsed="0.048648"/>
</iter>
<iter>
<kw name="Run Keyword If" owner="BuiltIn">
<kw name="Click Number" owner="CalculatorPage">
<kw name="Get From Dictionary" owner="Collections">
<msg time="2025-02-01T16:45:56.068590" level="INFO">${button_id} = button03</msg>
<var>${button_id}</var>
<arg>${NUMBER_BUTTONS}</arg>
<arg>${number}</arg>
<doc>Returns a value from the given ``dictionary`` based on the given ``key``.</doc>
<status status="PASS" start="2025-02-01T16:45:56.068590" elapsed="0.000000"/>
</kw>
<kw name="Wait And Click Element" owner="CalculatorPage">
<kw name="Wait Until Element Is Visible" owner="SeleniumLibrary">
<arg>${locator}</arg>
<doc>Waits until the element ``locator`` is visible.</doc>
<status status="PASS" start="2025-02-01T16:45:56.069581" elapsed="0.010982"/>
</kw>
<kw name="Click Element" owner="SeleniumLibrary">
<msg time="2025-02-01T16:45:56.081563" level="INFO">Clicking element 'id=button03'.</msg>
<arg>${locator}</arg>
<doc>Click the element identified by ``locator``.</doc>
<status status="PASS" start="2025-02-01T16:45:56.080563" elapsed="0.036731"/>
</kw>
<arg>id=${button_id}</arg>
<doc>Wait for element to be visible and click it</doc>
<status status="PASS" start="2025-02-01T16:45:56.068590" elapsed="0.048704"/>
</kw>
<arg>${char}</arg>
<doc>Click a number button on the calculator</doc>
<status status="PASS" start="2025-02-01T16:45:56.068590" elapsed="0.048704"/>
</kw>
<arg>'${char}' == '.'</arg>
<arg>Click Decimal Point</arg>
<arg>ELSE</arg>
<arg>Click Number</arg>
<arg>${char}</arg>
<doc>Runs the given keyword with the given arguments, if ``condition`` is true.</doc>
<status status="PASS" start="2025-02-01T16:45:56.068590" elapsed="0.048704"/>
</kw>
<var name="${char}">3</var>
<status status="PASS" start="2025-02-01T16:45:56.068590" elapsed="0.048704"/>
</iter>
<var>${char}</var>
<value>@{chars}</value>
<status status="PASS" start="2025-02-01T16:45:56.018917" elapsed="0.098377"/>
</for>
<kw name="Sleep" owner="BuiltIn">
<msg time="2025-02-01T16:45:56.317624" level="INFO">Slept 200 milliseconds.</msg>
<arg>0.2s</arg>
<doc>Pauses the test executed for the given time.</doc>
<status status="PASS" start="2025-02-01T16:45:56.117294" elapsed="0.200330"/>
</kw>
<arg>${second_number}</arg>
<doc>Enters a number into the calculator</doc>
<status status="PASS" start="2025-02-01T16:45:56.017886" elapsed="0.299738"/>
</kw>
<kw name="Press Equals" owner="CalculatorFlow">
<kw name="Log" owner="BuiltIn">
<msg time="2025-02-01T16:45:56.318644" level="INFO">Pressing equals button</msg>
<arg>Pressing equals button</arg>
<arg>console=True</arg>
<doc>Logs the given message with the given level.</doc>
<status status="PASS" start="2025-02-01T16:45:56.318644" elapsed="0.000000"/>
</kw>
<kw name="Click Equals" owner="CalculatorPage">
<kw name="Wait And Click Element" owner="CalculatorPage">
<kw name="Wait Until Element Is Visible" owner="SeleniumLibrary">
<arg>${locator}</arg>
<doc>Waits until the element ``locator`` is visible.</doc>
<status status="PASS" start="2025-02-01T16:45:56.320072" elapsed="0.014884"/>
</kw>
<kw name="Click Element" owner="SeleniumLibrary">
<msg time="2025-02-01T16:45:56.334956" level="INFO">Clicking element 'id=buttonequals'.</msg>
<arg>${locator}</arg>
<doc>Click the element identified by ``locator``.</doc>
<status status="PASS" start="2025-02-01T16:45:56.334956" elapsed="0.035828"/>
</kw>
<arg>${CALCULATOR_EQUALS}</arg>
<doc>Wait for element to be visible and click it</doc>
<status status="PASS" start="2025-02-01T16:45:56.318644" elapsed="0.052140"/>
</kw>
<doc>Click the equals button</doc>
<status status="PASS" start="2025-02-01T16:45:56.318644" elapsed="0.052140"/>
</kw>
<kw name="Sleep" owner="BuiltIn">
<msg time="2025-02-01T16:45:56.871175" level="INFO">Slept 500 milliseconds.</msg>
<arg>0.5s</arg>
<doc>Pauses the test executed for the given time.</doc>
<status status="PASS" start="2025-02-01T16:45:56.370784" elapsed="0.500391"/>
</kw>
<kw name="Get Display Value" owner="CalculatorPage">
<kw name="Wait Until Element Is Visible" owner="SeleniumLibrary">
<arg>${CALCULATOR_DISPLAY}</arg>
<doc>Waits until the element ``locator`` is visible.</doc>
<status status="PASS" start="2025-02-01T16:45:56.872301" elapsed="0.023478"/>
</kw>
<kw name="Get Element Attribute" owner="SeleniumLibrary">
<msg time="2025-02-01T16:45:56.903806" level="INFO">${value} = 164</msg>
<var>${value}</var>
<arg>${CALCULATOR_DISPLAY}</arg>
<arg>value</arg>
<doc>Returns the value of ``attribute`` from the element ``locator``.</doc>
<status status="PASS" start="2025-02-01T16:45:56.895779" elapsed="0.009005"/>
</kw>
<kw name="Set Variable If" owner="BuiltIn">
<msg time="2025-02-01T16:45:56.904784" level="INFO">${value} = 164</msg>
<var>${value}</var>
<arg>'${value}' == ''</arg>
<arg>${DEFAULT_VALUE}</arg>
<arg>${value}</arg>
<doc>Sets variable based on the given condition.</doc>
<status status="PASS" start="2025-02-01T16:45:56.904784" elapsed="0.000000"/>
</kw>
<return>
<value>${value}</value>
<status status="PASS" start="2025-02-01T16:45:56.904784" elapsed="0.000000"/>
</return>
<msg time="2025-02-01T16:45:56.904784" level="INFO">${result} = 164</msg>
<var>${result}</var>
<doc>Get the current value from the calculator display</doc>
<status status="PASS" start="2025-02-01T16:45:56.872301" elapsed="0.032483"/>
</kw>
<kw name="Log" owner="BuiltIn">
<msg time="2025-02-01T16:45:56.904784" level="INFO">Result obtained: 164</msg>
<arg>Result obtained: ${result}</arg>
<arg>console=True</arg>
<doc>Logs the given message with the given level.</doc>
<status status="PASS" start="2025-02-01T16:45:56.904784" elapsed="0.000999"/>
</kw>
<return>
<value>${result}</value>
<status status="PASS" start="2025-02-01T16:45:56.905783" elapsed="0.000000"/>
</return>
<msg time="2025-02-01T16:45:56.905783" level="INFO">${result} = 164</msg>
<var>${result}</var>
<doc>Clicks the equals button and returns result</doc>
<status status="PASS" start="2025-02-01T16:45:56.317624" elapsed="0.588159"/>
</kw>
<kw name="Log" owner="BuiltIn">
<msg time="2025-02-01T16:45:56.905783" level="INFO">Addition result: 164</msg>
<arg>Addition result: ${result}</arg>
<arg>console=True</arg>
<doc>Logs the given message with the given level.</doc>
<status status="PASS" start="2025-02-01T16:45:56.905783" elapsed="0.000000"/>
</kw>
<return>
<value>${result}</value>
<status status="PASS" start="2025-02-01T16:45:56.905783" elapsed="0.000000"/>
</return>
<msg time="2025-02-01T16:45:56.905783" level="INFO">${result} = 164</msg>
<var>${result}</var>
<arg>${TEST_DATA}[num1]</arg>
<arg>${TEST_DATA}[num2]</arg>
<doc>Performs addition operation and returns result</doc>
<status status="PASS" start="2025-02-01T16:45:55.661733" elapsed="1.244050"/>
</kw>
<kw name="Set Test Variable" owner="BuiltIn">
<msg time="2025-02-01T16:45:56.906784" level="INFO">${ACTUAL_RESULT} = 164</msg>
<arg>${ACTUAL_RESULT}</arg>
<arg>${result}</arg>
<doc>Makes a variable available everywhere within the scope of the current test.</doc>
<status status="PASS" start="2025-02-01T16:45:56.905783" elapsed="0.001001"/>
</kw>
<kw name="Log" owner="BuiltIn">
<msg time="2025-02-01T16:45:56.906784" level="INFO">Addition operation result: 164</msg>
<arg>Addition operation result: ${result}</arg>
<arg>console=True</arg>
<doc>Logs the given message with the given level.</doc>
<status status="PASS" start="2025-02-01T16:45:56.906784" elapsed="0.000000"/>
</kw>
<status status="PASS" start="2025-02-01T16:45:55.660756" elapsed="1.246028"/>
</kw>
<kw name="Then Result should match expected addition value">
<kw name="Log" owner="BuiltIn">
<msg time="2025-02-01T16:45:56.907783" level="INFO">Verifying addition result</msg>
<arg>Verifying addition result</arg>
<arg>console=True</arg>
<doc>Logs the given message with the given level.</doc>
<status status="PASS" start="2025-02-01T16:45:56.907783" elapsed="0.000278"/>
</kw>
<kw name="Verify Calculation Result" owner="CalculatorFlow">
<kw name="Log" owner="BuiltIn">
<msg time="2025-02-01T16:45:56.908061" level="INFO">Verifying calculation result matches: 164</msg>
<arg>Verifying calculation result matches: ${expected_result}</arg>
<arg>console=True</arg>
<doc>Logs the given message with the given level.</doc>
<status status="PASS" start="2025-02-01T16:45:56.908061" elapsed="0.000526"/>
</kw>
<kw name="Get Display Value" owner="CalculatorPage">
<kw name="Wait Until Element Is Visible" owner="SeleniumLibrary">
<arg>${CALCULATOR_DISPLAY}</arg>
<doc>Waits until the element ``locator`` is visible.</doc>
<status status="PASS" start="2025-02-01T16:45:56.908587" elapsed="0.008684"/>
</kw>
<kw name="Get Element Attribute" owner="SeleniumLibrary">
<msg time="2025-02-01T16:45:56.927274" level="INFO">${value} = 164</msg>
<var>${value}</var>
<arg>${CALCULATOR_DISPLAY}</arg>
<arg>value</arg>
<doc>Returns the value of ``attribute`` from the element ``locator``.</doc>
<status status="PASS" start="2025-02-01T16:45:56.917271" elapsed="0.010003"/>
</kw>
<kw name="Set Variable If" owner="BuiltIn">
<msg time="2025-02-01T16:45:56.928276" level="INFO">${value} = 164</msg>
<var>${value}</var>
<arg>'${value}' == ''</arg>
<arg>${DEFAULT_VALUE}</arg>
<arg>${value}</arg>
<doc>Sets variable based on the given condition.</doc>
<status status="PASS" start="2025-02-01T16:45:56.927274" elapsed="0.001002"/>
</kw>
<return>
<value>${value}</value>
<status status="PASS" start="2025-02-01T16:45:56.928276" elapsed="0.000000"/>
</return>
<msg time="2025-02-01T16:45:56.928276" level="INFO">${actual_result} = 164</msg>
<var>${actual_result}</var>
<doc>Get the current value from the calculator display</doc>
<status status="PASS" start="2025-02-01T16:45:56.908587" elapsed="0.019689"/>
</kw>
<kw name="Should Be Equal As Numbers" owner="BuiltIn">
<arg>${actual_result}</arg>
<arg>${expected_result}</arg>
<doc>Fails if objects are unequal after converting them to real numbers.</doc>
<status status="PASS" start="2025-02-01T16:45:56.928276" elapsed="0.000000"/>
</kw>
<kw name="Log" owner="BuiltIn">
<msg time="2025-02-01T16:45:56.928276" level="INFO">Verification passed: 164 equals 164</msg>
<arg>Verification passed: ${actual_result} equals ${expected_result}</arg>
<arg>console=True</arg>
<doc>Logs the given message with the given level.</doc>
<status status="PASS" start="2025-02-01T16:45:56.928276" elapsed="0.000000"/>
</kw>
<arg>${TEST_DATA}[expected_addition]</arg>
<doc>Verifies the calculation result matches expected value</doc>
<status status="PASS" start="2025-02-01T16:45:56.908061" elapsed="0.021213"/>
</kw>
<status status="PASS" start="2025-02-01T16:45:56.907783" elapsed="0.021491"/>
</kw>
<kw name="Cleanup Calculator Session" type="TEARDOWN">
<kw name="Run Keyword If Test Failed" owner="BuiltIn">
<arg>Capture Page Screenshot</arg>
<doc>Runs the given keyword with the given arguments, if the test failed.</doc>
<status status="PASS" start="2025-02-01T16:45:56.929274" elapsed="0.000000"/>
</kw>
<kw name="Go To" owner="SeleniumLibrary">
<msg time="2025-02-01T16:45:56.929274" level="INFO">Opening url 'about:blank'</msg>
<arg>about:blank</arg>
<doc>Navigates the current browser window to the provided ``url``.</doc>
<status status="PASS" start="2025-02-01T16:45:56.929274" elapsed="0.101144"/>
</kw>
<status status="PASS" start="2025-02-01T16:45:56.929274" elapsed="0.101144"/>
</kw>
<doc>Verify that calculator can perform basic addition with integers</doc>
<tag>addition</tag>
<tag>integer</tag>
<tag>smoke</tag>
<status status="PASS" start="2025-02-01T16:45:54.920099" elapsed="2.110319"/>
</test>
<test id="s1-t2" name="User can perform basic integer multiplication" line="27">
<kw name="Initialize Calculator Session" type="SETUP">
<kw name="Go To" owner="SeleniumLibrary">
<msg time="2025-02-01T16:45:57.032446" level="INFO">Opening url 'https://testpages.eviltester.com/styled/apps/calculator.html'</msg>
<arg>${CALCULATOR_URL}</arg>
<doc>Navigates the current browser window to the provided ``url``.</doc>
<status status="PASS" start="2025-02-01T16:45:57.032446" elapsed="0.583499"/>
</kw>
<kw name="Maximize Browser Window" owner="SeleniumLibrary">
<doc>Maximizes current browser window.</doc>
<status status="PASS" start="2025-02-01T16:45:57.615945" elapsed="0.001999"/>
</kw>
<kw name="Wait Until Element Is Visible" owner="SeleniumLibrary">
<arg>${CALCULATOR_DISPLAY}</arg>
<doc>Waits until the element ``locator`` is visible.</doc>
<status status="PASS" start="2025-02-01T16:45:57.618944" elapsed="0.020926"/>
</kw>
<status status="PASS" start="2025-02-01T16:45:57.032446" elapsed="0.607424"/>
</kw>
<kw name="Log" owner="BuiltIn">
<msg time="2025-02-01T16:45:57.640979" level="INFO">Starting test: Basic Integer Multiplication</msg>
<arg>Starting test: Basic Integer Multiplication</arg>
<arg>console=True</arg>
<doc>Logs the given message with the given level.</doc>
<status status="PASS" start="2025-02-01T16:45:57.640979" elapsed="0.000000"/>
</kw>
<kw name="Given Calculator is ready for input">
<kw name="Log" owner="BuiltIn">
<msg time="2025-02-01T16:45:57.641878" level="INFO">Ensuring calculator is ready for input</msg>
<arg>Ensuring calculator is ready for input</arg>
<arg>console=True</arg>
<doc>Logs the given message with the given level.</doc>
<status status="PASS" start="2025-02-01T16:45:57.641878" elapsed="0.000367"/>
</kw>
<kw name="Clear Display" owner="CalculatorPage">
<kw name="Wait Until Element Is Visible" owner="SeleniumLibrary">
<arg>${CLEAR_BTN}</arg>
<arg>${TIMEOUT}</arg>
<doc>Waits until the element ``locator`` is visible.</doc>
<status status="PASS" start="2025-02-01T16:45:57.642245" elapsed="0.017975"/>
</kw>
<kw name="Click Element" owner="SeleniumLibrary">
<msg time="2025-02-01T16:45:57.660220" level="INFO">Clicking element 'id=buttonclearentry'.</msg>
<arg>${CLEAR_BTN}</arg>
<doc>Click the element identified by ``locator``.</doc>
<status status="PASS" start="2025-02-01T16:45:57.660220" elapsed="0.042261"/>
</kw>
<kw name="Verify Display Shows" owner="CalculatorFlow">
<kw name="Log" owner="BuiltIn">
<msg time="2025-02-01T16:45:57.702481" level="INFO">Verifying display shows: </msg>
<arg>Verifying display shows: ${expected_value}</arg>
<arg>console=True</arg>
<doc>Logs the given message with the given level.</doc>
<status status="PASS" start="2025-02-01T16:45:57.702481" elapsed="0.001053"/>
</kw>
<kw name="Wait Until Display Shows" owner="CalculatorPage">
<kw name="Wait Until Keyword Succeeds" owner="BuiltIn">
<kw name="Verify Display Value" owner="CalculatorPage">
<kw name="Get Display Value" owner="CalculatorPage">
<kw name="Wait Until Element Is Visible" owner="SeleniumLibrary">
<arg>${CALCULATOR_DISPLAY}</arg>
<doc>Waits until the element ``locator`` is visible.</doc>
<status status="PASS" start="2025-02-01T16:45:57.704481" elapsed="0.011090"/>
</kw>
<kw name="Get Element Attribute" owner="SeleniumLibrary">
<msg time="2025-02-01T16:45:57.727689" level="INFO">${value} = </msg>
<var>${value}</var>
<arg>${CALCULATOR_DISPLAY}</arg>
<arg>value</arg>
<doc>Returns the value of ``attribute`` from the element ``locator``.</doc>
<status status="PASS" start="2025-02-01T16:45:57.715571" elapsed="0.012118"/>
</kw>
<kw name="Set Variable If" owner="BuiltIn">
<msg time="2025-02-01T16:45:57.728675" level="INFO">${value} = </msg>
<var>${value}</var>
<arg>'${value}' == ''</arg>
<arg>${DEFAULT_VALUE}</arg>
<arg>${value}</arg>
<doc>Sets variable based on the given condition.</doc>
<status status="PASS" start="2025-02-01T16:45:57.727689" elapsed="0.000986"/>
</kw>
<return>
<value>${value}</value>
<status status="PASS" start="2025-02-01T16:45:57.728675" elapsed="0.000000"/>
</return>
<msg time="2025-02-01T16:45:57.728675" level="INFO">${actual} = </msg>
<var>${actual}</var>
<doc>Get the current value from the calculator display</doc>
<status status="PASS" start="2025-02-01T16:45:57.703534" elapsed="0.025141"/>
</kw>
<kw name="Convert And Compare Numbers" owner="CalculatorPage">
<kw name="Run Keyword If" owner="BuiltIn">
<kw name="Set Variable" owner="BuiltIn">
<arg>0</arg>
<doc>Returns the given values which can then be assigned to a variables.</doc>
<status status="PASS" start="2025-02-01T16:45:57.728675" elapsed="0.000000"/>
</kw>
<msg time="2025-02-01T16:45:57.728675" level="INFO">${actual_num} = 0</msg>
<var>${actual_num}</var>
<arg>'${actual}' == ''</arg>
<arg>Set Variable</arg>
<arg>0</arg>
<arg>ELSE</arg>
<arg>Convert To Number</arg>
<arg>${actual}</arg>
<doc>Runs the given keyword with the given arguments, if ``condition`` is true.</doc>
<status status="PASS" start="2025-02-01T16:45:57.728675" elapsed="0.000000"/>
</kw>
<kw name="Run Keyword If" owner="BuiltIn">
<kw name="Set Variable" owner="BuiltIn">
<arg>0</arg>
<doc>Returns the given values which can then be assigned to a variables.</doc>
<status status="PASS" start="2025-02-01T16:45:57.729682" elapsed="0.000000"/>
</kw>
<msg time="2025-02-01T16:45:57.729682" level="INFO">${expected_num} = 0</msg>
<var>${expected_num}</var>
<arg>'${expected}' == ''</arg>
<arg>Set Variable</arg>
<arg>0</arg>
<arg>ELSE</arg>
<arg>Convert To Number</arg>
<arg>${expected}</arg>
<doc>Runs the given keyword with the given arguments, if ``condition`` is true.</doc>
<status status="PASS" start="2025-02-01T16:45:57.728675" elapsed="0.001007"/>
</kw>
<kw name="Should Be Equal As Numbers" owner="BuiltIn">
<arg>${actual_num}</arg>
<arg>${expected_num}</arg>
<doc>Fails if objects are unequal after converting them to real numbers.</doc>
<status status="PASS" start="2025-02-01T16:45:57.729682" elapsed="0.000000"/>
</kw>
<arg>${actual}</arg>
<arg>${expected}</arg>
<doc>Convert and compare two numbers</doc>
<status status="PASS" start="2025-02-01T16:45:57.728675" elapsed="0.001007"/>
</kw>
<arg>${expected}</arg>
<doc>Verify the calculator display shows the expected value</doc>
<status status="PASS" start="2025-02-01T16:45:57.703534" elapsed="0.026148"/>
</kw>
<arg>5s</arg>
<arg>1s</arg>
<arg>Verify Display Value</arg>
<arg>${expected}</arg>
<doc>Runs the specified keyword and retries if it fails.</doc>
<status status="PASS" start="2025-02-01T16:45:57.703534" elapsed="0.026148"/>
</kw>
<arg>${expected_value}</arg>
<doc>Wait until the calculator display shows the expected value</doc>
<status status="PASS" start="2025-02-01T16:45:57.703534" elapsed="0.026148"/>
</kw>
<arg>${DEFAULT_VALUE}</arg>
<doc>Verifies the calculator display shows expected value</doc>
<status status="PASS" start="2025-02-01T16:45:57.702481" elapsed="0.027201"/>
</kw>
<doc>Clear the calculator display</doc>
<status status="PASS" start="2025-02-01T16:45:57.642245" elapsed="0.087437"/>
</kw>
<kw name="Verify Display Shows" owner="CalculatorFlow">
<kw name="Log" owner="BuiltIn">
<msg time="2025-02-01T16:45:57.730668" level="INFO">Verifying display shows: </msg>
<arg>Verifying display shows: ${expected_value}</arg>
<arg>console=True</arg>
<doc>Logs the given message with the given level.</doc>
<status status="PASS" start="2025-02-01T16:45:57.730668" elapsed="0.000000"/>
</kw>
<kw name="Wait Until Display Shows" owner="CalculatorPage">
<kw name="Wait Until Keyword Succeeds" owner="BuiltIn">
<kw name="Verify Display Value" owner="CalculatorPage">
<kw name="Get Display Value" owner="CalculatorPage">
<kw name="Wait Until Element Is Visible" owner="SeleniumLibrary">
<arg>${CALCULATOR_DISPLAY}</arg>
<doc>Waits until the element ``locator`` is visible.</doc>
<status status="PASS" start="2025-02-01T16:45:57.731668" elapsed="0.009720"/>
</kw>
<kw name="Get Element Attribute" owner="SeleniumLibrary">
<msg time="2025-02-01T16:45:57.753296" level="INFO">${value} = </msg>
<var>${value}</var>
<arg>${CALCULATOR_DISPLAY}</arg>
<arg>value</arg>
<doc>Returns the value of ``attribute`` from the element ``locator``.</doc>
<status status="PASS" start="2025-02-01T16:45:57.742328" elapsed="0.010968"/>
</kw>
<kw name="Set Variable If" owner="BuiltIn">
<msg time="2025-02-01T16:45:57.753296" level="INFO">${value} = </msg>
<var>${value}</var>
<arg>'${value}' == ''</arg>
<arg>${DEFAULT_VALUE}</arg>
<arg>${value}</arg>
<doc>Sets variable based on the given condition.</doc>
<status status="PASS" start="2025-02-01T16:45:57.753296" elapsed="0.000000"/>
</kw>
<return>
<value>${value}</value>
<status status="PASS" start="2025-02-01T16:45:57.753296" elapsed="0.001089"/>
</return>
<msg time="2025-02-01T16:45:57.754385" level="INFO">${actual} = </msg>
<var>${actual}</var>
<doc>Get the current value from the calculator display</doc>
<status status="PASS" start="2025-02-01T16:45:57.731668" elapsed="0.022717"/>
</kw>
<kw name="Convert And Compare Numbers" owner="CalculatorPage">
<kw name="Run Keyword If" owner="BuiltIn">
<kw name="Set Variable" owner="BuiltIn">
<arg>0</arg>
<doc>Returns the given values which can then be assigned to a variables.</doc>
<status status="PASS" start="2025-02-01T16:45:57.754385" elapsed="0.000000"/>
</kw>
<msg time="2025-02-01T16:45:57.754385" level="INFO">${actual_num} = 0</msg>
<var>${actual_num}</var>
<arg>'${actual}' == ''</arg>
<arg>Set Variable</arg>
<arg>0</arg>
<arg>ELSE</arg>
<arg>Convert To Number</arg>
<arg>${actual}</arg>
<doc>Runs the given keyword with the given arguments, if ``condition`` is true.</doc>
<status status="PASS" start="2025-02-01T16:45:57.754385" elapsed="0.000000"/>
</kw>
<kw name="Run Keyword If" owner="BuiltIn">
<kw name="Set Variable" owner="BuiltIn">
<arg>0</arg>
<doc>Returns the given values which can then be assigned to a variables.</doc>
<status status="PASS" start="2025-02-01T16:45:57.754385" elapsed="0.000000"/>
</kw>
<msg time="2025-02-01T16:45:57.755390" level="INFO">${expected_num} = 0</msg>
<var>${expected_num}</var>
<arg>'${expected}' == ''</arg>
<arg>Set Variable</arg>
<arg>0</arg>
<arg>ELSE</arg>
<arg>Convert To Number</arg>
<arg>${expected}</arg>
<doc>Runs the given keyword with the given arguments, if ``condition`` is true.</doc>
<status status="PASS" start="2025-02-01T16:45:57.754385" elapsed="0.001005"/>
</kw>
<kw name="Should Be Equal As Numbers" owner="BuiltIn">
<arg>${actual_num}</arg>
<arg>${expected_num}</arg>
<doc>Fails if objects are unequal after converting them to real numbers.</doc>
<status status="PASS" start="2025-02-01T16:45:57.755390" elapsed="0.000000"/>
</kw>
<arg>${actual}</arg>
<arg>${expected}</arg>
<doc>Convert and compare two numbers</doc>
<status status="PASS" start="2025-02-01T16:45:57.754385" elapsed="0.001005"/>
</kw>
<arg>${expected}</arg>
<doc>Verify the calculator display shows the expected value</doc>
<status status="PASS" start="2025-02-01T16:45:57.730668" elapsed="0.024722"/>
</kw>
<arg>5s</arg>
<arg>1s</arg>
<arg>Verify Display Value</arg>
<arg>${expected}</arg>
<doc>Runs the specified keyword and retries if it fails.</doc>
<status status="PASS" start="2025-02-01T16:45:57.730668" elapsed="0.024722"/>
</kw>
<arg>${expected_value}</arg>
<doc>Wait until the calculator display shows the expected value</doc>
<status status="PASS" start="2025-02-01T16:45:57.730668" elapsed="0.024722"/>
</kw>
<arg>${DEFAULT_VALUE}</arg>
<doc>Verifies the calculator display shows expected value</doc>
<status status="PASS" start="2025-02-01T16:45:57.729682" elapsed="0.025708"/>
</kw>
<status status="PASS" start="2025-02-01T16:45:57.641878" elapsed="0.113512"/>
</kw>
<kw name="When User generates test data for basic operation">
<kw name="Log" owner="BuiltIn">
<msg time="2025-02-01T16:45:57.756391" level="INFO">Generating test data for basic operation (min=1, max=100, decimals=False)</msg>
<arg>Generating test data for basic operation (min=${min}, max=${max}, decimals=${use_decimals})</arg>
<arg>console=True</arg>
<doc>Logs the given message with the given level.</doc>
<status status="PASS" start="2025-02-01T16:45:57.755390" elapsed="0.001001"/>
</kw>
<kw name="Generate Basic Operation Data" owner="CalculatorData">
<kw name="Generate Numbers" owner="calculator_data_generator">
<msg time="2025-02-01T16:45:57.756391" level="INFO">${data} = {'num1': '12', 'num2': '53', 'expected_addition': '65', 'expected_multiplication': '636'}</msg>
<var>${data}</var>
<arg>${min_val}</arg>
<arg>${max_val}</arg>
<arg>${use_decimal}</arg>
<doc>Generate two random numbers and their expected results</doc>
<status status="PASS" start="2025-02-01T16:45:57.756391" elapsed="0.000000"/>
</kw>
<return>
<value>${data}</value>
<status status="PASS" start="2025-02-01T16:45:57.756391" elapsed="0.000000"/>
</return>
<msg time="2025-02-01T16:45:57.756391" level="INFO">${test_data} = {'num1': '12', 'num2': '53', 'expected_addition': '65', 'expected_multiplication': '636'}</msg>
<var>${test_data}</var>
<arg>${min}</arg>
<arg>${max}</arg>
<arg>${use_decimals}</arg>
<status status="PASS" start="2025-02-01T16:45:57.756391" elapsed="0.000000"/>
</kw>
<kw name="Set Test Variable" owner="BuiltIn">
<msg time="2025-02-01T16:45:57.757397" level="INFO">${TEST_DATA} = {'num1': '12', 'num2': '53', 'expected_addition': '65', 'expected_multiplication': '636'}</msg>
<arg>${TEST_DATA}</arg>
<arg>${test_data}</arg>
<doc>Makes a variable available everywhere within the scope of the current test.</doc>
<status status="PASS" start="2025-02-01T16:45:57.757397" elapsed="0.000000"/>
</kw>
<kw name="Log" owner="BuiltIn">
<msg time="2025-02-01T16:45:57.757397" level="INFO">Generated test data: {'num1': '12', 'num2': '53', 'expected_addition': '65', 'expected_multiplication': '636'}</msg>
<arg>Generated test data: ${test_data}</arg>
<arg>console=True</arg>
<doc>Logs the given message with the given level.</doc>
<status status="PASS" start="2025-02-01T16:45:57.757397" elapsed="0.000000"/>
</kw>
<arg>min=1</arg>
<arg>max=100</arg>
<arg>use_decimals=${FALSE}</arg>
<status status="PASS" start="2025-02-01T16:45:57.755390" elapsed="0.002007"/>
</kw>
<kw name="And User performs multiplication operation with generated numbers">
<kw name="Log" owner="BuiltIn">
<msg time="2025-02-01T16:45:57.758392" level="INFO">Performing multiplication operation with numbers: 12 * 53</msg>
<arg>Performing multiplication operation with numbers: ${TEST_DATA}[num1] * ${TEST_DATA}[num2]</arg>
<arg>console=True</arg>
<doc>Logs the given message with the given level.</doc>
<status status="PASS" start="2025-02-01T16:45:57.758392" elapsed="0.000000"/>
</kw>
<kw name="Perform Multiplication Operation" owner="CalculatorFlow">
<kw name="Log" owner="BuiltIn">
<msg time="2025-02-01T16:45:57.758392" level="INFO">Performing multiplication: 12 * 53</msg>
<arg>Performing multiplication: ${first_number} * ${second_number}</arg>
<arg>console=True</arg>
<doc>Logs the given message with the given level.</doc>
<status status="PASS" start="2025-02-01T16:45:57.758392" elapsed="0.000000"/>
</kw>
<kw name="Enter Number" owner="CalculatorFlow">
<kw name="Log" owner="BuiltIn">
<msg time="2025-02-01T16:45:57.759387" level="INFO">Entering number: 12</msg>
<arg>Entering number: ${number}</arg>
<arg>console=True</arg>
<doc>Logs the given message with the given level.</doc>
<status status="PASS" start="2025-02-01T16:45:57.759387" elapsed="0.000000"/>
</kw>
<kw name="Convert To String" owner="BuiltIn">
<msg time="2025-02-01T16:45:57.759387" level="INFO">${digits} = 12</msg>
<var>${digits}</var>
<arg>${number}</arg>
<doc>Converts the given item to a Unicode string.</doc>
<status status="PASS" start="2025-02-01T16:45:57.759387" elapsed="0.000000"/>
</kw>
<kw name="Split String To Characters" owner="String">
<msg time="2025-02-01T16:45:57.759387" level="INFO">@{chars} = [ 1 | 2 ]</msg>
<var>@{chars}</var>
<arg>${digits}</arg>
<doc>Splits the given ``string`` to characters.</doc>
<status status="PASS" start="2025-02-01T16:45:57.759387" elapsed="0.001015"/>
</kw>
<for flavor="IN">
<iter>
<kw name="Run Keyword If" owner="BuiltIn">
<kw name="Click Number" owner="CalculatorPage">
<kw name="Get From Dictionary" owner="Collections">
<msg time="2025-02-01T16:45:57.760402" level="INFO">${button_id} = button01</msg>
<var>${button_id}</var>
<arg>${NUMBER_BUTTONS}</arg>
<arg>${number}</arg>
<doc>Returns a value from the given ``dictionary`` based on the given ``key``.</doc>
<status status="PASS" start="2025-02-01T16:45:57.760402" elapsed="0.000000"/>
</kw>
<kw name="Wait And Click Element" owner="CalculatorPage">
<kw name="Wait Until Element Is Visible" owner="SeleniumLibrary">
<arg>${locator}</arg>
<doc>Waits until the element ``locator`` is visible.</doc>
<status status="PASS" start="2025-02-01T16:45:57.760402" elapsed="0.013997"/>
</kw>
<kw name="Click Element" owner="SeleniumLibrary">
<msg time="2025-02-01T16:45:57.775389" level="INFO">Clicking element 'id=button01'.</msg>
<arg>${locator}</arg>
<doc>Click the element identified by ``locator``.</doc>
<status status="PASS" start="2025-02-01T16:45:57.774399" elapsed="0.036991"/>
</kw>
<arg>id=${button_id}</arg>
<doc>Wait for element to be visible and click it</doc>
<status status="PASS" start="2025-02-01T16:45:57.760402" elapsed="0.050988"/>
</kw>
<arg>${char}</arg>
<doc>Click a number button on the calculator</doc>
<status status="PASS" start="2025-02-01T16:45:57.760402" elapsed="0.050988"/>
</kw>
<arg>'${char}' == '.'</arg>
<arg>Click Decimal Point</arg>
<arg>ELSE</arg>
<arg>Click Number</arg>
<arg>${char}</arg>
<doc>Runs the given keyword with the given arguments, if ``condition`` is true.</doc>
<status status="PASS" start="2025-02-01T16:45:57.760402" elapsed="0.050988"/>
</kw>
<var name="${char}">1</var>
<status status="PASS" start="2025-02-01T16:45:57.760402" elapsed="0.050988"/>
</iter>
<iter>
<kw name="Run Keyword If" owner="BuiltIn">
<kw name="Click Number" owner="CalculatorPage">
<kw name="Get From Dictionary" owner="Collections">
<msg time="2025-02-01T16:45:57.812396" level="INFO">${button_id} = button02</msg>
<var>${button_id}</var>
<arg>${NUMBER_BUTTONS}</arg>
<arg>${number}</arg>
<doc>Returns a value from the given ``dictionary`` based on the given ``key``.</doc>
<status status="PASS" start="2025-02-01T16:45:57.812396" elapsed="0.000000"/>
</kw>
<kw name="Wait And Click Element" owner="CalculatorPage">
<kw name="Wait Until Element Is Visible" owner="SeleniumLibrary">
<arg>${locator}</arg>
<doc>Waits until the element ``locator`` is visible.</doc>
<status status="PASS" start="2025-02-01T16:45:57.812396" elapsed="0.012039"/>
</kw>
<kw name="Click Element" owner="SeleniumLibrary">
<msg time="2025-02-01T16:45:57.824435" level="INFO">Clicking element 'id=button02'.</msg>
<arg>${locator}</arg>
<doc>Click the element identified by ``locator``.</doc>
<status status="PASS" start="2025-02-01T16:45:57.824435" elapsed="0.031755"/>
</kw>
<arg>id=${button_id}</arg>
<doc>Wait for element to be visible and click it</doc>
<status status="PASS" start="2025-02-01T16:45:57.812396" elapsed="0.043794"/>
</kw>
<arg>${char}</arg>
<doc>Click a number button on the calculator</doc>
<status status="PASS" start="2025-02-01T16:45:57.811390" elapsed="0.044800"/>
</kw>
<arg>'${char}' == '.'</arg>
<arg>Click Decimal Point</arg>
<arg>ELSE</arg>
<arg>Click Number</arg>
<arg>${char}</arg>
<doc>Runs the given keyword with the given arguments, if ``condition`` is true.</doc>
<status status="PASS" start="2025-02-01T16:45:57.811390" elapsed="0.044800"/>
</kw>
<var name="${char}">2</var>
<status status="PASS" start="2025-02-01T16:45:57.811390" elapsed="0.044800"/>
</iter>
<var>${char}</var>
<value>@{chars}</value>
<status status="PASS" start="2025-02-01T16:45:57.760402" elapsed="0.095788"/>
</for>
<kw name="Sleep" owner="BuiltIn">
<msg time="2025-02-01T16:45:58.056757" level="INFO">Slept 200 milliseconds.</msg>
<arg>0.2s</arg>
<doc>Pauses the test executed for the given time.</doc>
<status status="PASS" start="2025-02-01T16:45:57.856190" elapsed="0.200567"/>
</kw>
<arg>${first_number}</arg>
<doc>Enters a number into the calculator</doc>
<status status="PASS" start="2025-02-01T16:45:57.759387" elapsed="0.297877"/>
</kw>
<kw name="Press Multiplication Operator" owner="CalculatorFlow">
<kw name="Log" owner="BuiltIn">
<msg time="2025-02-01T16:45:58.057264" level="INFO">Pressing multiplication operator</msg>
<arg>Pressing multiplication operator</arg>
<arg>console=True</arg>
<doc>Logs the given message with the given level.</doc>
<status status="PASS" start="2025-02-01T16:45:58.057264" elapsed="0.001007"/>
</kw>
<kw name="Click Multiply" owner="CalculatorPage">
<kw name="Wait And Click Element" owner="CalculatorPage">
<kw name="Wait Until Element Is Visible" owner="SeleniumLibrary">
<arg>${locator}</arg>
<doc>Waits until the element ``locator`` is visible.</doc>
<status status="PASS" start="2025-02-01T16:45:58.059380" elapsed="0.017870"/>
</kw>
<kw name="Click Element" owner="SeleniumLibrary">
<msg time="2025-02-01T16:45:58.077250" level="INFO">Clicking element 'id=buttonmultiply'.</msg>
<arg>${locator}</arg>
<doc>Click the element identified by ``locator``.</doc>
<status status="PASS" start="2025-02-01T16:45:58.077250" elapsed="0.036141"/>
</kw>
<arg>${MULTIPLY_BTN}</arg>
<doc>Wait for element to be visible and click it</doc>
<status status="PASS" start="2025-02-01T16:45:58.059380" elapsed="0.054011"/>
</kw>
<doc>Click the multiply button</doc>
<status status="PASS" start="2025-02-01T16:45:58.058271" elapsed="0.055120"/>
</kw>
<doc>Clicks the multiplication operator</doc>
<status status="PASS" start="2025-02-01T16:45:58.057264" elapsed="0.056127"/>
</kw>
<kw name="Enter Number" owner="CalculatorFlow">
<kw name="Log" owner="BuiltIn">
<msg time="2025-02-01T16:45:58.114392" level="INFO">Entering number: 53</msg>
<arg>Entering number: ${number}</arg>
<arg>console=True</arg>
<doc>Logs the given message with the given level.</doc>
<status status="PASS" start="2025-02-01T16:45:58.114392" elapsed="0.000000"/>
</kw>
<kw name="Convert To String" owner="BuiltIn">
<msg time="2025-02-01T16:45:58.114392" level="INFO">${digits} = 53</msg>
<var>${digits}</var>
<arg>${number}</arg>
<doc>Converts the given item to a Unicode string.</doc>
<status status="PASS" start="2025-02-01T16:45:58.114392" elapsed="0.000000"/>
</kw>
<kw name="Split String To Characters" owner="String">
<msg time="2025-02-01T16:45:58.115391" level="INFO">@{chars} = [ 5 | 3 ]</msg>
<var>@{chars}</var>
<arg>${digits}</arg>
<doc>Splits the given ``string`` to characters.</doc>
<status status="PASS" start="2025-02-01T16:45:58.115391" elapsed="0.000000"/>
</kw>
<for flavor="IN">
<iter>
<kw name="Run Keyword If" owner="BuiltIn">
<kw name="Click Number" owner="CalculatorPage">
<kw name="Get From Dictionary" owner="Collections">
<msg time="2025-02-01T16:45:58.115391" level="INFO">${button_id} = button05</msg>
<var>${button_id}</var>
<arg>${NUMBER_BUTTONS}</arg>
<arg>${number}</arg>
<doc>Returns a value from the given ``dictionary`` based on the given ``key``.</doc>
<status status="PASS" start="2025-02-01T16:45:58.115391" elapsed="0.000000"/>
</kw>
<kw name="Wait And Click Element" owner="CalculatorPage">
<kw name="Wait Until Element Is Visible" owner="SeleniumLibrary">
<arg>${locator}</arg>
<doc>Waits until the element ``locator`` is visible.</doc>
<status status="PASS" start="2025-02-01T16:45:58.116391" elapsed="0.012006"/>
</kw>
<kw name="Click Element" owner="SeleniumLibrary">
<msg time="2025-02-01T16:45:58.128397" level="INFO">Clicking element 'id=button05'.</msg>
<arg>${locator}</arg>
<doc>Click the element identified by ``locator``.</doc>
<status status="PASS" start="2025-02-01T16:45:58.128397" elapsed="0.034611"/>
</kw>
<arg>id=${button_id}</arg>
<doc>Wait for element to be visible and click it</doc>
<status status="PASS" start="2025-02-01T16:45:58.116391" elapsed="0.046617"/>
</kw>
<arg>${char}</arg>
<doc>Click a number button on the calculator</doc>
<status status="PASS" start="2025-02-01T16:45:58.115391" elapsed="0.047617"/>
</kw>
<arg>'${char}' == '.'</arg>
<arg>Click Decimal Point</arg>
<arg>ELSE</arg>
<arg>Click Number</arg>
<arg>${char}</arg>
<doc>Runs the given keyword with the given arguments, if ``condition`` is true.</doc>
<status status="PASS" start="2025-02-01T16:45:58.115391" elapsed="0.047617"/>
</kw>
<var name="${char}">5</var>
<status status="PASS" start="2025-02-01T16:45:58.115391" elapsed="0.047617"/>
</iter>
<iter>
<kw name="Run Keyword If" owner="BuiltIn">
<kw name="Click Number" owner="CalculatorPage">
<kw name="Get From Dictionary" owner="Collections">
<msg time="2025-02-01T16:45:58.164009" level="INFO">${button_id} = button03</msg>
<var>${button_id}</var>
<arg>${NUMBER_BUTTONS}</arg>
<arg>${number}</arg>
<doc>Returns a value from the given ``dictionary`` based on the given ``key``.</doc>
<status status="PASS" start="2025-02-01T16:45:58.164009" elapsed="0.000000"/>
</kw>
<kw name="Wait And Click Element" owner="CalculatorPage">
<kw name="Wait Until Element Is Visible" owner="SeleniumLibrary">
<arg>${locator}</arg>
<doc>Waits until the element ``locator`` is visible.</doc>
<status status="PASS" start="2025-02-01T16:45:58.164009" elapsed="0.011999"/>
</kw>
<kw name="Click Element" owner="SeleniumLibrary">
<msg time="2025-02-01T16:45:58.176008" level="INFO">Clicking element 'id=button03'.</msg>
<arg>${locator}</arg>
<doc>Click the element identified by ``locator``.</doc>
<status status="PASS" start="2025-02-01T16:45:58.176008" elapsed="0.031401"/>
</kw>
<arg>id=${button_id}</arg>
<doc>Wait for element to be visible and click it</doc>
<status status="PASS" start="2025-02-01T16:45:58.164009" elapsed="0.043400"/>
</kw>
<arg>${char}</arg>
<doc>Click a number button on the calculator</doc>
<status status="PASS" start="2025-02-01T16:45:58.164009" elapsed="0.043400"/>
</kw>
<arg>'${char}' == '.'</arg>
<arg>Click Decimal Point</arg>
<arg>ELSE</arg>
<arg>Click Number</arg>
<arg>${char}</arg>
<doc>Runs the given keyword with the given arguments, if ``condition`` is true.</doc>
<status status="PASS" start="2025-02-01T16:45:58.163008" elapsed="0.044401"/>
</kw>
<var name="${char}">3</var>
<status status="PASS" start="2025-02-01T16:45:58.163008" elapsed="0.044401"/>
</iter>
<var>${char}</var>
<value>@{chars}</value>
<status status="PASS" start="2025-02-01T16:45:58.115391" elapsed="0.092018"/>
</for>
<kw name="Sleep" owner="BuiltIn">
<msg time="2025-02-01T16:45:58.407891" level="INFO">Slept 200 milliseconds.</msg>
<arg>0.2s</arg>
<doc>Pauses the test executed for the given time.</doc>
<status status="PASS" start="2025-02-01T16:45:58.207409" elapsed="0.200482"/>
</kw>
<arg>${second_number}</arg>
<doc>Enters a number into the calculator</doc>
<status status="PASS" start="2025-02-01T16:45:58.114392" elapsed="0.293499"/>
</kw>
<kw name="Press Equals" owner="CalculatorFlow">
<kw name="Log" owner="BuiltIn">
<msg time="2025-02-01T16:45:58.407891" level="INFO">Pressing equals button</msg>
<arg>Pressing equals button</arg>
<arg>console=True</arg>
<doc>Logs the given message with the given level.</doc>
<status status="PASS" start="2025-02-01T16:45:58.407891" elapsed="0.000000"/>
</kw>
<kw name="Click Equals" owner="CalculatorPage">
<kw name="Wait And Click Element" owner="CalculatorPage">
<kw name="Wait Until Element Is Visible" owner="SeleniumLibrary">
<arg>${locator}</arg>
<doc>Waits until the element ``locator`` is visible.</doc>
<status status="PASS" start="2025-02-01T16:45:58.409327" elapsed="0.015680"/>
</kw>
<kw name="Click Element" owner="SeleniumLibrary">
<msg time="2025-02-01T16:45:58.425007" level="INFO">Clicking element 'id=buttonequals'.</msg>
<arg>${locator}</arg>
<doc>Click the element identified by ``locator``.</doc>
<status status="PASS" start="2025-02-01T16:45:58.425007" elapsed="0.038515"/>
</kw>
<arg>${CALCULATOR_EQUALS}</arg>
<doc>Wait for element to be visible and click it</doc>
<status status="PASS" start="2025-02-01T16:45:58.409327" elapsed="0.054195"/>
</kw>
<doc>Click the equals button</doc>
<status status="PASS" start="2025-02-01T16:45:58.407891" elapsed="0.055631"/>
</kw>
<kw name="Sleep" owner="BuiltIn">
<msg time="2025-02-01T16:45:58.963525" level="INFO">Slept 500 milliseconds.</msg>
<arg>0.5s</arg>
<doc>Pauses the test executed for the given time.</doc>
<status status="PASS" start="2025-02-01T16:45:58.463522" elapsed="0.500003"/>
</kw>
<kw name="Get Display Value" owner="CalculatorPage">
<kw name="Wait Until Element Is Visible" owner="SeleniumLibrary">
<arg>${CALCULATOR_DISPLAY}</arg>
<doc>Waits until the element ``locator`` is visible.</doc>
<status status="PASS" start="2025-02-01T16:45:58.964572" elapsed="0.027250"/>
</kw>
<kw name="Get Element Attribute" owner="SeleniumLibrary">
<msg time="2025-02-01T16:45:59.000545" level="INFO">${value} = 636</msg>
<var>${value}</var>
<arg>${CALCULATOR_DISPLAY}</arg>
<arg>value</arg>
<doc>Returns the value of ``attribute`` from the element ``locator``.</doc>
<status status="PASS" start="2025-02-01T16:45:58.991822" elapsed="0.008723"/>
</kw>
<kw name="Set Variable If" owner="BuiltIn">
<msg time="2025-02-01T16:45:59.001568" level="INFO">${value} = 636</msg>
<var>${value}</var>
<arg>'${value}' == ''</arg>
<arg>${DEFAULT_VALUE}</arg>
<arg>${value}</arg>
<doc>Sets variable based on the given condition.</doc>
<status status="PASS" start="2025-02-01T16:45:59.001568" elapsed="0.000000"/>
</kw>
<return>
<value>${value}</value>
<status status="PASS" start="2025-02-01T16:45:59.001568" elapsed="0.000000"/>
</return>
<msg time="2025-02-01T16:45:59.001568" level="INFO">${result} = 636</msg>
<var>${result}</var>
<doc>Get the current value from the calculator display</doc>
<status status="PASS" start="2025-02-01T16:45:58.964572" elapsed="0.036996"/>
</kw>
<kw name="Log" owner="BuiltIn">
<msg time="2025-02-01T16:45:59.001568" level="INFO">Result obtained: 636</msg>
<arg>Result obtained: ${result}</arg>
<arg>console=True</arg>
<doc>Logs the given message with the given level.</doc>
<status status="PASS" start="2025-02-01T16:45:59.001568" elapsed="0.000999"/>
</kw>
<return>
<value>${result}</value>
<status status="PASS" start="2025-02-01T16:45:59.002567" elapsed="0.000000"/>
</return>
<msg time="2025-02-01T16:45:59.002567" level="INFO">${result} = 636</msg>
<var>${result}</var>
<doc>Clicks the equals button and returns result</doc>
<status status="PASS" start="2025-02-01T16:45:58.407891" elapsed="0.594676"/>
</kw>
<kw name="Log" owner="BuiltIn">
<msg time="2025-02-01T16:45:59.002567" level="INFO">Multiplication result: 636</msg>
<arg>Multiplication result: ${result}</arg>
<arg>console=True</arg>
<doc>Logs the given message with the given level.</doc>
<status status="PASS" start="2025-02-01T16:45:59.002567" elapsed="0.000000"/>
</kw>
<return>
<value>${result}</value>
<status status="PASS" start="2025-02-01T16:45:59.002567" elapsed="0.000000"/>
</return>
<msg time="2025-02-01T16:45:59.002567" level="INFO">${result} = 636</msg>
<var>${result}</var>
<arg>${TEST_DATA}[num1]</arg>
<arg>${TEST_DATA}[num2]</arg>
<doc>Performs multiplication operation and returns result</doc>
<status status="PASS" start="2025-02-01T16:45:57.758392" elapsed="1.244175"/>
</kw>
<kw name="Set Test Variable" owner="BuiltIn">
<msg time="2025-02-01T16:45:59.003596" level="INFO">${ACTUAL_RESULT} = 636</msg>
<arg>${ACTUAL_RESULT}</arg>
<arg>${result}</arg>
<doc>Makes a variable available everywhere within the scope of the current test.</doc>
<status status="PASS" start="2025-02-01T16:45:59.002567" elapsed="0.001029"/>
</kw>
<kw name="Log" owner="BuiltIn">
<msg time="2025-02-01T16:45:59.003596" level="INFO">Multiplication operation result: 636</msg>
<arg>Multiplication operation result: ${result}</arg>
<arg>console=True</arg>
<doc>Logs the given message with the given level.</doc>
<status status="PASS" start="2025-02-01T16:45:59.003596" elapsed="0.000000"/>
</kw>
<status status="PASS" start="2025-02-01T16:45:57.757397" elapsed="1.246199"/>
</kw>
<kw name="Then Result should match expected multiplication value">
<kw name="Log" owner="BuiltIn">
<msg time="2025-02-01T16:45:59.004566" level="INFO">Verifying multiplication result</msg>
<arg>Verifying multiplication result</arg>
<arg>console=True</arg>
<doc>Logs the given message with the given level.</doc>
<status status="PASS" start="2025-02-01T16:45:59.004566" elapsed="0.000321"/>
</kw>
<kw name="Verify Calculation Result" owner="CalculatorFlow">
<kw name="Log" owner="BuiltIn">
<msg time="2025-02-01T16:45:59.004887" level="INFO">Verifying calculation result matches: 636</msg>
<arg>Verifying calculation result matches: ${expected_result}</arg>
<arg>console=True</arg>
<doc>Logs the given message with the given level.</doc>
<status status="PASS" start="2025-02-01T16:45:59.004887" elapsed="0.000000"/>
</kw>
<kw name="Get Display Value" owner="CalculatorPage">
<kw name="Wait Until Element Is Visible" owner="SeleniumLibrary">
<arg>${CALCULATOR_DISPLAY}</arg>
<doc>Waits until the element ``locator`` is visible.</doc>
<status status="PASS" start="2025-02-01T16:45:59.005908" elapsed="0.007999"/>
</kw>
<kw name="Get Element Attribute" owner="SeleniumLibrary">
<msg time="2025-02-01T16:45:59.022907" level="INFO">${value} = 636</msg>
<var>${value}</var>
<arg>${CALCULATOR_DISPLAY}</arg>
<arg>value</arg>
<doc>Returns the value of ``attribute`` from the element ``locator``.</doc>
<status status="PASS" start="2025-02-01T16:45:59.013907" elapsed="0.009000"/>
</kw>
<kw name="Set Variable If" owner="BuiltIn">
<msg time="2025-02-01T16:45:59.022907" level="INFO">${value} = 636</msg>
<var>${value}</var>
<arg>'${value}' == ''</arg>
<arg>${DEFAULT_VALUE}</arg>
<arg>${value}</arg>
<doc>Sets variable based on the given condition.</doc>
<status status="PASS" start="2025-02-01T16:45:59.022907" elapsed="0.000000"/>
</kw>
<return>
<value>${value}</value>
<status status="PASS" start="2025-02-01T16:45:59.022907" elapsed="0.000000"/>
</return>
<msg time="2025-02-01T16:45:59.022907" level="INFO">${actual_result} = 636</msg>
<var>${actual_result}</var>
<doc>Get the current value from the calculator display</doc>
<status status="PASS" start="2025-02-01T16:45:59.004887" elapsed="0.018020"/>
</kw>
<kw name="Should Be Equal As Numbers" owner="BuiltIn">
<arg>${actual_result}</arg>
<arg>${expected_result}</arg>
<doc>Fails if objects are unequal after converting them to real numbers.</doc>
<status status="PASS" start="2025-02-01T16:45:59.022907" elapsed="0.000000"/>
</kw>
<kw name="Log" owner="BuiltIn">
<msg time="2025-02-01T16:45:59.023929" level="INFO">Verification passed: 636 equals 636</msg>
<arg>Verification passed: ${actual_result} equals ${expected_result}</arg>
<arg>console=True</arg>
<doc>Logs the given message with the given level.</doc>
<status status="PASS" start="2025-02-01T16:45:59.022907" elapsed="0.001022"/>
</kw>
<arg>${TEST_DATA}[expected_multiplication]</arg>
<doc>Verifies the calculation result matches expected value</doc>
<status status="PASS" start="2025-02-01T16:45:59.004887" elapsed="0.019042"/>
</kw>
<status status="PASS" start="2025-02-01T16:45:59.004566" elapsed="0.019363"/>
</kw>
<kw name="Cleanup Calculator Session" type="TEARDOWN">
<kw name="Run Keyword If Test Failed" owner="BuiltIn">
<arg>Capture Page Screenshot</arg>
<doc>Runs the given keyword with the given arguments, if the test failed.</doc>
<status status="PASS" start="2025-02-01T16:45:59.023929" elapsed="0.000000"/>
</kw>
<kw name="Go To" owner="SeleniumLibrary">
<msg time="2025-02-01T16:45:59.023929" level="INFO">Opening url 'about:blank'</msg>
<arg>about:blank</arg>
<doc>Navigates the current browser window to the provided ``url``.</doc>
<status status="PASS" start="2025-02-01T16:45:59.023929" elapsed="0.109917"/>
</kw>
<status status="PASS" start="2025-02-01T16:45:59.023929" elapsed="0.110923"/>
</kw>
<doc>Verify that calculator can perform basic multiplication with integers</doc>
<tag>integer</tag>
<tag>multiplication</tag>
<tag>smoke</tag>
<status status="PASS" start="2025-02-01T16:45:57.031418" elapsed="2.103434"/>
</test>
<test id="s1-t3" name="User can perform decimal addition" line="36">
<kw name="Initialize Calculator Session" type="SETUP">
<kw name="Go To" owner="SeleniumLibrary">
<msg time="2025-02-01T16:45:59.136846" level="INFO">Opening url 'https://testpages.eviltester.com/styled/apps/calculator.html'</msg>
<arg>${CALCULATOR_URL}</arg>
<doc>Navigates the current browser window to the provided ``url``.</doc>
<status status="PASS" start="2025-02-01T16:45:59.136846" elapsed="0.580959"/>
</kw>
<kw name="Maximize Browser Window" owner="SeleniumLibrary">
<doc>Maximizes current browser window.</doc>
<status status="PASS" start="2025-02-01T16:45:59.717805" elapsed="0.003000"/>
</kw>
<kw name="Wait Until Element Is Visible" owner="SeleniumLibrary">
<arg>${CALCULATOR_DISPLAY}</arg>
<doc>Waits until the element ``locator`` is visible.</doc>
<status status="PASS" start="2025-02-01T16:45:59.720805" elapsed="0.019887"/>
</kw>
<status status="PASS" start="2025-02-01T16:45:59.135846" elapsed="0.604846"/>
</kw>
<kw name="Log" owner="BuiltIn">
<msg time="2025-02-01T16:45:59.741687" level="INFO">Starting test: Decimal Addition</msg>
<arg>Starting test: Decimal Addition</arg>
<arg>console=True</arg>
<doc>Logs the given message with the given level.</doc>
[...]
<arg>0</arg>
<doc>Returns the given values which can then be assigned to a variables.</doc>
<status status="PASS" start="2025-02-01T16:46:05.455589" elapsed="0.000000"/>
</kw>
<msg time="2025-02-01T16:46:05.455589" level="INFO">${expected_num} = 0</msg>
<var>${expected_num}</var>
<arg>'${expected}' == ''</arg>
<arg>Set Variable</arg>
<arg>0</arg>
<arg>ELSE</arg>
<arg>Convert To Number</arg>
<arg>${expected}</arg>
<doc>Runs the given keyword with the given arguments, if ``condition`` is true.</doc>
<status status="PASS" start="2025-02-01T16:46:05.455589" elapsed="0.000000"/>
</kw>
<kw name="Should Be Equal As Numbers" owner="BuiltIn">
<arg>${actual_num}</arg>
<arg>${expected_num}</arg>
<doc>Fails if objects are unequal after converting them to real numbers.</doc>
<status status="PASS" start="2025-02-01T16:46:05.455589" elapsed="0.000000"/>
</kw>
<arg>${actual}</arg>
<arg>${expected}</arg>
<doc>Convert and compare two numbers</doc>
<status status="PASS" start="2025-02-01T16:46:05.454588" elapsed="0.001001"/>
</kw>
<arg>${expected}</arg>
<doc>Verify the calculator display shows the expected value</doc>
<status status="PASS" start="2025-02-01T16:46:05.434232" elapsed="0.021357"/>
</kw>
<arg>5s</arg>
<arg>1s</arg>
<arg>Verify Display Value</arg>
<arg>${expected}</arg>
<doc>Runs the specified keyword and retries if it fails.</doc>
<status status="PASS" start="2025-02-01T16:46:05.434232" elapsed="0.021357"/>
</kw>
<arg>${expected_value}</arg>
<doc>Wait until the calculator display shows the expected value</doc>
<status status="PASS" start="2025-02-01T16:46:05.433231" elapsed="0.022358"/>
</kw>
<arg>${DEFAULT_VALUE}</arg>
<doc>Verifies the calculator display shows expected value</doc>
<status status="PASS" start="2025-02-01T16:46:05.433231" elapsed="0.022358"/>
</kw>
<doc>Clear the calculator display</doc>
<status status="PASS" start="2025-02-01T16:46:05.388453" elapsed="0.067136"/>
</kw>
<kw name="Recall Memory" owner="CalculatorFlow">
<kw name="Log" owner="BuiltIn">
<msg time="2025-02-01T16:46:05.455589" level="INFO">Recalling value from memory</msg>
<arg>Recalling value from memory</arg>
<arg>console=True</arg>
<doc>Logs the given message with the given level.</doc>
<status status="PASS" start="2025-02-01T16:46:05.455589" elapsed="0.000999"/>
</kw>
<kw name="Click Memory Recall" owner="CalculatorPage">
<kw name="Wait And Click Element" owner="CalculatorPage">
<kw name="Wait Until Element Is Visible" owner="SeleniumLibrary">
<arg>${locator}</arg>
<doc>Waits until the element ``locator`` is visible.</doc>
<status status="PASS" start="2025-02-01T16:46:05.456588" elapsed="0.014001"/>
</kw>
<kw name="Click Element" owner="SeleniumLibrary">
<msg time="2025-02-01T16:46:05.470589" level="INFO">Clicking element 'id=buttonmemoryrecall'.</msg>
<arg>${locator}</arg>
<doc>Click the element identified by ``locator``.</doc>
<status status="PASS" start="2025-02-01T16:46:05.470589" elapsed="0.045750"/>
</kw>
<arg>${MEMORY_RECALL_BTN}</arg>
<doc>Wait for element to be visible and click it</doc>
<status status="PASS" start="2025-02-01T16:46:05.456588" elapsed="0.059751"/>
</kw>
<doc>Click the memory recall button</doc>
<status status="PASS" start="2025-02-01T16:46:05.456588" elapsed="0.060750"/>
</kw>
<doc>Recalls value from memory</doc>
<status status="PASS" start="2025-02-01T16:46:05.455589" elapsed="0.061749"/>
</kw>
<kw name="Click Minus" owner="CalculatorPage">
<kw name="Wait And Click Element" owner="CalculatorPage">
<kw name="Wait Until Element Is Visible" owner="SeleniumLibrary">
<arg>${locator}</arg>
<doc>Waits until the element ``locator`` is visible.</doc>
<status status="PASS" start="2025-02-01T16:46:05.517338" elapsed="0.013000"/>
</kw>
<kw name="Click Element" owner="SeleniumLibrary">
<msg time="2025-02-01T16:46:05.531594" level="INFO">Clicking element 'id=buttonminus'.</msg>
<arg>${locator}</arg>
<doc>Click the element identified by ``locator``.</doc>
<status status="PASS" start="2025-02-01T16:46:05.531594" elapsed="0.044759"/>
</kw>
<arg>${MINUS_BTN}</arg>
<doc>Wait for element to be visible and click it</doc>
<status status="PASS" start="2025-02-01T16:46:05.517338" elapsed="0.059015"/>
</kw>
<doc>Click the minus button</doc>
<status status="PASS" start="2025-02-01T16:46:05.517338" elapsed="0.059015"/>
</kw>
<kw name="Log" owner="BuiltIn">
<msg time="2025-02-01T16:46:05.576353" level="INFO">Memory subtract value: 76</msg>
<arg>Memory subtract value: ${data}[memory_subtract]</arg>
<arg>console=True</arg>
<doc>Logs the given message with the given level.</doc>
<status status="PASS" start="2025-02-01T16:46:05.576353" elapsed="0.001001"/>
</kw>
<kw name="Enter Number" owner="CalculatorFlow">
<kw name="Log" owner="BuiltIn">
<msg time="2025-02-01T16:46:05.577354" level="INFO">Entering number: 76</msg>
<arg>Entering number: ${number}</arg>
<arg>console=True</arg>
<doc>Logs the given message with the given level.</doc>
<status status="PASS" start="2025-02-01T16:46:05.577354" elapsed="0.000999"/>
</kw>
<kw name="Convert To String" owner="BuiltIn">
<msg time="2025-02-01T16:46:05.578353" level="INFO">${digits} = 76</msg>
<var>${digits}</var>
<arg>${number}</arg>
<doc>Converts the given item to a Unicode string.</doc>
<status status="PASS" start="2025-02-01T16:46:05.578353" elapsed="0.000000"/>
</kw>
<kw name="Split String To Characters" owner="String">
<msg time="2025-02-01T16:46:05.578353" level="INFO">@{chars} = [ 7 | 6 ]</msg>
<var>@{chars}</var>
<arg>${digits}</arg>
<doc>Splits the given ``string`` to characters.</doc>
<status status="PASS" start="2025-02-01T16:46:05.578353" elapsed="0.000000"/>
</kw>
<for flavor="IN">
<iter>
<kw name="Run Keyword If" owner="BuiltIn">
<kw name="Click Number" owner="CalculatorPage">
<kw name="Get From Dictionary" owner="Collections">
<msg time="2025-02-01T16:46:05.579353" level="INFO">${button_id} = button07</msg>
<var>${button_id}</var>
<arg>${NUMBER_BUTTONS}</arg>
<arg>${number}</arg>
<doc>Returns a value from the given ``dictionary`` based on the given ``key``.</doc>
<status status="PASS" start="2025-02-01T16:46:05.579353" elapsed="0.000000"/>
</kw>
<kw name="Wait And Click Element" owner="CalculatorPage">
<kw name="Wait Until Element Is Visible" owner="SeleniumLibrary">
<arg>${locator}</arg>
<doc>Waits until the element ``locator`` is visible.</doc>
<status status="PASS" start="2025-02-01T16:46:05.579353" elapsed="0.013999"/>
</kw>
<kw name="Click Element" owner="SeleniumLibrary">
<msg time="2025-02-01T16:46:05.593352" level="INFO">Clicking element 'id=button07'.</msg>
<arg>${locator}</arg>
<doc>Click the element identified by ``locator``.</doc>
<status status="PASS" start="2025-02-01T16:46:05.593352" elapsed="0.049285"/>
</kw>
<arg>id=${button_id}</arg>
<doc>Wait for element to be visible and click it</doc>
<status status="PASS" start="2025-02-01T16:46:05.579353" elapsed="0.063284"/>
</kw>
<arg>${char}</arg>
<doc>Click a number button on the calculator</doc>
<status status="PASS" start="2025-02-01T16:46:05.579353" elapsed="0.063284"/>
</kw>
<arg>'${char}' == '.'</arg>
<arg>Click Decimal Point</arg>
<arg>ELSE</arg>
<arg>Click Number</arg>
<arg>${char}</arg>
<doc>Runs the given keyword with the given arguments, if ``condition`` is true.</doc>
<status status="PASS" start="2025-02-01T16:46:05.578353" elapsed="0.064284"/>
</kw>
<var name="${char}">7</var>
<status status="PASS" start="2025-02-01T16:46:05.578353" elapsed="0.064284"/>
</iter>
<iter>
<kw name="Run Keyword If" owner="BuiltIn">
<kw name="Click Number" owner="CalculatorPage">
<kw name="Get From Dictionary" owner="Collections">
<msg time="2025-02-01T16:46:05.642637" level="INFO">${button_id} = button06</msg>
<var>${button_id}</var>
<arg>${NUMBER_BUTTONS}</arg>
<arg>${number}</arg>
<doc>Returns a value from the given ``dictionary`` based on the given ``key``.</doc>
<status status="PASS" start="2025-02-01T16:46:05.642637" elapsed="0.000000"/>
</kw>
<kw name="Wait And Click Element" owner="CalculatorPage">
<kw name="Wait Until Element Is Visible" owner="SeleniumLibrary">
<arg>${locator}</arg>
<doc>Waits until the element ``locator`` is visible.</doc>
<status status="PASS" start="2025-02-01T16:46:05.644030" elapsed="0.010493"/>
</kw>
<kw name="Click Element" owner="SeleniumLibrary">
<msg time="2025-02-01T16:46:05.655516" level="INFO">Clicking element 'id=button06'.</msg>
<arg>${locator}</arg>
<doc>Click the element identified by ``locator``.</doc>
<status status="PASS" start="2025-02-01T16:46:05.654523" elapsed="0.040919"/>
</kw>
<arg>id=${button_id}</arg>
<doc>Wait for element to be visible and click it</doc>
<status status="PASS" start="2025-02-01T16:46:05.644030" elapsed="0.051412"/>
</kw>
<arg>${char}</arg>
<doc>Click a number button on the calculator</doc>
<status status="PASS" start="2025-02-01T16:46:05.642637" elapsed="0.052805"/>
</kw>
<arg>'${char}' == '.'</arg>
<arg>Click Decimal Point</arg>
<arg>ELSE</arg>
<arg>Click Number</arg>
<arg>${char}</arg>
<doc>Runs the given keyword with the given arguments, if ``condition`` is true.</doc>
<status status="PASS" start="2025-02-01T16:46:05.642637" elapsed="0.052805"/>
</kw>
<var name="${char}">6</var>
<status status="PASS" start="2025-02-01T16:46:05.642637" elapsed="0.052805"/>
</iter>
<var>${char}</var>
<value>@{chars}</value>
<status status="PASS" start="2025-02-01T16:46:05.578353" elapsed="0.117089"/>
</for>
<kw name="Sleep" owner="BuiltIn">
<msg time="2025-02-01T16:46:05.895589" level="INFO">Slept 200 milliseconds.</msg>
<arg>0.2s</arg>
<doc>Pauses the test executed for the given time.</doc>
<status status="PASS" start="2025-02-01T16:46:05.695442" elapsed="0.200147"/>
</kw>
<arg>${data}[memory_subtract]</arg>
<doc>Enters a number into the calculator</doc>
<status status="PASS" start="2025-02-01T16:46:05.577354" elapsed="0.318235"/>
</kw>
<kw name="Press Equals" owner="CalculatorFlow">
<kw name="Log" owner="BuiltIn">
<msg time="2025-02-01T16:46:05.895589" level="INFO">Pressing equals button</msg>
<arg>Pressing equals button</arg>
<arg>console=True</arg>
<doc>Logs the given message with the given level.</doc>
<status status="PASS" start="2025-02-01T16:46:05.895589" elapsed="0.001030"/>
</kw>
<kw name="Click Equals" owner="CalculatorPage">
<kw name="Wait And Click Element" owner="CalculatorPage">
<kw name="Wait Until Element Is Visible" owner="SeleniumLibrary">
<arg>${locator}</arg>
<doc>Waits until the element ``locator`` is visible.</doc>
<status status="PASS" start="2025-02-01T16:46:05.896619" elapsed="0.015986"/>
</kw>
<kw name="Click Element" owner="SeleniumLibrary">
<msg time="2025-02-01T16:46:05.912605" level="INFO">Clicking element 'id=buttonequals'.</msg>
<arg>${locator}</arg>
<doc>Click the element identified by ``locator``.</doc>
<status status="PASS" start="2025-02-01T16:46:05.912605" elapsed="0.040050"/>
</kw>
<arg>${CALCULATOR_EQUALS}</arg>
<doc>Wait for element to be visible and click it</doc>
<status status="PASS" start="2025-02-01T16:46:05.896619" elapsed="0.056036"/>
</kw>
<doc>Click the equals button</doc>
<status status="PASS" start="2025-02-01T16:46:05.896619" elapsed="0.056036"/>
</kw>
<kw name="Sleep" owner="BuiltIn">
<msg time="2025-02-01T16:46:06.452900" level="INFO">Slept 500 milliseconds.</msg>
<arg>0.5s</arg>
<doc>Pauses the test executed for the given time.</doc>
<status status="PASS" start="2025-02-01T16:46:05.952655" elapsed="0.500245"/>
</kw>
<kw name="Get Display Value" owner="CalculatorPage">
<kw name="Wait Until Element Is Visible" owner="SeleniumLibrary">
<arg>${CALCULATOR_DISPLAY}</arg>
<doc>Waits until the element ``locator`` is visible.</doc>
<status status="PASS" start="2025-02-01T16:46:06.452900" elapsed="0.011385"/>
</kw>
<kw name="Get Element Attribute" owner="SeleniumLibrary">
<msg time="2025-02-01T16:46:06.476219" level="INFO">${value} = -29</msg>
<var>${value}</var>
<arg>${CALCULATOR_DISPLAY}</arg>
<arg>value</arg>
<doc>Returns the value of ``attribute`` from the element ``locator``.</doc>
<status status="PASS" start="2025-02-01T16:46:06.464285" elapsed="0.011934"/>
</kw>
<kw name="Set Variable If" owner="BuiltIn">
<msg time="2025-02-01T16:46:06.476219" level="INFO">${value} = -29</msg>
<var>${value}</var>
<arg>'${value}' == ''</arg>
<arg>${DEFAULT_VALUE}</arg>
<arg>${value}</arg>
<doc>Sets variable based on the given condition.</doc>
<status status="PASS" start="2025-02-01T16:46:06.476219" elapsed="0.000000"/>
</kw>
<return>
<value>${value}</value>
<status status="PASS" start="2025-02-01T16:46:06.476219" elapsed="0.000000"/>
</return>
<msg time="2025-02-01T16:46:06.476219" level="INFO">${result} = -29</msg>
<var>${result}</var>
<doc>Get the current value from the calculator display</doc>
<status status="PASS" start="2025-02-01T16:46:06.452900" elapsed="0.023319"/>
</kw>
<kw name="Log" owner="BuiltIn">
<msg time="2025-02-01T16:46:06.477219" level="INFO">Result obtained: -29</msg>
<arg>Result obtained: ${result}</arg>
<arg>console=True</arg>
<doc>Logs the given message with the given level.</doc>
<status status="PASS" start="2025-02-01T16:46:06.476219" elapsed="0.001000"/>
</kw>
<return>
<value>${result}</value>
<status status="PASS" start="2025-02-01T16:46:06.477219" elapsed="0.000000"/>
</return>
<msg time="2025-02-01T16:46:06.477219" level="INFO">${result} = -29</msg>
<var>${result}</var>
<doc>Clicks the equals button and returns result</doc>
<status status="PASS" start="2025-02-01T16:46:05.895589" elapsed="0.581630"/>
</kw>
<kw name="Log" owner="BuiltIn">
<msg time="2025-02-01T16:46:06.477219" level="INFO">Memory operation result: -29</msg>
<arg>Memory operation result: ${result}</arg>
<arg>console=True</arg>
<doc>Logs the given message with the given level.</doc>
<status status="PASS" start="2025-02-01T16:46:06.477219" elapsed="0.001000"/>
</kw>
<return>
<value>${result}</value>
<status status="PASS" start="2025-02-01T16:46:06.478219" elapsed="0.000000"/>
</return>
<msg time="2025-02-01T16:46:06.478219" level="INFO">${result} = -29</msg>
<var>${result}</var>
<arg>${TEST_DATA}</arg>
<doc>Performs a sequence of memory operations</doc>
<status status="PASS" start="2025-02-01T16:46:04.550060" elapsed="1.928159"/>
</kw>
<kw name="Set Test Variable" owner="BuiltIn">
<msg time="2025-02-01T16:46:06.478219" level="INFO">${ACTUAL_RESULT} = -29</msg>
<arg>${ACTUAL_RESULT}</arg>
<arg>${result}</arg>
<doc>Makes a variable available everywhere within the scope of the current test.</doc>
<status status="PASS" start="2025-02-01T16:46:06.478219" elapsed="0.000000"/>
</kw>
<kw name="Log" owner="BuiltIn">
<msg time="2025-02-01T16:46:06.479220" level="INFO">Memory operation sequence result: -29</msg>
<arg>Memory operation sequence result: ${result}</arg>
<arg>console=True</arg>
<doc>Logs the given message with the given level.</doc>
<status status="PASS" start="2025-02-01T16:46:06.479220" elapsed="0.000000"/>
</kw>
<status status="PASS" start="2025-02-01T16:46:04.549062" elapsed="1.930158"/>
</kw>
<kw name="Then Result should match expected memory operation value">
<kw name="Log" owner="BuiltIn">
<msg time="2025-02-01T16:46:06.480219" level="INFO">Verifying memory operation result</msg>
<arg>Verifying memory operation result</arg>
<arg>console=True</arg>
<doc>Logs the given message with the given level.</doc>
<status status="PASS" start="2025-02-01T16:46:06.480219" elapsed="0.000000"/>
</kw>
<kw name="Verify Calculation Result" owner="CalculatorFlow">
<kw name="Log" owner="BuiltIn">
<msg time="2025-02-01T16:46:06.481219" level="INFO">Verifying calculation result matches: -29</msg>
<arg>Verifying calculation result matches: ${expected_result}</arg>
<arg>console=True</arg>
<doc>Logs the given message with the given level.</doc>
<status status="PASS" start="2025-02-01T16:46:06.481219" elapsed="0.000000"/>
</kw>
<kw name="Get Display Value" owner="CalculatorPage">
<kw name="Wait Until Element Is Visible" owner="SeleniumLibrary">
<arg>${CALCULATOR_DISPLAY}</arg>
<doc>Waits until the element ``locator`` is visible.</doc>
<status status="PASS" start="2025-02-01T16:46:06.481219" elapsed="0.013001"/>
</kw>
<kw name="Get Element Attribute" owner="SeleniumLibrary">
<msg time="2025-02-01T16:46:06.509219" level="INFO">${value} = -29</msg>
<var>${value}</var>
<arg>${CALCULATOR_DISPLAY}</arg>
<arg>value</arg>
<doc>Returns the value of ``attribute`` from the element ``locator``.</doc>
<status status="PASS" start="2025-02-01T16:46:06.494220" elapsed="0.014999"/>
</kw>
<kw name="Set Variable If" owner="BuiltIn">
<msg time="2025-02-01T16:46:06.509219" level="INFO">${value} = -29</msg>
<var>${value}</var>
<arg>'${value}' == ''</arg>
<arg>${DEFAULT_VALUE}</arg>
<arg>${value}</arg>
<doc>Sets variable based on the given condition.</doc>
<status status="PASS" start="2025-02-01T16:46:06.509219" elapsed="0.000000"/>
</kw>
<return>
<value>${value}</value>
<status status="PASS" start="2025-02-01T16:46:06.509219" elapsed="0.000000"/>
</return>
<msg time="2025-02-01T16:46:06.510218" level="INFO">${actual_result} = -29</msg>
<var>${actual_result}</var>
<doc>Get the current value from the calculator display</doc>
<status status="PASS" start="2025-02-01T16:46:06.481219" elapsed="0.028999"/>
</kw>
<kw name="Should Be Equal As Numbers" owner="BuiltIn">
<arg>${actual_result}</arg>
<arg>${expected_result}</arg>
<doc>Fails if objects are unequal after converting them to real numbers.</doc>
<status status="PASS" start="2025-02-01T16:46:06.510218" elapsed="0.000000"/>
</kw>
<kw name="Log" owner="BuiltIn">
<msg time="2025-02-01T16:46:06.510218" level="INFO">Verification passed: -29 equals -29</msg>
<arg>Verification passed: ${actual_result} equals ${expected_result}</arg>
<arg>console=True</arg>
<doc>Logs the given message with the given level.</doc>
<status status="PASS" start="2025-02-01T16:46:06.510218" elapsed="0.000000"/>
</kw>
<arg>${TEST_DATA}[expected_result]</arg>
<doc>Verifies the calculation result matches expected value</doc>
<status status="PASS" start="2025-02-01T16:46:06.480219" elapsed="0.029999"/>
</kw>
<status status="PASS" start="2025-02-01T16:46:06.480219" elapsed="0.029999"/>
</kw>
<kw name="Cleanup Calculator Session" type="TEARDOWN">
<kw name="Run Keyword If Test Failed" owner="BuiltIn">
<arg>Capture Page Screenshot</arg>
<doc>Runs the given keyword with the given arguments, if the test failed.</doc>
<status status="PASS" start="2025-02-01T16:46:06.511219" elapsed="0.000000"/>
</kw>
<kw name="Go To" owner="SeleniumLibrary">
<msg time="2025-02-01T16:46:06.511219" level="INFO">Opening url 'about:blank'</msg>
<arg>about:blank</arg>
<doc>Navigates the current browser window to the provided ``url``.</doc>
<status status="PASS" start="2025-02-01T16:46:06.511219" elapsed="0.115515"/>
</kw>
<status status="PASS" start="2025-02-01T16:46:06.511219" elapsed="0.115515"/>
</kw>
<doc>Verify that calculator can perform a sequence of memory operations</doc>
<tag>memory</tag>
<tag>smoke</tag>
<status status="PASS" start="2025-02-01T16:46:03.798681" elapsed="2.828053"/>
</test>
<kw name="Cleanup Calculator Environment" owner="CalculatorPage" type="TEARDOWN">
<kw name="Close All Browsers" owner="SeleniumLibrary">
<doc>Closes all open browsers and resets the browser cache.</doc>
<status status="PASS" start="2025-02-01T16:46:06.627735" elapsed="7.352384"/>
</kw>
<doc>Clean up the test environment</doc>
<status status="PASS" start="2025-02-01T16:46:06.627735" elapsed="7.352384"/>
</kw>
<doc>Test suite for calculator functionality using BDD approach</doc>
<status status="PASS" start="2025-02-01T16:45:49.589288" elapsed="24.390831"/>
</suite>
<statistics>
<total>
<stat pass="5" fail="0" skip="0">All Tests</stat>
</total>
<tag>
<stat pass="2" fail="0" skip="0">addition</stat>
<stat pass="2" fail="0" skip="0">decimal</stat>
<stat pass="2" fail="0" skip="0">integer</stat>
<stat pass="1" fail="0" skip="0">memory</stat>
<stat pass="2" fail="0" skip="0">multiplication</stat>
<stat pass="5" fail="0" skip="0">smoke</stat>
</tag>
<suite>
<stat pass="5" fail="0" skip="0" id="s1" name="CalculatorTest">CalculatorTest</stat>
</suite>
</statistics>
<errors>
</errors>
</robot>
