<?xml version="1.0" encoding="UTF-8"?>
<robot generator="Robot 7.0 (Python 3.12.1 on win32)" generated="2025-01-23T18:48:33.830882" rpa="false" schemaversion="5">
<suite id="s1" name="CalculatorTest" source="D:\AUTOMATION TEST\Calculator_v2\Tests\CalculatorTest.robot">
<kw name="Setup Calculator Environment" type="SETUP">
<kw name="Log" owner="BuiltIn">
<msg time="2025-01-23T18:48:34.196621" level="INFO">Setting up calculator test environment</msg>
<arg>Setting up calculator test environment</arg>
<arg>console=True</arg>
<doc>Logs the given message with the given level.</doc>
<status status="PASS" start="2025-01-23T18:48:34.196621" elapsed="0.000000"/>
</kw>
<kw name="Set Selenium Timeout" owner="SeleniumLibrary">
<arg>${TIMEOUT}</arg>
<doc>Sets the timeout that is used by various keywords.</doc>
<status status="PASS" start="2025-01-23T18:48:34.196621" elapsed="0.001000"/>
</kw>
<kw name="Evaluate" owner="BuiltIn">
<msg time="2025-01-23T18:48:34.197621" level="INFO">${options} = &lt;selenium.webdriver.chrome.options.Options object at 0x00000230C36F08C0&gt;</msg>
<var>${options}</var>
<arg>sys.modules['selenium.webdriver'].ChromeOptions()</arg>
<arg>sys, selenium.webdriver</arg>
<doc>Evaluates the given expression in Python and returns the result.</doc>
<status status="PASS" start="2025-01-23T18:48:34.197621" elapsed="0.000000"/>
</kw>
<kw name="Run Keyword If" owner="BuiltIn">
<kw name="Call Method" owner="BuiltIn">
<arg>${options}</arg>
<arg>add_argument</arg>
<arg>--headless</arg>
<doc>Calls the named method of the given object with the provided arguments.</doc>
<status status="PASS" start="2025-01-23T18:48:34.197621" elapsed="0.000000"/>
</kw>
<arg>${HEADLESS}</arg>
<arg>Call Method</arg>
<arg>${options}</arg>
<arg>add_argument</arg>
<arg>--headless</arg>
<doc>Runs the given keyword with the given arguments, if ``condition`` is true.</doc>
<status status="PASS" start="2025-01-23T18:48:34.197621" elapsed="0.000000"/>
</kw>
<kw name="Call Method" owner="BuiltIn">
<arg>${options}</arg>
<arg>add_argument</arg>
<arg>--no-sandbox</arg>
<doc>Calls the named method of the given object with the provided arguments.</doc>
<status status="PASS" start="2025-01-23T18:48:34.197621" elapsed="0.001029"/>
</kw>
<kw name="Call Method" owner="BuiltIn">
<arg>${options}</arg>
<arg>add_argument</arg>
<arg>--disable-dev-shm-usage</arg>
<doc>Calls the named method of the given object with the provided arguments.</doc>
<status status="PASS" start="2025-01-23T18:48:34.198650" elapsed="0.000000"/>
</kw>
<kw name="Call Method" owner="BuiltIn">
<msg time="2025-01-23T18:48:34.198650" level="INFO">${capabilities} = {'browserName': 'chrome', 'pageLoadStrategy': 'normal', 'goog:chromeOptions': {'extensions': [], 'args': ['--headless', '--no-sandbox', '--disable-dev-shm-usage']}}</msg>
<var>${capabilities}</var>
<arg>${options}</arg>
<arg>to_capabilities</arg>
<doc>Calls the named method of the given object with the provided arguments.</doc>
<status status="PASS" start="2025-01-23T18:48:34.198650" elapsed="0.000000"/>
</kw>
<kw name="Run Keyword If" owner="BuiltIn">
<kw name="Create Webdriver" owner="SeleniumLibrary">
<msg time="2025-01-23T18:48:34.198650" level="INFO">Creating an instance of the Chrome WebDriver.</msg>
<msg time="2025-01-23T18:48:37.526150" level="INFO">Cannot capture screenshot because no browser is open.</msg>
<msg time="2025-01-23T18:48:37.526150" level="FAIL">NoSuchDriverException: Message: Unable to obtain driver for chrome using Selenium Manager.; For documentation on this error, please visit: https://www.selenium.dev/documentation/webdriver/troubleshooting/errors/driver_location
</msg>
<arg>Chrome</arg>
<arg>options=${options}</arg>
<doc>Creates an instance of Selenium WebDriver.</doc>
<status status="FAIL" start="2025-01-23T18:48:34.198650" elapsed="3.451743">NoSuchDriverException: Message: Unable to obtain driver for chrome using Selenium Manager.; For documentation on this error, please visit: https://www.selenium.dev/documentation/webdriver/troubleshooting/errors/driver_location
</status>
</kw>
<arg>'${REMOTE_URL}' != '${EMPTY}'</arg>
<arg>Open Browser</arg>
<arg>about:blank</arg>
<arg>browser=${BROWSER}</arg>
<arg>remote_url=${REMOTE_URL}</arg>
<arg>desired_capabilities=${capabilities}</arg>
<arg>ELSE</arg>
<arg>Create Webdriver</arg>
<arg>Chrome</arg>
<arg>options=${options}</arg>
<doc>Runs the given keyword with the given arguments, if ``condition`` is true.</doc>
<status status="FAIL" start="2025-01-23T18:48:34.198650" elapsed="3.451743">NoSuchDriverException: Message: Unable to obtain driver for chrome using Selenium Manager.; For documentation on this error, please visit: https://www.selenium.dev/documentation/webdriver/troubleshooting/errors/driver_location
</status>
</kw>
<status status="FAIL" start="2025-01-23T18:48:34.195621" elapsed="3.454772">NoSuchDriverException: Message: Unable to obtain driver for chrome using Selenium Manager.; For documentation on this error, please visit: https://www.selenium.dev/documentation/webdriver/troubleshooting/errors/driver_location
</status>
</kw>
<test id="s1-t1" name="User can perform basic integer addition" line="17">
<doc>Verify that calculator can perform basic addition with integers</doc>
<tag>addition</tag>
<tag>integer</tag>
<tag>smoke</tag>
<status status="FAIL" start="2025-01-23T18:48:37.650393" elapsed="0.000000">Parent suite setup failed:
NoSuchDriverException: Message: Unable to obtain driver for chrome using Selenium Manager.; For documentation on this error, please visit: https://www.selenium.dev/documentation/webdriver/troubleshooting/errors/driver_location
</status>
</test>
<test id="s1-t2" name="User can perform basic integer multiplication" line="26">
<doc>Verify that calculator can perform basic multiplication with integers</doc>
<tag>integer</tag>
<tag>multiplication</tag>
<tag>smoke</tag>
<status status="FAIL" start="2025-01-23T18:48:37.652394" elapsed="0.000000">Parent suite setup failed:
NoSuchDriverException: Message: Unable to obtain driver for chrome using Selenium Manager.; For documentation on this error, please visit: https://www.selenium.dev/documentation/webdriver/troubleshooting/errors/driver_location
</status>
</test>
<test id="s1-t3" name="User can perform decimal addition" line="35">
<doc>Verify that calculator can perform addition with decimal numbers</doc>
<tag>addition</tag>
<tag>decimal</tag>
<tag>smoke</tag>
<status status="FAIL" start="2025-01-23T18:48:37.653394" elapsed="0.000000">Parent suite setup failed:
NoSuchDriverException: Message: Unable to obtain driver for chrome using Selenium Manager.; For documentation on this error, please visit: https://www.selenium.dev/documentation/webdriver/troubleshooting/errors/driver_location
</status>
</test>
<test id="s1-t4" name="User can perform decimal multiplication" line="44">
<doc>Verify that calculator can perform multiplication with decimal numbers</doc>
<tag>decimal</tag>
<tag>multiplication</tag>
<tag>smoke</tag>
<status status="FAIL" start="2025-01-23T18:48:37.654394" elapsed="0.000000">Parent suite setup failed:
NoSuchDriverException: Message: Unable to obtain driver for chrome using Selenium Manager.; For documentation on this error, please visit: https://www.selenium.dev/documentation/webdriver/troubleshooting/errors/driver_location
</status>
</test>
<test id="s1-t5" name="User can perform memory operations sequence" line="53">
<doc>Verify that calculator can perform a sequence of memory operations</doc>
<tag>memory</tag>
<tag>smoke</tag>
<status status="FAIL" start="2025-01-23T18:48:37.655420" elapsed="0.000974">Parent suite setup failed:
NoSuchDriverException: Message: Unable to obtain driver for chrome using Selenium Manager.; For documentation on this error, please visit: https://www.selenium.dev/documentation/webdriver/troubleshooting/errors/driver_location
</status>
</test>
<kw name="Cleanup Calculator Environment" type="TEARDOWN">
<kw name="Log" owner="BuiltIn">
<msg time="2025-01-23T18:48:37.657393" level="INFO">Cleaning up calculator test environment</msg>
<arg>Cleaning up calculator test environment</arg>
<arg>console=True</arg>
<doc>Logs the given message with the given level.</doc>
<status status="PASS" start="2025-01-23T18:48:37.657393" elapsed="0.001000"/>
</kw>
<kw name="Close All Browsers" owner="SeleniumLibrary">
<doc>Closes all open browsers and resets the browser cache.</doc>
<status status="PASS" start="2025-01-23T18:48:37.658393" elapsed="0.000000"/>
</kw>
<kw name="Log" owner="BuiltIn">
<msg time="2025-01-23T18:48:37.658393" level="INFO">Calculator environment cleanup completed</msg>
<arg>Calculator environment cleanup completed</arg>
<arg>console=True</arg>
<doc>Logs the given message with the given level.</doc>
<status status="PASS" start="2025-01-23T18:48:37.658393" elapsed="0.000000"/>
</kw>
<status status="PASS" start="2025-01-23T18:48:37.657393" elapsed="0.001000"/>
</kw>
<doc>Test suite for calculator functionality using BDD approach</doc>
<status status="FAIL" start="2025-01-23T18:48:33.831882" elapsed="3.826511">Suite setup failed:
NoSuchDriverException: Message: Unable to obtain driver for chrome using Selenium Manager.; For documentation on this error, please visit: https://www.selenium.dev/documentation/webdriver/troubleshooting/errors/driver_location
</status>
</suite>
<statistics>
<total>
<stat pass="0" fail="5" skip="0">All Tests</stat>
</total>
<tag>
<stat pass="0" fail="2" skip="0">addition</stat>
<stat pass="0" fail="2" skip="0">decimal</stat>
<stat pass="0" fail="2" skip="0">integer</stat>
<stat pass="0" fail="1" skip="0">memory</stat>
<stat pass="0" fail="2" skip="0">multiplication</stat>
<stat pass="0" fail="5" skip="0">smoke</stat>
</tag>
<suite>
<stat pass="0" fail="5" skip="0" id="s1" name="CalculatorTest">CalculatorTest</stat>
</suite>
</statistics>
<errors>
</errors>
</robot>
