<?xml version="1.0" encoding="UTF-8"?>
<robot generator="Robot 7.0 (Python 3.12.1 on win32)" generated="2025-01-23T17:35:48.764842" rpa="false" schemaversion="5">
<suite id="s1" name="CalculatorTest" source="D:\AUTOMATION TEST\Calculator_v2\Tests\CalculatorTest.robot">
<kw name="Setup Calculator Environment" type="SETUP">
<kw name="Log" owner="BuiltIn">
<msg time="2025-01-23T17:35:49.000609" level="INFO">Setting up calculator test environment</msg>
<arg>Setting up calculator test environment</arg>
<arg>console=True</arg>
<doc>Logs the given message with the given level.</doc>
<status status="PASS" start="2025-01-23T17:35:49.000609" elapsed="0.000616"/>
</kw>
<kw name="Set Selenium Timeout" owner="SeleniumLibrary">
<arg>${TIMEOUT}</arg>
<doc>Sets the timeout that is used by various keywords.</doc>
<status status="PASS" start="2025-01-23T17:35:49.001225" elapsed="0.000000"/>
</kw>
<kw name="Evaluate" owner="BuiltIn">
<msg time="2025-01-23T17:35:49.001225" level="INFO">${options} = &lt;selenium.webdriver.chrome.options.Options object at 0x00000164AD4BEA80&gt;</msg>
<var>${options}</var>
<arg>sys.modules['selenium.webdriver'].ChromeOptions()</arg>
<arg>sys, selenium.webdriver</arg>
<doc>Evaluates the given expression in Python and returns the result.</doc>
<status status="PASS" start="2025-01-23T17:35:49.001225" elapsed="0.000000"/>
</kw>
<kw name="Run Keyword If" owner="BuiltIn">
<kw name="Call Method" owner="BuiltIn">
<arg>${options}</arg>
<arg>add_argument</arg>
<arg>--headless</arg>
<doc>Calls the named method of the given object with the provided arguments.</doc>
<status status="PASS" start="2025-01-23T17:35:49.002233" elapsed="0.000000"/>
</kw>
<arg>${HEADLESS}</arg>
<arg>Call Method</arg>
<arg>${options}</arg>
<arg>add_argument</arg>
<arg>--headless</arg>
<doc>Runs the given keyword with the given arguments, if ``condition`` is true.</doc>
<status status="PASS" start="2025-01-23T17:35:49.001225" elapsed="0.001008"/>
</kw>
<kw name="Call Method" owner="BuiltIn">
<arg>${options}</arg>
<arg>add_argument</arg>
<arg>--no-sandbox</arg>
<doc>Calls the named method of the given object with the provided arguments.</doc>
<status status="PASS" start="2025-01-23T17:35:49.002233" elapsed="0.000000"/>
</kw>
<kw name="Call Method" owner="BuiltIn">
<arg>${options}</arg>
<arg>add_argument</arg>
<arg>--disable-dev-shm-usage</arg>
<doc>Calls the named method of the given object with the provided arguments.</doc>
<status status="PASS" start="2025-01-23T17:35:49.002233" elapsed="0.000000"/>
</kw>
<kw name="Call Method" owner="BuiltIn">
<msg time="2025-01-23T17:35:49.002233" level="INFO">${capabilities} = {'browserName': 'chrome', 'pageLoadStrategy': 'normal', 'goog:chromeOptions': {'extensions': [], 'args': ['--headless', '--no-sandbox', '--disable-dev-shm-usage']}}</msg>
<var>${capabilities}</var>
<arg>${options}</arg>
<arg>to_capabilities</arg>
<doc>Calls the named method of the given object with the provided arguments.</doc>
<status status="PASS" start="2025-01-23T17:35:49.002233" elapsed="0.000000"/>
</kw>
<kw name="Run Keyword If" owner="BuiltIn">
<kw name="Create Webdriver" owner="SeleniumLibrary">
<msg time="2025-01-23T17:35:49.003232" level="INFO">Creating an instance of the Chrome WebDriver.</msg>
<arg>Chrome</arg>
<arg>options=${options}</arg>
<doc>Creates an instance of Selenium WebDriver.</doc>
<status status="PASS" start="2025-01-23T17:35:49.002233" elapsed="1.838902"/>
</kw>
<arg>'${REMOTE_URL}' != '${EMPTY}'</arg>
<arg>Open Browser</arg>
<arg>about:blank</arg>
<arg>browser=${BROWSER}</arg>
<arg>remote_url=${REMOTE_URL}</arg>
<arg>desired_capabilities=${capabilities}</arg>
<arg>ELSE</arg>
<arg>Create Webdriver</arg>
<arg>Chrome</arg>
<arg>options=${options}</arg>
<doc>Runs the given keyword with the given arguments, if ``condition`` is true.</doc>
<status status="PASS" start="2025-01-23T17:35:49.002233" elapsed="1.838902"/>
</kw>
<status status="PASS" start="2025-01-23T17:35:48.999611" elapsed="1.841524"/>
</kw>
<test id="s1-t1" name="User can perform basic integer addition" line="17">
<kw name="Initialize Calculator Session" owner="CalculatorFlow" type="SETUP">
<kw name="Log" owner="BuiltIn">
<msg time="2025-01-23T17:35:50.842134" level="INFO">Initializing calculator session</msg>
<arg>Initializing calculator session</arg>
<arg>console=True</arg>
<doc>Logs the given message with the given level.</doc>
<status status="PASS" start="2025-01-23T17:35:50.842134" elapsed="0.000545"/>
</kw>
<kw name="Open Browser" owner="SeleniumLibrary">
<msg time="2025-01-23T17:35:50.842679" level="INFO">Opening browser 'chrome' to base url 'https://testpages.eviltester.com/styled/apps/calculator.html'.</msg>
<arg>${CALCULATOR_URL}</arg>
<arg>${BROWSER}</arg>
<doc>Opens a new browser instance to the optional ``url``.</doc>
<status status="PASS" start="2025-01-23T17:35:50.842679" elapsed="5.258554"/>
</kw>
<kw name="Maximize Browser Window" owner="SeleniumLibrary">
<doc>Maximizes current browser window.</doc>
<status status="PASS" start="2025-01-23T17:35:56.102215" elapsed="0.031514"/>
</kw>
<kw name="Wait Until Element Is Visible" owner="SeleniumLibrary">
<arg>${CALCULATOR_DISPLAY}</arg>
<doc>Waits until the element ``locator`` is visible.</doc>
<status status="PASS" start="2025-01-23T17:35:56.133729" elapsed="0.021001"/>
</kw>
<kw name="Log" owner="BuiltIn">
<msg time="2025-01-23T17:35:56.155729" level="INFO">Calculator session initialized successfully</msg>
<arg>Calculator session initialized successfully</arg>
<arg>console=True</arg>
<doc>Logs the given message with the given level.</doc>
<status status="PASS" start="2025-01-23T17:35:56.154730" elapsed="0.000999"/>
</kw>
<doc>Opens calculator and prepares for testing</doc>
<status status="PASS" start="2025-01-23T17:35:50.842134" elapsed="5.313595"/>
</kw>
<kw name="Log" owner="BuiltIn">
<msg time="2025-01-23T17:35:56.155729" level="INFO">Starting test: Basic Integer Addition</msg>
<arg>Starting test: Basic Integer Addition</arg>
<arg>console=True</arg>
<doc>Logs the given message with the given level.</doc>
<status status="PASS" start="2025-01-23T17:35:56.155729" elapsed="0.000000"/>
</kw>
<kw name="Given Calculator is ready for input">
<kw name="Log" owner="BuiltIn">
<msg time="2025-01-23T17:35:56.156732" level="INFO">Ensuring calculator is ready for input</msg>
<arg>Ensuring calculator is ready for input</arg>
<arg>console=True</arg>
<doc>Logs the given message with the given level.</doc>
<status status="PASS" start="2025-01-23T17:35:56.156732" elapsed="0.000000"/>
</kw>
<kw name="Clear Display" owner="CalculatorPage">
<kw name="Wait Until Element Is Visible" owner="SeleniumLibrary">
<arg>${CLEAR_BTN}</arg>
<arg>${TIMEOUT}</arg>
<doc>Waits until the element ``locator`` is visible.</doc>
<status status="PASS" start="2025-01-23T17:35:56.156732" elapsed="0.017037"/>
</kw>
<kw name="Click Element" owner="SeleniumLibrary">
<msg time="2025-01-23T17:35:56.173769" level="INFO">Clicking element 'id=buttonclearentry'.</msg>
<arg>${CLEAR_BTN}</arg>
<doc>Click the element identified by ``locator``.</doc>
<status status="PASS" start="2025-01-23T17:35:56.173769" elapsed="0.044823"/>
</kw>
<kw name="Verify Display Shows" owner="CalculatorFlow">
<kw name="Log" owner="BuiltIn">
<msg time="2025-01-23T17:35:56.219610" level="INFO">Verifying display shows: </msg>
<arg>Verifying display shows: ${expected_value}</arg>
<arg>console=True</arg>
<doc>Logs the given message with the given level.</doc>
<status status="PASS" start="2025-01-23T17:35:56.219610" elapsed="0.000000"/>
</kw>
<kw name="Wait Until Display Shows" owner="CalculatorPage">
<kw name="Wait Until Keyword Succeeds" owner="BuiltIn">
<kw name="Verify Display Value" owner="CalculatorPage">
<kw name="Get Display Value" owner="CalculatorPage">
<kw name="Wait Until Element Is Visible" owner="SeleniumLibrary">
<arg>${CALCULATOR_DISPLAY}</arg>
<doc>Waits until the element ``locator`` is visible.</doc>
<status status="PASS" start="2025-01-23T17:35:56.220596" elapsed="0.010943"/>
</kw>
<kw name="Get Element Attribute" owner="SeleniumLibrary">
<msg time="2025-01-23T17:35:56.245536" level="INFO">${value} = </msg>
<var>${value}</var>
<arg>${CALCULATOR_DISPLAY}</arg>
<arg>value</arg>
<doc>Returns the value of ``attribute`` from the element ``locator``.</doc>
<status status="PASS" start="2025-01-23T17:35:56.231539" elapsed="0.013997"/>
</kw>
<kw name="Set Variable If" owner="BuiltIn">
<msg time="2025-01-23T17:35:56.245536" level="INFO">${value} = </msg>
<var>${value}</var>
<arg>'${value}' == ''</arg>
<arg>${DEFAULT_VALUE}</arg>
<arg>${value}</arg>
<doc>Sets variable based on the given condition.</doc>
<status status="PASS" start="2025-01-23T17:35:56.245536" elapsed="0.000000"/>
</kw>
<return>
<value>${value}</value>
<status status="PASS" start="2025-01-23T17:35:56.246540" elapsed="0.000000"/>
</return>
<msg time="2025-01-23T17:35:56.246540" level="INFO">${actual} = </msg>
<var>${actual}</var>
<status status="PASS" start="2025-01-23T17:35:56.220596" elapsed="0.025944"/>
</kw>
<kw name="Convert And Compare Numbers" owner="CalculatorPage">
<kw name="Run Keyword If" owner="BuiltIn">
<kw name="Set Variable" owner="BuiltIn">
<arg>0</arg>
<doc>Returns the given values which can then be assigned to a variables.</doc>
<status status="PASS" start="2025-01-23T17:35:56.246540" elapsed="0.000000"/>
</kw>
<msg time="2025-01-23T17:35:56.247590" level="INFO">${actual_num} = 0</msg>
<var>${actual_num}</var>
<arg>'${actual}' == ''</arg>
<arg>Set Variable</arg>
<arg>0</arg>
<arg>ELSE</arg>
<arg>Convert To Number</arg>
<arg>${actual}</arg>
<doc>Runs the given keyword with the given arguments, if ``condition`` is true.</doc>
<status status="PASS" start="2025-01-23T17:35:56.246540" elapsed="0.001050"/>
</kw>
<kw name="Run Keyword If" owner="BuiltIn">
<kw name="Set Variable" owner="BuiltIn">
<arg>0</arg>
<doc>Returns the given values which can then be assigned to a variables.</doc>
<status status="PASS" start="2025-01-23T17:35:56.247590" elapsed="0.000000"/>
</kw>
<msg time="2025-01-23T17:35:56.247590" level="INFO">${expected_num} = 0</msg>
<var>${expected_num}</var>
<arg>'${expected}' == ''</arg>
<arg>Set Variable</arg>
<arg>0</arg>
<arg>ELSE</arg>
<arg>Convert To Number</arg>
<arg>${expected}</arg>
<doc>Runs the given keyword with the given arguments, if ``condition`` is true.</doc>
<status status="PASS" start="2025-01-23T17:35:56.247590" elapsed="0.000000"/>
</kw>
<kw name="Should Be Equal As Numbers" owner="BuiltIn">
<arg>${actual_num}</arg>
<arg>${expected_num}</arg>
<doc>Fails if objects are unequal after converting them to real numbers.</doc>
<status status="PASS" start="2025-01-23T17:35:56.247590" elapsed="0.000000"/>
</kw>
<arg>${actual}</arg>
<arg>${expected}</arg>
<status status="PASS" start="2025-01-23T17:35:56.246540" elapsed="0.001050"/>
</kw>
<arg>${expected}</arg>
<status status="PASS" start="2025-01-23T17:35:56.220596" elapsed="0.026994"/>
</kw>
<arg>5s</arg>
<arg>1s</arg>
<arg>Verify Display Value</arg>
<arg>${expected}</arg>
<doc>Runs the specified keyword and retries if it fails.</doc>
<status status="PASS" start="2025-01-23T17:35:56.220596" elapsed="0.026994"/>
</kw>
<arg>${expected_value}</arg>
<status status="PASS" start="2025-01-23T17:35:56.219610" elapsed="0.027980"/>
</kw>
<arg>${DEFAULT_VALUE}</arg>
<doc>Verifies the calculator display shows expected value</doc>
<status status="PASS" start="2025-01-23T17:35:56.219610" elapsed="0.027980"/>
</kw>
<status status="PASS" start="2025-01-23T17:35:56.156732" elapsed="0.090858"/>
</kw>
<kw name="Verify Display Shows" owner="CalculatorFlow">
<kw name="Log" owner="BuiltIn">
<msg time="2025-01-23T17:35:56.248600" level="INFO">Verifying display shows: </msg>
<arg>Verifying display shows: ${expected_value}</arg>
<arg>console=True</arg>
<doc>Logs the given message with the given level.</doc>
<status status="PASS" start="2025-01-23T17:35:56.247590" elapsed="0.001010"/>
</kw>
<kw name="Wait Until Display Shows" owner="CalculatorPage">
<kw name="Wait Until Keyword Succeeds" owner="BuiltIn">
<kw name="Verify Display Value" owner="CalculatorPage">
<kw name="Get Display Value" owner="CalculatorPage">
<kw name="Wait Until Element Is Visible" owner="SeleniumLibrary">
<arg>${CALCULATOR_DISPLAY}</arg>
<doc>Waits until the element ``locator`` is visible.</doc>
<status status="PASS" start="2025-01-23T17:35:56.249545" elapsed="0.012996"/>
</kw>
<kw name="Get Element Attribute" owner="SeleniumLibrary">
<msg time="2025-01-23T17:35:56.275554" level="INFO">${value} = </msg>
<var>${value}</var>
<arg>${CALCULATOR_DISPLAY}</arg>
<arg>value</arg>
<doc>Returns the value of ``attribute`` from the element ``locator``.</doc>
<status status="PASS" start="2025-01-23T17:35:56.262541" elapsed="0.013013"/>
</kw>
<kw name="Set Variable If" owner="BuiltIn">
<msg time="2025-01-23T17:35:56.275554" level="INFO">${value} = </msg>
<var>${value}</var>
<arg>'${value}' == ''</arg>
<arg>${DEFAULT_VALUE}</arg>
<arg>${value}</arg>
<doc>Sets variable based on the given condition.</doc>
<status status="PASS" start="2025-01-23T17:35:56.275554" elapsed="0.000000"/>
</kw>
<return>
<value>${value}</value>
<status status="PASS" start="2025-01-23T17:35:56.275554" elapsed="0.000000"/>
</return>
<msg time="2025-01-23T17:35:56.275554" level="INFO">${actual} = </msg>
<var>${actual}</var>
<status status="PASS" start="2025-01-23T17:35:56.248600" elapsed="0.026954"/>
</kw>
<kw name="Convert And Compare Numbers" owner="CalculatorPage">
<kw name="Run Keyword If" owner="BuiltIn">
<kw name="Set Variable" owner="BuiltIn">
<arg>0</arg>
<doc>Returns the given values which can then be assigned to a variables.</doc>
<status status="PASS" start="2025-01-23T17:35:56.276553" elapsed="0.000000"/>
</kw>
<msg time="2025-01-23T17:35:56.276553" level="INFO">${actual_num} = 0</msg>
<var>${actual_num}</var>
<arg>'${actual}' == ''</arg>
<arg>Set Variable</arg>
<arg>0</arg>
<arg>ELSE</arg>
<arg>Convert To Number</arg>
<arg>${actual}</arg>
<doc>Runs the given keyword with the given arguments, if ``condition`` is true.</doc>
<status status="PASS" start="2025-01-23T17:35:56.276553" elapsed="0.000000"/>
</kw>
<kw name="Run Keyword If" owner="BuiltIn">
<kw name="Set Variable" owner="BuiltIn">
<arg>0</arg>
<doc>Returns the given values which can then be assigned to a variables.</doc>
<status status="PASS" start="2025-01-23T17:35:56.276553" elapsed="0.000000"/>
</kw>
<msg time="2025-01-23T17:35:56.276553" level="INFO">${expected_num} = 0</msg>
<var>${expected_num}</var>
<arg>'${expected}' == ''</arg>
<arg>Set Variable</arg>
<arg>0</arg>
<arg>ELSE</arg>
<arg>Convert To Number</arg>
<arg>${expected}</arg>
<doc>Runs the given keyword with the given arguments, if ``condition`` is true.</doc>
<status status="PASS" start="2025-01-23T17:35:56.276553" elapsed="0.000000"/>
</kw>
<kw name="Should Be Equal As Numbers" owner="BuiltIn">
<arg>${actual_num}</arg>
<arg>${expected_num}</arg>
<doc>Fails if objects are unequal after converting them to real numbers.</doc>
<status status="PASS" start="2025-01-23T17:35:56.276553" elapsed="0.000000"/>
</kw>
<arg>${actual}</arg>
<arg>${expected}</arg>
<status status="PASS" start="2025-01-23T17:35:56.275554" elapsed="0.000999"/>
</kw>
<arg>${expected}</arg>
<status status="PASS" start="2025-01-23T17:35:56.248600" elapsed="0.028949"/>
</kw>
<arg>5s</arg>
<arg>1s</arg>
<arg>Verify Display Value</arg>
<arg>${expected}</arg>
<doc>Runs the specified keyword and retries if it fails.</doc>
<status status="PASS" start="2025-01-23T17:35:56.248600" elapsed="0.028949"/>
</kw>
<arg>${expected_value}</arg>
<status status="PASS" start="2025-01-23T17:35:56.248600" elapsed="0.028949"/>
</kw>
<arg>${DEFAULT_VALUE}</arg>
<doc>Verifies the calculator display shows expected value</doc>
<status status="PASS" start="2025-01-23T17:35:56.247590" elapsed="0.029959"/>
</kw>
<status status="PASS" start="2025-01-23T17:35:56.156732" elapsed="0.120817"/>
</kw>
<kw name="When User generates test data for basic operation">
<kw name="Log" owner="BuiltIn">
<msg time="2025-01-23T17:35:56.277549" level="INFO">Generating test data for basic operation (min=1, max=100, decimals=False)</msg>
<arg>Generating test data for basic operation (min=${min}, max=${max}, decimals=${use_decimals})</arg>
<arg>console=True</arg>
<doc>Logs the given message with the given level.</doc>
<status status="PASS" start="2025-01-23T17:35:56.277549" elapsed="0.001006"/>
</kw>
<kw name="Generate Basic Operation Data" owner="CalculatorData">
<kw name="Create Calculator Generator" owner="CalculatorData">
<kw name="Evaluate" owner="BuiltIn">
<msg time="2025-01-23T17:35:56.279537" level="INFO">${generator} = &lt;calculator_data_generator.CalculatorDataGenerator object at 0x00000164AD4BD340&gt;</msg>
<var>${generator}</var>
<arg>calculator_data_generator.CalculatorDataGenerator()</arg>
<doc>Evaluates the given expression in Python and returns the result.</doc>
<status status="PASS" start="2025-01-23T17:35:56.278555" elapsed="0.000982"/>
</kw>
<return>
<value>${generator}</value>
<status status="PASS" start="2025-01-23T17:35:56.279537" elapsed="0.000000"/>
</return>
<msg time="2025-01-23T17:35:56.279537" level="INFO">${generator} = &lt;calculator_data_generator.CalculatorDataGenerator object at 0x00000164AD4BD340&gt;</msg>
<var>${generator}</var>
<status status="PASS" start="2025-01-23T17:35:56.278555" elapsed="0.000982"/>
</kw>
<kw name="Generate Numbers" owner="calculator_data_generator">
<msg time="2025-01-23T17:35:56.279537" level="INFO">${data} = {'num1': '67', 'num2': '24', 'expected_addition': '91', 'expected_multiplication': '1608'}</msg>
<var>${data}</var>
<arg>${generator}</arg>
<arg>${min_val}</arg>
<arg>${max_val}</arg>
<arg>${use_decimal}</arg>
<doc>Helper function to generate numbers</doc>
<status status="PASS" start="2025-01-23T17:35:56.279537" elapsed="0.000000"/>
</kw>
<return>
<value>${data}</value>
<status status="PASS" start="2025-01-23T17:35:56.279537" elapsed="0.000000"/>
</return>
<msg time="2025-01-23T17:35:56.279537" level="INFO">${test_data} = {'num1': '67', 'num2': '24', 'expected_addition': '91', 'expected_multiplication': '1608'}</msg>
<var>${test_data}</var>
<arg>${min}</arg>
<arg>${max}</arg>
<arg>${use_decimals}</arg>
<status status="PASS" start="2025-01-23T17:35:56.278555" elapsed="0.000982"/>
</kw>
<kw name="Set Test Variable" owner="BuiltIn">
<msg time="2025-01-23T17:35:56.279537" level="INFO">${TEST_DATA} = {'num1': '67', 'num2': '24', 'expected_addition': '91', 'expected_multiplication': '1608'}</msg>
<arg>${TEST_DATA}</arg>
<arg>${test_data}</arg>
<doc>Makes a variable available everywhere within the scope of the current test.</doc>
<status status="PASS" start="2025-01-23T17:35:56.279537" elapsed="0.000000"/>
</kw>
<kw name="Log" owner="BuiltIn">
<msg time="2025-01-23T17:35:56.279537" level="INFO">Generated test data: {'num1': '67', 'num2': '24', 'expected_addition': '91', 'expected_multiplication': '1608'}</msg>
<arg>Generated test data: ${test_data}</arg>
<arg>console=True</arg>
<doc>Logs the given message with the given level.</doc>
<status status="PASS" start="2025-01-23T17:35:56.279537" elapsed="0.001000"/>
</kw>
<arg>min=1</arg>
<arg>max=100</arg>
<arg>use_decimals=${FALSE}</arg>
<status status="PASS" start="2025-01-23T17:35:56.277549" elapsed="0.002988"/>
</kw>
<kw name="And User performs addition operation with generated numbers">
<kw name="Log" owner="BuiltIn">
<msg time="2025-01-23T17:35:56.280537" level="INFO">Performing addition operation with numbers: 67 + 24</msg>
<arg>Performing addition operation with numbers: ${TEST_DATA}[num1] + ${TEST_DATA}[num2]</arg>
<arg>console=True</arg>
<doc>Logs the given message with the given level.</doc>
<status status="PASS" start="2025-01-23T17:35:56.280537" elapsed="0.000000"/>
</kw>
<kw name="Perform Addition Operation" owner="CalculatorFlow">
<kw name="Log" owner="BuiltIn">
<msg time="2025-01-23T17:35:56.281536" level="INFO">Performing addition: 67 + 24</msg>
<arg>Performing addition: ${first_number} + ${second_number}</arg>
<arg>console=True</arg>
<doc>Logs the given message with the given level.</doc>
<status status="PASS" start="2025-01-23T17:35:56.281536" elapsed="0.000000"/>
</kw>
<kw name="Enter Number" owner="CalculatorFlow">
<kw name="Log" owner="BuiltIn">
<msg time="2025-01-23T17:35:56.281536" level="INFO">Entering number: 67</msg>
<arg>Entering number: ${number}</arg>
<arg>console=True</arg>
<doc>Logs the given message with the given level.</doc>
<status status="PASS" start="2025-01-23T17:35:56.281536" elapsed="0.000000"/>
</kw>
<kw name="Convert To String" owner="BuiltIn">
<msg time="2025-01-23T17:35:56.282548" level="INFO">${digits} = 67</msg>
<var>${digits}</var>
<arg>${number}</arg>
<doc>Converts the given item to a Unicode string.</doc>
<status status="PASS" start="2025-01-23T17:35:56.282548" elapsed="0.000000"/>
</kw>
<kw name="Split String To Characters" owner="String">
<msg time="2025-01-23T17:35:56.282548" level="INFO">@{chars} = [ 6 | 7 ]</msg>
<var>@{chars}</var>
<arg>${digits}</arg>
<doc>Splits the given ``string`` to characters.</doc>
<status status="PASS" start="2025-01-23T17:35:56.282548" elapsed="0.000000"/>
</kw>
<for flavor="IN">
<iter>
<kw name="Run Keyword If" owner="BuiltIn">
<kw name="Click Number" owner="CalculatorPage">
<kw name="Get From Dictionary" owner="Collections">
<msg time="2025-01-23T17:35:56.283543" level="INFO">${button_id} = button06</msg>
<var>${button_id}</var>
<arg>${NUMBER_BUTTONS}</arg>
<arg>${number}</arg>
<doc>Returns a value from the given ``dictionary`` based on the given ``key``.</doc>
<status status="PASS" start="2025-01-23T17:35:56.283543" elapsed="0.000000"/>
</kw>
<kw name="Wait And Click Element" owner="CalculatorPage">
<kw name="Wait Until Element Is Visible" owner="SeleniumLibrary">
<arg>${locator}</arg>
<doc>Waits until the element ``locator`` is visible.</doc>
<status status="PASS" start="2025-01-23T17:35:56.283543" elapsed="0.015025"/>
</kw>
<kw name="Click Element" owner="SeleniumLibrary">
<msg time="2025-01-23T17:35:56.298568" level="INFO">Clicking element 'id=button06'.</msg>
<arg>${locator}</arg>
<doc>Click the element identified by ``locator``.</doc>
<status status="PASS" start="2025-01-23T17:35:56.298568" elapsed="0.040638"/>
</kw>
<arg>id=${button_id}</arg>
<status status="PASS" start="2025-01-23T17:35:56.283543" elapsed="0.055663"/>
</kw>
<arg>${char}</arg>
<status status="PASS" start="2025-01-23T17:35:56.282548" elapsed="0.056658"/>
</kw>
<arg>'${char}' == '.'</arg>
<arg>Click Decimal Point</arg>
<arg>ELSE</arg>
<arg>Click Number</arg>
<arg>${char}</arg>
<doc>Runs the given keyword with the given arguments, if ``condition`` is true.</doc>
<status status="PASS" start="2025-01-23T17:35:56.282548" elapsed="0.056658"/>
</kw>
<var name="${char}">6</var>
<status status="PASS" start="2025-01-23T17:35:56.282548" elapsed="0.056658"/>
</iter>
<iter>
<kw name="Run Keyword If" owner="BuiltIn">
<kw name="Click Number" owner="CalculatorPage">
<kw name="Get From Dictionary" owner="Collections">
<msg time="2025-01-23T17:35:56.339206" level="INFO">${button_id} = button07</msg>
<var>${button_id}</var>
<arg>${NUMBER_BUTTONS}</arg>
<arg>${number}</arg>
<doc>Returns a value from the given ``dictionary`` based on the given ``key``.</doc>
<status status="PASS" start="2025-01-23T17:35:56.339206" elapsed="0.000000"/>
</kw>
<kw name="Wait And Click Element" owner="CalculatorPage">
<kw name="Wait Until Element Is Visible" owner="SeleniumLibrary">
<arg>${locator}</arg>
<doc>Waits until the element ``locator`` is visible.</doc>
<status status="PASS" start="2025-01-23T17:35:56.340197" elapsed="0.013013"/>
</kw>
<kw name="Click Element" owner="SeleniumLibrary">
<msg time="2025-01-23T17:35:56.353210" level="INFO">Clicking element 'id=button07'.</msg>
<arg>${locator}</arg>
<doc>Click the element identified by ``locator``.</doc>
<status status="PASS" start="2025-01-23T17:35:56.353210" elapsed="0.038523"/>
</kw>
<arg>id=${button_id}</arg>
<status status="PASS" start="2025-01-23T17:35:56.340197" elapsed="0.051536"/>
</kw>
<arg>${char}</arg>
<status status="PASS" start="2025-01-23T17:35:56.339206" elapsed="0.052527"/>
</kw>
<arg>'${char}' == '.'</arg>
<arg>Click Decimal Point</arg>
<arg>ELSE</arg>
<arg>Click Number</arg>
<arg>${char}</arg>
<doc>Runs the given keyword with the given arguments, if ``condition`` is true.</doc>
<status status="PASS" start="2025-01-23T17:35:56.339206" elapsed="0.052527"/>
</kw>
<var name="${char}">7</var>
<status status="PASS" start="2025-01-23T17:35:56.339206" elapsed="0.052527"/>
</iter>
<var>${char}</var>
<value>@{chars}</value>
<status status="PASS" start="2025-01-23T17:35:56.282548" elapsed="0.109185"/>
</for>
<kw name="Sleep" owner="BuiltIn">
<msg time="2025-01-23T17:35:56.592102" level="INFO">Slept 200 milliseconds.</msg>
<arg>0.2s</arg>
<doc>Pauses the test executed for the given time.</doc>
<status status="PASS" start="2025-01-23T17:35:56.391733" elapsed="0.200369"/>
</kw>
<arg>${first_number}</arg>
<doc>Enters a number into the calculator</doc>
<status status="PASS" start="2025-01-23T17:35:56.281536" elapsed="0.311191"/>
</kw>
<kw name="Press Addition Operator" owner="CalculatorFlow">
<kw name="Log" owner="BuiltIn">
<msg time="2025-01-23T17:35:56.593839" level="INFO">Pressing addition operator</msg>
<arg>Pressing addition operator</arg>
<arg>console=True</arg>
<doc>Logs the given message with the given level.</doc>
<status status="PASS" start="2025-01-23T17:35:56.592727" elapsed="0.002018"/>
</kw>
<kw name="Click Plus" owner="CalculatorPage">
<kw name="Wait And Click Element" owner="CalculatorPage">
<kw name="Wait Until Element Is Visible" owner="SeleniumLibrary">
<arg>${locator}</arg>
<doc>Waits until the element ``locator`` is visible.</doc>
<status status="PASS" start="2025-01-23T17:35:56.595741" elapsed="0.018730"/>
</kw>
<kw name="Click Element" owner="SeleniumLibrary">
<msg time="2025-01-23T17:35:56.614471" level="INFO">Clicking element 'id=buttonplus'.</msg>
<arg>${locator}</arg>
<doc>Click the element identified by ``locator``.</doc>
<status status="PASS" start="2025-01-23T17:35:56.614471" elapsed="0.038942"/>
</kw>
<arg>${PLUS_BTN}</arg>
<status status="PASS" start="2025-01-23T17:35:56.594745" elapsed="0.058668"/>
</kw>
<status status="PASS" start="2025-01-23T17:35:56.594745" elapsed="0.058668"/>
</kw>
<doc>Clicks the addition operator</doc>
<status status="PASS" start="2025-01-23T17:35:56.592727" elapsed="0.060686"/>
</kw>
<kw name="Enter Number" owner="CalculatorFlow">
<kw name="Log" owner="BuiltIn">
<msg time="2025-01-23T17:35:56.654412" level="INFO">Entering number: 24</msg>
<arg>Entering number: ${number}</arg>
<arg>console=True</arg>
<doc>Logs the given message with the given level.</doc>
<status status="PASS" start="2025-01-23T17:35:56.654412" elapsed="0.000000"/>
</kw>
<kw name="Convert To String" owner="BuiltIn">
<msg time="2025-01-23T17:35:56.654412" level="INFO">${digits} = 24</msg>
<var>${digits}</var>
<arg>${number}</arg>
<doc>Converts the given item to a Unicode string.</doc>
<status status="PASS" start="2025-01-23T17:35:56.654412" elapsed="0.000000"/>
</kw>
<kw name="Split String To Characters" owner="String">
<msg time="2025-01-23T17:35:56.654412" level="INFO">@{chars} = [ 2 | 4 ]</msg>
<var>@{chars}</var>
<arg>${digits}</arg>
<doc>Splits the given ``string`` to characters.</doc>
<status status="PASS" start="2025-01-23T17:35:56.654412" elapsed="0.000000"/>
</kw>
<for flavor="IN">
<iter>
<kw name="Run Keyword If" owner="BuiltIn">
<kw name="Click Number" owner="CalculatorPage">
<kw name="Get From Dictionary" owner="Collections">
<msg time="2025-01-23T17:35:56.655414" level="INFO">${button_id} = button02</msg>
<var>${button_id}</var>
<arg>${NUMBER_BUTTONS}</arg>
<arg>${number}</arg>
<doc>Returns a value from the given ``dictionary`` based on the given ``key``.</doc>
<status status="PASS" start="2025-01-23T17:35:56.655414" elapsed="0.000000"/>
</kw>
<kw name="Wait And Click Element" owner="CalculatorPage">
<kw name="Wait Until Element Is Visible" owner="SeleniumLibrary">
<arg>${locator}</arg>
<doc>Waits until the element ``locator`` is visible.</doc>
<status status="PASS" start="2025-01-23T17:35:56.656413" elapsed="0.012292"/>
</kw>
<kw name="Click Element" owner="SeleniumLibrary">
<msg time="2025-01-23T17:35:56.668705" level="INFO">Clicking element 'id=button02'.</msg>
<arg>${locator}</arg>
<doc>Click the element identified by ``locator``.</doc>
<status status="PASS" start="2025-01-23T17:35:56.668705" elapsed="0.034786"/>
</kw>
<arg>id=${button_id}</arg>
<status status="PASS" start="2025-01-23T17:35:56.655414" elapsed="0.048077"/>
</kw>
<arg>${char}</arg>
<status status="PASS" start="2025-01-23T17:35:56.655414" elapsed="0.048077"/>
</kw>
<arg>'${char}' == '.'</arg>
<arg>Click Decimal Point</arg>
<arg>ELSE</arg>
<arg>Click Number</arg>
<arg>${char}</arg>
<doc>Runs the given keyword with the given arguments, if ``condition`` is true.</doc>
<status status="PASS" start="2025-01-23T17:35:56.655414" elapsed="0.048077"/>
</kw>
<var name="${char}">2</var>
<status status="PASS" start="2025-01-23T17:35:56.655414" elapsed="0.048077"/>
</iter>
<iter>
<kw name="Run Keyword If" owner="BuiltIn">
<kw name="Click Number" owner="CalculatorPage">
<kw name="Get From Dictionary" owner="Collections">
<msg time="2025-01-23T17:35:56.704521" level="INFO">${button_id} = button04</msg>
<var>${button_id}</var>
<arg>${NUMBER_BUTTONS}</arg>
<arg>${number}</arg>
<doc>Returns a value from the given ``dictionary`` based on the given ``key``.</doc>
<status status="PASS" start="2025-01-23T17:35:56.704521" elapsed="0.000000"/>
</kw>
<kw name="Wait And Click Element" owner="CalculatorPage">
<kw name="Wait Until Element Is Visible" owner="SeleniumLibrary">
<arg>${locator}</arg>
<doc>Waits until the element ``locator`` is visible.</doc>
<status status="PASS" start="2025-01-23T17:35:56.704521" elapsed="0.012629"/>
</kw>
<kw name="Click Element" owner="SeleniumLibrary">
<msg time="2025-01-23T17:35:56.718152" level="INFO">Clicking element 'id=button04'.</msg>
<arg>${locator}</arg>
<doc>Click the element identified by ``locator``.</doc>
<status status="PASS" start="2025-01-23T17:35:56.717150" elapsed="0.031670"/>
</kw>
<arg>id=${button_id}</arg>
<status status="PASS" start="2025-01-23T17:35:56.704521" elapsed="0.044299"/>
</kw>
<arg>${char}</arg>
<status status="PASS" start="2025-01-23T17:35:56.704521" elapsed="0.044299"/>
</kw>
<arg>'${char}' == '.'</arg>
<arg>Click Decimal Point</arg>
<arg>ELSE</arg>
<arg>Click Number</arg>
<arg>${char}</arg>
<doc>Runs the given keyword with the given arguments, if ``condition`` is true.</doc>
<status status="PASS" start="2025-01-23T17:35:56.703491" elapsed="0.045329"/>
</kw>
<var name="${char}">4</var>
<status status="PASS" start="2025-01-23T17:35:56.703491" elapsed="0.045329"/>
</iter>
<var>${char}</var>
<value>@{chars}</value>
<status status="PASS" start="2025-01-23T17:35:56.654412" elapsed="0.094408"/>
</for>
<kw name="Sleep" owner="BuiltIn">
<msg time="2025-01-23T17:35:56.949132" level="INFO">Slept 200 milliseconds.</msg>
<arg>0.2s</arg>
<doc>Pauses the test executed for the given time.</doc>
<status status="PASS" start="2025-01-23T17:35:56.748820" elapsed="0.200312"/>
</kw>
<arg>${second_number}</arg>
<doc>Enters a number into the calculator</doc>
<status status="PASS" start="2025-01-23T17:35:56.653413" elapsed="0.295719"/>
</kw>
<kw name="Press Equals" owner="CalculatorFlow">
<kw name="Log" owner="BuiltIn">
<msg time="2025-01-23T17:35:56.950175" level="INFO">Pressing equals button</msg>
<arg>Pressing equals button</arg>
<arg>console=True</arg>
<doc>Logs the given message with the given level.</doc>
<status status="PASS" start="2025-01-23T17:35:56.950175" elapsed="0.001993"/>
</kw>
<kw name="Click Equals" owner="CalculatorPage">
<kw name="Wait And Click Element" owner="CalculatorPage">
<kw name="Wait Until Element Is Visible" owner="SeleniumLibrary">
<arg>${locator}</arg>
<doc>Waits until the element ``locator`` is visible.</doc>
<status status="PASS" start="2025-01-23T17:35:56.953169" elapsed="0.022087"/>
</kw>
<kw name="Click Element" owner="SeleniumLibrary">
<msg time="2025-01-23T17:35:56.975256" level="INFO">Clicking element 'id=buttonequals'.</msg>
<arg>${locator}</arg>
<doc>Click the element identified by ``locator``.</doc>
<status status="PASS" start="2025-01-23T17:35:56.975256" elapsed="0.034491"/>
</kw>
<arg>${CALCULATOR_EQUALS}</arg>
<status status="PASS" start="2025-01-23T17:35:56.953169" elapsed="0.056578"/>
</kw>
<status status="PASS" start="2025-01-23T17:35:56.952168" elapsed="0.057579"/>
</kw>
<kw name="Sleep" owner="BuiltIn">
<msg time="2025-01-23T17:35:57.511652" level="INFO">Slept 500 milliseconds.</msg>
<arg>0.5s</arg>
<doc>Pauses the test executed for the given time.</doc>
<status status="PASS" start="2025-01-23T17:35:57.010781" elapsed="0.500871"/>
</kw>
<kw name="Get Display Value" owner="CalculatorPage">
<kw name="Wait Until Element Is Visible" owner="SeleniumLibrary">
<arg>${CALCULATOR_DISPLAY}</arg>
<doc>Waits until the element ``locator`` is visible.</doc>
<status status="PASS" start="2025-01-23T17:35:57.512551" elapsed="0.020979"/>
</kw>
<kw name="Get Element Attribute" owner="SeleniumLibrary">
<msg time="2025-01-23T17:35:57.541314" level="INFO">${value} = 91</msg>
<var>${value}</var>
<arg>${CALCULATOR_DISPLAY}</arg>
<arg>value</arg>
<doc>Returns the value of ``attribute`` from the element ``locator``.</doc>
<status status="PASS" start="2025-01-23T17:35:57.533530" elapsed="0.007784"/>
</kw>
<kw name="Set Variable If" owner="BuiltIn">
<msg time="2025-01-23T17:35:57.542315" level="INFO">${value} = 91</msg>
<var>${value}</var>
<arg>'${value}' == ''</arg>
<arg>${DEFAULT_VALUE}</arg>
<arg>${value}</arg>
<doc>Sets variable based on the given condition.</doc>
<status status="PASS" start="2025-01-23T17:35:57.541314" elapsed="0.001001"/>
</kw>
<return>
<value>${value}</value>
<status status="PASS" start="2025-01-23T17:35:57.542315" elapsed="0.000000"/>
</return>
<msg time="2025-01-23T17:35:57.542315" level="INFO">${result} = 91</msg>
<var>${result}</var>
<status status="PASS" start="2025-01-23T17:35:57.512551" elapsed="0.029764"/>
</kw>
<kw name="Log" owner="BuiltIn">
<msg time="2025-01-23T17:35:57.542315" level="INFO">Result obtained: 91</msg>
<arg>Result obtained: ${result}</arg>
<arg>console=True</arg>
<doc>Logs the given message with the given level.</doc>
<status status="PASS" start="2025-01-23T17:35:57.542315" elapsed="0.000475"/>
</kw>
<return>
<value>${result}</value>
<status status="PASS" start="2025-01-23T17:35:57.542790" elapsed="0.000000"/>
</return>
<msg time="2025-01-23T17:35:57.542790" level="INFO">${result} = 91</msg>
<var>${result}</var>
<doc>Clicks the equals button and returns result</doc>
<status status="PASS" start="2025-01-23T17:35:56.950175" elapsed="0.592615"/>
</kw>
<kw name="Log" owner="BuiltIn">
<msg time="2025-01-23T17:35:57.542790" level="INFO">Addition result: 91</msg>
<arg>Addition result: ${result}</arg>
<arg>console=True</arg>
<doc>Logs the given message with the given level.</doc>
<status status="PASS" start="2025-01-23T17:35:57.542790" elapsed="0.000000"/>
</kw>
<return>
<value>${result}</value>
<status status="PASS" start="2025-01-23T17:35:57.542790" elapsed="0.000000"/>
</return>
<msg time="2025-01-23T17:35:57.542790" level="INFO">${result} = 91</msg>
<var>${result}</var>
<arg>${TEST_DATA}[num1]</arg>
<arg>${TEST_DATA}[num2]</arg>
<doc>Performs addition operation and returns result</doc>
<status status="PASS" start="2025-01-23T17:35:56.281536" elapsed="1.261254"/>
</kw>
<kw name="Set Test Variable" owner="BuiltIn">
<msg time="2025-01-23T17:35:57.543813" level="INFO">${ACTUAL_RESULT} = 91</msg>
<arg>${ACTUAL_RESULT}</arg>
<arg>${result}</arg>
<doc>Makes a variable available everywhere within the scope of the current test.</doc>
<status status="PASS" start="2025-01-23T17:35:57.542790" elapsed="0.001023"/>
</kw>
<kw name="Log" owner="BuiltIn">
<msg time="2025-01-23T17:35:57.543813" level="INFO">Addition operation result: 91</msg>
<arg>Addition operation result: ${result}</arg>
<arg>console=True</arg>
<doc>Logs the given message with the given level.</doc>
<status status="PASS" start="2025-01-23T17:35:57.543813" elapsed="0.000000"/>
</kw>
<status status="PASS" start="2025-01-23T17:35:56.280537" elapsed="1.263276"/>
</kw>
<kw name="Then Result should match expected addition value">
<kw name="Log" owner="BuiltIn">
<msg time="2025-01-23T17:35:57.544811" level="INFO">Verifying addition result</msg>
<arg>Verifying addition result</arg>
<arg>console=True</arg>
<doc>Logs the given message with the given level.</doc>
<status status="PASS" start="2025-01-23T17:35:57.544811" elapsed="0.000227"/>
</kw>
<kw name="Verify Calculation Result" owner="CalculatorFlow">
<kw name="Log" owner="BuiltIn">
<msg time="2025-01-23T17:35:57.545038" level="INFO">Verifying calculation result matches: 91</msg>
<arg>Verifying calculation result matches: ${expected_result}</arg>
<arg>console=True</arg>
<doc>Logs the given message with the given level.</doc>
<status status="PASS" start="2025-01-23T17:35:57.545038" elapsed="0.000506"/>
</kw>
<kw name="Get Display Value" owner="CalculatorPage">
<kw name="Wait Until Element Is Visible" owner="SeleniumLibrary">
<arg>${CALCULATOR_DISPLAY}</arg>
<doc>Waits until the element ``locator`` is visible.</doc>
<status status="PASS" start="2025-01-23T17:35:57.545544" elapsed="0.007817"/>
</kw>
<kw name="Get Element Attribute" owner="SeleniumLibrary">
<msg time="2025-01-23T17:35:57.564780" level="INFO">${value} = 91</msg>
<var>${value}</var>
<arg>${CALCULATOR_DISPLAY}</arg>
<arg>value</arg>
<doc>Returns the value of ``attribute`` from the element ``locator``.</doc>
<status status="PASS" start="2025-01-23T17:35:57.553361" elapsed="0.011419"/>
</kw>
<kw name="Set Variable If" owner="BuiltIn">
<msg time="2025-01-23T17:35:57.564780" level="INFO">${value} = 91</msg>
<var>${value}</var>
<arg>'${value}' == ''</arg>
<arg>${DEFAULT_VALUE}</arg>
<arg>${value}</arg>
<doc>Sets variable based on the given condition.</doc>
<status status="PASS" start="2025-01-23T17:35:57.564780" elapsed="0.000000"/>
</kw>
<return>
<value>${value}</value>
<status status="PASS" start="2025-01-23T17:35:57.564780" elapsed="0.000993"/>
</return>
<msg time="2025-01-23T17:35:57.565773" level="INFO">${actual_result} = 91</msg>
<var>${actual_result}</var>
<status status="PASS" start="2025-01-23T17:35:57.545544" elapsed="0.020229"/>
</kw>
<kw name="Should Be Equal As Numbers" owner="BuiltIn">
<arg>${actual_result}</arg>
<arg>${expected_result}</arg>
<doc>Fails if objects are unequal after converting them to real numbers.</doc>
<status status="PASS" start="2025-01-23T17:35:57.565773" elapsed="0.000000"/>
</kw>
<kw name="Log" owner="BuiltIn">
<msg time="2025-01-23T17:35:57.565773" level="INFO">Verification passed: 91 equals 91</msg>
<arg>Verification passed: ${actual_result} equals ${expected_result}</arg>
<arg>console=True</arg>
<doc>Logs the given message with the given level.</doc>
<status status="PASS" start="2025-01-23T17:35:57.565773" elapsed="0.000000"/>
</kw>
<arg>${TEST_DATA}[expected_addition]</arg>
<doc>Verifies the calculation result matches expected value</doc>
<status status="PASS" start="2025-01-23T17:35:57.545038" elapsed="0.020735"/>
</kw>
<status status="PASS" start="2025-01-23T17:35:57.543813" elapsed="0.021960"/>
</kw>
<kw name="Cleanup Calculator Session" owner="CalculatorFlow" type="TEARDOWN">
<kw name="Log" owner="BuiltIn">
<msg time="2025-01-23T17:35:57.566772" level="INFO">Cleaning up calculator session</msg>
<arg>Cleaning up calculator session</arg>
<arg>console=True</arg>
<doc>Logs the given message with the given level.</doc>
<status status="PASS" start="2025-01-23T17:35:57.566772" elapsed="0.000000"/>
</kw>
<kw name="Close Browser" owner="SeleniumLibrary">
<doc>Closes the current browser.</doc>
<status status="PASS" start="2025-01-23T17:35:57.566772" elapsed="2.196584"/>
</kw>
<doc>Closes calculator session</doc>
<status status="PASS" start="2025-01-23T17:35:57.566772" elapsed="2.196584"/>
</kw>
<doc>Verify that calculator can perform basic addition with integers</doc>
<tag>addition</tag>
<tag>integer</tag>
<tag>smoke</tag>
<status status="PASS" start="2025-01-23T17:35:50.841135" elapsed="8.923217"/>
</test>
<test id="s1-t2" name="User can perform basic integer multiplication" line="26">
<kw name="Initialize Calculator Session" owner="CalculatorFlow" type="SETUP">
<kw name="Log" owner="BuiltIn">
<msg time="2025-01-23T17:35:59.768395" level="INFO">Initializing calculator session</msg>
<arg>Initializing calculator session</arg>
<arg>console=True</arg>
<doc>Logs the given message with the given level.</doc>
<status status="PASS" start="2025-01-23T17:35:59.768395" elapsed="0.000955"/>
</kw>
<kw name="Open Browser" owner="SeleniumLibrary">
<msg time="2025-01-23T17:35:59.769350" level="INFO">Opening browser 'chrome' to base url 'https://testpages.eviltester.com/styled/apps/calculator.html'.</msg>
<arg>${CALCULATOR_URL}</arg>
<arg>${BROWSER}</arg>
<doc>Opens a new browser instance to the optional ``url``.</doc>
<status status="PASS" start="2025-01-23T17:35:59.769350" elapsed="3.283480"/>
</kw>
<kw name="Maximize Browser Window" owner="SeleniumLibrary">
<doc>Maximizes current browser window.</doc>
<status status="PASS" start="2025-01-23T17:36:03.052830" elapsed="0.039044"/>
</kw>
<kw name="Wait Until Element Is Visible" owner="SeleniumLibrary">
<arg>${CALCULATOR_DISPLAY}</arg>
<doc>Waits until the element ``locator`` is visible.</doc>
<status status="PASS" start="2025-01-23T17:36:03.091874" elapsed="0.029031"/>
</kw>
<kw name="Log" owner="BuiltIn">
<msg time="2025-01-23T17:36:03.121908" level="INFO">Calculator session initialized successfully</msg>
<arg>Calculator session initialized successfully</arg>
<arg>console=True</arg>
<doc>Logs the given message with the given level.</doc>
<status status="PASS" start="2025-01-23T17:36:03.121908" elapsed="0.001006"/>
</kw>
<doc>Opens calculator and prepares for testing</doc>
<status status="PASS" start="2025-01-23T17:35:59.767451" elapsed="3.355463"/>
</kw>
<kw name="Log" owner="BuiltIn">
<msg time="2025-01-23T17:36:03.123907" level="INFO">Starting test: Basic Integer Multiplication</msg>
<arg>Starting test: Basic Integer Multiplication</arg>
<arg>console=True</arg>
<doc>Logs the given message with the given level.</doc>
<status status="PASS" start="2025-01-23T17:36:03.123907" elapsed="0.000516"/>
</kw>
<kw name="Given Calculator is ready for input">
<kw name="Log" owner="BuiltIn">
<msg time="2025-01-23T17:36:03.124423" level="INFO">Ensuring calculator is ready for input</msg>
<arg>Ensuring calculator is ready for input</arg>
<arg>console=True</arg>
<doc>Logs the given message with the given level.</doc>
<status status="PASS" start="2025-01-23T17:36:03.124423" elapsed="0.000000"/>
</kw>
<kw name="Clear Display" owner="CalculatorPage">
<kw name="Wait Until Element Is Visible" owner="SeleniumLibrary">
<arg>${CLEAR_BTN}</arg>
<arg>${TIMEOUT}</arg>
<doc>Waits until the element ``locator`` is visible.</doc>
<status status="PASS" start="2025-01-23T17:36:03.125440" elapsed="0.021298"/>
</kw>
<kw name="Click Element" owner="SeleniumLibrary">
<msg time="2025-01-23T17:36:03.147727" level="INFO">Clicking element 'id=buttonclearentry'.</msg>
<arg>${CLEAR_BTN}</arg>
<doc>Click the element identified by ``locator``.</doc>
<status status="PASS" start="2025-01-23T17:36:03.146738" elapsed="0.056993"/>
</kw>
<kw name="Verify Display Shows" owner="CalculatorFlow">
<kw name="Log" owner="BuiltIn">
<msg time="2025-01-23T17:36:03.204733" level="INFO">Verifying display shows: </msg>
<arg>Verifying display shows: ${expected_value}</arg>
<arg>console=True</arg>
<doc>Logs the given message with the given level.</doc>
<status status="PASS" start="2025-01-23T17:36:03.204733" elapsed="0.000000"/>
</kw>
<kw name="Wait Until Display Shows" owner="CalculatorPage">
<kw name="Wait Until Keyword Succeeds" owner="BuiltIn">
<kw name="Verify Display Value" owner="CalculatorPage">
<kw name="Get Display Value" owner="CalculatorPage">
<kw name="Wait Until Element Is Visible" owner="SeleniumLibrary">
<arg>${CALCULATOR_DISPLAY}</arg>
<doc>Waits until the element ``locator`` is visible.</doc>
<status status="PASS" start="2025-01-23T17:36:03.206735" elapsed="0.017533"/>
</kw>
<kw name="Get Element Attribute" owner="SeleniumLibrary">
<msg time="2025-01-23T17:36:03.243282" level="INFO">${value} = </msg>
<var>${value}</var>
<arg>${CALCULATOR_DISPLAY}</arg>
<arg>value</arg>
<doc>Returns the value of ``attribute`` from the element ``locator``.</doc>
<status status="PASS" start="2025-01-23T17:36:03.225287" elapsed="0.017995"/>
</kw>
<kw name="Set Variable If" owner="BuiltIn">
<msg time="2025-01-23T17:36:03.243282" level="INFO">${value} = </msg>
<var>${value}</var>
<arg>'${value}' == ''</arg>
<arg>${DEFAULT_VALUE}</arg>
<arg>${value}</arg>
<doc>Sets variable based on the given condition.</doc>
<status status="PASS" start="2025-01-23T17:36:03.243282" elapsed="0.000998"/>
</kw>
<return>
<value>${value}</value>
<status status="PASS" start="2025-01-23T17:36:03.244280" elapsed="0.000000"/>
</return>
<msg time="2025-01-23T17:36:03.244280" level="INFO">${actual} = </msg>
<var>${actual}</var>
<status status="PASS" start="2025-01-23T17:36:03.206735" elapsed="0.037545"/>
</kw>
<kw name="Convert And Compare Numbers" owner="CalculatorPage">
<kw name="Run Keyword If" owner="BuiltIn">
<kw name="Set Variable" owner="BuiltIn">
<arg>0</arg>
<doc>Returns the given values which can then be assigned to a variables.</doc>
<status status="PASS" start="2025-01-23T17:36:03.244280" elapsed="0.000000"/>
</kw>
<msg time="2025-01-23T17:36:03.244280" level="INFO">${actual_num} = 0</msg>
<var>${actual_num}</var>
<arg>'${actual}' == ''</arg>
<arg>Set Variable</arg>
<arg>0</arg>
<arg>ELSE</arg>
<arg>Convert To Number</arg>
<arg>${actual}</arg>
<doc>Runs the given keyword with the given arguments, if ``condition`` is true.</doc>
<status status="PASS" start="2025-01-23T17:36:03.244280" elapsed="0.000000"/>
</kw>
<kw name="Run Keyword If" owner="BuiltIn">
<kw name="Set Variable" owner="BuiltIn">
<arg>0</arg>
<doc>Returns the given values which can then be assigned to a variables.</doc>
<status status="PASS" start="2025-01-23T17:36:03.244280" elapsed="0.001000"/>
</kw>
<msg time="2025-01-23T17:36:03.245280" level="INFO">${expected_num} = 0</msg>
<var>${expected_num}</var>
<arg>'${expected}' == ''</arg>
<arg>Set Variable</arg>
<arg>0</arg>
<arg>ELSE</arg>
<arg>Convert To Number</arg>
<arg>${expected}</arg>
<doc>Runs the given keyword with the given arguments, if ``condition`` is true.</doc>
<status status="PASS" start="2025-01-23T17:36:03.244280" elapsed="0.001000"/>
</kw>
<kw name="Should Be Equal As Numbers" owner="BuiltIn">
<arg>${actual_num}</arg>
<arg>${expected_num}</arg>
<doc>Fails if objects are unequal after converting them to real numbers.</doc>
<status status="PASS" start="2025-01-23T17:36:03.245280" elapsed="0.000000"/>
</kw>
<arg>${actual}</arg>
<arg>${expected}</arg>
<status status="PASS" start="2025-01-23T17:36:03.244280" elapsed="0.001000"/>
</kw>
<arg>${expected}</arg>
<status status="PASS" start="2025-01-23T17:36:03.206735" elapsed="0.038545"/>
</kw>
<arg>5s</arg>
<arg>1s</arg>
<arg>Verify Display Value</arg>
<arg>${expected}</arg>
<doc>Runs the specified keyword and retries if it fails.</doc>
<status status="PASS" start="2025-01-23T17:36:03.205733" elapsed="0.039547"/>
</kw>
<arg>${expected_value}</arg>
<status status="PASS" start="2025-01-23T17:36:03.205733" elapsed="0.039547"/>
</kw>
<arg>${DEFAULT_VALUE}</arg>
<doc>Verifies the calculator display shows expected value</doc>
<status status="PASS" start="2025-01-23T17:36:03.204733" elapsed="0.040547"/>
</kw>
<status status="PASS" start="2025-01-23T17:36:03.124423" elapsed="0.120857"/>
</kw>
<kw name="Verify Display Shows" owner="CalculatorFlow">
<kw name="Log" owner="BuiltIn">
<msg time="2025-01-23T17:36:03.246283" level="INFO">Verifying display shows: </msg>
<arg>Verifying display shows: ${expected_value}</arg>
<arg>console=True</arg>
<doc>Logs the given message with the given level.</doc>
<status status="PASS" start="2025-01-23T17:36:03.245280" elapsed="0.001003"/>
</kw>
<kw name="Wait Until Display Shows" owner="CalculatorPage">
<kw name="Wait Until Keyword Succeeds" owner="BuiltIn">
<kw name="Verify Display Value" owner="CalculatorPage">
<kw name="Get Display Value" owner="CalculatorPage">
<kw name="Wait Until Element Is Visible" owner="SeleniumLibrary">
<arg>${CALCULATOR_DISPLAY}</arg>
<doc>Waits until the element ``locator`` is visible.</doc>
<status status="PASS" start="2025-01-23T17:36:03.248284" elapsed="0.014001"/>
</kw>
<kw name="Get Element Attribute" owner="SeleniumLibrary">
<msg time="2025-01-23T17:36:03.280289" level="INFO">${value} = </msg>
<var>${value}</var>
<arg>${CALCULATOR_DISPLAY}</arg>
<arg>value</arg>
<doc>Returns the value of ``attribute`` from the element ``locator``.</doc>
<status status="PASS" start="2025-01-23T17:36:03.262285" elapsed="0.018004"/>
</kw>
<kw name="Set Variable If" owner="BuiltIn">
<msg time="2025-01-23T17:36:03.281287" level="INFO">${value} = </msg>
<var>${value}</var>
<arg>'${value}' == ''</arg>
<arg>${DEFAULT_VALUE}</arg>
<arg>${value}</arg>
<doc>Sets variable based on the given condition.</doc>
<status status="PASS" start="2025-01-23T17:36:03.280289" elapsed="0.000998"/>
</kw>
<return>
<value>${value}</value>
<status status="PASS" start="2025-01-23T17:36:03.281287" elapsed="0.000000"/>
</return>
<msg time="2025-01-23T17:36:03.281287" level="INFO">${actual} = </msg>
<var>${actual}</var>
<status status="PASS" start="2025-01-23T17:36:03.247288" elapsed="0.033999"/>
</kw>
<kw name="Convert And Compare Numbers" owner="CalculatorPage">
<kw name="Run Keyword If" owner="BuiltIn">
<kw name="Set Variable" owner="BuiltIn">
<arg>0</arg>
<doc>Returns the given values which can then be assigned to a variables.</doc>
<status status="PASS" start="2025-01-23T17:36:03.282289" elapsed="0.000000"/>
</kw>
<msg time="2025-01-23T17:36:03.282289" level="INFO">${actual_num} = 0</msg>
<var>${actual_num}</var>
<arg>'${actual}' == ''</arg>
<arg>Set Variable</arg>
<arg>0</arg>
<arg>ELSE</arg>
<arg>Convert To Number</arg>
<arg>${actual}</arg>
<doc>Runs the given keyword with the given arguments, if ``condition`` is true.</doc>
<status status="PASS" start="2025-01-23T17:36:03.281287" elapsed="0.001002"/>
</kw>
<kw name="Run Keyword If" owner="BuiltIn">
<kw name="Set Variable" owner="BuiltIn">
<arg>0</arg>
<doc>Returns the given values which can then be assigned to a variables.</doc>
<status status="PASS" start="2025-01-23T17:36:03.282289" elapsed="0.000000"/>
</kw>
<msg time="2025-01-23T17:36:03.282289" level="INFO">${expected_num} = 0</msg>
<var>${expected_num}</var>
<arg>'${expected}' == ''</arg>
<arg>Set Variable</arg>
<arg>0</arg>
<arg>ELSE</arg>
<arg>Convert To Number</arg>
<arg>${expected}</arg>
<doc>Runs the given keyword with the given arguments, if ``condition`` is true.</doc>
<status status="PASS" start="2025-01-23T17:36:03.282289" elapsed="0.000000"/>
</kw>
<kw name="Should Be Equal As Numbers" owner="BuiltIn">
<arg>${actual_num}</arg>
<arg>${expected_num}</arg>
<doc>Fails if objects are unequal after converting them to real numbers.</doc>
<status status="PASS" start="2025-01-23T17:36:03.282289" elapsed="0.000000"/>
</kw>
<arg>${actual}</arg>
<arg>${expected}</arg>
<status status="PASS" start="2025-01-23T17:36:03.281287" elapsed="0.001002"/>
</kw>
<arg>${expected}</arg>
<status status="PASS" start="2025-01-23T17:36:03.247288" elapsed="0.035001"/>
</kw>
<arg>5s</arg>
<arg>1s</arg>
<arg>Verify Display Value</arg>
<arg>${expected}</arg>
<doc>Runs the specified keyword and retries if it fails.</doc>
<status status="PASS" start="2025-01-23T17:36:03.247288" elapsed="0.035001"/>
</kw>
<arg>${expected_value}</arg>
<status status="PASS" start="2025-01-23T17:36:03.247288" elapsed="0.035001"/>
</kw>
<arg>${DEFAULT_VALUE}</arg>
<doc>Verifies the calculator display shows expected value</doc>
<status status="PASS" start="2025-01-23T17:36:03.245280" elapsed="0.037009"/>
</kw>
<status status="PASS" start="2025-01-23T17:36:03.124423" elapsed="0.158864"/>
</kw>
<kw name="When User generates test data for basic operation">
<kw name="Log" owner="BuiltIn">
<msg time="2025-01-23T17:36:03.283287" level="INFO">Generating test data for basic operation (min=1, max=100, decimals=False)</msg>
<arg>Generating test data for basic operation (min=${min}, max=${max}, decimals=${use_decimals})</arg>
<arg>console=True</arg>
<doc>Logs the given message with the given level.</doc>
<status status="PASS" start="2025-01-23T17:36:03.283287" elapsed="0.000999"/>
</kw>
<kw name="Generate Basic Operation Data" owner="CalculatorData">
<kw name="Create Calculator Generator" owner="CalculatorData">
<kw name="Evaluate" owner="BuiltIn">
<msg time="2025-01-23T17:36:03.284286" level="INFO">${generator} = &lt;calculator_data_generator.CalculatorDataGenerator object at 0x00000164AD52D730&gt;</msg>
<var>${generator}</var>
<arg>calculator_data_generator.CalculatorDataGenerator()</arg>
<doc>Evaluates the given expression in Python and returns the result.</doc>
<status status="PASS" start="2025-01-23T17:36:03.284286" elapsed="0.000000"/>
</kw>
<return>
<value>${generator}</value>
<status status="PASS" start="2025-01-23T17:36:03.284286" elapsed="0.000000"/>
</return>
<msg time="2025-01-23T17:36:03.284286" level="INFO">${generator} = &lt;calculator_data_generator.CalculatorDataGenerator object at 0x00000164AD52D730&gt;</msg>
<var>${generator}</var>
<status status="PASS" start="2025-01-23T17:36:03.284286" elapsed="0.000000"/>
</kw>
<kw name="Generate Numbers" owner="calculator_data_generator">
<msg time="2025-01-23T17:36:03.284286" level="INFO">${data} = {'num1': '49', 'num2': '86', 'expected_addition': '135', 'expected_multiplication': '4214'}</msg>
<var>${data}</var>
<arg>${generator}</arg>
<arg>${min_val}</arg>
<arg>${max_val}</arg>
<arg>${use_decimal}</arg>
<doc>Helper function to generate numbers</doc>
<status status="PASS" start="2025-01-23T17:36:03.284286" elapsed="0.000000"/>
</kw>
<return>
<value>${data}</value>
<status status="PASS" start="2025-01-23T17:36:03.285285" elapsed="0.000000"/>
</return>
<msg time="2025-01-23T17:36:03.285285" level="INFO">${test_data} = {'num1': '49', 'num2': '86', 'expected_addition': '135', 'expected_multiplication': '4214'}</msg>
<var>${test_data}</var>
<arg>${min}</arg>
<arg>${max}</arg>
<arg>${use_decimals}</arg>
<status status="PASS" start="2025-01-23T17:36:03.284286" elapsed="0.000999"/>
</kw>
<kw name="Set Test Variable" owner="BuiltIn">
<msg time="2025-01-23T17:36:03.285285" level="INFO">${TEST_DATA} = {'num1': '49', 'num2': '86', 'expected_addition': '135', 'expected_multiplication': '4214'}</msg>
<arg>${TEST_DATA}</arg>
<arg>${test_data}</arg>
<doc>Makes a variable available everywhere within the scope of the current test.</doc>
<status status="PASS" start="2025-01-23T17:36:03.285285" elapsed="0.000000"/>
</kw>
<kw name="Log" owner="BuiltIn">
<msg time="2025-01-23T17:36:03.285285" level="INFO">Generated test data: {'num1': '49', 'num2': '86', 'expected_addition': '135', 'expected_multiplication': '4214'}</msg>
<arg>Generated test data: ${test_data}</arg>
<arg>console=True</arg>
<doc>Logs the given message with the given level.</doc>
<status status="PASS" start="2025-01-23T17:36:03.285285" elapsed="0.000000"/>
</kw>
<arg>min=1</arg>
<arg>max=100</arg>
<arg>use_decimals=${FALSE}</arg>
<status status="PASS" start="2025-01-23T17:36:03.283287" elapsed="0.001998"/>
</kw>
<kw name="And User performs multiplication operation with generated numbers">
<kw name="Log" owner="BuiltIn">
<msg time="2025-01-23T17:36:03.286287" level="INFO">Performing multiplication operation with numbers: 49 * 86</msg>
<arg>Performing multiplication operation with numbers: ${TEST_DATA}[num1] * ${TEST_DATA}[num2]</arg>
<arg>console=True</arg>
<doc>Logs the given message with the given level.</doc>
<status status="PASS" start="2025-01-23T17:36:03.286287" elapsed="0.000000"/>
</kw>
<kw name="Perform Multiplication Operation" owner="CalculatorFlow">
<kw name="Log" owner="BuiltIn">
<msg time="2025-01-23T17:36:03.287289" level="INFO">Performing multiplication: 49 * 86</msg>
<arg>Performing multiplication: ${first_number} * ${second_number}</arg>
<arg>console=True</arg>
<doc>Logs the given message with the given level.</doc>
<status status="PASS" start="2025-01-23T17:36:03.287289" elapsed="0.000000"/>
</kw>
<kw name="Enter Number" owner="CalculatorFlow">
<kw name="Log" owner="BuiltIn">
<msg time="2025-01-23T17:36:03.287289" level="INFO">Entering number: 49</msg>
<arg>Entering number: ${number}</arg>
<arg>console=True</arg>
<doc>Logs the given message with the given level.</doc>
<status status="PASS" start="2025-01-23T17:36:03.287289" elapsed="0.000995"/>
</kw>
<kw name="Convert To String" owner="BuiltIn">
<msg time="2025-01-23T17:36:03.288284" level="INFO">${digits} = 49</msg>
<var>${digits}</var>
<arg>${number}</arg>
<doc>Converts the given item to a Unicode string.</doc>
<status status="PASS" start="2025-01-23T17:36:03.288284" elapsed="0.000000"/>
</kw>
<kw name="Split String To Characters" owner="String">
<msg time="2025-01-23T17:36:03.288284" level="INFO">@{chars} = [ 4 | 9 ]</msg>
<var>@{chars}</var>
<arg>${digits}</arg>
<doc>Splits the given ``string`` to characters.</doc>
<status status="PASS" start="2025-01-23T17:36:03.288284" elapsed="0.000000"/>
</kw>
<for flavor="IN">
<iter>
<kw name="Run Keyword If" owner="BuiltIn">
<kw name="Click Number" owner="CalculatorPage">
<kw name="Get From Dictionary" owner="Collections">
<msg time="2025-01-23T17:36:03.289279" level="INFO">${button_id} = button04</msg>
<var>${button_id}</var>
<arg>${NUMBER_BUTTONS}</arg>
<arg>${number}</arg>
<doc>Returns a value from the given ``dictionary`` based on the given ``key``.</doc>
<status status="PASS" start="2025-01-23T17:36:03.289279" elapsed="0.000000"/>
</kw>
<kw name="Wait And Click Element" owner="CalculatorPage">
<kw name="Wait Until Element Is Visible" owner="SeleniumLibrary">
<arg>${locator}</arg>
<doc>Waits until the element ``locator`` is visible.</doc>
<status status="PASS" start="2025-01-23T17:36:03.289279" elapsed="0.016003"/>
</kw>
<kw name="Click Element" owner="SeleniumLibrary">
<msg time="2025-01-23T17:36:03.305282" level="INFO">Clicking element 'id=button04'.</msg>
<arg>${locator}</arg>
<doc>Click the element identified by ``locator``.</doc>
<status status="PASS" start="2025-01-23T17:36:03.305282" elapsed="0.047627"/>
</kw>
<arg>id=${button_id}</arg>
<status status="PASS" start="2025-01-23T17:36:03.289279" elapsed="0.063630"/>
</kw>
<arg>${char}</arg>
<status status="PASS" start="2025-01-23T17:36:03.289279" elapsed="0.063630"/>
</kw>
<arg>'${char}' == '.'</arg>
<arg>Click Decimal Point</arg>
<arg>ELSE</arg>
<arg>Click Number</arg>
<arg>${char}</arg>
<doc>Runs the given keyword with the given arguments, if ``condition`` is true.</doc>
<status status="PASS" start="2025-01-23T17:36:03.288284" elapsed="0.064625"/>
</kw>
<var name="${char}">4</var>
<status status="PASS" start="2025-01-23T17:36:03.288284" elapsed="0.064625"/>
</iter>
<iter>
<kw name="Run Keyword If" owner="BuiltIn">
<kw name="Click Number" owner="CalculatorPage">
<kw name="Get From Dictionary" owner="Collections">
<msg time="2025-01-23T17:36:03.352909" level="INFO">${button_id} = button09</msg>
<var>${button_id}</var>
<arg>${NUMBER_BUTTONS}</arg>
<arg>${number}</arg>
<doc>Returns a value from the given ``dictionary`` based on the given ``key``.</doc>
<status status="PASS" start="2025-01-23T17:36:03.352909" elapsed="0.000000"/>
</kw>
<kw name="Wait And Click Element" owner="CalculatorPage">
<kw name="Wait Until Element Is Visible" owner="SeleniumLibrary">
<arg>${locator}</arg>
<doc>Waits until the element ``locator`` is visible.</doc>
<status status="PASS" start="2025-01-23T17:36:03.353908" elapsed="0.016000"/>
</kw>
<kw name="Click Element" owner="SeleniumLibrary">
<msg time="2025-01-23T17:36:03.369908" level="INFO">Clicking element 'id=button09'.</msg>
<arg>${locator}</arg>
<doc>Click the element identified by ``locator``.</doc>
<status status="PASS" start="2025-01-23T17:36:03.369908" elapsed="0.035743"/>
</kw>
<arg>id=${button_id}</arg>
<status status="PASS" start="2025-01-23T17:36:03.353908" elapsed="0.051743"/>
</kw>
<arg>${char}</arg>
<status status="PASS" start="2025-01-23T17:36:03.352909" elapsed="0.053741"/>
</kw>
<arg>'${char}' == '.'</arg>
<arg>Click Decimal Point</arg>
<arg>ELSE</arg>
<arg>Click Number</arg>
<arg>${char}</arg>
<doc>Runs the given keyword with the given arguments, if ``condition`` is true.</doc>
<status status="PASS" start="2025-01-23T17:36:03.352909" elapsed="0.053741"/>
</kw>
<var name="${char}">9</var>
<status status="PASS" start="2025-01-23T17:36:03.352909" elapsed="0.053741"/>
</iter>
<var>${char}</var>
<value>@{chars}</value>
<status status="PASS" start="2025-01-23T17:36:03.288284" elapsed="0.118366"/>
</for>
<kw name="Sleep" owner="BuiltIn">
<msg time="2025-01-23T17:36:03.607358" level="INFO">Slept 200 milliseconds.</msg>
<arg>0.2s</arg>
<doc>Pauses the test executed for the given time.</doc>
<status status="PASS" start="2025-01-23T17:36:03.406650" elapsed="0.200708"/>
</kw>
<arg>${first_number}</arg>
<doc>Enters a number into the calculator</doc>
<status status="PASS" start="2025-01-23T17:36:03.287289" elapsed="0.320069"/>
</kw>
<kw name="Press Multiplication Operator" owner="CalculatorFlow">
<kw name="Log" owner="BuiltIn">
<msg time="2025-01-23T17:36:03.607358" level="INFO">Pressing multiplication operator</msg>
<arg>Pressing multiplication operator</arg>
<arg>console=True</arg>
<doc>Logs the given message with the given level.</doc>
<status status="PASS" start="2025-01-23T17:36:03.607358" elapsed="0.001008"/>
</kw>
<kw name="Click Multiply" owner="CalculatorPage">
<kw name="Wait And Click Element" owner="CalculatorPage">
<kw name="Wait Until Element Is Visible" owner="SeleniumLibrary">
<arg>${locator}</arg>
<doc>Waits until the element ``locator`` is visible.</doc>
<status status="PASS" start="2025-01-23T17:36:03.608366" elapsed="0.016535"/>
</kw>
<kw name="Click Element" owner="SeleniumLibrary">
<msg time="2025-01-23T17:36:03.624901" level="INFO">Clicking element 'id=buttonmultiply'.</msg>
<arg>${locator}</arg>
<doc>Click the element identified by ``locator``.</doc>
<status status="PASS" start="2025-01-23T17:36:03.624901" elapsed="0.045005"/>
</kw>
<arg>${MULTIPLY_BTN}</arg>
<status status="PASS" start="2025-01-23T17:36:03.608366" elapsed="0.061540"/>
</kw>
<status status="PASS" start="2025-01-23T17:36:03.608366" elapsed="0.061540"/>
</kw>
<doc>Clicks the multiplication operator</doc>
<status status="PASS" start="2025-01-23T17:36:03.607358" elapsed="0.062548"/>
</kw>
<kw name="Enter Number" owner="CalculatorFlow">
<kw name="Log" owner="BuiltIn">
<msg time="2025-01-23T17:36:03.670907" level="INFO">Entering number: 86</msg>
<arg>Entering number: ${number}</arg>
<arg>console=True</arg>
<doc>Logs the given message with the given level.</doc>
<status status="PASS" start="2025-01-23T17:36:03.669906" elapsed="0.001001"/>
</kw>
<kw name="Convert To String" owner="BuiltIn">
<msg time="2025-01-23T17:36:03.670907" level="INFO">${digits} = 86</msg>
<var>${digits}</var>
<arg>${number}</arg>
<doc>Converts the given item to a Unicode string.</doc>
<status status="PASS" start="2025-01-23T17:36:03.670907" elapsed="0.000000"/>
</kw>
<kw name="Split String To Characters" owner="String">
<msg time="2025-01-23T17:36:03.670907" level="INFO">@{chars} = [ 8 | 6 ]</msg>
<var>@{chars}</var>
<arg>${digits}</arg>
<doc>Splits the given ``string`` to characters.</doc>
<status status="PASS" start="2025-01-23T17:36:03.670907" elapsed="0.000000"/>
</kw>
<for flavor="IN">
<iter>
<kw name="Run Keyword If" owner="BuiltIn">
<kw name="Click Number" owner="CalculatorPage">
<kw name="Get From Dictionary" owner="Collections">
<msg time="2025-01-23T17:36:03.671906" level="INFO">${button_id} = button08</msg>
<var>${button_id}</var>
<arg>${NUMBER_BUTTONS}</arg>
<arg>${number}</arg>
<doc>Returns a value from the given ``dictionary`` based on the given ``key``.</doc>
<status status="PASS" start="2025-01-23T17:36:03.671906" elapsed="0.000000"/>
</kw>
<kw name="Wait And Click Element" owner="CalculatorPage">
<kw name="Wait Until Element Is Visible" owner="SeleniumLibrary">
<arg>${locator}</arg>
<doc>Waits until the element ``locator`` is visible.</doc>
<status status="PASS" start="2025-01-23T17:36:03.671906" elapsed="0.015001"/>
</kw>
<kw name="Click Element" owner="SeleniumLibrary">
<msg time="2025-01-23T17:36:03.686907" level="INFO">Clicking element 'id=button08'.</msg>
<arg>${locator}</arg>
<doc>Click the element identified by ``locator``.</doc>
<status status="PASS" start="2025-01-23T17:36:03.686907" elapsed="0.043338"/>
</kw>
<arg>id=${button_id}</arg>
<status status="PASS" start="2025-01-23T17:36:03.671906" elapsed="0.058339"/>
</kw>
<arg>${char}</arg>
<status status="PASS" start="2025-01-23T17:36:03.671906" elapsed="0.058339"/>
</kw>
<arg>'${char}' == '.'</arg>
<arg>Click Decimal Point</arg>
<arg>ELSE</arg>
<arg>Click Number</arg>
<arg>${char}</arg>
<doc>Runs the given keyword with the given arguments, if ``condition`` is true.</doc>
<status status="PASS" start="2025-01-23T17:36:03.670907" elapsed="0.059338"/>
</kw>
<var name="${char}">8</var>
<status status="PASS" start="2025-01-23T17:36:03.670907" elapsed="0.059338"/>
</iter>
<iter>
<kw name="Run Keyword If" owner="BuiltIn">
<kw name="Click Number" owner="CalculatorPage">
<kw name="Get From Dictionary" owner="Collections">
<msg time="2025-01-23T17:36:03.731245" level="INFO">${button_id} = button06</msg>
<var>${button_id}</var>
<arg>${NUMBER_BUTTONS}</arg>
<arg>${number}</arg>
<doc>Returns a value from the given ``dictionary`` based on the given ``key``.</doc>
<status status="PASS" start="2025-01-23T17:36:03.731245" elapsed="0.000000"/>
</kw>
<kw name="Wait And Click Element" owner="CalculatorPage">
<kw name="Wait Until Element Is Visible" owner="SeleniumLibrary">
<arg>${locator}</arg>
<doc>Waits until the element ``locator`` is visible.</doc>
<status status="PASS" start="2025-01-23T17:36:03.731245" elapsed="0.013802"/>
</kw>
<kw name="Click Element" owner="SeleniumLibrary">
<msg time="2025-01-23T17:36:03.746202" level="INFO">Clicking element 'id=button06'.</msg>
<arg>${locator}</arg>
<doc>Click the element identified by ``locator``.</doc>
<status status="PASS" start="2025-01-23T17:36:03.745047" elapsed="0.040160"/>
</kw>
<arg>id=${button_id}</arg>
<status status="PASS" start="2025-01-23T17:36:03.731245" elapsed="0.053962"/>
</kw>
<arg>${char}</arg>
<status status="PASS" start="2025-01-23T17:36:03.730245" elapsed="0.054962"/>
</kw>
<arg>'${char}' == '.'</arg>
<arg>Click Decimal Point</arg>
<arg>ELSE</arg>
<arg>Click Number</arg>
<arg>${char}</arg>
<doc>Runs the given keyword with the given arguments, if ``condition`` is true.</doc>
<status status="PASS" start="2025-01-23T17:36:03.730245" elapsed="0.054962"/>
</kw>
<var name="${char}">6</var>
<status status="PASS" start="2025-01-23T17:36:03.730245" elapsed="0.055965"/>
</iter>
<var>${char}</var>
<value>@{chars}</value>
<status status="PASS" start="2025-01-23T17:36:03.670907" elapsed="0.115303"/>
</for>
<kw name="Sleep" owner="BuiltIn">
<msg time="2025-01-23T17:36:03.986657" level="INFO">Slept 200 milliseconds.</msg>
<arg>0.2s</arg>
<doc>Pauses the test executed for the given time.</doc>
<status status="PASS" start="2025-01-23T17:36:03.786210" elapsed="0.200447"/>
</kw>
<arg>${second_number}</arg>
<doc>Enters a number into the calculator</doc>
<status status="PASS" start="2025-01-23T17:36:03.669906" elapsed="0.316751"/>
</kw>
<kw name="Press Equals" owner="CalculatorFlow">
<kw name="Log" owner="BuiltIn">
<msg time="2025-01-23T17:36:03.987161" level="INFO">Pressing equals button</msg>
<arg>Pressing equals button</arg>
<arg>console=True</arg>
<doc>Logs the given message with the given level.</doc>
<status status="PASS" start="2025-01-23T17:36:03.987161" elapsed="0.000000"/>
</kw>
<kw name="Click Equals" owner="CalculatorPage">
<kw name="Wait And Click Element" owner="CalculatorPage">
<kw name="Wait Until Element Is Visible" owner="SeleniumLibrary">
<arg>${locator}</arg>
<doc>Waits until the element ``locator`` is visible.</doc>
<status status="PASS" start="2025-01-23T17:36:03.987161" elapsed="0.012789"/>
</kw>
<kw name="Click Element" owner="SeleniumLibrary">
<msg time="2025-01-23T17:36:03.999950" level="INFO">Clicking element 'id=buttonequals'.</msg>
<arg>${locator}</arg>
<doc>Click the element identified by ``locator``.</doc>
<status status="PASS" start="2025-01-23T17:36:03.999950" elapsed="0.035271"/>
</kw>
<arg>${CALCULATOR_EQUALS}</arg>
<status status="PASS" start="2025-01-23T17:36:03.987161" elapsed="0.048060"/>
</kw>
<status status="PASS" start="2025-01-23T17:36:03.987161" elapsed="0.048060"/>
</kw>
<kw name="Sleep" owner="BuiltIn">
<msg time="2025-01-23T17:36:04.535441" level="INFO">Slept 500 milliseconds.</msg>
<arg>0.5s</arg>
<doc>Pauses the test executed for the given time.</doc>
<status status="PASS" start="2025-01-23T17:36:04.035221" elapsed="0.500220"/>
</kw>
<kw name="Get Display Value" owner="CalculatorPage">
<kw name="Wait Until Element Is Visible" owner="SeleniumLibrary">
<arg>${CALCULATOR_DISPLAY}</arg>
<doc>Waits until the element ``locator`` is visible.</doc>
<status status="PASS" start="2025-01-23T17:36:04.535441" elapsed="0.011006"/>
</kw>
<kw name="Get Element Attribute" owner="SeleniumLibrary">
<msg time="2025-01-23T17:36:04.556961" level="INFO">${value} = 4214</msg>
<var>${value}</var>
<arg>${CALCULATOR_DISPLAY}</arg>
<arg>value</arg>
<doc>Returns the value of ``attribute`` from the element ``locator``.</doc>
<status status="PASS" start="2025-01-23T17:36:04.546447" elapsed="0.010514"/>
</kw>
<kw name="Set Variable If" owner="BuiltIn">
<msg time="2025-01-23T17:36:04.556961" level="INFO">${value} = 4214</msg>
<var>${value}</var>
<arg>'${value}' == ''</arg>
<arg>${DEFAULT_VALUE}</arg>
<arg>${value}</arg>
<doc>Sets variable based on the given condition.</doc>
<status status="PASS" start="2025-01-23T17:36:04.556961" elapsed="0.000000"/>
</kw>
<return>
<value>${value}</value>
<status status="PASS" start="2025-01-23T17:36:04.556961" elapsed="0.000000"/>
</return>
<msg time="2025-01-23T17:36:04.557979" level="INFO">${result} = 4214</msg>
<var>${result}</var>
<status status="PASS" start="2025-01-23T17:36:04.535441" elapsed="0.022538"/>
</kw>
<kw name="Log" owner="BuiltIn">
<msg time="2025-01-23T17:36:04.557979" level="INFO">Result obtained: 4214</msg>
<arg>Result obtained: ${result}</arg>
<arg>console=True</arg>
<doc>Logs the given message with the given level.</doc>
<status status="PASS" start="2025-01-23T17:36:04.557979" elapsed="0.000000"/>
</kw>
<return>
<value>${result}</value>
<status status="PASS" start="2025-01-23T17:36:04.557979" elapsed="0.000000"/>
</return>
<msg time="2025-01-23T17:36:04.557979" level="INFO">${result} = 4214</msg>
<var>${result}</var>
<doc>Clicks the equals button and returns result</doc>
<status status="PASS" start="2025-01-23T17:36:03.986657" elapsed="0.571322"/>
</kw>
<kw name="Log" owner="BuiltIn">
<msg time="2025-01-23T17:36:04.557979" level="INFO">Multiplication result: 4214</msg>
<arg>Multiplication result: ${result}</arg>
<arg>console=True</arg>
<doc>Logs the given message with the given level.</doc>
<status status="PASS" start="2025-01-23T17:36:04.557979" elapsed="0.000000"/>
</kw>
<return>
<value>${result}</value>
<status status="PASS" start="2025-01-23T17:36:04.557979" elapsed="0.000982"/>
</return>
<msg time="2025-01-23T17:36:04.558961" level="INFO">${result} = 4214</msg>
<var>${result}</var>
<arg>${TEST_DATA}[num1]</arg>
<arg>${TEST_DATA}[num2]</arg>
<doc>Performs multiplication operation and returns result</doc>
<status status="PASS" start="2025-01-23T17:36:03.286287" elapsed="1.272674"/>
</kw>
<kw name="Set Test Variable" owner="BuiltIn">
<msg time="2025-01-23T17:36:04.558961" level="INFO">${ACTUAL_RESULT} = 4214</msg>
<arg>${ACTUAL_RESULT}</arg>
<arg>${result}</arg>
<doc>Makes a variable available everywhere within the scope of the current test.</doc>
<status status="PASS" start="2025-01-23T17:36:04.558961" elapsed="0.000000"/>
</kw>
<kw name="Log" owner="BuiltIn">
<msg time="2025-01-23T17:36:04.558961" level="INFO">Multiplication operation result: 4214</msg>
<arg>Multiplication operation result: ${result}</arg>
<arg>console=True</arg>
<doc>Logs the given message with the given level.</doc>
<status status="PASS" start="2025-01-23T17:36:04.558961" elapsed="0.000999"/>
</kw>
<status status="PASS" start="2025-01-23T17:36:03.286287" elapsed="1.273673"/>
</kw>
<kw name="Then Result should match expected multiplication value">
<kw name="Log" owner="BuiltIn">
<msg time="2025-01-23T17:36:04.559960" level="INFO">Verifying multiplication result</msg>
<arg>Verifying multiplication result</arg>
<arg>console=True</arg>
<doc>Logs the given message with the given level.</doc>
<status status="PASS" start="2025-01-23T17:36:04.559960" elapsed="0.000000"/>
</kw>
<kw name="Verify Calculation Result" owner="CalculatorFlow">
<kw name="Log" owner="BuiltIn">
<msg time="2025-01-23T17:36:04.560962" level="INFO">Verifying calculation result matches: 4214</msg>
<arg>Verifying calculation result matches: ${expected_result}</arg>
<arg>console=True</arg>
<doc>Logs the given message with the given level.</doc>
<status status="PASS" start="2025-01-23T17:36:04.560962" elapsed="0.000000"/>
</kw>
<kw name="Get Display Value" owner="CalculatorPage">
<kw name="Wait Until Element Is Visible" owner="SeleniumLibrary">
<arg>${CALCULATOR_DISPLAY}</arg>
<doc>Waits until the element ``locator`` is visible.</doc>
<status status="PASS" start="2025-01-23T17:36:04.560962" elapsed="0.014000"/>
</kw>
<kw name="Get Element Attribute" owner="SeleniumLibrary">
<msg time="2025-01-23T17:36:04.586962" level="INFO">${value} = 4214</msg>
<var>${value}</var>
<arg>${CALCULATOR_DISPLAY}</arg>
<arg>value</arg>
<doc>Returns the value of ``attribute`` from the element ``locator``.</doc>
<status status="PASS" start="2025-01-23T17:36:04.574962" elapsed="0.012000"/>
</kw>
<kw name="Set Variable If" owner="BuiltIn">
<msg time="2025-01-23T17:36:04.586962" level="INFO">${value} = 4214</msg>
<var>${value}</var>
<arg>'${value}' == ''</arg>
<arg>${DEFAULT_VALUE}</arg>
<arg>${value}</arg>
<doc>Sets variable based on the given condition.</doc>
<status status="PASS" start="2025-01-23T17:36:04.586962" elapsed="0.000000"/>
</kw>
<return>
<value>${value}</value>
<status status="PASS" start="2025-01-23T17:36:04.586962" elapsed="0.000000"/>
</return>
<msg time="2025-01-23T17:36:04.587960" level="INFO">${actual_result} = 4214</msg>
<var>${actual_result}</var>
<status status="PASS" start="2025-01-23T17:36:04.560962" elapsed="0.026998"/>
</kw>
<kw name="Should Be Equal As Numbers" owner="BuiltIn">
<arg>${actual_result}</arg>
<arg>${expected_result}</arg>
<doc>Fails if objects are unequal after converting them to real numbers.</doc>
<status status="PASS" start="2025-01-23T17:36:04.587960" elapsed="0.000000"/>
</kw>
<kw name="Log" owner="BuiltIn">
<msg time="2025-01-23T17:36:04.587960" level="INFO">Verification passed: 4214 equals 4214</msg>
<arg>Verification passed: ${actual_result} equals ${expected_result}</arg>
<arg>console=True</arg>
<doc>Logs the given message with the given level.</doc>
<status status="PASS" start="2025-01-23T17:36:04.587960" elapsed="0.000000"/>
</kw>
<arg>${TEST_DATA}[expected_multiplication]</arg>
<doc>Verifies the calculation result matches expected value</doc>
<status status="PASS" start="2025-01-23T17:36:04.559960" elapsed="0.028000"/>
</kw>
<status status="PASS" start="2025-01-23T17:36:04.559960" elapsed="0.028000"/>
</kw>
<kw name="Cleanup Calculator Session" owner="CalculatorFlow" type="TEARDOWN">
<kw name="Log" owner="BuiltIn">
<msg time="2025-01-23T17:36:04.588960" level="INFO">Cleaning up calculator session</msg>
<arg>Cleaning up calculator session</arg>
<arg>console=True</arg>
<doc>Logs the given message with the given level.</doc>
<status status="PASS" start="2025-01-23T17:36:04.588960" elapsed="0.000000"/>
</kw>
<kw name="Close Browser" owner="SeleniumLibrary">
<doc>Closes the current browser.</doc>
<status status="PASS" start="2025-01-23T17:36:04.588960" elapsed="2.345807"/>
</kw>
<doc>Closes calculator session</doc>
<status status="PASS" start="2025-01-23T17:36:04.588960" elapsed="2.345807"/>
</kw>
<doc>Verify that calculator can perform basic multiplication with integers</doc>
<tag>integer</tag>
<tag>multiplication</tag>
<tag>smoke</tag>
<status status="PASS" start="2025-01-23T17:35:59.766351" elapsed="7.169443"/>
</test>
<test id="s1-t3" name="User can perform decimal addition" line="35">
<kw name="Initialize Calculator Session" owner="CalculatorFlow" type="SETUP">
<kw name="Log" owner="BuiltIn">
<msg time="2025-01-23T17:36:06.940821" level="INFO">Initializing calculator session</msg>
<arg>Initializing calculator session</arg>
<arg>console=True</arg>
<doc>Logs the given message with the given level.</doc>
<status status="PASS" start="2025-01-23T17:36:06.940821" elapsed="0.000995"/>
</kw>
<kw name="Open Browser" owner="SeleniumLibrary">
<msg time="2025-01-23T17:36:06.942889" level="INFO">Opening browser 'chrome' to base url 'https://testpages.eviltester.com/styled/apps/calculator.html'.</msg>
<arg>${CALCULATOR_URL}</arg>
<arg>${BROWSER}</arg>
<doc>Opens a new browser instance to the optional ``url``.</doc>
<status status="PASS" start="2025-01-23T17:36:06.941816" elapsed="4.024347"/>
</kw>
<kw name="Maximize Browser Window" owner="SeleniumLibrary">
<doc>Maximizes current browser window.</doc>
<status status="PASS" start="2025-01-23T17:36:10.967209" elapsed="0.036953"/>
</kw>
<kw name="Wait Until Element Is Visible" owner="SeleniumLibrary">
<arg>${CALCULATOR_DISPLAY}</arg>
<doc>Waits until the element ``locator`` is visible.</doc>
<status status="PASS" start="2025-01-23T17:36:11.004162" elapsed="0.026007"/>
</kw>
<kw name="Log" owner="BuiltIn">
<msg time="2025-01-23T17:36:11.031209" level="INFO">Calculator session initialized successfully</msg>
<arg>Calculator session initialized successfully</arg>
<arg>console=True</arg>
<doc>Logs the given message with the given level.</doc>
<status status="PASS" start="2025-01-23T17:36:11.031209" elapsed="0.000000"/>
</kw>
<doc>Opens calculator and prepares for testing</doc>
<status status="PASS" start="2025-01-23T17:36:06.940821" elapsed="4.090388"/>
</kw>
<kw name="Log" owner="BuiltIn">
<msg time="2025-01-23T17:36:11.032213" level="INFO">Starting test: Decimal Addition</msg>
<arg>Starting test: Decimal Addition</arg>
<arg>console=True</arg>
<doc>Logs the given message with the given level.</doc>
<status status="PASS" start="2025-01-23T17:36:11.031209" elapsed="0.001004"/>
</kw>
<kw name="Given Calculator is ready for input">
<kw name="Log" owner="BuiltIn">
<msg time="2025-01-23T17:36:11.032213" level="INFO">Ensuring calculator is ready for input</msg>
<arg>Ensuring calculator is ready for input</arg>
<arg>console=True</arg>
<doc>Logs the given message with the given level.</doc>
<status status="PASS" start="2025-01-23T17:36:11.032213" elapsed="0.000000"/>
</kw>
<kw name="Clear Display" owner="CalculatorPage">
<kw name="Wait Until Element Is Visible" owner="SeleniumLibrary">
<arg>${CLEAR_BTN}</arg>
<arg>${TIMEOUT}</arg>
<doc>Waits until the element ``locator`` is visible.</doc>
<status status="PASS" start="2025-01-23T17:36:11.033167" elapsed="0.017514"/>
</kw>
<kw name="Click Element" owner="SeleniumLibrary">
<msg time="2025-01-23T17:36:11.051678" level="INFO">Clicking element 'id=buttonclearentry'.</msg>
<arg>${CLEAR_BTN}</arg>
<doc>Click the element identified by ``locator``.</doc>
<status status="PASS" start="2025-01-23T17:36:11.050681" elapsed="0.058995"/>
</kw>
<kw name="Verify Display Shows" owner="CalculatorFlow">
<kw name="Log" owner="BuiltIn">
<msg time="2025-01-23T17:36:11.110676" level="INFO">Verifying display shows: </msg>
<arg>Verifying display shows: ${expected_value}</arg>
<arg>console=True</arg>
[...]
<status status="PASS" start="2025-01-23T17:36:29.029099" elapsed="0.000000"/>
</kw>
<kw name="Run Keyword If" owner="BuiltIn">
<kw name="Set Variable" owner="BuiltIn">
<arg>0</arg>
<doc>Returns the given values which can then be assigned to a variables.</doc>
<status status="PASS" start="2025-01-23T17:36:29.030072" elapsed="0.000000"/>
</kw>
<msg time="2025-01-23T17:36:29.030072" level="INFO">${expected_num} = 0</msg>
<var>${expected_num}</var>
<arg>'${expected}' == ''</arg>
<arg>Set Variable</arg>
<arg>0</arg>
<arg>ELSE</arg>
<arg>Convert To Number</arg>
<arg>${expected}</arg>
<doc>Runs the given keyword with the given arguments, if ``condition`` is true.</doc>
<status status="PASS" start="2025-01-23T17:36:29.029099" elapsed="0.000973"/>
</kw>
<kw name="Should Be Equal As Numbers" owner="BuiltIn">
<arg>${actual_num}</arg>
<arg>${expected_num}</arg>
<doc>Fails if objects are unequal after converting them to real numbers.</doc>
<status status="PASS" start="2025-01-23T17:36:29.030072" elapsed="0.000000"/>
</kw>
<arg>${actual}</arg>
<arg>${expected}</arg>
<status status="PASS" start="2025-01-23T17:36:29.029099" elapsed="0.000973"/>
</kw>
<arg>${expected}</arg>
<status status="PASS" start="2025-01-23T17:36:29.008016" elapsed="0.022056"/>
</kw>
<arg>5s</arg>
<arg>1s</arg>
<arg>Verify Display Value</arg>
<arg>${expected}</arg>
<doc>Runs the specified keyword and retries if it fails.</doc>
<status status="PASS" start="2025-01-23T17:36:29.008016" elapsed="0.022056"/>
</kw>
<arg>${expected_value}</arg>
<status status="PASS" start="2025-01-23T17:36:29.008016" elapsed="0.022056"/>
</kw>
<arg>${DEFAULT_VALUE}</arg>
<doc>Verifies the calculator display shows expected value</doc>
<status status="PASS" start="2025-01-23T17:36:29.007017" elapsed="0.023055"/>
</kw>
<status status="PASS" start="2025-01-23T17:36:28.965952" elapsed="0.064120"/>
</kw>
<kw name="Recall Memory" owner="CalculatorFlow">
<kw name="Log" owner="BuiltIn">
<msg time="2025-01-23T17:36:29.030072" level="INFO">Recalling value from memory</msg>
<arg>Recalling value from memory</arg>
<arg>console=True</arg>
<doc>Logs the given message with the given level.</doc>
<status status="PASS" start="2025-01-23T17:36:29.030072" elapsed="0.000998"/>
</kw>
<kw name="Click Memory Recall" owner="CalculatorPage">
<kw name="Wait And Click Element" owner="CalculatorPage">
<kw name="Wait Until Element Is Visible" owner="SeleniumLibrary">
<arg>${locator}</arg>
<doc>Waits until the element ``locator`` is visible.</doc>
<status status="PASS" start="2025-01-23T17:36:29.031070" elapsed="0.014362"/>
</kw>
<kw name="Click Element" owner="SeleniumLibrary">
<msg time="2025-01-23T17:36:29.045432" level="INFO">Clicking element 'id=buttonmemoryrecall'.</msg>
<arg>${locator}</arg>
<doc>Click the element identified by ``locator``.</doc>
<status status="PASS" start="2025-01-23T17:36:29.045432" elapsed="0.031639"/>
</kw>
<arg>${MEMORY_RECALL_BTN}</arg>
<status status="PASS" start="2025-01-23T17:36:29.031070" elapsed="0.046001"/>
</kw>
<status status="PASS" start="2025-01-23T17:36:29.031070" elapsed="0.046001"/>
</kw>
<doc>Recalls value from memory</doc>
<status status="PASS" start="2025-01-23T17:36:29.030072" elapsed="0.046999"/>
</kw>
<kw name="Click Minus" owner="CalculatorPage">
<kw name="Wait And Click Element" owner="CalculatorPage">
<kw name="Wait Until Element Is Visible" owner="SeleniumLibrary">
<arg>${locator}</arg>
<doc>Waits until the element ``locator`` is visible.</doc>
<status status="PASS" start="2025-01-23T17:36:29.078073" elapsed="0.012501"/>
</kw>
<kw name="Click Element" owner="SeleniumLibrary">
<msg time="2025-01-23T17:36:29.090574" level="INFO">Clicking element 'id=buttonminus'.</msg>
<arg>${locator}</arg>
<doc>Click the element identified by ``locator``.</doc>
<status status="PASS" start="2025-01-23T17:36:29.090574" elapsed="0.032502"/>
</kw>
<arg>${MINUS_BTN}</arg>
<status status="PASS" start="2025-01-23T17:36:29.078073" elapsed="0.045003"/>
</kw>
<status status="PASS" start="2025-01-23T17:36:29.077071" elapsed="0.046005"/>
</kw>
<kw name="Log" owner="BuiltIn">
<msg time="2025-01-23T17:36:29.123076" level="INFO">Memory subtract value: 83</msg>
<arg>Memory subtract value: ${data}[memory_subtract]</arg>
<arg>console=True</arg>
<doc>Logs the given message with the given level.</doc>
<status status="PASS" start="2025-01-23T17:36:29.123076" elapsed="0.001002"/>
</kw>
<kw name="Enter Number" owner="CalculatorFlow">
<kw name="Log" owner="BuiltIn">
<msg time="2025-01-23T17:36:29.124078" level="INFO">Entering number: 83</msg>
<arg>Entering number: ${number}</arg>
<arg>console=True</arg>
<doc>Logs the given message with the given level.</doc>
<status status="PASS" start="2025-01-23T17:36:29.124078" elapsed="0.000000"/>
</kw>
<kw name="Convert To String" owner="BuiltIn">
<msg time="2025-01-23T17:36:29.125076" level="INFO">${digits} = 83</msg>
<var>${digits}</var>
<arg>${number}</arg>
<doc>Converts the given item to a Unicode string.</doc>
<status status="PASS" start="2025-01-23T17:36:29.124078" elapsed="0.000998"/>
</kw>
<kw name="Split String To Characters" owner="String">
<msg time="2025-01-23T17:36:29.125076" level="INFO">@{chars} = [ 8 | 3 ]</msg>
<var>@{chars}</var>
<arg>${digits}</arg>
<doc>Splits the given ``string`` to characters.</doc>
<status status="PASS" start="2025-01-23T17:36:29.125076" elapsed="0.000000"/>
</kw>
<for flavor="IN">
<iter>
<kw name="Run Keyword If" owner="BuiltIn">
<kw name="Click Number" owner="CalculatorPage">
<kw name="Get From Dictionary" owner="Collections">
<msg time="2025-01-23T17:36:29.126076" level="INFO">${button_id} = button08</msg>
<var>${button_id}</var>
<arg>${NUMBER_BUTTONS}</arg>
<arg>${number}</arg>
<doc>Returns a value from the given ``dictionary`` based on the given ``key``.</doc>
<status status="PASS" start="2025-01-23T17:36:29.125076" elapsed="0.001000"/>
</kw>
<kw name="Wait And Click Element" owner="CalculatorPage">
<kw name="Wait Until Element Is Visible" owner="SeleniumLibrary">
<arg>${locator}</arg>
<doc>Waits until the element ``locator`` is visible.</doc>
<status status="PASS" start="2025-01-23T17:36:29.126076" elapsed="0.014020"/>
</kw>
<kw name="Click Element" owner="SeleniumLibrary">
<msg time="2025-01-23T17:36:29.140096" level="INFO">Clicking element 'id=button08'.</msg>
<arg>${locator}</arg>
<doc>Click the element identified by ``locator``.</doc>
<status status="PASS" start="2025-01-23T17:36:29.140096" elapsed="0.033951"/>
</kw>
<arg>id=${button_id}</arg>
<status status="PASS" start="2025-01-23T17:36:29.126076" elapsed="0.047971"/>
</kw>
<arg>${char}</arg>
<status status="PASS" start="2025-01-23T17:36:29.125076" elapsed="0.048971"/>
</kw>
<arg>'${char}' == '.'</arg>
<arg>Click Decimal Point</arg>
<arg>ELSE</arg>
<arg>Click Number</arg>
<arg>${char}</arg>
<doc>Runs the given keyword with the given arguments, if ``condition`` is true.</doc>
<status status="PASS" start="2025-01-23T17:36:29.125076" elapsed="0.048971"/>
</kw>
<var name="${char}">8</var>
<status status="PASS" start="2025-01-23T17:36:29.125076" elapsed="0.048971"/>
</iter>
<iter>
<kw name="Run Keyword If" owner="BuiltIn">
<kw name="Click Number" owner="CalculatorPage">
<kw name="Get From Dictionary" owner="Collections">
<msg time="2025-01-23T17:36:29.176047" level="INFO">${button_id} = button03</msg>
<var>${button_id}</var>
<arg>${NUMBER_BUTTONS}</arg>
<arg>${number}</arg>
<doc>Returns a value from the given ``dictionary`` based on the given ``key``.</doc>
<status status="PASS" start="2025-01-23T17:36:29.175046" elapsed="0.001001"/>
</kw>
<kw name="Wait And Click Element" owner="CalculatorPage">
<kw name="Wait Until Element Is Visible" owner="SeleniumLibrary">
<arg>${locator}</arg>
<doc>Waits until the element ``locator`` is visible.</doc>
<status status="PASS" start="2025-01-23T17:36:29.176047" elapsed="0.012465"/>
</kw>
<kw name="Click Element" owner="SeleniumLibrary">
<msg time="2025-01-23T17:36:29.188512" level="INFO">Clicking element 'id=button03'.</msg>
<arg>${locator}</arg>
<doc>Click the element identified by ``locator``.</doc>
<status status="PASS" start="2025-01-23T17:36:29.188512" elapsed="0.033242"/>
</kw>
<arg>id=${button_id}</arg>
<status status="PASS" start="2025-01-23T17:36:29.176047" elapsed="0.045707"/>
</kw>
<arg>${char}</arg>
<status status="PASS" start="2025-01-23T17:36:29.175046" elapsed="0.046708"/>
</kw>
<arg>'${char}' == '.'</arg>
<arg>Click Decimal Point</arg>
<arg>ELSE</arg>
<arg>Click Number</arg>
<arg>${char}</arg>
<doc>Runs the given keyword with the given arguments, if ``condition`` is true.</doc>
<status status="PASS" start="2025-01-23T17:36:29.175046" elapsed="0.046708"/>
</kw>
<var name="${char}">3</var>
<status status="PASS" start="2025-01-23T17:36:29.175046" elapsed="0.046708"/>
</iter>
<var>${char}</var>
<value>@{chars}</value>
<status status="PASS" start="2025-01-23T17:36:29.125076" elapsed="0.096678"/>
</for>
<kw name="Sleep" owner="BuiltIn">
<msg time="2025-01-23T17:36:29.422246" level="INFO">Slept 200 milliseconds.</msg>
<arg>0.2s</arg>
<doc>Pauses the test executed for the given time.</doc>
<status status="PASS" start="2025-01-23T17:36:29.221754" elapsed="0.200492"/>
</kw>
<arg>${data}[memory_subtract]</arg>
<doc>Enters a number into the calculator</doc>
<status status="PASS" start="2025-01-23T17:36:29.124078" elapsed="0.298168"/>
</kw>
<kw name="Press Equals" owner="CalculatorFlow">
<kw name="Log" owner="BuiltIn">
<msg time="2025-01-23T17:36:29.424271" level="INFO">Pressing equals button</msg>
<arg>Pressing equals button</arg>
<arg>console=True</arg>
<doc>Logs the given message with the given level.</doc>
<status status="PASS" start="2025-01-23T17:36:29.424271" elapsed="0.000997"/>
</kw>
<kw name="Click Equals" owner="CalculatorPage">
<kw name="Wait And Click Element" owner="CalculatorPage">
<kw name="Wait Until Element Is Visible" owner="SeleniumLibrary">
<arg>${locator}</arg>
<doc>Waits until the element ``locator`` is visible.</doc>
<status status="PASS" start="2025-01-23T17:36:29.427266" elapsed="0.020178"/>
</kw>
<kw name="Click Element" owner="SeleniumLibrary">
<msg time="2025-01-23T17:36:29.448444" level="INFO">Clicking element 'id=buttonequals'.</msg>
<arg>${locator}</arg>
<doc>Click the element identified by ``locator``.</doc>
<status status="PASS" start="2025-01-23T17:36:29.447444" elapsed="0.034302"/>
</kw>
<arg>${CALCULATOR_EQUALS}</arg>
<status status="PASS" start="2025-01-23T17:36:29.426269" elapsed="0.055477"/>
</kw>
<status status="PASS" start="2025-01-23T17:36:29.426269" elapsed="0.055477"/>
</kw>
<kw name="Sleep" owner="BuiltIn">
<msg time="2025-01-23T17:36:29.982162" level="INFO">Slept 500 milliseconds.</msg>
<arg>0.5s</arg>
<doc>Pauses the test executed for the given time.</doc>
<status status="PASS" start="2025-01-23T17:36:29.481746" elapsed="0.500416"/>
</kw>
<kw name="Get Display Value" owner="CalculatorPage">
<kw name="Wait Until Element Is Visible" owner="SeleniumLibrary">
<arg>${CALCULATOR_DISPLAY}</arg>
<doc>Waits until the element ``locator`` is visible.</doc>
<status status="PASS" start="2025-01-23T17:36:29.982162" elapsed="0.015198"/>
</kw>
<kw name="Get Element Attribute" owner="SeleniumLibrary">
<msg time="2025-01-23T17:36:30.009804" level="INFO">${value} = 27</msg>
<var>${value}</var>
<arg>${CALCULATOR_DISPLAY}</arg>
<arg>value</arg>
<doc>Returns the value of ``attribute`` from the element ``locator``.</doc>
<status status="PASS" start="2025-01-23T17:36:29.997360" elapsed="0.012444"/>
</kw>
<kw name="Set Variable If" owner="BuiltIn">
<msg time="2025-01-23T17:36:30.009804" level="INFO">${value} = 27</msg>
<var>${value}</var>
<arg>'${value}' == ''</arg>
<arg>${DEFAULT_VALUE}</arg>
<arg>${value}</arg>
<doc>Sets variable based on the given condition.</doc>
<status status="PASS" start="2025-01-23T17:36:30.009804" elapsed="0.000000"/>
</kw>
<return>
<value>${value}</value>
<status status="PASS" start="2025-01-23T17:36:30.009804" elapsed="0.000000"/>
</return>
<msg time="2025-01-23T17:36:30.010812" level="INFO">${result} = 27</msg>
<var>${result}</var>
<status status="PASS" start="2025-01-23T17:36:29.982162" elapsed="0.028650"/>
</kw>
<kw name="Log" owner="BuiltIn">
<msg time="2025-01-23T17:36:30.010812" level="INFO">Result obtained: 27</msg>
<arg>Result obtained: ${result}</arg>
<arg>console=True</arg>
<doc>Logs the given message with the given level.</doc>
<status status="PASS" start="2025-01-23T17:36:30.010812" elapsed="0.000000"/>
</kw>
<return>
<value>${result}</value>
<status status="PASS" start="2025-01-23T17:36:30.010812" elapsed="0.000000"/>
</return>
<msg time="2025-01-23T17:36:30.010812" level="INFO">${result} = 27</msg>
<var>${result}</var>
<doc>Clicks the equals button and returns result</doc>
<status status="PASS" start="2025-01-23T17:36:29.423279" elapsed="0.587533"/>
</kw>
<kw name="Log" owner="BuiltIn">
<msg time="2025-01-23T17:36:30.011827" level="INFO">Memory operation result: 27</msg>
<arg>Memory operation result: ${result}</arg>
<arg>console=True</arg>
<doc>Logs the given message with the given level.</doc>
<status status="PASS" start="2025-01-23T17:36:30.010812" elapsed="0.001015"/>
</kw>
<return>
<value>${result}</value>
<status status="PASS" start="2025-01-23T17:36:30.011827" elapsed="0.000000"/>
</return>
<msg time="2025-01-23T17:36:30.011827" level="INFO">${result} = 27</msg>
<var>${result}</var>
<arg>${TEST_DATA}</arg>
<doc>Performs a sequence of memory operations</doc>
<status status="PASS" start="2025-01-23T17:36:28.166180" elapsed="1.845647"/>
</kw>
<kw name="Set Test Variable" owner="BuiltIn">
<msg time="2025-01-23T17:36:30.011827" level="INFO">${ACTUAL_RESULT} = 27</msg>
<arg>${ACTUAL_RESULT}</arg>
<arg>${result}</arg>
<doc>Makes a variable available everywhere within the scope of the current test.</doc>
<status status="PASS" start="2025-01-23T17:36:30.011827" elapsed="0.000000"/>
</kw>
<kw name="Log" owner="BuiltIn">
<msg time="2025-01-23T17:36:30.012823" level="INFO">Memory operation sequence result: 27</msg>
<arg>Memory operation sequence result: ${result}</arg>
<arg>console=True</arg>
<doc>Logs the given message with the given level.</doc>
<status status="PASS" start="2025-01-23T17:36:30.012823" elapsed="0.000000"/>
</kw>
<status status="PASS" start="2025-01-23T17:36:28.165200" elapsed="1.847623"/>
</kw>
<kw name="Then Result should match expected memory operation value">
<kw name="Log" owner="BuiltIn">
<msg time="2025-01-23T17:36:30.012823" level="INFO">Verifying memory operation result</msg>
<arg>Verifying memory operation result</arg>
<arg>console=True</arg>
<doc>Logs the given message with the given level.</doc>
<status status="PASS" start="2025-01-23T17:36:30.012823" elapsed="0.000000"/>
</kw>
<kw name="Verify Calculation Result" owner="CalculatorFlow">
<kw name="Log" owner="BuiltIn">
<msg time="2025-01-23T17:36:30.013804" level="INFO">Verifying calculation result matches: 27</msg>
<arg>Verifying calculation result matches: ${expected_result}</arg>
<arg>console=True</arg>
<doc>Logs the given message with the given level.</doc>
<status status="PASS" start="2025-01-23T17:36:30.013804" elapsed="0.000000"/>
</kw>
<kw name="Get Display Value" owner="CalculatorPage">
<kw name="Wait Until Element Is Visible" owner="SeleniumLibrary">
<arg>${CALCULATOR_DISPLAY}</arg>
<doc>Waits until the element ``locator`` is visible.</doc>
<status status="PASS" start="2025-01-23T17:36:30.013804" elapsed="0.013429"/>
</kw>
<kw name="Get Element Attribute" owner="SeleniumLibrary">
<msg time="2025-01-23T17:36:30.039209" level="INFO">${value} = 27</msg>
<var>${value}</var>
<arg>${CALCULATOR_DISPLAY}</arg>
<arg>value</arg>
<doc>Returns the value of ``attribute`` from the element ``locator``.</doc>
<status status="PASS" start="2025-01-23T17:36:30.028232" elapsed="0.010977"/>
</kw>
<kw name="Set Variable If" owner="BuiltIn">
<msg time="2025-01-23T17:36:30.039209" level="INFO">${value} = 27</msg>
<var>${value}</var>
<arg>'${value}' == ''</arg>
<arg>${DEFAULT_VALUE}</arg>
<arg>${value}</arg>
<doc>Sets variable based on the given condition.</doc>
<status status="PASS" start="2025-01-23T17:36:30.039209" elapsed="0.000000"/>
</kw>
<return>
<value>${value}</value>
<status status="PASS" start="2025-01-23T17:36:30.040226" elapsed="0.000000"/>
</return>
<msg time="2025-01-23T17:36:30.040226" level="INFO">${actual_result} = 27</msg>
<var>${actual_result}</var>
<status status="PASS" start="2025-01-23T17:36:30.013804" elapsed="0.026422"/>
</kw>
<kw name="Should Be Equal As Numbers" owner="BuiltIn">
<arg>${actual_result}</arg>
<arg>${expected_result}</arg>
<doc>Fails if objects are unequal after converting them to real numbers.</doc>
<status status="PASS" start="2025-01-23T17:36:30.040226" elapsed="0.000000"/>
</kw>
<kw name="Log" owner="BuiltIn">
<msg time="2025-01-23T17:36:30.040226" level="INFO">Verification passed: 27 equals 27</msg>
<arg>Verification passed: ${actual_result} equals ${expected_result}</arg>
<arg>console=True</arg>
<doc>Logs the given message with the given level.</doc>
<status status="PASS" start="2025-01-23T17:36:30.040226" elapsed="0.000000"/>
</kw>
<arg>${TEST_DATA}[expected_result]</arg>
<doc>Verifies the calculation result matches expected value</doc>
<status status="PASS" start="2025-01-23T17:36:30.013804" elapsed="0.027405"/>
</kw>
<status status="PASS" start="2025-01-23T17:36:30.012823" elapsed="0.028386"/>
</kw>
<kw name="Cleanup Calculator Session" owner="CalculatorFlow" type="TEARDOWN">
<kw name="Log" owner="BuiltIn">
<msg time="2025-01-23T17:36:30.042210" level="INFO">Cleaning up calculator session</msg>
<arg>Cleaning up calculator session</arg>
<arg>console=True</arg>
<doc>Logs the given message with the given level.</doc>
<status status="PASS" start="2025-01-23T17:36:30.042210" elapsed="0.000000"/>
</kw>
<kw name="Close Browser" owner="SeleniumLibrary">
<doc>Closes the current browser.</doc>
<status status="PASS" start="2025-01-23T17:36:30.042210" elapsed="4.843364"/>
</kw>
<doc>Closes calculator session</doc>
<status status="PASS" start="2025-01-23T17:36:30.041209" elapsed="4.844365"/>
</kw>
<doc>Verify that calculator can perform a sequence of memory operations</doc>
<tag>memory</tag>
<tag>smoke</tag>
<status status="PASS" start="2025-01-23T17:36:24.190107" elapsed="10.696881"/>
</test>
<kw name="Cleanup Calculator Environment" type="TEARDOWN">
<kw name="Log" owner="BuiltIn">
<msg time="2025-01-23T17:36:34.891603" level="INFO">Cleaning up calculator test environment</msg>
<arg>Cleaning up calculator test environment</arg>
<arg>console=True</arg>
<doc>Logs the given message with the given level.</doc>
<status status="PASS" start="2025-01-23T17:36:34.891603" elapsed="0.001004"/>
</kw>
<kw name="Close All Browsers" owner="SeleniumLibrary">
<doc>Closes all open browsers and resets the browser cache.</doc>
<status status="PASS" start="2025-01-23T17:36:34.892607" elapsed="6.323198"/>
</kw>
<kw name="Log" owner="BuiltIn">
<msg time="2025-01-23T17:36:41.216993" level="INFO">Calculator environment cleanup completed</msg>
<arg>Calculator environment cleanup completed</arg>
<arg>console=True</arg>
<doc>Logs the given message with the given level.</doc>
<status status="PASS" start="2025-01-23T17:36:41.215805" elapsed="0.001188"/>
</kw>
<status status="PASS" start="2025-01-23T17:36:34.890607" elapsed="6.326386"/>
</kw>
<doc>Test suite for calculator functionality using BDD approach</doc>
<status status="PASS" start="2025-01-23T17:35:48.765842" elapsed="52.451151"/>
</suite>
<statistics>
<total>
<stat pass="5" fail="0" skip="0">All Tests</stat>
</total>
<tag>
<stat pass="2" fail="0" skip="0">addition</stat>
<stat pass="2" fail="0" skip="0">decimal</stat>
<stat pass="2" fail="0" skip="0">integer</stat>
<stat pass="1" fail="0" skip="0">memory</stat>
<stat pass="2" fail="0" skip="0">multiplication</stat>
<stat pass="5" fail="0" skip="0">smoke</stat>
</tag>
<suite>
<stat pass="5" fail="0" skip="0" id="s1" name="CalculatorTest">CalculatorTest</stat>
</suite>
</statistics>
<errors>
</errors>
</robot>
