<?xml version="1.0" encoding="UTF-8"?>
<robot generator="Robot 7.0 (Python 3.12.1 on win32)" generated="2025-02-03T09:27:22.045068" rpa="false" schemaversion="5">
<suite id="s1" name="CalculatorTest" source="D:\AUTOMATION TEST\Calculator_v2\Tests\CalculatorTest.robot">
<kw name="Setup Calculator Environment" owner="CalculatorPage" type="SETUP">
<kw name="Log" owner="BuiltIn">
<msg time="2025-02-03T09:27:22.388108" level="INFO">Setting up calculator test environment</msg>
<arg>Setting up calculator test environment</arg>
<arg>console=True</arg>
<doc>Logs the given message with the given level.</doc>
<status status="PASS" start="2025-02-03T09:27:22.388108" elapsed="0.000000"/>
</kw>
<kw name="Set Selenium Timeout" owner="SeleniumLibrary">
<arg>${TIMEOUT}</arg>
<doc>Sets the timeout that is used by various keywords.</doc>
<status status="PASS" start="2025-02-03T09:27:22.388108" elapsed="0.001001"/>
</kw>
<kw name="Create List" owner="BuiltIn">
<msg time="2025-02-03T09:27:22.389109" level="INFO">${args} = ['--headless', '--no-sandbox', '--disable-dev-shm-usage', '--disable-gpu', '--window-size=1920,1080', '--remote-debugging-port=9222', '--disable-extensions', '--disable-setuid-sandbox', '--disable-web...</msg>
<var>${args}</var>
<arg>--headless</arg>
<arg>--no-sandbox</arg>
<arg>--disable-dev-shm-usage</arg>
<arg>--disable-gpu</arg>
<arg>--window-size=1920,1080</arg>
<arg>--remote-debugging-port=9222</arg>
<arg>--disable-extensions</arg>
<arg>--disable-setuid-sandbox</arg>
<arg>--disable-web-security</arg>
<doc>Returns a list containing given items.</doc>
<status status="PASS" start="2025-02-03T09:27:22.389109" elapsed="0.000000"/>
</kw>
<kw name="Evaluate" owner="BuiltIn">
<msg time="2025-02-03T09:27:22.389109" level="INFO">${chrome_options} = &lt;selenium.webdriver.chrome.options.Options object at 0x000002293F947BC0&gt;</msg>
<var>${chrome_options}</var>
<arg>sys.modules['selenium.webdriver'].ChromeOptions()</arg>
<arg>sys</arg>
<doc>Evaluates the given expression in Python and returns the result.</doc>
<status status="PASS" start="2025-02-03T09:27:22.389109" elapsed="0.000000"/>
</kw>
<for flavor="IN">
<iter>
<kw name="Call Method" owner="BuiltIn">
<arg>${chrome_options}</arg>
<arg>add_argument</arg>
<arg>${arg}</arg>
<doc>Calls the named method of the given object with the provided arguments.</doc>
<status status="PASS" start="2025-02-03T09:27:22.389109" elapsed="0.001013"/>
</kw>
<var name="${arg}">--headless</var>
<status status="PASS" start="2025-02-03T09:27:22.389109" elapsed="0.001013"/>
</iter>
<iter>
<kw name="Call Method" owner="BuiltIn">
<arg>${chrome_options}</arg>
<arg>add_argument</arg>
<arg>${arg}</arg>
<doc>Calls the named method of the given object with the provided arguments.</doc>
<status status="PASS" start="2025-02-03T09:27:22.390122" elapsed="0.000000"/>
</kw>
<var name="${arg}">--no-sandbox</var>
<status status="PASS" start="2025-02-03T09:27:22.390122" elapsed="0.000000"/>
</iter>
<iter>
<kw name="Call Method" owner="BuiltIn">
<arg>${chrome_options}</arg>
<arg>add_argument</arg>
<arg>${arg}</arg>
<doc>Calls the named method of the given object with the provided arguments.</doc>
<status status="PASS" start="2025-02-03T09:27:22.390122" elapsed="0.000000"/>
</kw>
<var name="${arg}">--disable-dev-shm-usage</var>
<status status="PASS" start="2025-02-03T09:27:22.390122" elapsed="0.000000"/>
</iter>
<iter>
<kw name="Call Method" owner="BuiltIn">
<arg>${chrome_options}</arg>
<arg>add_argument</arg>
<arg>${arg}</arg>
<doc>Calls the named method of the given object with the provided arguments.</doc>
<status status="PASS" start="2025-02-03T09:27:22.390122" elapsed="0.000000"/>
</kw>
<var name="${arg}">--disable-gpu</var>
<status status="PASS" start="2025-02-03T09:27:22.390122" elapsed="0.000000"/>
</iter>
<iter>
<kw name="Call Method" owner="BuiltIn">
<arg>${chrome_options}</arg>
<arg>add_argument</arg>
<arg>${arg}</arg>
<doc>Calls the named method of the given object with the provided arguments.</doc>
<status status="PASS" start="2025-02-03T09:27:22.390122" elapsed="0.000000"/>
</kw>
<var name="${arg}">--window-size=1920,1080</var>
<status status="PASS" start="2025-02-03T09:27:22.390122" elapsed="0.000000"/>
</iter>
<iter>
<kw name="Call Method" owner="BuiltIn">
<arg>${chrome_options}</arg>
<arg>add_argument</arg>
<arg>${arg}</arg>
<doc>Calls the named method of the given object with the provided arguments.</doc>
<status status="PASS" start="2025-02-03T09:27:22.390122" elapsed="0.001007"/>
</kw>
<var name="${arg}">--remote-debugging-port=9222</var>
<status status="PASS" start="2025-02-03T09:27:22.390122" elapsed="0.001007"/>
</iter>
<iter>
<kw name="Call Method" owner="BuiltIn">
<arg>${chrome_options}</arg>
<arg>add_argument</arg>
<arg>${arg}</arg>
<doc>Calls the named method of the given object with the provided arguments.</doc>
<status status="PASS" start="2025-02-03T09:27:22.391129" elapsed="0.000000"/>
</kw>
<var name="${arg}">--disable-extensions</var>
<status status="PASS" start="2025-02-03T09:27:22.391129" elapsed="0.000000"/>
</iter>
<iter>
<kw name="Call Method" owner="BuiltIn">
<arg>${chrome_options}</arg>
<arg>add_argument</arg>
<arg>${arg}</arg>
<doc>Calls the named method of the given object with the provided arguments.</doc>
<status status="PASS" start="2025-02-03T09:27:22.391129" elapsed="0.000995"/>
</kw>
<var name="${arg}">--disable-setuid-sandbox</var>
<status status="PASS" start="2025-02-03T09:27:22.391129" elapsed="0.000995"/>
</iter>
<iter>
<kw name="Call Method" owner="BuiltIn">
<arg>${chrome_options}</arg>
<arg>add_argument</arg>
<arg>${arg}</arg>
<doc>Calls the named method of the given object with the provided arguments.</doc>
<status status="PASS" start="2025-02-03T09:27:22.392124" elapsed="0.000000"/>
</kw>
<var name="${arg}">--disable-web-security</var>
<status status="PASS" start="2025-02-03T09:27:22.392124" elapsed="0.000000"/>
</iter>
<var>${arg}</var>
<value>@{args}</value>
<status status="PASS" start="2025-02-03T09:27:22.389109" elapsed="0.003015"/>
</for>
<kw name="Create Webdriver" owner="SeleniumLibrary">
<msg time="2025-02-03T09:27:22.392124" level="INFO">Creating an instance of the Chrome WebDriver.</msg>
<arg>Chrome</arg>
<arg>options=${chrome_options}</arg>
<doc>Creates an instance of Selenium WebDriver.</doc>
<status status="PASS" start="2025-02-03T09:27:22.392124" elapsed="6.594484"/>
</kw>
<kw name="Set Window Size" owner="SeleniumLibrary">
<arg>1920</arg>
<arg>1080</arg>
<doc>Sets current windows size to given ``width`` and ``height``.</doc>
<status status="PASS" start="2025-02-03T09:27:28.987608" elapsed="0.362585"/>
</kw>
<kw name="Go To" owner="SeleniumLibrary">
<msg time="2025-02-03T09:27:29.351286" level="INFO">Opening url 'https://testpages.eviltester.com/styled/apps/calculator.html'</msg>
<arg>${URL}</arg>
<doc>Navigates the current browser window to the provided ``url``.</doc>
<status status="PASS" start="2025-02-03T09:27:29.350193" elapsed="2.537978"/>
</kw>
<doc>Initialize the calculator test environment</doc>
<status status="PASS" start="2025-02-03T09:27:22.387114" elapsed="9.501057"/>
</kw>
<test id="s1-t1" name="User can perform basic integer addition" line="17">
<kw name="Initialize Calculator Session" type="SETUP">
<kw name="Go To" owner="SeleniumLibrary">
<msg time="2025-02-03T09:27:31.890172" level="INFO">Opening url 'https://testpages.eviltester.com/styled/apps/calculator.html'</msg>
<arg>${URL}</arg>
<doc>Navigates the current browser window to the provided ``url``.</doc>
<status status="PASS" start="2025-02-03T09:27:31.890172" elapsed="0.683570"/>
</kw>
<kw name="Maximize Browser Window" owner="SeleniumLibrary">
<doc>Maximizes current browser window.</doc>
<status status="PASS" start="2025-02-03T09:27:32.573742" elapsed="0.030807"/>
</kw>
<kw name="Wait Until Element Is Visible" owner="SeleniumLibrary">
<arg>${CALCULATOR_DISPLAY}</arg>
<doc>Waits until the element ``locator`` is visible.</doc>
<status status="PASS" start="2025-02-03T09:27:32.604549" elapsed="0.171032"/>
</kw>
<status status="PASS" start="2025-02-03T09:27:31.890172" elapsed="0.885409"/>
</kw>
<kw name="Given Calculator is ready for input">
<kw name="Reset Calculator State" owner="CalculatorFlow">
<kw name="Clear Calculator" owner="CalculatorPage">
<kw name="Wait Until Element Is Visible" owner="SeleniumLibrary">
<arg>${CLEAR_BTN}</arg>
<arg>${TIMEOUT}</arg>
<doc>Waits until the element ``locator`` is visible.</doc>
<status status="PASS" start="2025-02-03T09:27:32.776581" elapsed="0.015465"/>
</kw>
<kw name="Click Element" owner="SeleniumLibrary">
<msg time="2025-02-03T09:27:32.793069" level="INFO">Clicking element 'id=buttonclearentry'.</msg>
<arg>${CLEAR_BTN}</arg>
<doc>Click the element identified by ``locator``.</doc>
<status status="PASS" start="2025-02-03T09:27:32.792046" elapsed="0.043907"/>
</kw>
<doc>Click the clear button to reset the display to the default value.</doc>
<status status="PASS" start="2025-02-03T09:27:32.776581" elapsed="0.059372"/>
</kw>
<kw name="Verify Result" owner="CalculatorFlow">
<kw name="Log" owner="BuiltIn">
<msg time="2025-02-03T09:27:32.836953" level="INFO">Verifying result: </msg>
<arg>Verifying result: ${expected_value}</arg>
<arg>console=True</arg>
<doc>Logs the given message with the given level.</doc>
<status status="PASS" start="2025-02-03T09:27:32.836953" elapsed="0.000000"/>
</kw>
<kw name="Get Display Value" owner="CalculatorPage">
<kw name="Wait Until Element Is Visible" owner="SeleniumLibrary">
<arg>${CALCULATOR_DISPLAY}</arg>
<arg>${TIMEOUT}</arg>
<doc>Waits until the element ``locator`` is visible.</doc>
<status status="PASS" start="2025-02-03T09:27:32.836953" elapsed="0.012000"/>
</kw>
<kw name="Get Element Attribute" owner="SeleniumLibrary">
<msg time="2025-02-03T09:27:32.860651" level="INFO">${value} = </msg>
<var>${value}</var>
<arg>${CALCULATOR_DISPLAY}</arg>
<arg>value</arg>
<doc>Returns the value of ``attribute`` from the element ``locator``.</doc>
<status status="PASS" start="2025-02-03T09:27:32.848953" elapsed="0.011698"/>
</kw>
<kw name="Set Variable If" owner="BuiltIn">
<msg time="2025-02-03T09:27:32.860651" level="INFO">${value} = </msg>
<var>${value}</var>
<arg>'${value}' == ''</arg>
<arg>${DEFAULT_VALUE}</arg>
<arg>${value}</arg>
<doc>Sets variable based on the given condition.</doc>
<status status="PASS" start="2025-02-03T09:27:32.860651" elapsed="0.000000"/>
</kw>
<kw name="Set Variable If" owner="BuiltIn">
<msg time="2025-02-03T09:27:32.860651" level="INFO">${value} = </msg>
<var>${value}</var>
<arg>'${value}' == 'undefined'</arg>
<arg>${DEFAULT_VALUE}</arg>
<arg>${value}</arg>
<doc>Sets variable based on the given condition.</doc>
<status status="PASS" start="2025-02-03T09:27:32.860651" elapsed="0.000000"/>
</kw>
<kw name="Set Variable If" owner="BuiltIn">
<msg time="2025-02-03T09:27:32.861668" level="INFO">${value} = </msg>
<var>${value}</var>
<arg>'${value}' == 'null'</arg>
<arg>${DEFAULT_VALUE}</arg>
<arg>${value}</arg>
<doc>Sets variable based on the given condition.</doc>
<status status="PASS" start="2025-02-03T09:27:32.860651" elapsed="0.001017"/>
</kw>
<kw name="Log" owner="BuiltIn">
<msg time="2025-02-03T09:27:32.861668" level="INFO">Display value: </msg>
<arg>Display value: ${value}</arg>
<arg>console=True</arg>
<doc>Logs the given message with the given level.</doc>
<status status="PASS" start="2025-02-03T09:27:32.861668" elapsed="0.000000"/>
</kw>
<return>
<value>${value}</value>
<status status="PASS" start="2025-02-03T09:27:32.861668" elapsed="0.000000"/>
</return>
<msg time="2025-02-03T09:27:32.861668" level="INFO">${actual_value} = </msg>
<var>${actual_value}</var>
<doc>Get the value displayed on Calculator screen</doc>
<status status="PASS" start="2025-02-03T09:27:32.836953" elapsed="0.024715"/>
</kw>
<kw name="Set Variable If" owner="BuiltIn">
<msg time="2025-02-03T09:27:32.861668" level="INFO">${actual_value} = 0</msg>
<var>${actual_value}</var>
<arg>'${actual_value}' == ''</arg>
<arg>0</arg>
<arg>${actual_value}</arg>
<doc>Sets variable based on the given condition.</doc>
<status status="PASS" start="2025-02-03T09:27:32.861668" elapsed="0.000000"/>
</kw>
<kw name="Set Variable If" owner="BuiltIn">
<msg time="2025-02-03T09:27:32.862652" level="INFO">${expected_value} = 0</msg>
<var>${expected_value}</var>
<arg>'${expected_value}' == ''</arg>
<arg>0</arg>
<arg>${expected_value}</arg>
<doc>Sets variable based on the given condition.</doc>
<status status="PASS" start="2025-02-03T09:27:32.862652" elapsed="0.000000"/>
</kw>
<kw name="Should Be Equal As Strings" owner="BuiltIn">
<arg>${actual_value}</arg>
<arg>${expected_value}</arg>
<doc>Fails if objects are unequal after converting them to strings.</doc>
<status status="PASS" start="2025-02-03T09:27:32.862652" elapsed="0.000000"/>
</kw>
<kw name="Log" owner="BuiltIn">
<msg time="2025-02-03T09:27:32.862652" level="INFO">Verification passed: 0 equals 0</msg>
<arg>Verification passed: ${actual_value} equals ${expected_value}</arg>
<arg>console=True</arg>
<doc>Logs the given message with the given level.</doc>
<status status="PASS" start="2025-02-03T09:27:32.862652" elapsed="0.000000"/>
</kw>
<arg>${DEFAULT_VALUE}</arg>
<doc>Verifies the calculator display shows expected value</doc>
<status status="PASS" start="2025-02-03T09:27:32.835953" elapsed="0.026699"/>
</kw>
<doc>Resets calculator to initial state</doc>
<status status="PASS" start="2025-02-03T09:27:32.776581" elapsed="0.086071"/>
</kw>
<kw name="Verify Result" owner="CalculatorFlow">
<kw name="Log" owner="BuiltIn">
<msg time="2025-02-03T09:27:32.863651" level="INFO">Verifying result: </msg>
<arg>Verifying result: ${expected_value}</arg>
<arg>console=True</arg>
<doc>Logs the given message with the given level.</doc>
<status status="PASS" start="2025-02-03T09:27:32.863651" elapsed="0.000000"/>
</kw>
<kw name="Get Display Value" owner="CalculatorPage">
<kw name="Wait Until Element Is Visible" owner="SeleniumLibrary">
<arg>${CALCULATOR_DISPLAY}</arg>
<arg>${TIMEOUT}</arg>
<doc>Waits until the element ``locator`` is visible.</doc>
<status status="PASS" start="2025-02-03T09:27:32.863651" elapsed="0.011968"/>
</kw>
<kw name="Get Element Attribute" owner="SeleniumLibrary">
<msg time="2025-02-03T09:27:32.887619" level="INFO">${value} = </msg>
<var>${value}</var>
<arg>${CALCULATOR_DISPLAY}</arg>
<arg>value</arg>
<doc>Returns the value of ``attribute`` from the element ``locator``.</doc>
<status status="PASS" start="2025-02-03T09:27:32.875619" elapsed="0.012000"/>
</kw>
<kw name="Set Variable If" owner="BuiltIn">
<msg time="2025-02-03T09:27:32.888743" level="INFO">${value} = </msg>
<var>${value}</var>
<arg>'${value}' == ''</arg>
<arg>${DEFAULT_VALUE}</arg>
<arg>${value}</arg>
<doc>Sets variable based on the given condition.</doc>
<status status="PASS" start="2025-02-03T09:27:32.888743" elapsed="0.000000"/>
</kw>
<kw name="Set Variable If" owner="BuiltIn">
<msg time="2025-02-03T09:27:32.888743" level="INFO">${value} = </msg>
<var>${value}</var>
<arg>'${value}' == 'undefined'</arg>
<arg>${DEFAULT_VALUE}</arg>
<arg>${value}</arg>
<doc>Sets variable based on the given condition.</doc>
<status status="PASS" start="2025-02-03T09:27:32.888743" elapsed="0.000000"/>
</kw>
<kw name="Set Variable If" owner="BuiltIn">
<msg time="2025-02-03T09:27:32.888743" level="INFO">${value} = </msg>
<var>${value}</var>
<arg>'${value}' == 'null'</arg>
<arg>${DEFAULT_VALUE}</arg>
<arg>${value}</arg>
<doc>Sets variable based on the given condition.</doc>
<status status="PASS" start="2025-02-03T09:27:32.888743" elapsed="0.000000"/>
</kw>
<kw name="Log" owner="BuiltIn">
<msg time="2025-02-03T09:27:32.888743" level="INFO">Display value: </msg>
<arg>Display value: ${value}</arg>
<arg>console=True</arg>
<doc>Logs the given message with the given level.</doc>
<status status="PASS" start="2025-02-03T09:27:32.888743" elapsed="0.001029"/>
</kw>
<return>
<value>${value}</value>
<status status="PASS" start="2025-02-03T09:27:32.889772" elapsed="0.000000"/>
</return>
<msg time="2025-02-03T09:27:32.889772" level="INFO">${actual_value} = </msg>
<var>${actual_value}</var>
<doc>Get the value displayed on Calculator screen</doc>
<status status="PASS" start="2025-02-03T09:27:32.863651" elapsed="0.026121"/>
</kw>
<kw name="Set Variable If" owner="BuiltIn">
<msg time="2025-02-03T09:27:32.889772" level="INFO">${actual_value} = 0</msg>
<var>${actual_value}</var>
<arg>'${actual_value}' == ''</arg>
<arg>0</arg>
<arg>${actual_value}</arg>
<doc>Sets variable based on the given condition.</doc>
<status status="PASS" start="2025-02-03T09:27:32.889772" elapsed="0.000000"/>
</kw>
<kw name="Set Variable If" owner="BuiltIn">
<msg time="2025-02-03T09:27:32.889772" level="INFO">${expected_value} = 0</msg>
<var>${expected_value}</var>
<arg>'${expected_value}' == ''</arg>
<arg>0</arg>
<arg>${expected_value}</arg>
<doc>Sets variable based on the given condition.</doc>
<status status="PASS" start="2025-02-03T09:27:32.889772" elapsed="0.000000"/>
</kw>
<kw name="Should Be Equal As Strings" owner="BuiltIn">
<arg>${actual_value}</arg>
<arg>${expected_value}</arg>
<doc>Fails if objects are unequal after converting them to strings.</doc>
<status status="PASS" start="2025-02-03T09:27:32.890794" elapsed="0.000000"/>
</kw>
<kw name="Log" owner="BuiltIn">
<msg time="2025-02-03T09:27:32.890794" level="INFO">Verification passed: 0 equals 0</msg>
<arg>Verification passed: ${actual_value} equals ${expected_value}</arg>
<arg>console=True</arg>
<doc>Logs the given message with the given level.</doc>
<status status="PASS" start="2025-02-03T09:27:32.890794" elapsed="0.000000"/>
</kw>
<arg>${DEFAULT_VALUE}</arg>
<doc>Verifies the calculator display shows expected value</doc>
<status status="PASS" start="2025-02-03T09:27:32.863651" elapsed="0.027143"/>
</kw>
<doc>Ensures calculator is in initial state and ready for input</doc>
<status status="PASS" start="2025-02-03T09:27:32.775581" elapsed="0.115213"/>
</kw>
<kw name="When User performs basic operation">
<kw name="Execute Operation Flow" owner="CalculatorFlow">
<kw name="Generate Basic Operation Data" owner="CalculatorData">
<kw name="Generate Numbers" owner="calculator_data_generator">
<msg time="2025-02-03T09:27:32.891793" level="INFO">${data} = {'num1': '23', 'num2': '10', 'num3': '14', 'expected_addition': '33', 'expected_multiplication': '230', 'expected_result': '19'}</msg>
<var>${data}</var>
<arg>${min_val}</arg>
<arg>${max_val}</arg>
<arg>${use_decimal}</arg>
<doc>Generate three random numbers and their expected results</doc>
<status status="PASS" start="2025-02-03T09:27:32.891793" elapsed="0.000000"/>
</kw>
<return>
<value>${data}</value>
<status status="PASS" start="2025-02-03T09:27:32.891793" elapsed="0.000000"/>
</return>
<msg time="2025-02-03T09:27:32.892793" level="INFO">${test_data} = {'num1': '23', 'num2': '10', 'num3': '14', 'expected_addition': '33', 'expected_multiplication': '230', 'expected_result': '19'}</msg>
<var>${test_data}</var>
<arg>${min}</arg>
<arg>${max}</arg>
<arg>${use_decimals}</arg>
<status status="PASS" start="2025-02-03T09:27:32.891793" elapsed="0.001000"/>
</kw>
<kw name="Set Test Variable" owner="BuiltIn">
<msg time="2025-02-03T09:27:32.892793" level="INFO">${TEST_DATA} = {'num1': '23', 'num2': '10', 'num3': '14', 'expected_addition': '33', 'expected_multiplication': '230', 'expected_result': '19'}</msg>
<arg>${TEST_DATA}</arg>
<arg>${test_data}</arg>
<doc>Makes a variable available everywhere within the scope of the current test.</doc>
<status status="PASS" start="2025-02-03T09:27:32.892793" elapsed="0.000000"/>
</kw>
<kw name="Perform Basic Operation" owner="CalculatorFlow">
<kw name="Log" owner="BuiltIn">
<msg time="2025-02-03T09:27:32.892793" level="INFO">Performing addition: 23 addition 10</msg>
<arg>Performing ${operation}: ${first_number} ${operation} ${second_number}</arg>
<arg>console=True</arg>
<doc>Logs the given message with the given level.</doc>
<status status="PASS" start="2025-02-03T09:27:32.892793" elapsed="0.001000"/>
</kw>
<kw name="Enter Number" owner="CalculatorFlow">
<kw name="Log" owner="BuiltIn">
<msg time="2025-02-03T09:27:32.893793" level="INFO">Entering number: 23</msg>
<arg>Entering number: ${number}</arg>
<arg>console=True</arg>
<doc>Logs the given message with the given level.</doc>
<status status="PASS" start="2025-02-03T09:27:32.893793" elapsed="0.000000"/>
</kw>
<kw name="Convert To String" owner="BuiltIn">
<msg time="2025-02-03T09:27:32.893793" level="INFO">${digits} = 23</msg>
<var>${digits}</var>
<arg>${number}</arg>
<doc>Converts the given item to a Unicode string.</doc>
<status status="PASS" start="2025-02-03T09:27:32.893793" elapsed="0.000000"/>
</kw>
<kw name="Split String To Characters" owner="String">
<msg time="2025-02-03T09:27:32.893793" level="INFO">@{chars} = [ 2 | 3 ]</msg>
<var>@{chars}</var>
<arg>${digits}</arg>
<doc>Splits the given ``string`` to characters.</doc>
<status status="PASS" start="2025-02-03T09:27:32.893793" elapsed="0.000999"/>
</kw>
<for flavor="IN">
<iter>
<kw name="Run Keyword If" owner="BuiltIn">
<kw name="Click Number" owner="CalculatorPage">
<kw name="Set Variable" owner="BuiltIn">
<msg time="2025-02-03T09:27:32.895793" level="INFO">${locator} = xpath=//button[normalize-space(text())='2']</msg>
<var>${locator}</var>
<arg>xpath=//button[normalize-space(text())='${digit}']</arg>
<doc>Returns the given values which can then be assigned to a variables.</doc>
<status status="PASS" start="2025-02-03T09:27:32.894792" elapsed="0.001001"/>
</kw>
<kw name="Wait And Click Element" owner="CalculatorPage">
<kw name="Wait Until Element Is Enabled" owner="SeleniumLibrary">
<arg>${locator}</arg>
<doc>Waits until the element ``locator`` is enabled.</doc>
<status status="PASS" start="2025-02-03T09:27:32.895793" elapsed="0.022356"/>
</kw>
<kw name="Click Element" owner="SeleniumLibrary">
<msg time="2025-02-03T09:27:32.918149" level="INFO">Clicking element 'xpath=//button[normalize-space(text())='2']'.</msg>
<arg>${locator}</arg>
<doc>Click the element identified by ``locator``.</doc>
<status status="PASS" start="2025-02-03T09:27:32.918149" elapsed="0.035495"/>
</kw>
<arg>${locator}</arg>
<doc>Wait for element to be visible and click it</doc>
<status status="PASS" start="2025-02-03T09:27:32.895793" elapsed="0.057851"/>
</kw>
<arg>${char}</arg>
<doc>Click on the number button with value ${digit}.</doc>
<status status="PASS" start="2025-02-03T09:27:32.894792" elapsed="0.058852"/>
</kw>
<arg>'${char}' == '.'</arg>
<arg>Click Decimal Point</arg>
<arg>ELSE</arg>
<arg>Click Number</arg>
<arg>${char}</arg>
<doc>Runs the given keyword with the given arguments, if ``condition`` is true.</doc>
<status status="PASS" start="2025-02-03T09:27:32.894792" elapsed="0.058852"/>
</kw>
<var name="${char}">2</var>
<status status="PASS" start="2025-02-03T09:27:32.894792" elapsed="0.058852"/>
</iter>
<iter>
<kw name="Run Keyword If" owner="BuiltIn">
<kw name="Click Number" owner="CalculatorPage">
<kw name="Set Variable" owner="BuiltIn">
<msg time="2025-02-03T09:27:32.954739" level="INFO">${locator} = xpath=//button[normalize-space(text())='3']</msg>
<var>${locator}</var>
<arg>xpath=//button[normalize-space(text())='${digit}']</arg>
<doc>Returns the given values which can then be assigned to a variables.</doc>
<status status="PASS" start="2025-02-03T09:27:32.954739" elapsed="0.000000"/>
</kw>
<kw name="Wait And Click Element" owner="CalculatorPage">
<kw name="Wait Until Element Is Enabled" owner="SeleniumLibrary">
<arg>${locator}</arg>
<doc>Waits until the element ``locator`` is enabled.</doc>
<status status="PASS" start="2025-02-03T09:27:32.955735" elapsed="0.014958"/>
</kw>
<kw name="Click Element" owner="SeleniumLibrary">
<msg time="2025-02-03T09:27:32.970693" level="INFO">Clicking element 'xpath=//button[normalize-space(text())='3']'.</msg>
<arg>${locator}</arg>
<doc>Click the element identified by ``locator``.</doc>
<status status="PASS" start="2025-02-03T09:27:32.970693" elapsed="0.032977"/>
</kw>
<arg>${locator}</arg>
<doc>Wait for element to be visible and click it</doc>
<status status="PASS" start="2025-02-03T09:27:32.954739" elapsed="0.048931"/>
</kw>
<arg>${char}</arg>
<doc>Click on the number button with value ${digit}.</doc>
<status status="PASS" start="2025-02-03T09:27:32.954739" elapsed="0.048931"/>
</kw>
<arg>'${char}' == '.'</arg>
<arg>Click Decimal Point</arg>
<arg>ELSE</arg>
<arg>Click Number</arg>
<arg>${char}</arg>
<doc>Runs the given keyword with the given arguments, if ``condition`` is true.</doc>
<status status="PASS" start="2025-02-03T09:27:32.953644" elapsed="0.050026"/>
</kw>
<var name="${char}">3</var>
<status status="PASS" start="2025-02-03T09:27:32.953644" elapsed="0.050026"/>
</iter>
<var>${char}</var>
<value>@{chars}</value>
<status status="PASS" start="2025-02-03T09:27:32.894792" elapsed="0.108878"/>
</for>
<kw name="Sleep" owner="BuiltIn">
<msg time="2025-02-03T09:27:33.503996" level="INFO">Slept 500 milliseconds.</msg>
<arg>0.5s</arg>
<doc>Pauses the test executed for the given time.</doc>
<status status="PASS" start="2025-02-03T09:27:33.003670" elapsed="0.500847"/>
</kw>
<arg>${first_number}</arg>
<doc>Enters a number into the calculator</doc>
<status status="PASS" start="2025-02-03T09:27:32.893793" elapsed="0.610724"/>
</kw>
<kw name="Run Keyword If" owner="BuiltIn">
<kw name="Click Plus" owner="CalculatorPage">
<kw name="Wait And Click Element" owner="CalculatorPage">
<kw name="Wait Until Element Is Enabled" owner="SeleniumLibrary">
<arg>${locator}</arg>
<doc>Waits until the element ``locator`` is enabled.</doc>
<status status="PASS" start="2025-02-03T09:27:33.506536" elapsed="0.020543"/>
</kw>
<kw name="Click Element" owner="SeleniumLibrary">
<msg time="2025-02-03T09:27:33.527079" level="INFO">Clicking element 'id=buttonplus'.</msg>
<arg>${locator}</arg>
<doc>Click the element identified by ``locator``.</doc>
<status status="PASS" start="2025-02-03T09:27:33.527079" elapsed="0.033319"/>
</kw>
<arg>${PLUS_BTN}</arg>
<doc>Wait for element to be visible and click it</doc>
<status status="PASS" start="2025-02-03T09:27:33.506536" elapsed="0.053862"/>
</kw>
<doc>Click the plus button</doc>
<status status="PASS" start="2025-02-03T09:27:33.505539" elapsed="0.054859"/>
</kw>
<arg>'${operation}' == 'addition'</arg>
<arg>Click Plus</arg>
<arg>ELSE IF</arg>
<arg>'${operation}' == 'multiplication'</arg>
<arg>Click Multiply</arg>
<doc>Runs the given keyword with the given arguments, if ``condition`` is true.</doc>
<status status="PASS" start="2025-02-03T09:27:33.504517" elapsed="0.055881"/>
</kw>
<kw name="Enter Number" owner="CalculatorFlow">
<kw name="Log" owner="BuiltIn">
<msg time="2025-02-03T09:27:33.561398" level="INFO">Entering number: 10</msg>
<arg>Entering number: ${number}</arg>
<arg>console=True</arg>
<doc>Logs the given message with the given level.</doc>
<status status="PASS" start="2025-02-03T09:27:33.561398" elapsed="0.000000"/>
</kw>
<kw name="Convert To String" owner="BuiltIn">
<msg time="2025-02-03T09:27:33.561398" level="INFO">${digits} = 10</msg>
<var>${digits}</var>
<arg>${number}</arg>
<doc>Converts the given item to a Unicode string.</doc>
<status status="PASS" start="2025-02-03T09:27:33.561398" elapsed="0.000000"/>
</kw>
<kw name="Split String To Characters" owner="String">
<msg time="2025-02-03T09:27:33.562397" level="INFO">@{chars} = [ 1 | 0 ]</msg>
<var>@{chars}</var>
<arg>${digits}</arg>
<doc>Splits the given ``string`` to characters.</doc>
<status status="PASS" start="2025-02-03T09:27:33.562397" elapsed="0.000000"/>
</kw>
<for flavor="IN">
<iter>
<kw name="Run Keyword If" owner="BuiltIn">
<kw name="Click Number" owner="CalculatorPage">
<kw name="Set Variable" owner="BuiltIn">
<msg time="2025-02-03T09:27:33.563397" level="INFO">${locator} = xpath=//button[normalize-space(text())='1']</msg>
<var>${locator}</var>
<arg>xpath=//button[normalize-space(text())='${digit}']</arg>
<doc>Returns the given values which can then be assigned to a variables.</doc>
<status status="PASS" start="2025-02-03T09:27:33.563397" elapsed="0.000000"/>
</kw>
<kw name="Wait And Click Element" owner="CalculatorPage">
<kw name="Wait Until Element Is Enabled" owner="SeleniumLibrary">
<arg>${locator}</arg>
<doc>Waits until the element ``locator`` is enabled.</doc>
<status status="PASS" start="2025-02-03T09:27:33.563397" elapsed="0.016132"/>
</kw>
<kw name="Click Element" owner="SeleniumLibrary">
<msg time="2025-02-03T09:27:33.580526" level="INFO">Clicking element 'xpath=//button[normalize-space(text())='1']'.</msg>
<arg>${locator}</arg>
<doc>Click the element identified by ``locator``.</doc>
<status status="PASS" start="2025-02-03T09:27:33.579529" elapsed="0.034142"/>
</kw>
<arg>${locator}</arg>
<doc>Wait for element to be visible and click it</doc>
<status status="PASS" start="2025-02-03T09:27:33.563397" elapsed="0.050274"/>
</kw>
<arg>${char}</arg>
<doc>Click on the number button with value ${digit}.</doc>
<status status="PASS" start="2025-02-03T09:27:33.562397" elapsed="0.051274"/>
</kw>
<arg>'${char}' == '.'</arg>
<arg>Click Decimal Point</arg>
<arg>ELSE</arg>
<arg>Click Number</arg>
<arg>${char}</arg>
<doc>Runs the given keyword with the given arguments, if ``condition`` is true.</doc>
<status status="PASS" start="2025-02-03T09:27:33.562397" elapsed="0.051274"/>
</kw>
<var name="${char}">1</var>
<status status="PASS" start="2025-02-03T09:27:33.562397" elapsed="0.051274"/>
</iter>
<iter>
<kw name="Run Keyword If" owner="BuiltIn">
<kw name="Click Number" owner="CalculatorPage">
<kw name="Set Variable" owner="BuiltIn">
<msg time="2025-02-03T09:27:33.614691" level="INFO">${locator} = xpath=//button[normalize-space(text())='0']</msg>
<var>${locator}</var>
<arg>xpath=//button[normalize-space(text())='${digit}']</arg>
<doc>Returns the given values which can then be assigned to a variables.</doc>
<status status="PASS" start="2025-02-03T09:27:33.614691" elapsed="0.000000"/>
</kw>
<kw name="Wait And Click Element" owner="CalculatorPage">
<kw name="Wait Until Element Is Enabled" owner="SeleniumLibrary">
<arg>${locator}</arg>
<doc>Waits until the element ``locator`` is enabled.</doc>
<status status="PASS" start="2025-02-03T09:27:33.614691" elapsed="0.015980"/>
</kw>
<kw name="Click Element" owner="SeleniumLibrary">
<msg time="2025-02-03T09:27:33.630671" level="INFO">Clicking element 'xpath=//button[normalize-space(text())='0']'.</msg>
<arg>${locator}</arg>
<doc>Click the element identified by ``locator``.</doc>
<status status="PASS" start="2025-02-03T09:27:33.630671" elapsed="0.031556"/>
</kw>
<arg>${locator}</arg>
<doc>Wait for element to be visible and click it</doc>
<status status="PASS" start="2025-02-03T09:27:33.614691" elapsed="0.048537"/>
</kw>
<arg>${char}</arg>
<doc>Click on the number button with value ${digit}.</doc>
<status status="PASS" start="2025-02-03T09:27:33.614691" elapsed="0.048537"/>
</kw>
<arg>'${char}' == '.'</arg>
<arg>Click Decimal Point</arg>
<arg>ELSE</arg>
<arg>Click Number</arg>
<arg>${char}</arg>
<doc>Runs the given keyword with the given arguments, if ``condition`` is true.</doc>
<status status="PASS" start="2025-02-03T09:27:33.613671" elapsed="0.049557"/>
</kw>
<var name="${char}">0</var>
<status status="PASS" start="2025-02-03T09:27:33.613671" elapsed="0.049557"/>
</iter>
<var>${char}</var>
<value>@{chars}</value>
<status status="PASS" start="2025-02-03T09:27:33.562397" elapsed="0.100831"/>
</for>
<kw name="Sleep" owner="BuiltIn">
<msg time="2025-02-03T09:27:34.163761" level="INFO">Slept 500 milliseconds.</msg>
<arg>0.5s</arg>
<doc>Pauses the test executed for the given time.</doc>
<status status="PASS" start="2025-02-03T09:27:33.663228" elapsed="0.500533"/>
</kw>
<arg>${second_number}</arg>
<doc>Enters a number into the calculator</doc>
<status status="PASS" start="2025-02-03T09:27:33.561398" elapsed="0.602363"/>
</kw>
<kw name="Click Equals" owner="CalculatorPage">
<kw name="Wait And Click Element" owner="CalculatorPage">
<kw name="Wait Until Element Is Enabled" owner="SeleniumLibrary">
<arg>${locator}</arg>
<doc>Waits until the element ``locator`` is enabled.</doc>
<status status="PASS" start="2025-02-03T09:27:34.165788" elapsed="0.030070"/>
</kw>
<kw name="Click Element" owner="SeleniumLibrary">
<msg time="2025-02-03T09:27:34.195858" level="INFO">Clicking element 'id=buttonequals'.</msg>
<arg>${locator}</arg>
<doc>Click the element identified by ``locator``.</doc>
<status status="PASS" start="2025-02-03T09:27:34.195858" elapsed="0.036299"/>
</kw>
<arg>${CALCULATOR_EQUALS}</arg>
<doc>Wait for element to be visible and click it</doc>
<status status="PASS" start="2025-02-03T09:27:34.165788" elapsed="0.066369"/>
</kw>
<doc>Click the equals button</doc>
<status status="PASS" start="2025-02-03T09:27:34.164792" elapsed="0.067365"/>
</kw>
<kw name="Sleep" owner="BuiltIn">
<msg time="2025-02-03T09:27:34.732380" level="INFO">Slept 500 milliseconds.</msg>
<arg>0.5s</arg>
<doc>Pauses the test executed for the given time.</doc>
<status status="PASS" start="2025-02-03T09:27:34.232157" elapsed="0.500223"/>
</kw>
<kw name="Get Display Value" owner="CalculatorPage">
<kw name="Wait Until Element Is Visible" owner="SeleniumLibrary">
<arg>${CALCULATOR_DISPLAY}</arg>
<arg>${TIMEOUT}</arg>
<doc>Waits until the element ``locator`` is visible.</doc>
<status status="PASS" start="2025-02-03T09:27:34.732380" elapsed="0.011701"/>
</kw>
<kw name="Get Element Attribute" owner="SeleniumLibrary">
<msg time="2025-02-03T09:27:34.753401" level="INFO">${value} = 33</msg>
<var>${value}</var>
<arg>${CALCULATOR_DISPLAY}</arg>
<arg>value</arg>
<doc>Returns the value of ``attribute`` from the element ``locator``.</doc>
<status status="PASS" start="2025-02-03T09:27:34.744081" elapsed="0.009320"/>
</kw>
<kw name="Set Variable If" owner="BuiltIn">
<msg time="2025-02-03T09:27:34.753401" level="INFO">${value} = 33</msg>
<var>${value}</var>
<arg>'${value}' == ''</arg>
<arg>${DEFAULT_VALUE}</arg>
<arg>${value}</arg>
<doc>Sets variable based on the given condition.</doc>
<status status="PASS" start="2025-02-03T09:27:34.753401" elapsed="0.000000"/>
</kw>
<kw name="Set Variable If" owner="BuiltIn">
<msg time="2025-02-03T09:27:34.753401" level="INFO">${value} = 33</msg>
<var>${value}</var>
<arg>'${value}' == 'undefined'</arg>
<arg>${DEFAULT_VALUE}</arg>
<arg>${value}</arg>
<doc>Sets variable based on the given condition.</doc>
<status status="PASS" start="2025-02-03T09:27:34.753401" elapsed="0.000000"/>
</kw>
<kw name="Set Variable If" owner="BuiltIn">
<msg time="2025-02-03T09:27:34.754510" level="INFO">${value} = 33</msg>
<var>${value}</var>
<arg>'${value}' == 'null'</arg>
<arg>${DEFAULT_VALUE}</arg>
<arg>${value}</arg>
<doc>Sets variable based on the given condition.</doc>
<status status="PASS" start="2025-02-03T09:27:34.754510" elapsed="0.000000"/>
</kw>
<kw name="Log" owner="BuiltIn">
<msg time="2025-02-03T09:27:34.754510" level="INFO">Display value: 33</msg>
<arg>Display value: ${value}</arg>
<arg>console=True</arg>
<doc>Logs the given message with the given level.</doc>
<status status="PASS" start="2025-02-03T09:27:34.754510" elapsed="0.000000"/>
</kw>
<return>
<value>${value}</value>
<status status="PASS" start="2025-02-03T09:27:34.754510" elapsed="0.000000"/>
</return>
<msg time="2025-02-03T09:27:34.754510" level="INFO">${result} = 33</msg>
<var>${result}</var>
<doc>Get the value displayed on Calculator screen</doc>
<status status="PASS" start="2025-02-03T09:27:34.732380" elapsed="0.022130"/>
</kw>
<kw name="Log" owner="BuiltIn">
<msg time="2025-02-03T09:27:34.755410" level="INFO">addition result: 33</msg>
<arg>${operation} result: ${result}</arg>
<arg>console=True</arg>
<doc>Logs the given message with the given level.</doc>
<status status="PASS" start="2025-02-03T09:27:34.754510" elapsed="0.000900"/>
</kw>
<return>
<value>${result}</value>
<status status="PASS" start="2025-02-03T09:27:34.755410" elapsed="0.000000"/>
</return>
<msg time="2025-02-03T09:27:34.755410" level="INFO">${result} = 33</msg>
<var>${result}</var>
<arg>${TEST_DATA}[num1]</arg>
<arg>${TEST_DATA}[num2]</arg>
<arg>${operation}</arg>
<doc>Performs basic arithmetic operation and returns result</doc>
<status status="PASS" start="2025-02-03T09:27:32.892793" elapsed="1.862617"/>
</kw>
<kw name="Set Test Variable" owner="BuiltIn">
<msg time="2025-02-03T09:27:34.756408" level="INFO">${ACTUAL_RESULT} = 33</msg>
<arg>${ACTUAL_RESULT}</arg>
<arg>${result}</arg>
<doc>Makes a variable available everywhere within the scope of the current test.</doc>
<status status="PASS" start="2025-02-03T09:27:34.755410" elapsed="0.000998"/>
</kw>
<arg>${operation}</arg>
<arg>${min}</arg>
<arg>${max}</arg>
<arg>${use_decimals}</arg>
<doc>Generates test data and executes the specified operation flow</doc>
<status status="PASS" start="2025-02-03T09:27:32.891793" elapsed="1.864615"/>
</kw>
<arg>addition</arg>
<arg>1</arg>
<arg>100</arg>
<arg>${FALSE}</arg>
<status status="PASS" start="2025-02-03T09:27:32.890794" elapsed="1.865614"/>
</kw>
<kw name="Then Result should match expected value">
<kw name="Verify Operation Result" owner="CalculatorFlow">
<kw name="Set Variable If" owner="BuiltIn">
<msg time="2025-02-03T09:27:34.757409" level="INFO">${expected} = 33</msg>
<var>${expected}</var>
<arg>'${operation}' == 'addition'</arg>
<arg>${TEST_DATA}[expected_addition]</arg>
<arg>'${operation}' == 'multiplication'</arg>
<arg>${TEST_DATA}[expected_multiplication]</arg>
<doc>Sets variable based on the given condition.</doc>
<status status="PASS" start="2025-02-03T09:27:34.757409" elapsed="0.000000"/>
</kw>
<kw name="Verify Result" owner="CalculatorFlow">
<kw name="Log" owner="BuiltIn">
<msg time="2025-02-03T09:27:34.757409" level="INFO">Verifying result: 33</msg>
<arg>Verifying result: ${expected_value}</arg>
<arg>console=True</arg>
<doc>Logs the given message with the given level.</doc>
<status status="PASS" start="2025-02-03T09:27:34.757409" elapsed="0.000000"/>
</kw>
<kw name="Get Display Value" owner="CalculatorPage">
<kw name="Wait Until Element Is Visible" owner="SeleniumLibrary">
<arg>${CALCULATOR_DISPLAY}</arg>
<arg>${TIMEOUT}</arg>
<doc>Waits until the element ``locator`` is visible.</doc>
<status status="PASS" start="2025-02-03T09:27:34.758408" elapsed="0.009357"/>
</kw>
<kw name="Get Element Attribute" owner="SeleniumLibrary">
<msg time="2025-02-03T09:27:34.780767" level="INFO">${value} = 33</msg>
<var>${value}</var>
<arg>${CALCULATOR_DISPLAY}</arg>
<arg>value</arg>
<doc>Returns the value of ``attribute`` from the element ``locator``.</doc>
<status status="PASS" start="2025-02-03T09:27:34.767765" elapsed="0.013002"/>
</kw>
<kw name="Set Variable If" owner="BuiltIn">
<msg time="2025-02-03T09:27:34.780767" level="INFO">${value} = 33</msg>
<var>${value}</var>
<arg>'${value}' == ''</arg>
<arg>${DEFAULT_VALUE}</arg>
<arg>${value}</arg>
<doc>Sets variable based on the given condition.</doc>
<status status="PASS" start="2025-02-03T09:27:34.780767" elapsed="0.000000"/>
</kw>
<kw name="Set Variable If" owner="BuiltIn">
<msg time="2025-02-03T09:27:34.781769" level="INFO">${value} = 33</msg>
<var>${value}</var>
<arg>'${value}' == 'undefined'</arg>
<arg>${DEFAULT_VALUE}</arg>
<arg>${value}</arg>
<doc>Sets variable based on the given condition.</doc>
<status status="PASS" start="2025-02-03T09:27:34.780767" elapsed="0.001002"/>
</kw>
<kw name="Set Variable If" owner="BuiltIn">
<msg time="2025-02-03T09:27:34.781769" level="INFO">${value} = 33</msg>
<var>${value}</var>
<arg>'${value}' == 'null'</arg>
<arg>${DEFAULT_VALUE}</arg>
<arg>${value}</arg>
<doc>Sets variable based on the given condition.</doc>
<status status="PASS" start="2025-02-03T09:27:34.781769" elapsed="0.000000"/>
</kw>
<kw name="Log" owner="BuiltIn">
<msg time="2025-02-03T09:27:34.781769" level="INFO">Display value: 33</msg>
<arg>Display value: ${value}</arg>
<arg>console=True</arg>
<doc>Logs the given message with the given level.</doc>
<status status="PASS" start="2025-02-03T09:27:34.781769" elapsed="0.000997"/>
</kw>
<return>
<value>${value}</value>
<status status="PASS" start="2025-02-03T09:27:34.782766" elapsed="0.000000"/>
</return>
<msg time="2025-02-03T09:27:34.782766" level="INFO">${actual_value} = 33</msg>
<var>${actual_value}</var>
<doc>Get the value displayed on Calculator screen</doc>
<status status="PASS" start="2025-02-03T09:27:34.757409" elapsed="0.025357"/>
</kw>
<kw name="Set Variable If" owner="BuiltIn">
<msg time="2025-02-03T09:27:34.782766" level="INFO">${actual_value} = 33</msg>
<var>${actual_value}</var>
<arg>'${actual_value}' == ''</arg>
<arg>0</arg>
<arg>${actual_value}</arg>
<doc>Sets variable based on the given condition.</doc>
<status status="PASS" start="2025-02-03T09:27:34.782766" elapsed="0.000000"/>
</kw>
<kw name="Set Variable If" owner="BuiltIn">
<msg time="2025-02-03T09:27:34.782766" level="INFO">${expected_value} = 33</msg>
<var>${expected_value}</var>
<arg>'${expected_value}' == ''</arg>
<arg>0</arg>
<arg>${expected_value}</arg>
<doc>Sets variable based on the given condition.</doc>
<status status="PASS" start="2025-02-03T09:27:34.782766" elapsed="0.000000"/>
</kw>
<kw name="Should Be Equal As Strings" owner="BuiltIn">
<arg>${actual_value}</arg>
<arg>${expected_value}</arg>
<doc>Fails if objects are unequal after converting them to strings.</doc>
<status status="PASS" start="2025-02-03T09:27:34.782766" elapsed="0.001001"/>
</kw>
<kw name="Log" owner="BuiltIn">
<msg time="2025-02-03T09:27:34.783767" level="INFO">Verification passed: 33 equals 33</msg>
<arg>Verification passed: ${actual_value} equals ${expected_value}</arg>
<arg>console=True</arg>
<doc>Logs the given message with the given level.</doc>
<status status="PASS" start="2025-02-03T09:27:34.783767" elapsed="0.000000"/>
</kw>
<arg>${expected}</arg>
<doc>Verifies the calculator display shows expected value</doc>
<status status="PASS" start="2025-02-03T09:27:34.757409" elapsed="0.026358"/>
</kw>
<arg>${operation}</arg>
<status status="PASS" start="2025-02-03T09:27:34.756408" elapsed="0.027359"/>
</kw>
<arg>addition</arg>
<status status="PASS" start="2025-02-03T09:27:34.756408" elapsed="0.027359"/>
</kw>
<kw name="Cleanup Calculator Session" type="TEARDOWN">
<kw name="Run Keyword If Test Failed" owner="BuiltIn">
<arg>Capture Page Screenshot</arg>
<doc>Runs the given keyword with the given arguments, if the test failed.</doc>
<status status="PASS" start="2025-02-03T09:27:34.783767" elapsed="0.000999"/>
</kw>
<kw name="Go To" owner="SeleniumLibrary">
<msg time="2025-02-03T09:27:34.784766" level="INFO">Opening url 'about:blank'</msg>
<arg>about:blank</arg>
<doc>Navigates the current browser window to the provided ``url``.</doc>
<status status="PASS" start="2025-02-03T09:27:34.784766" elapsed="0.102456"/>
</kw>
<status status="PASS" start="2025-02-03T09:27:34.783767" elapsed="0.103455"/>
</kw>
<doc>Verify that calculator can perform basic addition with integers</doc>
<tag>addition</tag>
<tag>integer</tag>
<tag>smoke</tag>
<status status="PASS" start="2025-02-03T09:27:31.889170" elapsed="2.998052"/>
</test>
<test id="s1-t2" name="User can perform basic integer multiplication" line="24">
<kw name="Initialize Calculator Session" type="SETUP">
<kw name="Go To" owner="SeleniumLibrary">
<msg time="2025-02-03T09:27:34.888222" level="INFO">Opening url 'https://testpages.eviltester.com/styled/apps/calculator.html'</msg>
<arg>${URL}</arg>
<doc>Navigates the current browser window to the provided ``url``.</doc>
<status status="PASS" start="2025-02-03T09:27:34.888222" elapsed="0.669206"/>
</kw>
<kw name="Maximize Browser Window" owner="SeleniumLibrary">
<doc>Maximizes current browser window.</doc>
<status status="PASS" start="2025-02-03T09:27:35.557428" elapsed="0.002999"/>
</kw>
<kw name="Wait Until Element Is Visible" owner="SeleniumLibrary">
<arg>${CALCULATOR_DISPLAY}</arg>
<doc>Waits until the element ``locator`` is visible.</doc>
<status status="PASS" start="2025-02-03T09:27:35.560427" elapsed="0.019168"/>
</kw>
<status status="PASS" start="2025-02-03T09:27:34.888222" elapsed="0.691373"/>
</kw>
<kw name="Given Calculator is ready for input">
<kw name="Reset Calculator State" owner="CalculatorFlow">
<kw name="Clear Calculator" owner="CalculatorPage">
<kw name="Wait Until Element Is Visible" owner="SeleniumLibrary">
<arg>${CLEAR_BTN}</arg>
<arg>${TIMEOUT}</arg>
<doc>Waits until the element ``locator`` is visible.</doc>
<status status="PASS" start="2025-02-03T09:27:35.580581" elapsed="0.015622"/>
</kw>
<kw name="Click Element" owner="SeleniumLibrary">
<msg time="2025-02-03T09:27:35.596203" level="INFO">Clicking element 'id=buttonclearentry'.</msg>
<arg>${CLEAR_BTN}</arg>
<doc>Click the element identified by ``locator``.</doc>
<status status="PASS" start="2025-02-03T09:27:35.596203" elapsed="0.039603"/>
</kw>
<doc>Click the clear button to reset the display to the default value.</doc>
<status status="PASS" start="2025-02-03T09:27:35.580581" elapsed="0.055225"/>
</kw>
<kw name="Verify Result" owner="CalculatorFlow">
<kw name="Log" owner="BuiltIn">
<msg time="2025-02-03T09:27:35.635806" level="INFO">Verifying result: </msg>
<arg>Verifying result: ${expected_value}</arg>
<arg>console=True</arg>
<doc>Logs the given message with the given level.</doc>
<status status="PASS" start="2025-02-03T09:27:35.635806" elapsed="0.001001"/>
</kw>
<kw name="Get Display Value" owner="CalculatorPage">
<kw name="Wait Until Element Is Visible" owner="SeleniumLibrary">
<arg>${CALCULATOR_DISPLAY}</arg>
<arg>${TIMEOUT}</arg>
<doc>Waits until the element ``locator`` is visible.</doc>
<status status="PASS" start="2025-02-03T09:27:35.636807" elapsed="0.010006"/>
</kw>
<kw name="Get Element Attribute" owner="SeleniumLibrary">
<msg time="2025-02-03T09:27:35.660934" level="INFO">${value} = </msg>
<var>${value}</var>
<arg>${CALCULATOR_DISPLAY}</arg>
<arg>value</arg>
<doc>Returns the value of ``attribute`` from the element ``locator``.</doc>
<status status="PASS" start="2025-02-03T09:27:35.646813" elapsed="0.014121"/>
</kw>
<kw name="Set Variable If" owner="BuiltIn">
<msg time="2025-02-03T09:27:35.660934" level="INFO">${value} = </msg>
<var>${value}</var>
<arg>'${value}' == ''</arg>
<arg>${DEFAULT_VALUE}</arg>
<arg>${value}</arg>
<doc>Sets variable based on the given condition.</doc>
<status status="PASS" start="2025-02-03T09:27:35.660934" elapsed="0.000000"/>
</kw>
<kw name="Set Variable If" owner="BuiltIn">
<msg time="2025-02-03T09:27:35.660934" level="INFO">${value} = </msg>
<var>${value}</var>
<arg>'${value}' == 'undefined'</arg>
<arg>${DEFAULT_VALUE}</arg>
<arg>${value}</arg>
<doc>Sets variable based on the given condition.</doc>
<status status="PASS" start="2025-02-03T09:27:35.660934" elapsed="0.000000"/>
</kw>
<kw name="Set Variable If" owner="BuiltIn">
<msg time="2025-02-03T09:27:35.661950" level="INFO">${value} = </msg>
<var>${value}</var>
<arg>'${value}' == 'null'</arg>
<arg>${DEFAULT_VALUE}</arg>
<arg>${value}</arg>
<doc>Sets variable based on the given condition.</doc>
<status status="PASS" start="2025-02-03T09:27:35.661950" elapsed="0.000000"/>
</kw>
<kw name="Log" owner="BuiltIn">
<msg time="2025-02-03T09:27:35.661950" level="INFO">Display value: </msg>
<arg>Display value: ${value}</arg>
<arg>console=True</arg>
<doc>Logs the given message with the given level.</doc>
<status status="PASS" start="2025-02-03T09:27:35.661950" elapsed="0.000000"/>
</kw>
<return>
<value>${value}</value>
<status status="PASS" start="2025-02-03T09:27:35.661950" elapsed="0.000000"/>
</return>
<msg time="2025-02-03T09:27:35.661950" level="INFO">${actual_value} = </msg>
<var>${actual_value}</var>
<doc>Get the value displayed on Calculator screen</doc>
<status status="PASS" start="2025-02-03T09:27:35.636807" elapsed="0.025143"/>
</kw>
<kw name="Set Variable If" owner="BuiltIn">
<msg time="2025-02-03T09:27:35.662935" level="INFO">${actual_value} = 0</msg>
<var>${actual_value}</var>
<arg>'${actual_value}' == ''</arg>
<arg>0</arg>
<arg>${actual_value}</arg>
<doc>Sets variable based on the given condition.</doc>
<status status="PASS" start="2025-02-03T09:27:35.661950" elapsed="0.000985"/>
</kw>
<kw name="Set Variable If" owner="BuiltIn">
<msg time="2025-02-03T09:27:35.662935" level="INFO">${expected_value} = 0</msg>
<var>${expected_value}</var>
<arg>'${expected_value}' == ''</arg>
<arg>0</arg>
<arg>${expected_value}</arg>
<doc>Sets variable based on the given condition.</doc>
<status status="PASS" start="2025-02-03T09:27:35.662935" elapsed="0.000000"/>
</kw>
<kw name="Should Be Equal As Strings" owner="BuiltIn">
<arg>${actual_value}</arg>
<arg>${expected_value}</arg>
<doc>Fails if objects are unequal after converting them to strings.</doc>
<status status="PASS" start="2025-02-03T09:27:35.662935" elapsed="0.000000"/>
</kw>
<kw name="Log" owner="BuiltIn">
<msg time="2025-02-03T09:27:35.662935" level="INFO">Verification passed: 0 equals 0</msg>
<arg>Verification passed: ${actual_value} equals ${expected_value}</arg>
<arg>console=True</arg>
<doc>Logs the given message with the given level.</doc>
<status status="PASS" start="2025-02-03T09:27:35.662935" elapsed="0.000000"/>
</kw>
<arg>${DEFAULT_VALUE}</arg>
<doc>Verifies the calculator display shows expected value</doc>
<status status="PASS" start="2025-02-03T09:27:35.635806" elapsed="0.027129"/>
</kw>
<doc>Resets calculator to initial state</doc>
<status status="PASS" start="2025-02-03T09:27:35.580581" elapsed="0.083353"/>
</kw>
<kw name="Verify Result" owner="CalculatorFlow">
<kw name="Log" owner="BuiltIn">
<msg time="2025-02-03T09:27:35.663934" level="INFO">Verifying result: </msg>
<arg>Verifying result: ${expected_value}</arg>
<arg>console=True</arg>
<doc>Logs the given message with the given level.</doc>
<status status="PASS" start="2025-02-03T09:27:35.663934" elapsed="0.000000"/>
</kw>
<kw name="Get Display Value" owner="CalculatorPage">
<kw name="Wait Until Element Is Visible" owner="SeleniumLibrary">
<arg>${CALCULATOR_DISPLAY}</arg>
<arg>${TIMEOUT}</arg>
<doc>Waits until the element ``locator`` is visible.</doc>
<status status="PASS" start="2025-02-03T09:27:35.663934" elapsed="0.011000"/>
</kw>
<kw name="Get Element Attribute" owner="SeleniumLibrary">
<msg time="2025-02-03T09:27:35.686936" level="INFO">${value} = </msg>
<var>${value}</var>
<arg>${CALCULATOR_DISPLAY}</arg>
<arg>value</arg>
<doc>Returns the value of ``attribute`` from the element ``locator``.</doc>
<status status="PASS" start="2025-02-03T09:27:35.674934" elapsed="0.012002"/>
</kw>
<kw name="Set Variable If" owner="BuiltIn">
<msg time="2025-02-03T09:27:35.686936" level="INFO">${value} = </msg>
<var>${value}</var>
<arg>'${value}' == ''</arg>
<arg>${DEFAULT_VALUE}</arg>
<arg>${value}</arg>
<doc>Sets variable based on the given condition.</doc>
<status status="PASS" start="2025-02-03T09:27:35.686936" elapsed="0.000000"/>
</kw>
<kw name="Set Variable If" owner="BuiltIn">
<msg time="2025-02-03T09:27:35.686936" level="INFO">${value} = </msg>
<var>${value}</var>
<arg>'${value}' == 'undefined'</arg>
<arg>${DEFAULT_VALUE}</arg>
<arg>${value}</arg>
<doc>Sets variable based on the given condition.</doc>
<status status="PASS" start="2025-02-03T09:27:35.686936" elapsed="0.000000"/>
</kw>
<kw name="Set Variable If" owner="BuiltIn">
<msg time="2025-02-03T09:27:35.686936" level="INFO">${value} = </msg>
<var>${value}</var>
<arg>'${value}' == 'null'</arg>
<arg>${DEFAULT_VALUE}</arg>
<arg>${value}</arg>
<doc>Sets variable based on the given condition.</doc>
<status status="PASS" start="2025-02-03T09:27:35.686936" elapsed="0.000000"/>
</kw>
<kw name="Log" owner="BuiltIn">
<msg time="2025-02-03T09:27:35.687934" level="INFO">Display value: </msg>
<arg>Display value: ${value}</arg>
<arg>console=True</arg>
<doc>Logs the given message with the given level.</doc>
<status status="PASS" start="2025-02-03T09:27:35.687934" elapsed="0.000000"/>
</kw>
<return>
<value>${value}</value>
<status status="PASS" start="2025-02-03T09:27:35.687934" elapsed="0.000000"/>
</return>
<msg time="2025-02-03T09:27:35.687934" level="INFO">${actual_value} = </msg>
<var>${actual_value}</var>
<doc>Get the value displayed on Calculator screen</doc>
<status status="PASS" start="2025-02-03T09:27:35.663934" elapsed="0.024000"/>
</kw>
<kw name="Set Variable If" owner="BuiltIn">
<msg time="2025-02-03T09:27:35.687934" level="INFO">${actual_value} = 0</msg>
<var>${actual_value}</var>
<arg>'${actual_value}' == ''</arg>
<arg>0</arg>
<arg>${actual_value}</arg>
<doc>Sets variable based on the given condition.</doc>
<status status="PASS" start="2025-02-03T09:27:35.687934" elapsed="0.000000"/>
</kw>
<kw name="Set Variable If" owner="BuiltIn">
<msg time="2025-02-03T09:27:35.688935" level="INFO">${expected_value} = 0</msg>
<var>${expected_value}</var>
<arg>'${expected_value}' == ''</arg>
<arg>0</arg>
<arg>${expected_value}</arg>
<doc>Sets variable based on the given condition.</doc>
<status status="PASS" start="2025-02-03T09:27:35.687934" elapsed="0.001001"/>
</kw>
<kw name="Should Be Equal As Strings" owner="BuiltIn">
<arg>${actual_value}</arg>
<arg>${expected_value}</arg>
<doc>Fails if objects are unequal after converting them to strings.</doc>
<status status="PASS" start="2025-02-03T09:27:35.688935" elapsed="0.000000"/>
</kw>
<kw name="Log" owner="BuiltIn">
<msg time="2025-02-03T09:27:35.688935" level="INFO">Verification passed: 0 equals 0</msg>
<arg>Verification passed: ${actual_value} equals ${expected_value}</arg>
<arg>console=True</arg>
<doc>Logs the given message with the given level.</doc>
<status status="PASS" start="2025-02-03T09:27:35.688935" elapsed="0.000000"/>
</kw>
<arg>${DEFAULT_VALUE}</arg>
<doc>Verifies the calculator display shows expected value</doc>
<status status="PASS" start="2025-02-03T09:27:35.663934" elapsed="0.025001"/>
</kw>
<doc>Ensures calculator is in initial state and ready for input</doc>
<status status="PASS" start="2025-02-03T09:27:35.580581" elapsed="0.108354"/>
</kw>
<kw name="When User performs basic operation">
<kw name="Execute Operation Flow" owner="CalculatorFlow">
<kw name="Generate Basic Operation Data" owner="CalculatorData">
<kw name="Generate Numbers" owner="calculator_data_generator">
<msg time="2025-02-03T09:27:35.689934" level="INFO">${data} = {'num1': '51', 'num2': '79', 'num3': '36', 'expected_addition': '130', 'expected_multiplication': '4029', 'expected_result': '94'}</msg>
<var>${data}</var>
<arg>${min_val}</arg>
<arg>${max_val}</arg>
<arg>${use_decimal}</arg>
<doc>Generate three random numbers and their expected results</doc>
<status status="PASS" start="2025-02-03T09:27:35.689934" elapsed="0.000000"/>
</kw>
<return>
<value>${data}</value>
<status status="PASS" start="2025-02-03T09:27:35.689934" elapsed="0.000000"/>
</return>
<msg time="2025-02-03T09:27:35.689934" level="INFO">${test_data} = {'num1': '51', 'num2': '79', 'num3': '36', 'expected_addition': '130', 'expected_multiplication': '4029', 'expected_result': '94'}</msg>
<var>${test_data}</var>
<arg>${min}</arg>
<arg>${max}</arg>
<arg>${use_decimals}</arg>
<status status="PASS" start="2025-02-03T09:27:35.689934" elapsed="0.000000"/>
</kw>
<kw name="Set Test Variable" owner="BuiltIn">
<msg time="2025-02-03T09:27:35.690952" level="INFO">${TEST_DATA} = {'num1': '51', 'num2': '79', 'num3': '36', 'expected_addition': '130', 'expected_multiplication': '4029', 'expected_result': '94'}</msg>
<arg>${TEST_DATA}</arg>
<arg>${test_data}</arg>
<doc>Makes a variable available everywhere within the scope of the current test.</doc>
<status status="PASS" start="2025-02-03T09:27:35.689934" elapsed="0.001018"/>
</kw>
<kw name="Perform Basic Operation" owner="CalculatorFlow">
<kw name="Log" owner="BuiltIn">
<msg time="2025-02-03T09:27:35.690952" level="INFO">Performing multiplication: 51 multiplication 79</msg>
<arg>Performing ${operation}: ${first_number} ${operation} ${second_number}</arg>
<arg>console=True</arg>
<doc>Logs the given message with the given level.</doc>
<status status="PASS" start="2025-02-03T09:27:35.690952" elapsed="0.000608"/>
</kw>
<kw name="Enter Number" owner="CalculatorFlow">
<kw name="Log" owner="BuiltIn">
<msg time="2025-02-03T09:27:35.691560" level="INFO">Entering number: 51</msg>
<arg>Entering number: ${number}</arg>
<arg>console=True</arg>
<doc>Logs the given message with the given level.</doc>
<status status="PASS" start="2025-02-03T09:27:35.691560" elapsed="0.000000"/>
</kw>
<kw name="Convert To String" owner="BuiltIn">
<msg time="2025-02-03T09:27:35.691560" level="INFO">${digits} = 51</msg>
<var>${digits}</var>
<arg>${number}</arg>
<doc>Converts the given item to a Unicode string.</doc>
<status status="PASS" start="2025-02-03T09:27:35.691560" elapsed="0.000000"/>
</kw>
<kw name="Split String To Characters" owner="String">
<msg time="2025-02-03T09:27:35.692584" level="INFO">@{chars} = [ 5 | 1 ]</msg>
<var>@{chars}</var>
<arg>${digits}</arg>
<doc>Splits the given ``string`` to characters.</doc>
<status status="PASS" start="2025-02-03T09:27:35.691560" elapsed="0.001024"/>
</kw>
<for flavor="IN">
<iter>
<kw name="Run Keyword If" owner="BuiltIn">
<kw name="Click Number" owner="CalculatorPage">
<kw name="Set Variable" owner="BuiltIn">
<msg time="2025-02-03T09:27:35.693582" level="INFO">${locator} = xpath=//button[normalize-space(text())='5']</msg>
<var>${locator}</var>
<arg>xpath=//button[normalize-space(text())='${digit}']</arg>
<doc>Returns the given values which can then be assigned to a variables.</doc>
<status status="PASS" start="2025-02-03T09:27:35.693582" elapsed="0.000000"/>
</kw>
<kw name="Wait And Click Element" owner="CalculatorPage">
<kw name="Wait Until Element Is Enabled" owner="SeleniumLibrary">
<arg>${locator}</arg>
<doc>Waits until the element ``locator`` is enabled.</doc>
<status status="PASS" start="2025-02-03T09:27:35.693582" elapsed="0.019508"/>
</kw>
<kw name="Click Element" owner="SeleniumLibrary">
<msg time="2025-02-03T09:27:35.713090" level="INFO">Clicking element 'xpath=//button[normalize-space(text())='5']'.</msg>
<arg>${locator}</arg>
<doc>Click the element identified by ``locator``.</doc>
<status status="PASS" start="2025-02-03T09:27:35.713090" elapsed="0.036883"/>
</kw>
<arg>${locator}</arg>
<doc>Wait for element to be visible and click it</doc>
<status status="PASS" start="2025-02-03T09:27:35.693582" elapsed="0.057391"/>
</kw>
<arg>${char}</arg>
<doc>Click on the number button with value ${digit}.</doc>
<status status="PASS" start="2025-02-03T09:27:35.692584" elapsed="0.058389"/>
</kw>
<arg>'${char}' == '.'</arg>
<arg>Click Decimal Point</arg>
<arg>ELSE</arg>
<arg>Click Number</arg>
<arg>${char}</arg>
<doc>Runs the given keyword with the given arguments, if ``condition`` is true.</doc>
<status status="PASS" start="2025-02-03T09:27:35.692584" elapsed="0.058389"/>
</kw>
<var name="${char}">5</var>
<status status="PASS" start="2025-02-03T09:27:35.692584" elapsed="0.058389"/>
</iter>
<iter>
<kw name="Run Keyword If" owner="BuiltIn">
<kw name="Click Number" owner="CalculatorPage">
<kw name="Set Variable" owner="BuiltIn">
<msg time="2025-02-03T09:27:35.751999" level="INFO">${locator} = xpath=//button[normalize-space(text())='1']</msg>
<var>${locator}</var>
<arg>xpath=//button[normalize-space(text())='${digit}']</arg>
<doc>Returns the given values which can then be assigned to a variables.</doc>
<status status="PASS" start="2025-02-03T09:27:35.751999" elapsed="0.000000"/>
</kw>
<kw name="Wait And Click Element" owner="CalculatorPage">
<kw name="Wait Until Element Is Enabled" owner="SeleniumLibrary">
<arg>${locator}</arg>
<doc>Waits until the element ``locator`` is enabled.</doc>
<status status="PASS" start="2025-02-03T09:27:35.751999" elapsed="0.015500"/>
</kw>
<kw name="Click Element" owner="SeleniumLibrary">
<msg time="2025-02-03T09:27:35.767499" level="INFO">Clicking element 'xpath=//button[normalize-space(text())='1']'.</msg>
<arg>${locator}</arg>
<doc>Click the element identified by ``locator``.</doc>
<status status="PASS" start="2025-02-03T09:27:35.767499" elapsed="0.032272"/>
</kw>
<arg>${locator}</arg>
<doc>Wait for element to be visible and click it</doc>
<status status="PASS" start="2025-02-03T09:27:35.751999" elapsed="0.047772"/>
</kw>
<arg>${char}</arg>
<doc>Click on the number button with value ${digit}.</doc>
<status status="PASS" start="2025-02-03T09:27:35.751999" elapsed="0.047772"/>
</kw>
<arg>'${char}' == '.'</arg>
<arg>Click Decimal Point</arg>
<arg>ELSE</arg>
<arg>Click Number</arg>
<arg>${char}</arg>
<doc>Runs the given keyword with the given arguments, if ``condition`` is true.</doc>
<status status="PASS" start="2025-02-03T09:27:35.750973" elapsed="0.048798"/>
</kw>
<var name="${char}">1</var>
<status status="PASS" start="2025-02-03T09:27:35.750973" elapsed="0.048798"/>
</iter>
<var>${char}</var>
<value>@{chars}</value>
<status status="PASS" start="2025-02-03T09:27:35.692584" elapsed="0.107187"/>
</for>
<kw name="Sleep" owner="BuiltIn">
<msg time="2025-02-03T09:27:36.300312" level="INFO">Slept 500 milliseconds.</msg>
<arg>0.5s</arg>
<doc>Pauses the test executed for the given time.</doc>
<status status="PASS" start="2025-02-03T09:27:35.799771" elapsed="0.500541"/>
</kw>
<arg>${first_number}</arg>
<doc>Enters a number into the calculator</doc>
<status status="PASS" start="2025-02-03T09:27:35.691560" elapsed="0.608752"/>
</kw>
<kw name="Run Keyword If" owner="BuiltIn">
<kw name="Click Multiply" owner="CalculatorPage">
<kw name="Wait And Click Element" owner="CalculatorPage">
<kw name="Wait Until Element Is Enabled" owner="SeleniumLibrary">
<arg>${locator}</arg>
<doc>Waits until the element ``locator`` is enabled.</doc>
<status status="PASS" start="2025-02-03T09:27:36.304333" elapsed="0.026429"/>
</kw>
<kw name="Click Element" owner="SeleniumLibrary">
<msg time="2025-02-03T09:27:36.330762" level="INFO">Clicking element 'id=buttonmultiply'.</msg>
<arg>${locator}</arg>
<doc>Click the element identified by ``locator``.</doc>
<status status="PASS" start="2025-02-03T09:27:36.330762" elapsed="0.033211"/>
</kw>
<arg>${MULTIPLY_BTN}</arg>
<doc>Wait for element to be visible and click it</doc>
<status status="PASS" start="2025-02-03T09:27:36.302434" elapsed="0.061539"/>
</kw>
<doc>Click the multiply button</doc>
<status status="PASS" start="2025-02-03T09:27:36.302434" elapsed="0.061539"/>
</kw>
<arg>'${operation}' == 'addition'</arg>
<arg>Click Plus</arg>
<arg>ELSE IF</arg>
<arg>'${operation}' == 'multiplication'</arg>
<arg>Click Multiply</arg>
<doc>Runs the given keyword with the given arguments, if ``condition`` is true.</doc>
<status status="PASS" start="2025-02-03T09:27:36.301453" elapsed="0.062520"/>
</kw>
<kw name="Enter Number" owner="CalculatorFlow">
<kw name="Log" owner="BuiltIn">
<msg time="2025-02-03T09:27:36.365005" level="INFO">Entering number: 79</msg>
<arg>Entering number: ${number}</arg>
<arg>console=True</arg>
<doc>Logs the given message with the given level.</doc>
<status status="PASS" start="2025-02-03T09:27:36.363973" elapsed="0.001032"/>
</kw>
<kw name="Convert To String" owner="BuiltIn">
<msg time="2025-02-03T09:27:36.365005" level="INFO">${digits} = 79</msg>
<var>${digits}</var>
<arg>${number}</arg>
<doc>Converts the given item to a Unicode string.</doc>
<status status="PASS" start="2025-02-03T09:27:36.365005" elapsed="0.000000"/>
</kw>
<kw name="Split String To Characters" owner="String">
<msg time="2025-02-03T09:27:36.365005" level="INFO">@{chars} = [ 7 | 9 ]</msg>
<var>@{chars}</var>
<arg>${digits}</arg>
<doc>Splits the given ``string`` to characters.</doc>
<status status="PASS" start="2025-02-03T09:27:36.365005" elapsed="0.000000"/>
</kw>
<for flavor="IN">
<iter>
<kw name="Run Keyword If" owner="BuiltIn">
<kw name="Click Number" owner="CalculatorPage">
<kw name="Set Variable" owner="BuiltIn">
<msg time="2025-02-03T09:27:36.366996" level="INFO">${locator} = xpath=//button[normalize-space(text())='7']</msg>
<var>${locator}</var>
<arg>xpath=//button[normalize-space(text())='${digit}']</arg>
<doc>Returns the given values which can then be assigned to a variables.</doc>
<status status="PASS" start="2025-02-03T09:27:36.365974" elapsed="0.001022"/>
</kw>
<kw name="Wait And Click Element" owner="CalculatorPage">
<kw name="Wait Until Element Is Enabled" owner="SeleniumLibrary">
<arg>${locator}</arg>
<doc>Waits until the element ``locator`` is enabled.</doc>
<status status="PASS" start="2025-02-03T09:27:36.366996" elapsed="0.015189"/>
</kw>
<kw name="Click Element" owner="SeleniumLibrary">
<msg time="2025-02-03T09:27:36.383189" level="INFO">Clicking element 'xpath=//button[normalize-space(text())='7']'.</msg>
<arg>${locator}</arg>
<doc>Click the element identified by ``locator``.</doc>
<status status="PASS" start="2025-02-03T09:27:36.382185" elapsed="0.035190"/>
</kw>
<arg>${locator}</arg>
<doc>Wait for element to be visible and click it</doc>
<status status="PASS" start="2025-02-03T09:27:36.366996" elapsed="0.050379"/>
</kw>
<arg>${char}</arg>
<doc>Click on the number button with value ${digit}.</doc>
<status status="PASS" start="2025-02-03T09:27:36.365974" elapsed="0.051401"/>
</kw>
<arg>'${char}' == '.'</arg>
<arg>Click Decimal Point</arg>
<arg>ELSE</arg>
<arg>Click Number</arg>
<arg>${char}</arg>
<doc>Runs the given keyword with the given arguments, if ``condition`` is true.</doc>
<status status="PASS" start="2025-02-03T09:27:36.365974" elapsed="0.051401"/>
</kw>
<var name="${char}">7</var>
<status status="PASS" start="2025-02-03T09:27:36.365005" elapsed="0.052370"/>
</iter>
<iter>
<kw name="Run Keyword If" owner="BuiltIn">
<kw name="Click Number" owner="CalculatorPage">
<kw name="Set Variable" owner="BuiltIn">
<msg time="2025-02-03T09:27:36.418411" level="INFO">${locator} = xpath=//button[normalize-space(text())='9']</msg>
<var>${locator}</var>
<arg>xpath=//button[normalize-space(text())='${digit}']</arg>
<doc>Returns the given values which can then be assigned to a variables.</doc>
<status status="PASS" start="2025-02-03T09:27:36.418411" elapsed="0.000000"/>
</kw>
<kw name="Wait And Click Element" owner="CalculatorPage">
<kw name="Wait Until Element Is Enabled" owner="SeleniumLibrary">
<arg>${locator}</arg>
<doc>Waits until the element ``locator`` is enabled.</doc>
<status status="PASS" start="2025-02-03T09:27:36.419391" elapsed="0.014963"/>
</kw>
<kw name="Click Element" owner="SeleniumLibrary">
<msg time="2025-02-03T09:27:36.434354" level="INFO">Clicking element 'xpath=//button[normalize-space(text())='9']'.</msg>
<arg>${locator}</arg>
<doc>Click the element identified by ``locator``.</doc>
<status status="PASS" start="2025-02-03T09:27:36.434354" elapsed="0.031512"/>
</kw>
<arg>${locator}</arg>
<doc>Wait for element to be visible and click it</doc>
<status status="PASS" start="2025-02-03T09:27:36.418411" elapsed="0.047455"/>
</kw>
<arg>${char}</arg>
<doc>Click on the number button with value ${digit}.</doc>
<status status="PASS" start="2025-02-03T09:27:36.418411" elapsed="0.047455"/>
</kw>
<arg>'${char}' == '.'</arg>
<arg>Click Decimal Point</arg>
<arg>ELSE</arg>
<arg>Click Number</arg>
<arg>${char}</arg>
<doc>Runs the given keyword with the given arguments, if ``condition`` is true.</doc>
<status status="PASS" start="2025-02-03T09:27:36.417375" elapsed="0.048491"/>
</kw>
<var name="${char}">9</var>
<status status="PASS" start="2025-02-03T09:27:36.417375" elapsed="0.048491"/>
</iter>
<var>${char}</var>
<value>@{chars}</value>
<status status="PASS" start="2025-02-03T09:27:36.365005" elapsed="0.101890"/>
</for>
<kw name="Sleep" owner="BuiltIn">
<msg time="2025-02-03T09:27:36.967181" level="INFO">Slept 500 milliseconds.</msg>
<arg>0.5s</arg>
<doc>Pauses the test executed for the given time.</doc>
<status status="PASS" start="2025-02-03T09:27:36.466895" elapsed="0.500286"/>
</kw>
<arg>${second_number}</arg>
<doc>Enters a number into the calculator</doc>
<status status="PASS" start="2025-02-03T09:27:36.363973" elapsed="0.603208"/>
</kw>
<kw name="Click Equals" owner="CalculatorPage">
<kw name="Wait And Click Element" owner="CalculatorPage">
<kw name="Wait Until Element Is Enabled" owner="SeleniumLibrary">
<arg>${locator}</arg>
<doc>Waits until the element ``locator`` is enabled.</doc>
<status status="PASS" start="2025-02-03T09:27:36.970227" elapsed="0.028305"/>
</kw>
<kw name="Click Element" owner="SeleniumLibrary">
<msg time="2025-02-03T09:27:36.999534" level="INFO">Clicking element 'id=buttonequals'.</msg>
<arg>${locator}</arg>
<doc>Click the element identified by ``locator``.</doc>
<status status="PASS" start="2025-02-03T09:27:36.998532" elapsed="0.030386"/>
</kw>
<arg>${CALCULATOR_EQUALS}</arg>
<doc>Wait for element to be visible and click it</doc>
<status status="PASS" start="2025-02-03T09:27:36.969226" elapsed="0.059692"/>
</kw>
<doc>Click the equals button</doc>
<status status="PASS" start="2025-02-03T09:27:36.968235" elapsed="0.060683"/>
</kw>
<kw name="Sleep" owner="BuiltIn">
<msg time="2025-02-03T09:27:37.529380" level="INFO">Slept 500 milliseconds.</msg>
<arg>0.5s</arg>
<doc>Pauses the test executed for the given time.</doc>
<status status="PASS" start="2025-02-03T09:27:37.028918" elapsed="0.500462"/>
</kw>
<kw name="Get Display Value" owner="CalculatorPage">
<kw name="Wait Until Element Is Visible" owner="SeleniumLibrary">
<arg>${CALCULATOR_DISPLAY}</arg>
<arg>${TIMEOUT}</arg>
<doc>Waits until the element ``locator`` is visible.</doc>
<status status="PASS" start="2025-02-03T09:27:37.531413" elapsed="0.029753"/>
</kw>
<kw name="Get Element Attribute" owner="SeleniumLibrary">
<msg time="2025-02-03T09:27:37.570944" level="INFO">${value} = 4029</msg>
<var>${value}</var>
<arg>${CALCULATOR_DISPLAY}</arg>
<arg>value</arg>
<doc>Returns the value of ``attribute`` from the element ``locator``.</doc>
<status status="PASS" start="2025-02-03T09:27:37.561166" elapsed="0.009778"/>
</kw>
<kw name="Set Variable If" owner="BuiltIn">
<msg time="2025-02-03T09:27:37.570944" level="INFO">${value} = 4029</msg>
<var>${value}</var>
<arg>'${value}' == ''</arg>
<arg>${DEFAULT_VALUE}</arg>
<arg>${value}</arg>
<doc>Sets variable based on the given condition.</doc>
<status status="PASS" start="2025-02-03T09:27:37.570944" elapsed="0.000000"/>
</kw>
<kw name="Set Variable If" owner="BuiltIn">
<msg time="2025-02-03T09:27:37.570944" level="INFO">${value} = 4029</msg>
<var>${value}</var>
<arg>'${value}' == 'undefined'</arg>
<arg>${DEFAULT_VALUE}</arg>
<arg>${value}</arg>
<doc>Sets variable based on the given condition.</doc>
<status status="PASS" start="2025-02-03T09:27:37.570944" elapsed="0.000000"/>
</kw>
<kw name="Set Variable If" owner="BuiltIn">
<msg time="2025-02-03T09:27:37.570944" level="INFO">${value} = 4029</msg>
<var>${value}</var>
<arg>'${value}' == 'null'</arg>
<arg>${DEFAULT_VALUE}</arg>
<arg>${value}</arg>
<doc>Sets variable based on the given condition.</doc>
<status status="PASS" start="2025-02-03T09:27:37.570944" elapsed="0.000000"/>
</kw>
<kw name="Log" owner="BuiltIn">
<msg time="2025-02-03T09:27:37.570944" level="INFO">Display value: 4029</msg>
<arg>Display value: ${value}</arg>
<arg>console=True</arg>
<doc>Logs the given message with the given level.</doc>
<status status="PASS" start="2025-02-03T09:27:37.570944" elapsed="0.001090"/>
</kw>
<return>
<value>${value}</value>
<status status="PASS" start="2025-02-03T09:27:37.572034" elapsed="0.000000"/>
</return>
<msg time="2025-02-03T09:27:37.572034" level="INFO">${result} = 4029</msg>
<var>${result}</var>
<doc>Get the value displayed on Calculator screen</doc>
<status status="PASS" start="2025-02-03T09:27:37.530425" elapsed="0.041609"/>
</kw>
<kw name="Log" owner="BuiltIn">
<msg time="2025-02-03T09:27:37.572034" level="INFO">multiplication result: 4029</msg>
<arg>${operation} result: ${result}</arg>
<arg>console=True</arg>
<doc>Logs the given message with the given level.</doc>
<status status="PASS" start="2025-02-03T09:27:37.572034" elapsed="0.000000"/>
</kw>
<return>
<value>${result}</value>
<status status="PASS" start="2025-02-03T09:27:37.572034" elapsed="0.000000"/>
</return>
<msg time="2025-02-03T09:27:37.572034" level="INFO">${result} = 4029</msg>
<var>${result}</var>
<arg>${TEST_DATA}[num1]</arg>
<arg>${TEST_DATA}[num2]</arg>
<arg>${operation}</arg>
<doc>Performs basic arithmetic operation and returns result</doc>
<status status="PASS" start="2025-02-03T09:27:35.690952" elapsed="1.881082"/>
</kw>
<kw name="Set Test Variable" owner="BuiltIn">
<msg time="2025-02-03T09:27:37.573056" level="INFO">${ACTUAL_RESULT} = 4029</msg>
<arg>${ACTUAL_RESULT}</arg>
<arg>${result}</arg>
<doc>Makes a variable available everywhere within the scope of the current test.</doc>
<status status="PASS" start="2025-02-03T09:27:37.572034" elapsed="0.001022"/>
</kw>
<arg>${operation}</arg>
<arg>${min}</arg>
<arg>${max}</arg>
<arg>${use_decimals}</arg>
<doc>Generates test data and executes the specified operation flow</doc>
<status status="PASS" start="2025-02-03T09:27:35.689934" elapsed="1.883122"/>
</kw>
<arg>multiplication</arg>
<arg>1</arg>
<arg>100</arg>
<arg>${FALSE}</arg>
<status status="PASS" start="2025-02-03T09:27:35.689934" elapsed="1.883122"/>
</kw>
<kw name="Then Result should match expected value">
<kw name="Verify Operation Result" owner="CalculatorFlow">
<kw name="Set Variable If" owner="BuiltIn">
<msg time="2025-02-03T09:27:37.574071" level="INFO">${expected} = 4029</msg>
<var>${expected}</var>
<arg>'${operation}' == 'addition'</arg>
<arg>${TEST_DATA}[expected_addition]</arg>
<arg>'${operation}' == 'multiplication'</arg>
<arg>${TEST_DATA}[expected_multiplication]</arg>
<doc>Sets variable based on the given condition.</doc>
<status status="PASS" start="2025-02-03T09:27:37.574071" elapsed="0.000000"/>
</kw>
<kw name="Verify Result" owner="CalculatorFlow">
<kw name="Log" owner="BuiltIn">
<msg time="2025-02-03T09:27:37.574071" level="INFO">Verifying result: 4029</msg>
<arg>Verifying result: ${expected_value}</arg>
<arg>console=True</arg>
<doc>Logs the given message with the given level.</doc>
<status status="PASS" start="2025-02-03T09:27:37.574071" elapsed="0.000000"/>
</kw>
<kw name="Get Display Value" owner="CalculatorPage">
<kw name="Wait Until Element Is Visible" owner="SeleniumLibrary">
<arg>${CALCULATOR_DISPLAY}</arg>
<arg>${TIMEOUT}</arg>
<doc>Waits until the element ``locator`` is visible.</doc>
<status status="PASS" start="2025-02-03T09:27:37.575054" elapsed="0.008724"/>
</kw>
<kw name="Get Element Attribute" owner="SeleniumLibrary">
<msg time="2025-02-03T09:27:37.593779" level="INFO">${value} = 4029</msg>
<var>${value}</var>
<arg>${CALCULATOR_DISPLAY}</arg>
<arg>value</arg>
<doc>Returns the value of ``attribute`` from the element ``locator``.</doc>
<status status="PASS" start="2025-02-03T09:27:37.583778" elapsed="0.010001"/>
</kw>
<kw name="Set Variable If" owner="BuiltIn">
<msg time="2025-02-03T09:27:37.593779" level="INFO">${value} = 4029</msg>
<var>${value}</var>
<arg>'${value}' == ''</arg>
<arg>${DEFAULT_VALUE}</arg>
<arg>${value}</arg>
<doc>Sets variable based on the given condition.</doc>
<status status="PASS" start="2025-02-03T09:27:37.593779" elapsed="0.000000"/>
</kw>
<kw name="Set Variable If" owner="BuiltIn">
<msg time="2025-02-03T09:27:37.593779" level="INFO">${value} = 4029</msg>
<var>${value}</var>
<arg>'${value}' == 'undefined'</arg>
<arg>${DEFAULT_VALUE}</arg>
<arg>${value}</arg>
<doc>Sets variable based on the given condition.</doc>
<status status="PASS" start="2025-02-03T09:27:37.593779" elapsed="0.000000"/>
</kw>
<kw name="Set Variable If" owner="BuiltIn">
<msg time="2025-02-03T09:27:37.593779" level="INFO">${value} = 4029</msg>
<var>${value}</var>
<arg>'${value}' == 'null'</arg>
<arg>${DEFAULT_VALUE}</arg>
<arg>${value}</arg>
<doc>Sets variable based on the given condition.</doc>
<status status="PASS" start="2025-02-03T09:27:37.593779" elapsed="0.000000"/>
</kw>
<kw name="Log" owner="BuiltIn">
<msg time="2025-02-03T09:27:37.594780" level="INFO">Display value: 4029</msg>
<arg>Display value: ${value}</arg>
<arg>console=True</arg>
<doc>Logs the given message with the given level.</doc>
<status status="PASS" start="2025-02-03T09:27:37.593779" elapsed="0.001001"/>
</kw>
<return>
<value>${value}</value>
<status status="PASS" start="2025-02-03T09:27:37.594780" elapsed="0.000000"/>
</return>
<msg time="2025-02-03T09:27:37.594780" level="INFO">${actual_value} = 4029</msg>
<var>${actual_value}</var>
<doc>Get the value displayed on Calculator screen</doc>
<status status="PASS" start="2025-02-03T09:27:37.574071" elapsed="0.020709"/>
</kw>
<kw name="Set Variable If" owner="BuiltIn">
<msg time="2025-02-03T09:27:37.594780" level="INFO">${actual_value} = 4029</msg>
<var>${actual_value}</var>
<arg>'${actual_value}' == ''</arg>
<arg>0</arg>
<arg>${actual_value}</arg>
<doc>Sets variable based on the given condition.</doc>
<status status="PASS" start="2025-02-03T09:27:37.594780" elapsed="0.000000"/>
</kw>
<kw name="Set Variable If" owner="BuiltIn">
<msg time="2025-02-03T09:27:37.594780" level="INFO">${expected_value} = 4029</msg>
<var>${expected_value}</var>
<arg>'${expected_value}' == ''</arg>
<arg>0</arg>
<arg>${expected_value}</arg>
<doc>Sets variable based on the given condition.</doc>
<status status="PASS" start="2025-02-03T09:27:37.594780" elapsed="0.001026"/>
</kw>
<kw name="Should Be Equal As Strings" owner="BuiltIn">
<arg>${actual_value}</arg>
<arg>${expected_value}</arg>
<doc>Fails if objects are unequal after converting them to strings.</doc>
<status status="PASS" start="2025-02-03T09:27:37.595806" elapsed="0.000000"/>
</kw>
<kw name="Log" owner="BuiltIn">
<msg time="2025-02-03T09:27:37.595806" level="INFO">Verification passed: 4029 equals 4029</msg>
<arg>Verification passed: ${actual_value} equals ${expected_value}</arg>
<arg>console=True</arg>
<doc>Logs the given message with the given level.</doc>
<status status="PASS" start="2025-02-03T09:27:37.595806" elapsed="0.000000"/>
</kw>
<arg>${expected}</arg>
<doc>Verifies the calculator display shows expected value</doc>
<status status="PASS" start="2025-02-03T09:27:37.574071" elapsed="0.021735"/>
</kw>
<arg>${operation}</arg>
<status status="PASS" start="2025-02-03T09:27:37.573056" elapsed="0.022750"/>
</kw>
<arg>multiplication</arg>
<status status="PASS" start="2025-02-03T09:27:37.573056" elapsed="0.022750"/>
</kw>
<kw name="Cleanup Calculator Session" type="TEARDOWN">
<kw name="Run Keyword If Test Failed" owner="BuiltIn">
<arg>Capture Page Screenshot</arg>
<doc>Runs the given keyword with the given arguments, if the test failed.</doc>
<status status="PASS" start="2025-02-03T09:27:37.596780" elapsed="0.000000"/>
</kw>
<kw name="Go To" owner="SeleniumLibrary">
<msg time="2025-02-03T09:27:37.596780" level="INFO">Opening url 'about:blank'</msg>
<arg>about:blank</arg>
<doc>Navigates the current browser window to the provided ``url``.</doc>
<status status="PASS" start="2025-02-03T09:27:37.596780" elapsed="0.104604"/>
</kw>
<status status="PASS" start="2025-02-03T09:27:37.595806" elapsed="0.105578"/>
</kw>
<doc>Verify that calculator can perform basic multiplication with integers</doc>
<tag>integer</tag>
<tag>multiplication</tag>
<tag>smoke</tag>
<status status="PASS" start="2025-02-03T09:27:34.888222" elapsed="2.813162"/>
</test>
<test id="s1-t3" name="User can perform decimal addition" line="31">
<kw name="Initialize Calculator Session" type="SETUP">
<kw name="Go To" owner="SeleniumLibrary">
<msg time="2025-02-03T09:27:37.702384" level="INFO">Opening url 'https://testpages.eviltester.com/styled/apps/calculator.html'</msg>
<arg>${URL}</arg>
<doc>Navigates the current browser window to the provided ``url``.</doc>
<status status="PASS" start="2025-02-03T09:27:37.702384" elapsed="0.660091"/>
</kw>
<kw name="Maximize Browser Window" owner="SeleniumLibrary">
<doc>Maximizes current browser window.</doc>
<status status="PASS" start="2025-02-03T09:27:38.362475" elapsed="0.003007"/>
</kw>
<kw name="Wait Until Element Is Visible" owner="SeleniumLibrary">
<arg>${CALCULATOR_DISPLAY}</arg>
<doc>Waits until the element ``locator`` is visible.</doc>
<status status="PASS" start="2025-02-03T09:27:38.366481" elapsed="0.019028"/>
</kw>
<status status="PASS" start="2025-02-03T09:27:37.702384" elapsed="0.683125"/>
</kw>
<kw name="Given Calculator is ready for input">
<kw name="Reset Calculator State" owner="CalculatorFlow">
<kw name="Clear Calculator" owner="CalculatorPage">
<kw name="Wait Until Element Is Visible" owner="SeleniumLibrary">
<arg>${CLEAR_BTN}</arg>
[...]
</kw>
<doc>Click the clear button to reset the display to the default value.</doc>
<status status="PASS" start="2025-02-03T09:27:46.320906" elapsed="0.041562"/>
</kw>
<kw name="Log" owner="BuiltIn">
<msg time="2025-02-03T09:27:46.363493" level="INFO">Recalling memory</msg>
<arg>Recalling memory</arg>
<arg>console=True</arg>
<doc>Logs the given message with the given level.</doc>
<status status="PASS" start="2025-02-03T09:27:46.363493" elapsed="0.000000"/>
</kw>
<kw name="Click Memory Recall" owner="CalculatorPage">
<kw name="Wait And Click Element" owner="CalculatorPage">
<kw name="Wait Until Element Is Enabled" owner="SeleniumLibrary">
<arg>${locator}</arg>
<doc>Waits until the element ``locator`` is enabled.</doc>
<status status="PASS" start="2025-02-03T09:27:46.364467" elapsed="0.014595"/>
</kw>
<kw name="Click Element" owner="SeleniumLibrary">
<msg time="2025-02-03T09:27:46.380083" level="INFO">Clicking element 'id=buttonmemoryrecall'.</msg>
<arg>${locator}</arg>
<doc>Click the element identified by ``locator``.</doc>
<status status="PASS" start="2025-02-03T09:27:46.379062" elapsed="0.035578"/>
</kw>
<arg>${MEMORY_RECALL_BTN}</arg>
<doc>Wait for element to be visible and click it</doc>
<status status="PASS" start="2025-02-03T09:27:46.363493" elapsed="0.051147"/>
</kw>
<doc>Click the memory recall button</doc>
<status status="PASS" start="2025-02-03T09:27:46.363493" elapsed="0.051147"/>
</kw>
<kw name="Log" owner="BuiltIn">
<msg time="2025-02-03T09:27:46.414640" level="INFO">Clicking minus operator</msg>
<arg>Clicking minus operator</arg>
<arg>console=True</arg>
<doc>Logs the given message with the given level.</doc>
<status status="PASS" start="2025-02-03T09:27:46.414640" elapsed="0.000999"/>
</kw>
<kw name="Click Minus" owner="CalculatorPage">
<kw name="Wait And Click Element" owner="CalculatorPage">
<kw name="Wait Until Element Is Enabled" owner="SeleniumLibrary">
<arg>${locator}</arg>
<doc>Waits until the element ``locator`` is enabled.</doc>
<status status="PASS" start="2025-02-03T09:27:46.415639" elapsed="0.016001"/>
</kw>
<kw name="Click Element" owner="SeleniumLibrary">
<msg time="2025-02-03T09:27:46.431640" level="INFO">Clicking element 'id=buttonminus'.</msg>
<arg>${locator}</arg>
<doc>Click the element identified by ``locator``.</doc>
<status status="PASS" start="2025-02-03T09:27:46.431640" elapsed="0.034528"/>
</kw>
<arg>${MINUS_BTN}</arg>
<doc>Wait for element to be visible and click it</doc>
<status status="PASS" start="2025-02-03T09:27:46.415639" elapsed="0.050529"/>
</kw>
<doc>Click the minus button</doc>
<status status="PASS" start="2025-02-03T09:27:46.415639" elapsed="0.050529"/>
</kw>
<kw name="Log" owner="BuiltIn">
<msg time="2025-02-03T09:27:46.467168" level="INFO">Memory subtract value: 11</msg>
<arg>Memory subtract value: ${data}[num3]</arg>
<arg>console=True</arg>
<doc>Logs the given message with the given level.</doc>
<status status="PASS" start="2025-02-03T09:27:46.467168" elapsed="0.000000"/>
</kw>
<kw name="Enter Number" owner="CalculatorFlow">
<kw name="Log" owner="BuiltIn">
<msg time="2025-02-03T09:27:46.467168" level="INFO">Entering number: 11</msg>
<arg>Entering number: ${number}</arg>
<arg>console=True</arg>
<doc>Logs the given message with the given level.</doc>
<status status="PASS" start="2025-02-03T09:27:46.467168" elapsed="0.000000"/>
</kw>
<kw name="Convert To String" owner="BuiltIn">
<msg time="2025-02-03T09:27:46.467168" level="INFO">${digits} = 11</msg>
<var>${digits}</var>
<arg>${number}</arg>
<doc>Converts the given item to a Unicode string.</doc>
<status status="PASS" start="2025-02-03T09:27:46.467168" elapsed="0.000000"/>
</kw>
<kw name="Split String To Characters" owner="String">
<msg time="2025-02-03T09:27:46.468761" level="INFO">@{chars} = [ 1 | 1 ]</msg>
<var>@{chars}</var>
<arg>${digits}</arg>
<doc>Splits the given ``string`` to characters.</doc>
<status status="PASS" start="2025-02-03T09:27:46.468761" elapsed="0.000000"/>
</kw>
<for flavor="IN">
<iter>
<kw name="Run Keyword If" owner="BuiltIn">
<kw name="Click Number" owner="CalculatorPage">
<kw name="Set Variable" owner="BuiltIn">
<msg time="2025-02-03T09:27:46.469862" level="INFO">${locator} = xpath=//button[normalize-space(text())='1']</msg>
<var>${locator}</var>
<arg>xpath=//button[normalize-space(text())='${digit}']</arg>
<doc>Returns the given values which can then be assigned to a variables.</doc>
<status status="PASS" start="2025-02-03T09:27:46.468761" elapsed="0.001101"/>
</kw>
<kw name="Wait And Click Element" owner="CalculatorPage">
<kw name="Wait Until Element Is Enabled" owner="SeleniumLibrary">
<arg>${locator}</arg>
<doc>Waits until the element ``locator`` is enabled.</doc>
<status status="PASS" start="2025-02-03T09:27:46.469862" elapsed="0.016004"/>
</kw>
<kw name="Click Element" owner="SeleniumLibrary">
<msg time="2025-02-03T09:27:46.485866" level="INFO">Clicking element 'xpath=//button[normalize-space(text())='1']'.</msg>
<arg>${locator}</arg>
<doc>Click the element identified by ``locator``.</doc>
<status status="PASS" start="2025-02-03T09:27:46.485866" elapsed="0.033991"/>
</kw>
<arg>${locator}</arg>
<doc>Wait for element to be visible and click it</doc>
<status status="PASS" start="2025-02-03T09:27:46.469862" elapsed="0.049995"/>
</kw>
<arg>${char}</arg>
<doc>Click on the number button with value ${digit}.</doc>
<status status="PASS" start="2025-02-03T09:27:46.468761" elapsed="0.051096"/>
</kw>
<arg>'${char}' == '.'</arg>
<arg>Click Decimal Point</arg>
<arg>ELSE</arg>
<arg>Click Number</arg>
<arg>${char}</arg>
<doc>Runs the given keyword with the given arguments, if ``condition`` is true.</doc>
<status status="PASS" start="2025-02-03T09:27:46.468761" elapsed="0.051096"/>
</kw>
<var name="${char}">1</var>
<status status="PASS" start="2025-02-03T09:27:46.468761" elapsed="0.051096"/>
</iter>
<iter>
<kw name="Run Keyword If" owner="BuiltIn">
<kw name="Click Number" owner="CalculatorPage">
<kw name="Set Variable" owner="BuiltIn">
<msg time="2025-02-03T09:27:46.520864" level="INFO">${locator} = xpath=//button[normalize-space(text())='1']</msg>
<var>${locator}</var>
<arg>xpath=//button[normalize-space(text())='${digit}']</arg>
<doc>Returns the given values which can then be assigned to a variables.</doc>
<status status="PASS" start="2025-02-03T09:27:46.520864" elapsed="0.000000"/>
</kw>
<kw name="Wait And Click Element" owner="CalculatorPage">
<kw name="Wait Until Element Is Enabled" owner="SeleniumLibrary">
<arg>${locator}</arg>
<doc>Waits until the element ``locator`` is enabled.</doc>
<status status="PASS" start="2025-02-03T09:27:46.521869" elapsed="0.011992"/>
</kw>
<kw name="Click Element" owner="SeleniumLibrary">
<msg time="2025-02-03T09:27:46.534866" level="INFO">Clicking element 'xpath=//button[normalize-space(text())='1']'.</msg>
<arg>${locator}</arg>
<doc>Click the element identified by ``locator``.</doc>
<status status="PASS" start="2025-02-03T09:27:46.534866" elapsed="0.030090"/>
</kw>
<arg>${locator}</arg>
<doc>Wait for element to be visible and click it</doc>
<status status="PASS" start="2025-02-03T09:27:46.520864" elapsed="0.044092"/>
</kw>
<arg>${char}</arg>
<doc>Click on the number button with value ${digit}.</doc>
<status status="PASS" start="2025-02-03T09:27:46.520864" elapsed="0.044092"/>
</kw>
<arg>'${char}' == '.'</arg>
<arg>Click Decimal Point</arg>
<arg>ELSE</arg>
<arg>Click Number</arg>
<arg>${char}</arg>
<doc>Runs the given keyword with the given arguments, if ``condition`` is true.</doc>
<status status="PASS" start="2025-02-03T09:27:46.519857" elapsed="0.045099"/>
</kw>
<var name="${char}">1</var>
<status status="PASS" start="2025-02-03T09:27:46.519857" elapsed="0.045099"/>
</iter>
<var>${char}</var>
<value>@{chars}</value>
<status status="PASS" start="2025-02-03T09:27:46.468761" elapsed="0.096195"/>
</for>
<kw name="Sleep" owner="BuiltIn">
<msg time="2025-02-03T09:27:47.065159" level="INFO">Slept 500 milliseconds.</msg>
<arg>0.5s</arg>
<doc>Pauses the test executed for the given time.</doc>
<status status="PASS" start="2025-02-03T09:27:46.564956" elapsed="0.500203"/>
</kw>
<arg>${data}[num3]</arg>
<doc>Enters a number into the calculator</doc>
<status status="PASS" start="2025-02-03T09:27:46.467168" elapsed="0.597991"/>
</kw>
<kw name="Log" owner="BuiltIn">
<msg time="2025-02-03T09:27:47.065671" level="INFO">Clicking equals button</msg>
<arg>Clicking equals button</arg>
<arg>console=True</arg>
<doc>Logs the given message with the given level.</doc>
<status status="PASS" start="2025-02-03T09:27:47.065671" elapsed="0.000738"/>
</kw>
<kw name="Click Equals" owner="CalculatorPage">
<kw name="Wait And Click Element" owner="CalculatorPage">
<kw name="Wait Until Element Is Enabled" owner="SeleniumLibrary">
<arg>${locator}</arg>
<doc>Waits until the element ``locator`` is enabled.</doc>
<status status="PASS" start="2025-02-03T09:27:47.067529" elapsed="0.022210"/>
</kw>
<kw name="Click Element" owner="SeleniumLibrary">
<msg time="2025-02-03T09:27:47.089739" level="INFO">Clicking element 'id=buttonequals'.</msg>
<arg>${locator}</arg>
<doc>Click the element identified by ``locator``.</doc>
<status status="PASS" start="2025-02-03T09:27:47.089739" elapsed="0.036484"/>
</kw>
<arg>${CALCULATOR_EQUALS}</arg>
<doc>Wait for element to be visible and click it</doc>
<status status="PASS" start="2025-02-03T09:27:47.066409" elapsed="0.059814"/>
</kw>
<doc>Click the equals button</doc>
<status status="PASS" start="2025-02-03T09:27:47.066409" elapsed="0.059814"/>
</kw>
<kw name="Sleep" owner="BuiltIn">
<msg time="2025-02-03T09:27:47.626766" level="INFO">Slept 500 milliseconds.</msg>
<arg>0.5s</arg>
<doc>Pauses the test executed for the given time.</doc>
<status status="PASS" start="2025-02-03T09:27:47.126223" elapsed="0.500543"/>
</kw>
<kw name="Get Display Value" owner="CalculatorPage">
<kw name="Wait Until Element Is Visible" owner="SeleniumLibrary">
<arg>${CALCULATOR_DISPLAY}</arg>
<arg>${TIMEOUT}</arg>
<doc>Waits until the element ``locator`` is visible.</doc>
<status status="PASS" start="2025-02-03T09:27:47.626766" elapsed="0.012967"/>
</kw>
<kw name="Get Element Attribute" owner="SeleniumLibrary">
<msg time="2025-02-03T09:27:47.650189" level="INFO">${value} = 53</msg>
<var>${value}</var>
<arg>${CALCULATOR_DISPLAY}</arg>
<arg>value</arg>
<doc>Returns the value of ``attribute`` from the element ``locator``.</doc>
<status status="PASS" start="2025-02-03T09:27:47.639733" elapsed="0.010456"/>
</kw>
<kw name="Set Variable If" owner="BuiltIn">
<msg time="2025-02-03T09:27:47.651190" level="INFO">${value} = 53</msg>
<var>${value}</var>
<arg>'${value}' == ''</arg>
<arg>${DEFAULT_VALUE}</arg>
<arg>${value}</arg>
<doc>Sets variable based on the given condition.</doc>
<status status="PASS" start="2025-02-03T09:27:47.650189" elapsed="0.001001"/>
</kw>
<kw name="Set Variable If" owner="BuiltIn">
<msg time="2025-02-03T09:27:47.651190" level="INFO">${value} = 53</msg>
<var>${value}</var>
<arg>'${value}' == 'undefined'</arg>
<arg>${DEFAULT_VALUE}</arg>
<arg>${value}</arg>
<doc>Sets variable based on the given condition.</doc>
<status status="PASS" start="2025-02-03T09:27:47.651190" elapsed="0.000000"/>
</kw>
<kw name="Set Variable If" owner="BuiltIn">
<msg time="2025-02-03T09:27:47.651190" level="INFO">${value} = 53</msg>
<var>${value}</var>
<arg>'${value}' == 'null'</arg>
<arg>${DEFAULT_VALUE}</arg>
<arg>${value}</arg>
<doc>Sets variable based on the given condition.</doc>
<status status="PASS" start="2025-02-03T09:27:47.651190" elapsed="0.000000"/>
</kw>
<kw name="Log" owner="BuiltIn">
<msg time="2025-02-03T09:27:47.651190" level="INFO">Display value: 53</msg>
<arg>Display value: ${value}</arg>
<arg>console=True</arg>
<doc>Logs the given message with the given level.</doc>
<status status="PASS" start="2025-02-03T09:27:47.651190" elapsed="0.000000"/>
</kw>
<return>
<value>${value}</value>
<status status="PASS" start="2025-02-03T09:27:47.652190" elapsed="0.000000"/>
</return>
<msg time="2025-02-03T09:27:47.652190" level="INFO">${result} = 53</msg>
<var>${result}</var>
<doc>Get the value displayed on Calculator screen</doc>
<status status="PASS" start="2025-02-03T09:27:47.626766" elapsed="0.025424"/>
</kw>
<kw name="Log" owner="BuiltIn">
<msg time="2025-02-03T09:27:47.652190" level="INFO">Memory operation result: 53</msg>
<arg>Memory operation result: ${result}</arg>
<arg>console=True</arg>
<doc>Logs the given message with the given level.</doc>
<status status="PASS" start="2025-02-03T09:27:47.652190" elapsed="0.000000"/>
</kw>
<return>
<value>${result}</value>
<status status="PASS" start="2025-02-03T09:27:47.652190" elapsed="0.000000"/>
</return>
<msg time="2025-02-03T09:27:47.652190" level="INFO">${result} = 53</msg>
<var>${result}</var>
<arg>${TEST_DATA}</arg>
<doc>Performs a sequence of memory operations</doc>
<status status="PASS" start="2025-02-03T09:27:44.956192" elapsed="2.695998"/>
</kw>
<kw name="Set Test Variable" owner="BuiltIn">
<msg time="2025-02-03T09:27:47.653190" level="INFO">${ACTUAL_RESULT} = 53</msg>
<arg>${ACTUAL_RESULT}</arg>
<arg>${result}</arg>
<doc>Makes a variable available everywhere within the scope of the current test.</doc>
<status status="PASS" start="2025-02-03T09:27:47.653190" elapsed="0.000000"/>
</kw>
<status status="PASS" start="2025-02-03T09:27:44.955192" elapsed="2.697998"/>
</kw>
<arg>1</arg>
<arg>100</arg>
<arg>${FALSE}</arg>
<status status="PASS" start="2025-02-03T09:27:44.954191" elapsed="2.698999"/>
</kw>
<kw name="Then Result should match expected memory value">
<kw name="Verify Memory Operation Result" owner="CalculatorFlow">
<kw name="Verify Result" owner="CalculatorFlow">
<kw name="Log" owner="BuiltIn">
<msg time="2025-02-03T09:27:47.654190" level="INFO">Verifying result: 53</msg>
<arg>Verifying result: ${expected_value}</arg>
<arg>console=True</arg>
<doc>Logs the given message with the given level.</doc>
<status status="PASS" start="2025-02-03T09:27:47.654190" elapsed="0.000000"/>
</kw>
<kw name="Get Display Value" owner="CalculatorPage">
<kw name="Wait Until Element Is Visible" owner="SeleniumLibrary">
<arg>${CALCULATOR_DISPLAY}</arg>
<arg>${TIMEOUT}</arg>
<doc>Waits until the element ``locator`` is visible.</doc>
<status status="PASS" start="2025-02-03T09:27:47.655190" elapsed="0.010086"/>
</kw>
<kw name="Get Element Attribute" owner="SeleniumLibrary">
<msg time="2025-02-03T09:27:47.675582" level="INFO">${value} = 53</msg>
<var>${value}</var>
<arg>${CALCULATOR_DISPLAY}</arg>
<arg>value</arg>
<doc>Returns the value of ``attribute`` from the element ``locator``.</doc>
<status status="PASS" start="2025-02-03T09:27:47.665276" elapsed="0.010306"/>
</kw>
<kw name="Set Variable If" owner="BuiltIn">
<msg time="2025-02-03T09:27:47.676587" level="INFO">${value} = 53</msg>
<var>${value}</var>
<arg>'${value}' == ''</arg>
<arg>${DEFAULT_VALUE}</arg>
<arg>${value}</arg>
<doc>Sets variable based on the given condition.</doc>
<status status="PASS" start="2025-02-03T09:27:47.675582" elapsed="0.001005"/>
</kw>
<kw name="Set Variable If" owner="BuiltIn">
<msg time="2025-02-03T09:27:47.676587" level="INFO">${value} = 53</msg>
<var>${value}</var>
<arg>'${value}' == 'undefined'</arg>
<arg>${DEFAULT_VALUE}</arg>
<arg>${value}</arg>
<doc>Sets variable based on the given condition.</doc>
<status status="PASS" start="2025-02-03T09:27:47.676587" elapsed="0.000000"/>
</kw>
<kw name="Set Variable If" owner="BuiltIn">
<msg time="2025-02-03T09:27:47.676587" level="INFO">${value} = 53</msg>
<var>${value}</var>
<arg>'${value}' == 'null'</arg>
<arg>${DEFAULT_VALUE}</arg>
<arg>${value}</arg>
<doc>Sets variable based on the given condition.</doc>
<status status="PASS" start="2025-02-03T09:27:47.676587" elapsed="0.000000"/>
</kw>
<kw name="Log" owner="BuiltIn">
<msg time="2025-02-03T09:27:47.676587" level="INFO">Display value: 53</msg>
<arg>Display value: ${value}</arg>
<arg>console=True</arg>
<doc>Logs the given message with the given level.</doc>
<status status="PASS" start="2025-02-03T09:27:47.676587" elapsed="0.001000"/>
</kw>
<return>
<value>${value}</value>
<status status="PASS" start="2025-02-03T09:27:47.677587" elapsed="0.000000"/>
</return>
<msg time="2025-02-03T09:27:47.677587" level="INFO">${actual_value} = 53</msg>
<var>${actual_value}</var>
<doc>Get the value displayed on Calculator screen</doc>
<status status="PASS" start="2025-02-03T09:27:47.654190" elapsed="0.023397"/>
</kw>
<kw name="Set Variable If" owner="BuiltIn">
<msg time="2025-02-03T09:27:47.677587" level="INFO">${actual_value} = 53</msg>
<var>${actual_value}</var>
<arg>'${actual_value}' == ''</arg>
<arg>0</arg>
<arg>${actual_value}</arg>
<doc>Sets variable based on the given condition.</doc>
<status status="PASS" start="2025-02-03T09:27:47.677587" elapsed="0.000000"/>
</kw>
<kw name="Set Variable If" owner="BuiltIn">
<msg time="2025-02-03T09:27:47.677587" level="INFO">${expected_value} = 53</msg>
<var>${expected_value}</var>
<arg>'${expected_value}' == ''</arg>
<arg>0</arg>
<arg>${expected_value}</arg>
<doc>Sets variable based on the given condition.</doc>
<status status="PASS" start="2025-02-03T09:27:47.677587" elapsed="0.000000"/>
</kw>
<kw name="Should Be Equal As Strings" owner="BuiltIn">
<arg>${actual_value}</arg>
<arg>${expected_value}</arg>
<doc>Fails if objects are unequal after converting them to strings.</doc>
<status status="PASS" start="2025-02-03T09:27:47.678587" elapsed="0.000000"/>
</kw>
<kw name="Log" owner="BuiltIn">
<msg time="2025-02-03T09:27:47.678587" level="INFO">Verification passed: 53 equals 53</msg>
<arg>Verification passed: ${actual_value} equals ${expected_value}</arg>
<arg>console=True</arg>
<doc>Logs the given message with the given level.</doc>
<status status="PASS" start="2025-02-03T09:27:47.678587" elapsed="0.000000"/>
</kw>
<arg>${TEST_DATA}[expected_result]</arg>
<doc>Verifies the calculator display shows expected value</doc>
<status status="PASS" start="2025-02-03T09:27:47.654190" elapsed="0.024397"/>
</kw>
<status status="PASS" start="2025-02-03T09:27:47.654190" elapsed="0.024397"/>
</kw>
<status status="PASS" start="2025-02-03T09:27:47.654190" elapsed="0.024397"/>
</kw>
<kw name="Cleanup Calculator Session" type="TEARDOWN">
<kw name="Run Keyword If Test Failed" owner="BuiltIn">
<arg>Capture Page Screenshot</arg>
<doc>Runs the given keyword with the given arguments, if the test failed.</doc>
<status status="PASS" start="2025-02-03T09:27:47.678587" elapsed="0.000000"/>
</kw>
<kw name="Go To" owner="SeleniumLibrary">
<msg time="2025-02-03T09:27:47.679955" level="INFO">Opening url 'about:blank'</msg>
<arg>about:blank</arg>
<doc>Navigates the current browser window to the provided ``url``.</doc>
<status status="PASS" start="2025-02-03T09:27:47.679955" elapsed="0.109995"/>
</kw>
<status status="PASS" start="2025-02-03T09:27:47.678587" elapsed="0.111363"/>
</kw>
<doc>Verify that calculator can perform a sequence of memory operations</doc>
<tag>memory</tag>
<tag>smoke</tag>
<status status="PASS" start="2025-02-03T09:27:44.123271" elapsed="3.666679"/>
</test>
<kw name="Cleanup Calculator Environment" owner="CalculatorPage" type="TEARDOWN">
<kw name="Close All Browsers" owner="SeleniumLibrary">
<doc>Closes all open browsers and resets the browser cache.</doc>
<status status="PASS" start="2025-02-03T09:27:47.791951" elapsed="6.389938"/>
</kw>
<doc>Clean up the test environment</doc>
<status status="PASS" start="2025-02-03T09:27:47.790953" elapsed="6.392069"/>
</kw>
<status status="PASS" start="2025-02-03T09:27:22.047068" elapsed="32.135954"/>
</suite>
<statistics>
<total>
<stat pass="5" fail="0" skip="0">All Tests</stat>
</total>
<tag>
<stat pass="2" fail="0" skip="0">addition</stat>
<stat pass="2" fail="0" skip="0">decimal</stat>
<stat pass="2" fail="0" skip="0">integer</stat>
<stat pass="1" fail="0" skip="0">memory</stat>
<stat pass="2" fail="0" skip="0">multiplication</stat>
<stat pass="5" fail="0" skip="0">smoke</stat>
</tag>
<suite>
<stat pass="5" fail="0" skip="0" id="s1" name="CalculatorTest">CalculatorTest</stat>
</suite>
</statistics>
<errors>
</errors>
</robot>
