<?xml version="1.0" encoding="UTF-8"?>
<robot generator="Robot 7.0 (Python 3.12.1 on win32)" generated="2025-01-23T10:28:23.907662" rpa="false" schemaversion="5">
<suite id="s1" name="CalculatorTest" source="D:\AUTOMATION TEST\Calculator_v2\Tests\CalculatorTest.robot">
<kw name="Setup Calculator Environment" type="SETUP">
<kw name="Log" owner="BuiltIn">
<msg time="2025-01-23T10:28:24.130815" level="INFO">Setting up calculator test environment</msg>
<arg>Setting up calculator test environment</arg>
<arg>console=True</arg>
<doc>Logs the given message with the given level.</doc>
<status status="PASS" start="2025-01-23T10:28:24.130815" elapsed="0.001646"/>
</kw>
<kw name="Set Selenium Timeout" owner="SeleniumLibrary">
<arg>${TIMEOUT}</arg>
<doc>Sets the timeout that is used by various keywords.</doc>
<status status="PASS" start="2025-01-23T10:28:24.132461" elapsed="0.000000"/>
</kw>
<kw name="Log" owner="BuiltIn">
<msg time="2025-01-23T10:28:24.132461" level="INFO">Calculator environment setup completed</msg>
<arg>Calculator environment setup completed</arg>
<arg>console=True</arg>
<doc>Logs the given message with the given level.</doc>
<status status="PASS" start="2025-01-23T10:28:24.132461" elapsed="0.000000"/>
</kw>
<status status="PASS" start="2025-01-23T10:28:24.130815" elapsed="0.002795"/>
</kw>
<test id="s1-t1" name="User can perform basic integer addition" line="18">
<kw name="Initialize Calculator Session" owner="CalculatorFlow" type="SETUP">
<kw name="Log" owner="BuiltIn">
<msg time="2025-01-23T10:28:24.133610" level="INFO">Initializing calculator session</msg>
<arg>Initializing calculator session</arg>
<arg>console=True</arg>
<doc>Logs the given message with the given level.</doc>
<status status="PASS" start="2025-01-23T10:28:24.133610" elapsed="0.001005"/>
</kw>
<kw name="Open Browser" owner="SeleniumLibrary">
<msg time="2025-01-23T10:28:24.134615" level="INFO">Opening browser 'chrome' to base url 'https://testpages.eviltester.com/styled/apps/calculator.html'.</msg>
<arg>${CALCULATOR_URL}</arg>
<arg>${BROWSER}</arg>
<doc>Opens a new browser instance to the optional ``url``.</doc>
<status status="PASS" start="2025-01-23T10:28:24.134615" elapsed="3.570025"/>
</kw>
<kw name="Maximize Browser Window" owner="SeleniumLibrary">
<doc>Maximizes current browser window.</doc>
<status status="PASS" start="2025-01-23T10:28:27.704640" elapsed="0.047657"/>
</kw>
<kw name="Wait Until Element Is Visible" owner="SeleniumLibrary">
<arg>${CALCULATOR_DISPLAY}</arg>
<doc>Waits until the element ``locator`` is visible.</doc>
<status status="PASS" start="2025-01-23T10:28:27.752297" elapsed="0.096089"/>
</kw>
<kw name="Log" owner="BuiltIn">
<msg time="2025-01-23T10:28:27.849436" level="INFO">Calculator session initialized successfully</msg>
<arg>Calculator session initialized successfully</arg>
<arg>console=True</arg>
<doc>Logs the given message with the given level.</doc>
<status status="PASS" start="2025-01-23T10:28:27.849436" elapsed="0.000000"/>
</kw>
<doc>Opens calculator and prepares for testing</doc>
<status status="PASS" start="2025-01-23T10:28:24.133610" elapsed="3.715826"/>
</kw>
<kw name="Log" owner="BuiltIn">
<msg time="2025-01-23T10:28:27.850395" level="INFO">Starting test: Basic Integer Addition</msg>
<arg>Starting test: Basic Integer Addition</arg>
<arg>console=True</arg>
<doc>Logs the given message with the given level.</doc>
<status status="PASS" start="2025-01-23T10:28:27.850395" elapsed="0.000000"/>
</kw>
<kw name="Given Calculator is ready for input">
<kw name="Log" owner="BuiltIn">
<msg time="2025-01-23T10:28:27.851394" level="INFO">Ensuring calculator is ready for input</msg>
<arg>Ensuring calculator is ready for input</arg>
<arg>console=True</arg>
<doc>Logs the given message with the given level.</doc>
<status status="PASS" start="2025-01-23T10:28:27.851394" elapsed="0.000983"/>
</kw>
<kw name="Clear Display" owner="CalculatorFlow">
<kw name="Log" owner="BuiltIn">
<msg time="2025-01-23T10:28:27.852377" level="INFO">Clearing calculator display</msg>
<arg>Clearing calculator display</arg>
<arg>console=True</arg>
<doc>Logs the given message with the given level.</doc>
<status status="PASS" start="2025-01-23T10:28:27.852377" elapsed="0.000574"/>
</kw>
<kw name="Click All Clear" owner="CalculatorPage">
<kw name="Wait And Click Element" owner="CalculatorPage">
<kw name="Wait Until Element Is Visible" owner="SeleniumLibrary">
<arg>${locator}</arg>
<doc>Waits until the element ``locator`` is visible.</doc>
<status status="PASS" start="2025-01-23T10:28:27.852951" elapsed="0.030581"/>
</kw>
<kw name="Click Element" owner="SeleniumLibrary">
<msg time="2025-01-23T10:28:27.883532" level="INFO">Clicking element 'id=buttonallclear'.</msg>
<arg>${locator}</arg>
<doc>Click the element identified by ``locator``.</doc>
<status status="PASS" start="2025-01-23T10:28:27.883532" elapsed="0.070963"/>
</kw>
<arg>${CALCULATOR_CLEAR}</arg>
<status status="PASS" start="2025-01-23T10:28:27.852951" elapsed="0.101544"/>
</kw>
<status status="PASS" start="2025-01-23T10:28:27.852951" elapsed="0.101544"/>
</kw>
<kw name="Verify Display Shows" owner="CalculatorFlow">
<kw name="Log" owner="BuiltIn">
<msg time="2025-01-23T10:28:27.955509" level="INFO">Verifying display shows: 0</msg>
<arg>Verifying display shows: ${expected_value}</arg>
<arg>console=True</arg>
<doc>Logs the given message with the given level.</doc>
<status status="PASS" start="2025-01-23T10:28:27.955509" elapsed="0.000000"/>
</kw>
<kw name="Wait Until Display Shows" owner="CalculatorPage">
<kw name="Wait Until Keyword Succeeds" owner="BuiltIn">
<kw name="Verify Display Value" owner="CalculatorPage">
<kw name="Get Display Value" owner="CalculatorPage">
<kw name="Wait Until Element Is Visible" owner="SeleniumLibrary">
<arg>${CALCULATOR_DISPLAY}</arg>
<doc>Waits until the element ``locator`` is visible.</doc>
<status status="PASS" start="2025-01-23T10:28:27.956517" elapsed="0.016892"/>
</kw>
<kw name="Get Element Attribute" owner="SeleniumLibrary">
<msg time="2025-01-23T10:28:27.989949" level="INFO">${value} = </msg>
<var>${value}</var>
<arg>${CALCULATOR_DISPLAY}</arg>
<arg>value</arg>
<doc>Returns the value of ``attribute`` from the element ``locator``.</doc>
<status status="PASS" start="2025-01-23T10:28:27.973409" elapsed="0.016540"/>
</kw>
<kw name="Set Variable If" owner="BuiltIn">
<msg time="2025-01-23T10:28:27.989949" level="INFO">${value} = 0</msg>
<var>${value}</var>
<arg>'${value}' == ''</arg>
<arg>0</arg>
<arg>${value}</arg>
<doc>Sets variable based on the given condition.</doc>
<status status="PASS" start="2025-01-23T10:28:27.989949" elapsed="0.000000"/>
</kw>
<return>
<value>${value}</value>
<status status="PASS" start="2025-01-23T10:28:27.989949" elapsed="0.000000"/>
</return>
<msg time="2025-01-23T10:28:27.989949" level="INFO">${actual} = 0</msg>
<var>${actual}</var>
<status status="PASS" start="2025-01-23T10:28:27.956517" elapsed="0.033432"/>
</kw>
<kw name="Convert And Compare Numbers" owner="CalculatorPage">
<kw name="Convert To Number" owner="BuiltIn">
<msg time="2025-01-23T10:28:27.990949" level="INFO">${actual} = 0.0</msg>
<var>${actual}</var>
<arg>${actual}</arg>
<doc>Converts the given item to a floating point number.</doc>
<status status="PASS" start="2025-01-23T10:28:27.990949" elapsed="0.000000"/>
</kw>
<kw name="Convert To Number" owner="BuiltIn">
<msg time="2025-01-23T10:28:27.990949" level="INFO">${expected} = 0.0</msg>
<var>${expected}</var>
<arg>${expected}</arg>
<doc>Converts the given item to a floating point number.</doc>
<status status="PASS" start="2025-01-23T10:28:27.990949" elapsed="0.000000"/>
</kw>
<kw name="Should Be Equal As Numbers" owner="BuiltIn">
<arg>${actual}</arg>
<arg>${expected}</arg>
<doc>Fails if objects are unequal after converting them to real numbers.</doc>
<status status="PASS" start="2025-01-23T10:28:27.990949" elapsed="0.000000"/>
</kw>
<arg>${actual}</arg>
<arg>${expected}</arg>
<status status="PASS" start="2025-01-23T10:28:27.990949" elapsed="0.000000"/>
</kw>
<arg>${expected}</arg>
<status status="PASS" start="2025-01-23T10:28:27.956517" elapsed="0.034432"/>
</kw>
<arg>5s</arg>
<arg>1s</arg>
<arg>Verify Display Value</arg>
<arg>${expected}</arg>
<doc>Runs the specified keyword and retries if it fails.</doc>
<status status="PASS" start="2025-01-23T10:28:27.956517" elapsed="0.034432"/>
</kw>
<arg>${expected_value}</arg>
<status status="PASS" start="2025-01-23T10:28:27.955509" elapsed="0.035440"/>
</kw>
<arg>0</arg>
<doc>Verifies the calculator display shows expected value</doc>
<status status="PASS" start="2025-01-23T10:28:27.955509" elapsed="0.035440"/>
</kw>
<doc>Clears the calculator display</doc>
<status status="PASS" start="2025-01-23T10:28:27.852377" elapsed="0.138572"/>
</kw>
<kw name="Verify Display Shows" owner="CalculatorFlow">
<kw name="Log" owner="BuiltIn">
<msg time="2025-01-23T10:28:27.990949" level="INFO">Verifying display shows: 0</msg>
<arg>Verifying display shows: ${expected_value}</arg>
<arg>console=True</arg>
<doc>Logs the given message with the given level.</doc>
<status status="PASS" start="2025-01-23T10:28:27.990949" elapsed="0.000000"/>
</kw>
<kw name="Wait Until Display Shows" owner="CalculatorPage">
<kw name="Wait Until Keyword Succeeds" owner="BuiltIn">
<kw name="Verify Display Value" owner="CalculatorPage">
<kw name="Get Display Value" owner="CalculatorPage">
<kw name="Wait Until Element Is Visible" owner="SeleniumLibrary">
<arg>${CALCULATOR_DISPLAY}</arg>
<doc>Waits until the element ``locator`` is visible.</doc>
<status status="PASS" start="2025-01-23T10:28:27.993559" elapsed="0.015625"/>
</kw>
<kw name="Get Element Attribute" owner="SeleniumLibrary">
<msg time="2025-01-23T10:28:28.031522" level="INFO">${value} = </msg>
<var>${value}</var>
<arg>${CALCULATOR_DISPLAY}</arg>
<arg>value</arg>
<doc>Returns the value of ``attribute`` from the element ``locator``.</doc>
<status status="PASS" start="2025-01-23T10:28:28.009184" elapsed="0.022338"/>
</kw>
<kw name="Set Variable If" owner="BuiltIn">
<msg time="2025-01-23T10:28:28.031522" level="INFO">${value} = 0</msg>
<var>${value}</var>
<arg>'${value}' == ''</arg>
<arg>0</arg>
<arg>${value}</arg>
<doc>Sets variable based on the given condition.</doc>
<status status="PASS" start="2025-01-23T10:28:28.031522" elapsed="0.000000"/>
</kw>
<return>
<value>${value}</value>
<status status="PASS" start="2025-01-23T10:28:28.031522" elapsed="0.000000"/>
</return>
<msg time="2025-01-23T10:28:28.031522" level="INFO">${actual} = 0</msg>
<var>${actual}</var>
<status status="PASS" start="2025-01-23T10:28:27.993559" elapsed="0.037963"/>
</kw>
<kw name="Convert And Compare Numbers" owner="CalculatorPage">
<kw name="Convert To Number" owner="BuiltIn">
<msg time="2025-01-23T10:28:28.032522" level="INFO">${actual} = 0.0</msg>
<var>${actual}</var>
<arg>${actual}</arg>
<doc>Converts the given item to a floating point number.</doc>
<status status="PASS" start="2025-01-23T10:28:28.032522" elapsed="0.000000"/>
</kw>
<kw name="Convert To Number" owner="BuiltIn">
<msg time="2025-01-23T10:28:28.032522" level="INFO">${expected} = 0.0</msg>
<var>${expected}</var>
<arg>${expected}</arg>
<doc>Converts the given item to a floating point number.</doc>
<status status="PASS" start="2025-01-23T10:28:28.032522" elapsed="0.000000"/>
</kw>
<kw name="Should Be Equal As Numbers" owner="BuiltIn">
<arg>${actual}</arg>
<arg>${expected}</arg>
<doc>Fails if objects are unequal after converting them to real numbers.</doc>
<status status="PASS" start="2025-01-23T10:28:28.032522" elapsed="0.000550"/>
</kw>
<arg>${actual}</arg>
<arg>${expected}</arg>
<status status="PASS" start="2025-01-23T10:28:28.031522" elapsed="0.001550"/>
</kw>
<arg>${expected}</arg>
<status status="PASS" start="2025-01-23T10:28:27.992492" elapsed="0.040580"/>
</kw>
<arg>5s</arg>
<arg>1s</arg>
<arg>Verify Display Value</arg>
<arg>${expected}</arg>
<doc>Runs the specified keyword and retries if it fails.</doc>
<status status="PASS" start="2025-01-23T10:28:27.992492" elapsed="0.040580"/>
</kw>
<arg>${expected_value}</arg>
<status status="PASS" start="2025-01-23T10:28:27.992492" elapsed="0.040580"/>
</kw>
<arg>0</arg>
<doc>Verifies the calculator display shows expected value</doc>
<status status="PASS" start="2025-01-23T10:28:27.990949" elapsed="0.042123"/>
</kw>
<status status="PASS" start="2025-01-23T10:28:27.851394" elapsed="0.181678"/>
</kw>
<kw name="When User generates test data for basic operation">
<kw name="Log" owner="BuiltIn">
<msg time="2025-01-23T10:28:28.034123" level="INFO">Generating test data for basic operation (min=1, max=100, decimals=False)</msg>
<arg>Generating test data for basic operation (min=${min}, max=${max}, decimals=${use_decimals})</arg>
<arg>console=True</arg>
<doc>Logs the given message with the given level.</doc>
<status status="PASS" start="2025-01-23T10:28:28.034123" elapsed="0.001007"/>
</kw>
<kw name="Generate Basic Operation Data" owner="CalculatorData">
<kw name="Create Calculator Generator" owner="CalculatorData">
<kw name="Evaluate" owner="BuiltIn">
<msg time="2025-01-23T10:28:28.035130" level="INFO">${generator} = &lt;calculator_data_generator.CalculatorDataGenerator object at 0x000001FB95CCAC30&gt;</msg>
<var>${generator}</var>
<arg>calculator_data_generator.CalculatorDataGenerator()</arg>
<doc>Evaluates the given expression in Python and returns the result.</doc>
<status status="PASS" start="2025-01-23T10:28:28.035130" elapsed="0.000000"/>
</kw>
<return>
<value>${generator}</value>
<status status="PASS" start="2025-01-23T10:28:28.035130" elapsed="0.000000"/>
</return>
<msg time="2025-01-23T10:28:28.036115" level="INFO">${generator} = &lt;calculator_data_generator.CalculatorDataGenerator object at 0x000001FB95CCAC30&gt;</msg>
<var>${generator}</var>
<status status="PASS" start="2025-01-23T10:28:28.035130" elapsed="0.000985"/>
</kw>
<kw name="Generate Numbers" owner="calculator_data_generator">
<msg time="2025-01-23T10:28:28.036115" level="INFO">${data} = {'num1': '6', 'num2': '54', 'expected_addition': '60', 'expected_multiplication': '324'}</msg>
<var>${data}</var>
<arg>${generator}</arg>
<arg>${min_val}</arg>
<arg>${max_val}</arg>
<arg>${use_decimal}</arg>
<doc>Helper function to generate numbers</doc>
<status status="PASS" start="2025-01-23T10:28:28.036115" elapsed="0.000000"/>
</kw>
<return>
<value>${data}</value>
<status status="PASS" start="2025-01-23T10:28:28.036115" elapsed="0.000000"/>
</return>
<msg time="2025-01-23T10:28:28.036115" level="INFO">${test_data} = {'num1': '6', 'num2': '54', 'expected_addition': '60', 'expected_multiplication': '324'}</msg>
<var>${test_data}</var>
<arg>${min}</arg>
<arg>${max}</arg>
<arg>${use_decimals}</arg>
<status status="PASS" start="2025-01-23T10:28:28.035130" elapsed="0.000985"/>
</kw>
<kw name="Set Test Variable" owner="BuiltIn">
<msg time="2025-01-23T10:28:28.036115" level="INFO">${TEST_DATA} = {'num1': '6', 'num2': '54', 'expected_addition': '60', 'expected_multiplication': '324'}</msg>
<arg>${TEST_DATA}</arg>
<arg>${test_data}</arg>
<doc>Makes a variable available everywhere within the scope of the current test.</doc>
<status status="PASS" start="2025-01-23T10:28:28.036115" elapsed="0.000000"/>
</kw>
<kw name="Log" owner="BuiltIn">
<msg time="2025-01-23T10:28:28.036115" level="INFO">Generated test data: {'num1': '6', 'num2': '54', 'expected_addition': '60', 'expected_multiplication': '324'}</msg>
<arg>Generated test data: ${test_data}</arg>
<arg>console=True</arg>
<doc>Logs the given message with the given level.</doc>
<status status="PASS" start="2025-01-23T10:28:28.036115" elapsed="0.001011"/>
</kw>
<arg>min=1</arg>
<arg>max=100</arg>
<arg>use_decimals=${FALSE}</arg>
<status status="PASS" start="2025-01-23T10:28:28.034123" elapsed="0.003003"/>
</kw>
<kw name="And User performs addition operation with generated numbers">
<kw name="Log" owner="BuiltIn">
<msg time="2025-01-23T10:28:28.037126" level="INFO">Performing addition operation with numbers: 6 + 54</msg>
<arg>Performing addition operation with numbers: ${TEST_DATA}[num1] + ${TEST_DATA}[num2]</arg>
<arg>console=True</arg>
<doc>Logs the given message with the given level.</doc>
<status status="PASS" start="2025-01-23T10:28:28.037126" elapsed="0.001009"/>
</kw>
<kw name="Perform Addition Operation" owner="CalculatorFlow">
<kw name="Log" owner="BuiltIn">
<msg time="2025-01-23T10:28:28.038135" level="INFO">Performing addition: 6 + 54</msg>
<arg>Performing addition: ${first_number} + ${second_number}</arg>
<arg>console=True</arg>
<doc>Logs the given message with the given level.</doc>
<status status="PASS" start="2025-01-23T10:28:28.038135" elapsed="0.000000"/>
</kw>
<kw name="Enter Number" owner="CalculatorFlow">
<kw name="Log" owner="BuiltIn">
<msg time="2025-01-23T10:28:28.039117" level="INFO">Entering number: 6</msg>
<arg>Entering number: ${number}</arg>
<arg>console=True</arg>
<doc>Logs the given message with the given level.</doc>
<status status="PASS" start="2025-01-23T10:28:28.039117" elapsed="0.000000"/>
</kw>
<kw name="Convert To String" owner="BuiltIn">
<msg time="2025-01-23T10:28:28.039117" level="INFO">${digits} = 6</msg>
<var>${digits}</var>
<arg>${number}</arg>
<doc>Converts the given item to a Unicode string.</doc>
<status status="PASS" start="2025-01-23T10:28:28.039117" elapsed="0.000000"/>
</kw>
<kw name="Split String To Characters" owner="String">
<msg time="2025-01-23T10:28:28.039117" level="INFO">@{chars} = [ 6 ]</msg>
<var>@{chars}</var>
<arg>${digits}</arg>
<doc>Splits the given ``string`` to characters.</doc>
<status status="PASS" start="2025-01-23T10:28:28.039117" elapsed="0.000000"/>
</kw>
<for flavor="IN">
<iter>
<kw name="Run Keyword If" owner="BuiltIn">
<kw name="Click Number" owner="CalculatorPage">
<kw name="Get From Dictionary" owner="Collections">
<msg time="2025-01-23T10:28:28.040113" level="INFO">${button_id} = button06</msg>
<var>${button_id}</var>
<arg>${NUMBER_BUTTONS}</arg>
<arg>${number}</arg>
<doc>Returns a value from the given ``dictionary`` based on the given ``key``.</doc>
<status status="PASS" start="2025-01-23T10:28:28.040113" elapsed="0.000000"/>
</kw>
<kw name="Wait And Click Element" owner="CalculatorPage">
<kw name="Wait Until Element Is Visible" owner="SeleniumLibrary">
<arg>${locator}</arg>
<doc>Waits until the element ``locator`` is visible.</doc>
<status status="PASS" start="2025-01-23T10:28:28.041118" elapsed="0.013229"/>
</kw>
<kw name="Click Element" owner="SeleniumLibrary">
<msg time="2025-01-23T10:28:28.054347" level="INFO">Clicking element 'id=button06'.</msg>
<arg>${locator}</arg>
<doc>Click the element identified by ``locator``.</doc>
<status status="PASS" start="2025-01-23T10:28:28.054347" elapsed="0.041306"/>
</kw>
<arg>id=${button_id}</arg>
<status status="PASS" start="2025-01-23T10:28:28.040113" elapsed="0.055540"/>
</kw>
<arg>${char}</arg>
<status status="PASS" start="2025-01-23T10:28:28.040113" elapsed="0.055540"/>
</kw>
<arg>'${char}' == '.'</arg>
<arg>Click Decimal Point</arg>
<arg>ELSE</arg>
<arg>Click Number</arg>
<arg>${char}</arg>
<doc>Runs the given keyword with the given arguments, if ``condition`` is true.</doc>
<status status="PASS" start="2025-01-23T10:28:28.040113" elapsed="0.055540"/>
</kw>
<var name="${char}">6</var>
<status status="PASS" start="2025-01-23T10:28:28.040113" elapsed="0.055540"/>
</iter>
<var>${char}</var>
<value>@{chars}</value>
<status status="PASS" start="2025-01-23T10:28:28.039117" elapsed="0.056536"/>
</for>
<kw name="Sleep" owner="BuiltIn">
<msg time="2025-01-23T10:28:28.295833" level="INFO">Slept 200 milliseconds.</msg>
<arg>0.2s</arg>
<doc>Pauses the test executed for the given time.</doc>
<status status="PASS" start="2025-01-23T10:28:28.095653" elapsed="0.200180"/>
</kw>
<arg>${first_number}</arg>
<doc>Enters a number into the calculator</doc>
<status status="PASS" start="2025-01-23T10:28:28.039117" elapsed="0.256716"/>
</kw>
<kw name="Press Addition Operator" owner="CalculatorFlow">
<kw name="Log" owner="BuiltIn">
<msg time="2025-01-23T10:28:28.295833" level="INFO">Pressing addition operator</msg>
<arg>Pressing addition operator</arg>
<arg>console=True</arg>
<doc>Logs the given message with the given level.</doc>
<status status="PASS" start="2025-01-23T10:28:28.295833" elapsed="0.000000"/>
</kw>
<kw name="Click Plus" owner="CalculatorPage">
<kw name="Wait And Click Element" owner="CalculatorPage">
<kw name="Wait Until Element Is Visible" owner="SeleniumLibrary">
<arg>${locator}</arg>
<doc>Waits until the element ``locator`` is visible.</doc>
<status status="PASS" start="2025-01-23T10:28:28.295833" elapsed="0.015202"/>
</kw>
<kw name="Click Element" owner="SeleniumLibrary">
<msg time="2025-01-23T10:28:28.311035" level="INFO">Clicking element 'id=buttonplus'.</msg>
<arg>${locator}</arg>
<doc>Click the element identified by ``locator``.</doc>
<status status="PASS" start="2025-01-23T10:28:28.311035" elapsed="0.040611"/>
</kw>
<arg>${PLUS_BTN}</arg>
<status status="PASS" start="2025-01-23T10:28:28.295833" elapsed="0.055813"/>
</kw>
<status status="PASS" start="2025-01-23T10:28:28.295833" elapsed="0.055813"/>
</kw>
<doc>Clicks the addition operator</doc>
<status status="PASS" start="2025-01-23T10:28:28.295833" elapsed="0.055813"/>
</kw>
<kw name="Enter Number" owner="CalculatorFlow">
<kw name="Log" owner="BuiltIn">
<msg time="2025-01-23T10:28:28.352361" level="INFO">Entering number: 54</msg>
<arg>Entering number: ${number}</arg>
<arg>console=True</arg>
<doc>Logs the given message with the given level.</doc>
<status status="PASS" start="2025-01-23T10:28:28.352361" elapsed="0.000000"/>
</kw>
<kw name="Convert To String" owner="BuiltIn">
<msg time="2025-01-23T10:28:28.352361" level="INFO">${digits} = 54</msg>
<var>${digits}</var>
<arg>${number}</arg>
<doc>Converts the given item to a Unicode string.</doc>
<status status="PASS" start="2025-01-23T10:28:28.352361" elapsed="0.000000"/>
</kw>
<kw name="Split String To Characters" owner="String">
<msg time="2025-01-23T10:28:28.353296" level="INFO">@{chars} = [ 5 | 4 ]</msg>
<var>@{chars}</var>
<arg>${digits}</arg>
<doc>Splits the given ``string`` to characters.</doc>
<status status="PASS" start="2025-01-23T10:28:28.352361" elapsed="0.000935"/>
</kw>
<for flavor="IN">
<iter>
<kw name="Run Keyword If" owner="BuiltIn">
<kw name="Click Number" owner="CalculatorPage">
<kw name="Get From Dictionary" owner="Collections">
<msg time="2025-01-23T10:28:28.353296" level="INFO">${button_id} = button05</msg>
<var>${button_id}</var>
<arg>${NUMBER_BUTTONS}</arg>
<arg>${number}</arg>
<doc>Returns a value from the given ``dictionary`` based on the given ``key``.</doc>
<status status="PASS" start="2025-01-23T10:28:28.353296" elapsed="0.000000"/>
</kw>
<kw name="Wait And Click Element" owner="CalculatorPage">
<kw name="Wait Until Element Is Visible" owner="SeleniumLibrary">
<arg>${locator}</arg>
<doc>Waits until the element ``locator`` is visible.</doc>
<status status="PASS" start="2025-01-23T10:28:28.354298" elapsed="0.012684"/>
</kw>
<kw name="Click Element" owner="SeleniumLibrary">
<msg time="2025-01-23T10:28:28.366982" level="INFO">Clicking element 'id=button05'.</msg>
<arg>${locator}</arg>
<doc>Click the element identified by ``locator``.</doc>
<status status="PASS" start="2025-01-23T10:28:28.366982" elapsed="0.037770"/>
</kw>
<arg>id=${button_id}</arg>
<status status="PASS" start="2025-01-23T10:28:28.354298" elapsed="0.050454"/>
</kw>
<arg>${char}</arg>
<status status="PASS" start="2025-01-23T10:28:28.353296" elapsed="0.051456"/>
</kw>
<arg>'${char}' == '.'</arg>
<arg>Click Decimal Point</arg>
<arg>ELSE</arg>
<arg>Click Number</arg>
<arg>${char}</arg>
<doc>Runs the given keyword with the given arguments, if ``condition`` is true.</doc>
<status status="PASS" start="2025-01-23T10:28:28.353296" elapsed="0.051456"/>
</kw>
<var name="${char}">5</var>
<status status="PASS" start="2025-01-23T10:28:28.353296" elapsed="0.051456"/>
</iter>
<iter>
<kw name="Run Keyword If" owner="BuiltIn">
<kw name="Click Number" owner="CalculatorPage">
<kw name="Get From Dictionary" owner="Collections">
<msg time="2025-01-23T10:28:28.404752" level="INFO">${button_id} = button04</msg>
<var>${button_id}</var>
<arg>${NUMBER_BUTTONS}</arg>
<arg>${number}</arg>
<doc>Returns a value from the given ``dictionary`` based on the given ``key``.</doc>
<status status="PASS" start="2025-01-23T10:28:28.404752" elapsed="0.001059"/>
</kw>
<kw name="Wait And Click Element" owner="CalculatorPage">
<kw name="Wait Until Element Is Visible" owner="SeleniumLibrary">
<arg>${locator}</arg>
<doc>Waits until the element ``locator`` is visible.</doc>
<status status="PASS" start="2025-01-23T10:28:28.405811" elapsed="0.012669"/>
</kw>
<kw name="Click Element" owner="SeleniumLibrary">
<msg time="2025-01-23T10:28:28.418480" level="INFO">Clicking element 'id=button04'.</msg>
<arg>${locator}</arg>
<doc>Click the element identified by ``locator``.</doc>
<status status="PASS" start="2025-01-23T10:28:28.418480" elapsed="0.033829"/>
</kw>
<arg>id=${button_id}</arg>
<status status="PASS" start="2025-01-23T10:28:28.405811" elapsed="0.046498"/>
</kw>
<arg>${char}</arg>
<status status="PASS" start="2025-01-23T10:28:28.404752" elapsed="0.047557"/>
</kw>
<arg>'${char}' == '.'</arg>
<arg>Click Decimal Point</arg>
<arg>ELSE</arg>
<arg>Click Number</arg>
<arg>${char}</arg>
<doc>Runs the given keyword with the given arguments, if ``condition`` is true.</doc>
<status status="PASS" start="2025-01-23T10:28:28.404752" elapsed="0.047557"/>
</kw>
<var name="${char}">4</var>
<status status="PASS" start="2025-01-23T10:28:28.404752" elapsed="0.047557"/>
</iter>
<var>${char}</var>
<value>@{chars}</value>
<status status="PASS" start="2025-01-23T10:28:28.353296" elapsed="0.099559"/>
</for>
<kw name="Sleep" owner="BuiltIn">
<msg time="2025-01-23T10:28:28.653063" level="INFO">Slept 200 milliseconds.</msg>
<arg>0.2s</arg>
<doc>Pauses the test executed for the given time.</doc>
<status status="PASS" start="2025-01-23T10:28:28.452855" elapsed="0.200208"/>
</kw>
<arg>${second_number}</arg>
<doc>Enters a number into the calculator</doc>
<status status="PASS" start="2025-01-23T10:28:28.352249" elapsed="0.300814"/>
</kw>
<kw name="Press Equals" owner="CalculatorFlow">
<kw name="Log" owner="BuiltIn">
<msg time="2025-01-23T10:28:28.653063" level="INFO">Pressing equals button</msg>
<arg>Pressing equals button</arg>
<arg>console=True</arg>
<doc>Logs the given message with the given level.</doc>
<status status="PASS" start="2025-01-23T10:28:28.653063" elapsed="0.001091"/>
</kw>
<kw name="Click Equals" owner="CalculatorPage">
<kw name="Wait And Click Element" owner="CalculatorPage">
<kw name="Wait Until Element Is Visible" owner="SeleniumLibrary">
<arg>${locator}</arg>
<doc>Waits until the element ``locator`` is visible.</doc>
<status status="PASS" start="2025-01-23T10:28:28.654154" elapsed="0.018153"/>
</kw>
<kw name="Click Element" owner="SeleniumLibrary">
<msg time="2025-01-23T10:28:28.672307" level="INFO">Clicking element 'id=buttonequals'.</msg>
<arg>${locator}</arg>
<doc>Click the element identified by ``locator``.</doc>
<status status="PASS" start="2025-01-23T10:28:28.672307" elapsed="0.041097"/>
</kw>
<arg>${CALCULATOR_EQUALS}</arg>
<status status="PASS" start="2025-01-23T10:28:28.654154" elapsed="0.059250"/>
</kw>
<status status="PASS" start="2025-01-23T10:28:28.654154" elapsed="0.059250"/>
</kw>
<kw name="Sleep" owner="BuiltIn">
<msg time="2025-01-23T10:28:29.214087" level="INFO">Slept 500 milliseconds.</msg>
<arg>0.5s</arg>
<doc>Pauses the test executed for the given time.</doc>
<status status="PASS" start="2025-01-23T10:28:28.713404" elapsed="0.500683"/>
</kw>
<kw name="Get Display Value" owner="CalculatorPage">
<kw name="Wait Until Element Is Visible" owner="SeleniumLibrary">
<arg>${CALCULATOR_DISPLAY}</arg>
<doc>Waits until the element ``locator`` is visible.</doc>
<status status="PASS" start="2025-01-23T10:28:29.214087" elapsed="0.016718"/>
</kw>
<kw name="Get Element Attribute" owner="SeleniumLibrary">
<msg time="2025-01-23T10:28:29.240434" level="INFO">${value} = 60</msg>
<var>${value}</var>
<arg>${CALCULATOR_DISPLAY}</arg>
<arg>value</arg>
<doc>Returns the value of ``attribute`` from the element ``locator``.</doc>
<status status="PASS" start="2025-01-23T10:28:29.230805" elapsed="0.009629"/>
</kw>
<kw name="Set Variable If" owner="BuiltIn">
<msg time="2025-01-23T10:28:29.241428" level="INFO">${value} = 60</msg>
<var>${value}</var>
<arg>'${value}' == ''</arg>
<arg>0</arg>
<arg>${value}</arg>
<doc>Sets variable based on the given condition.</doc>
<status status="PASS" start="2025-01-23T10:28:29.240434" elapsed="0.000994"/>
</kw>
<return>
<value>${value}</value>
<status status="PASS" start="2025-01-23T10:28:29.241428" elapsed="0.000000"/>
</return>
<msg time="2025-01-23T10:28:29.241428" level="INFO">${result} = 60</msg>
<var>${result}</var>
<status status="PASS" start="2025-01-23T10:28:29.214087" elapsed="0.027341"/>
</kw>
<kw name="Log" owner="BuiltIn">
<msg time="2025-01-23T10:28:29.241428" level="INFO">Result obtained: 60</msg>
<arg>Result obtained: ${result}</arg>
<arg>console=True</arg>
<doc>Logs the given message with the given level.</doc>
<status status="PASS" start="2025-01-23T10:28:29.241428" elapsed="0.000000"/>
</kw>
<return>
<value>${result}</value>
<status status="PASS" start="2025-01-23T10:28:29.241428" elapsed="0.000000"/>
</return>
<msg time="2025-01-23T10:28:29.241428" level="INFO">${result} = 60</msg>
<var>${result}</var>
<doc>Clicks the equals button and returns result</doc>
<status status="PASS" start="2025-01-23T10:28:28.653063" elapsed="0.588365"/>
</kw>
<kw name="Log" owner="BuiltIn">
<msg time="2025-01-23T10:28:29.242449" level="INFO">Addition result: 60</msg>
<arg>Addition result: ${result}</arg>
<arg>console=True</arg>
<doc>Logs the given message with the given level.</doc>
<status status="PASS" start="2025-01-23T10:28:29.242449" elapsed="0.000000"/>
</kw>
<return>
<value>${result}</value>
<status status="PASS" start="2025-01-23T10:28:29.242449" elapsed="0.000000"/>
</return>
<msg time="2025-01-23T10:28:29.243015" level="INFO">${result} = 60</msg>
<var>${result}</var>
<arg>${TEST_DATA}[num1]</arg>
<arg>${TEST_DATA}[num2]</arg>
<doc>Performs addition operation and returns result</doc>
<status status="PASS" start="2025-01-23T10:28:28.038135" elapsed="1.204880"/>
</kw>
<kw name="Set Test Variable" owner="BuiltIn">
<msg time="2025-01-23T10:28:29.243015" level="INFO">${ACTUAL_RESULT} = 60</msg>
<arg>${ACTUAL_RESULT}</arg>
<arg>${result}</arg>
<doc>Makes a variable available everywhere within the scope of the current test.</doc>
<status status="PASS" start="2025-01-23T10:28:29.243015" elapsed="0.000000"/>
</kw>
<kw name="Log" owner="BuiltIn">
<msg time="2025-01-23T10:28:29.243015" level="INFO">Addition operation result: 60</msg>
<arg>Addition operation result: ${result}</arg>
<arg>console=True</arg>
<doc>Logs the given message with the given level.</doc>
<status status="PASS" start="2025-01-23T10:28:29.243015" elapsed="0.000000"/>
</kw>
<status status="PASS" start="2025-01-23T10:28:28.037126" elapsed="1.205889"/>
</kw>
<kw name="Then Result should match expected addition value">
<kw name="Log" owner="BuiltIn">
<msg time="2025-01-23T10:28:29.244062" level="INFO">Verifying addition result</msg>
<arg>Verifying addition result</arg>
<arg>console=True</arg>
<doc>Logs the given message with the given level.</doc>
<status status="PASS" start="2025-01-23T10:28:29.244062" elapsed="0.000000"/>
</kw>
<kw name="Verify Calculation Result" owner="CalculatorFlow">
<kw name="Log" owner="BuiltIn">
<msg time="2025-01-23T10:28:29.244062" level="INFO">Verifying calculation result matches: 60</msg>
<arg>Verifying calculation result matches: ${expected_result}</arg>
<arg>console=True</arg>
<doc>Logs the given message with the given level.</doc>
<status status="PASS" start="2025-01-23T10:28:29.244062" elapsed="0.001016"/>
</kw>
<kw name="Get Display Value" owner="CalculatorPage">
<kw name="Wait Until Element Is Visible" owner="SeleniumLibrary">
<arg>${CALCULATOR_DISPLAY}</arg>
<doc>Waits until the element ``locator`` is visible.</doc>
<status status="PASS" start="2025-01-23T10:28:29.245078" elapsed="0.012591"/>
</kw>
<kw name="Get Element Attribute" owner="SeleniumLibrary">
<msg time="2025-01-23T10:28:29.271262" level="INFO">${value} = 60</msg>
<var>${value}</var>
<arg>${CALCULATOR_DISPLAY}</arg>
<arg>value</arg>
<doc>Returns the value of ``attribute`` from the element ``locator``.</doc>
<status status="PASS" start="2025-01-23T10:28:29.258682" elapsed="0.012580"/>
</kw>
<kw name="Set Variable If" owner="BuiltIn">
<msg time="2025-01-23T10:28:29.272265" level="INFO">${value} = 60</msg>
<var>${value}</var>
<arg>'${value}' == ''</arg>
<arg>0</arg>
<arg>${value}</arg>
<doc>Sets variable based on the given condition.</doc>
<status status="PASS" start="2025-01-23T10:28:29.272265" elapsed="0.000000"/>
</kw>
<return>
<value>${value}</value>
<status status="PASS" start="2025-01-23T10:28:29.272265" elapsed="0.000000"/>
</return>
<msg time="2025-01-23T10:28:29.272265" level="INFO">${actual_result} = 60</msg>
<var>${actual_result}</var>
<status status="PASS" start="2025-01-23T10:28:29.245078" elapsed="0.027187"/>
</kw>
<kw name="Should Be Equal As Numbers" owner="BuiltIn">
<arg>${actual_result}</arg>
<arg>${expected_result}</arg>
<doc>Fails if objects are unequal after converting them to real numbers.</doc>
<status status="PASS" start="2025-01-23T10:28:29.272265" elapsed="0.000568"/>
</kw>
<kw name="Log" owner="BuiltIn">
<msg time="2025-01-23T10:28:29.272833" level="INFO">Verification passed: 60 equals 60</msg>
<arg>Verification passed: ${actual_result} equals ${expected_result}</arg>
<arg>console=True</arg>
<doc>Logs the given message with the given level.</doc>
<status status="PASS" start="2025-01-23T10:28:29.272833" elapsed="0.000000"/>
</kw>
<arg>${TEST_DATA}[expected_addition]</arg>
<doc>Verifies the calculation result matches expected value</doc>
<status status="PASS" start="2025-01-23T10:28:29.244062" elapsed="0.028771"/>
</kw>
<status status="PASS" start="2025-01-23T10:28:29.244062" elapsed="0.028771"/>
</kw>
<kw name="Cleanup Calculator Session" owner="CalculatorFlow" type="TEARDOWN">
<kw name="Log" owner="BuiltIn">
<msg time="2025-01-23T10:28:29.273888" level="INFO">Cleaning up calculator session</msg>
<arg>Cleaning up calculator session</arg>
<arg>console=True</arg>
<doc>Logs the given message with the given level.</doc>
<status status="PASS" start="2025-01-23T10:28:29.273888" elapsed="0.000000"/>
</kw>
<kw name="Close Browser" owner="SeleniumLibrary">
<doc>Closes the current browser.</doc>
<status status="PASS" start="2025-01-23T10:28:29.273888" elapsed="2.448384"/>
</kw>
<doc>Closes calculator session</doc>
<status status="PASS" start="2025-01-23T10:28:29.272833" elapsed="2.449439"/>
</kw>
<doc>Verify that calculator can perform basic addition with integers</doc>
<tag>addition</tag>
<tag>integer</tag>
<tag>smoke</tag>
<status status="PASS" start="2025-01-23T10:28:24.133610" elapsed="7.588662"/>
</test>
<test id="s1-t2" name="User can perform basic integer multiplication" line="27">
<kw name="Initialize Calculator Session" owner="CalculatorFlow" type="SETUP">
<kw name="Log" owner="BuiltIn">
<msg time="2025-01-23T10:28:31.724265" level="INFO">Initializing calculator session</msg>
<arg>Initializing calculator session</arg>
<arg>console=True</arg>
<doc>Logs the given message with the given level.</doc>
<status status="PASS" start="2025-01-23T10:28:31.724265" elapsed="0.000000"/>
</kw>
<kw name="Open Browser" owner="SeleniumLibrary">
<msg time="2025-01-23T10:28:31.725267" level="INFO">Opening browser 'chrome' to base url 'https://testpages.eviltester.com/styled/apps/calculator.html'.</msg>
<arg>${CALCULATOR_URL}</arg>
<arg>${BROWSER}</arg>
<doc>Opens a new browser instance to the optional ``url``.</doc>
<status status="PASS" start="2025-01-23T10:28:31.724265" elapsed="3.293522"/>
</kw>
<kw name="Maximize Browser Window" owner="SeleniumLibrary">
<doc>Maximizes current browser window.</doc>
<status status="PASS" start="2025-01-23T10:28:35.017787" elapsed="0.053027"/>
</kw>
<kw name="Wait Until Element Is Visible" owner="SeleniumLibrary">
<arg>${CALCULATOR_DISPLAY}</arg>
<doc>Waits until the element ``locator`` is visible.</doc>
<status status="PASS" start="2025-01-23T10:28:35.070814" elapsed="0.022509"/>
</kw>
<kw name="Log" owner="BuiltIn">
<msg time="2025-01-23T10:28:35.093323" level="INFO">Calculator session initialized successfully</msg>
<arg>Calculator session initialized successfully</arg>
<arg>console=True</arg>
<doc>Logs the given message with the given level.</doc>
<status status="PASS" start="2025-01-23T10:28:35.093323" elapsed="0.000000"/>
</kw>
<doc>Opens calculator and prepares for testing</doc>
<status status="PASS" start="2025-01-23T10:28:31.724265" elapsed="3.369058"/>
</kw>
<kw name="Log" owner="BuiltIn">
<msg time="2025-01-23T10:28:35.094323" level="INFO">Starting test: Basic Integer Multiplication</msg>
<arg>Starting test: Basic Integer Multiplication</arg>
<arg>console=True</arg>
<doc>Logs the given message with the given level.</doc>
<status status="PASS" start="2025-01-23T10:28:35.094323" elapsed="0.000000"/>
</kw>
<kw name="Given Calculator is ready for input">
<kw name="Log" owner="BuiltIn">
<msg time="2025-01-23T10:28:35.094323" level="INFO">Ensuring calculator is ready for input</msg>
<arg>Ensuring calculator is ready for input</arg>
<arg>console=True</arg>
<doc>Logs the given message with the given level.</doc>
<status status="PASS" start="2025-01-23T10:28:35.094323" elapsed="0.001000"/>
</kw>
<kw name="Clear Display" owner="CalculatorFlow">
<kw name="Log" owner="BuiltIn">
<msg time="2025-01-23T10:28:35.095323" level="INFO">Clearing calculator display</msg>
<arg>Clearing calculator display</arg>
<arg>console=True</arg>
<doc>Logs the given message with the given level.</doc>
<status status="PASS" start="2025-01-23T10:28:35.095323" elapsed="0.000000"/>
</kw>
<kw name="Click All Clear" owner="CalculatorPage">
<kw name="Wait And Click Element" owner="CalculatorPage">
<kw name="Wait Until Element Is Visible" owner="SeleniumLibrary">
<arg>${locator}</arg>
<doc>Waits until the element ``locator`` is visible.</doc>
<status status="PASS" start="2025-01-23T10:28:35.096325" elapsed="0.020000"/>
</kw>
<kw name="Click Element" owner="SeleniumLibrary">
<msg time="2025-01-23T10:28:35.117323" level="INFO">Clicking element 'id=buttonallclear'.</msg>
<arg>${locator}</arg>
<doc>Click the element identified by ``locator``.</doc>
<status status="PASS" start="2025-01-23T10:28:35.117323" elapsed="0.077080"/>
</kw>
<arg>${CALCULATOR_CLEAR}</arg>
<status status="PASS" start="2025-01-23T10:28:35.095323" elapsed="0.100081"/>
</kw>
<status status="PASS" start="2025-01-23T10:28:35.095323" elapsed="0.100081"/>
</kw>
<kw name="Verify Display Shows" owner="CalculatorFlow">
<kw name="Log" owner="BuiltIn">
<msg time="2025-01-23T10:28:35.196399" level="INFO">Verifying display shows: 0</msg>
<arg>Verifying display shows: ${expected_value}</arg>
<arg>console=True</arg>
<doc>Logs the given message with the given level.</doc>
<status status="PASS" start="2025-01-23T10:28:35.195404" elapsed="0.000995"/>
</kw>
<kw name="Wait Until Display Shows" owner="CalculatorPage">
<kw name="Wait Until Keyword Succeeds" owner="BuiltIn">
<kw name="Verify Display Value" owner="CalculatorPage">
<kw name="Get Display Value" owner="CalculatorPage">
<kw name="Wait Until Element Is Visible" owner="SeleniumLibrary">
<arg>${CALCULATOR_DISPLAY}</arg>
<doc>Waits until the element ``locator`` is visible.</doc>
<status status="PASS" start="2025-01-23T10:28:35.198407" elapsed="0.018995"/>
</kw>
<kw name="Get Element Attribute" owner="SeleniumLibrary">
<msg time="2025-01-23T10:28:35.236400" level="INFO">${value} = </msg>
<var>${value}</var>
<arg>${CALCULATOR_DISPLAY}</arg>
<arg>value</arg>
<doc>Returns the value of ``attribute`` from the element ``locator``.</doc>
<status status="PASS" start="2025-01-23T10:28:35.218410" elapsed="0.017990"/>
</kw>
<kw name="Set Variable If" owner="BuiltIn">
<msg time="2025-01-23T10:28:35.237405" level="INFO">${value} = 0</msg>
<var>${value}</var>
<arg>'${value}' == ''</arg>
<arg>0</arg>
<arg>${value}</arg>
<doc>Sets variable based on the given condition.</doc>
<status status="PASS" start="2025-01-23T10:28:35.237405" elapsed="0.000000"/>
</kw>
<return>
<value>${value}</value>
<status status="PASS" start="2025-01-23T10:28:35.237405" elapsed="0.000000"/>
</return>
<msg time="2025-01-23T10:28:35.238399" level="INFO">${actual} = 0</msg>
<var>${actual}</var>
<status status="PASS" start="2025-01-23T10:28:35.198407" elapsed="0.039992"/>
</kw>
<kw name="Convert And Compare Numbers" owner="CalculatorPage">
<kw name="Convert To Number" owner="BuiltIn">
<msg time="2025-01-23T10:28:35.238399" level="INFO">${actual} = 0.0</msg>
<var>${actual}</var>
<arg>${actual}</arg>
<doc>Converts the given item to a floating point number.</doc>
<status status="PASS" start="2025-01-23T10:28:35.238399" elapsed="0.000000"/>
</kw>
<kw name="Convert To Number" owner="BuiltIn">
<msg time="2025-01-23T10:28:35.238399" level="INFO">${expected} = 0.0</msg>
<var>${expected}</var>
<arg>${expected}</arg>
<doc>Converts the given item to a floating point number.</doc>
<status status="PASS" start="2025-01-23T10:28:35.238399" elapsed="0.000000"/>
</kw>
<kw name="Should Be Equal As Numbers" owner="BuiltIn">
<arg>${actual}</arg>
<arg>${expected}</arg>
<doc>Fails if objects are unequal after converting them to real numbers.</doc>
<status status="PASS" start="2025-01-23T10:28:35.238399" elapsed="0.000999"/>
</kw>
<arg>${actual}</arg>
<arg>${expected}</arg>
<status status="PASS" start="2025-01-23T10:28:35.238399" elapsed="0.000999"/>
</kw>
<arg>${expected}</arg>
<status status="PASS" start="2025-01-23T10:28:35.198407" elapsed="0.040991"/>
</kw>
<arg>5s</arg>
<arg>1s</arg>
<arg>Verify Display Value</arg>
<arg>${expected}</arg>
<doc>Runs the specified keyword and retries if it fails.</doc>
<status status="PASS" start="2025-01-23T10:28:35.197401" elapsed="0.041997"/>
</kw>
<arg>${expected_value}</arg>
<status status="PASS" start="2025-01-23T10:28:35.197401" elapsed="0.041997"/>
</kw>
<arg>0</arg>
<doc>Verifies the calculator display shows expected value</doc>
<status status="PASS" start="2025-01-23T10:28:35.195404" elapsed="0.043994"/>
</kw>
<doc>Clears the calculator display</doc>
<status status="PASS" start="2025-01-23T10:28:35.095323" elapsed="0.144075"/>
</kw>
<kw name="Verify Display Shows" owner="CalculatorFlow">
<kw name="Log" owner="BuiltIn">
<msg time="2025-01-23T10:28:35.239398" level="INFO">Verifying display shows: 0</msg>
<arg>Verifying display shows: ${expected_value}</arg>
<arg>console=True</arg>
<doc>Logs the given message with the given level.</doc>
<status status="PASS" start="2025-01-23T10:28:35.239398" elapsed="0.000000"/>
</kw>
<kw name="Wait Until Display Shows" owner="CalculatorPage">
<kw name="Wait Until Keyword Succeeds" owner="BuiltIn">
<kw name="Verify Display Value" owner="CalculatorPage">
<kw name="Get Display Value" owner="CalculatorPage">
<kw name="Wait Until Element Is Visible" owner="SeleniumLibrary">
<arg>${CALCULATOR_DISPLAY}</arg>
<doc>Waits until the element ``locator`` is visible.</doc>
<status status="PASS" start="2025-01-23T10:28:35.240398" elapsed="0.014006"/>
</kw>
<kw name="Get Element Attribute" owner="SeleniumLibrary">
<msg time="2025-01-23T10:28:35.273406" level="INFO">${value} = </msg>
<var>${value}</var>
<arg>${CALCULATOR_DISPLAY}</arg>
<arg>value</arg>
<doc>Returns the value of ``attribute`` from the element ``locator``.</doc>
<status status="PASS" start="2025-01-23T10:28:35.254404" elapsed="0.019002"/>
</kw>
<kw name="Set Variable If" owner="BuiltIn">
<msg time="2025-01-23T10:28:35.274405" level="INFO">${value} = 0</msg>
<var>${value}</var>
<arg>'${value}' == ''</arg>
<arg>0</arg>
<arg>${value}</arg>
<doc>Sets variable based on the given condition.</doc>
<status status="PASS" start="2025-01-23T10:28:35.273406" elapsed="0.000999"/>
</kw>
<return>
<value>${value}</value>
<status status="PASS" start="2025-01-23T10:28:35.274405" elapsed="0.000000"/>
</return>
<msg time="2025-01-23T10:28:35.274405" level="INFO">${actual} = 0</msg>
<var>${actual}</var>
<status status="PASS" start="2025-01-23T10:28:35.240398" elapsed="0.034007"/>
</kw>
<kw name="Convert And Compare Numbers" owner="CalculatorPage">
<kw name="Convert To Number" owner="BuiltIn">
<msg time="2025-01-23T10:28:35.275408" level="INFO">${actual} = 0.0</msg>
<var>${actual}</var>
<arg>${actual}</arg>
<doc>Converts the given item to a floating point number.</doc>
<status status="PASS" start="2025-01-23T10:28:35.274405" elapsed="0.001003"/>
</kw>
<kw name="Convert To Number" owner="BuiltIn">
<msg time="2025-01-23T10:28:35.275408" level="INFO">${expected} = 0.0</msg>
<var>${expected}</var>
<arg>${expected}</arg>
<doc>Converts the given item to a floating point number.</doc>
<status status="PASS" start="2025-01-23T10:28:35.275408" elapsed="0.000000"/>
</kw>
<kw name="Should Be Equal As Numbers" owner="BuiltIn">
<arg>${actual}</arg>
<arg>${expected}</arg>
<doc>Fails if objects are unequal after converting them to real numbers.</doc>
<status status="PASS" start="2025-01-23T10:28:35.275408" elapsed="0.000000"/>
</kw>
<arg>${actual}</arg>
<arg>${expected}</arg>
<status status="PASS" start="2025-01-23T10:28:35.274405" elapsed="0.001003"/>
</kw>
<arg>${expected}</arg>
<status status="PASS" start="2025-01-23T10:28:35.240398" elapsed="0.035010"/>
</kw>
<arg>5s</arg>
<arg>1s</arg>
<arg>Verify Display Value</arg>
<arg>${expected}</arg>
<doc>Runs the specified keyword and retries if it fails.</doc>
<status status="PASS" start="2025-01-23T10:28:35.240398" elapsed="0.035010"/>
</kw>
<arg>${expected_value}</arg>
<status status="PASS" start="2025-01-23T10:28:35.239398" elapsed="0.036010"/>
</kw>
<arg>0</arg>
<doc>Verifies the calculator display shows expected value</doc>
<status status="PASS" start="2025-01-23T10:28:35.239398" elapsed="0.036010"/>
</kw>
<status status="PASS" start="2025-01-23T10:28:35.094323" elapsed="0.181085"/>
</kw>
<kw name="When User generates test data for basic operation">
<kw name="Log" owner="BuiltIn">
<msg time="2025-01-23T10:28:35.276403" level="INFO">Generating test data for basic operation (min=1, max=100, decimals=False)</msg>
<arg>Generating test data for basic operation (min=${min}, max=${max}, decimals=${use_decimals})</arg>
<arg>console=True</arg>
<doc>Logs the given message with the given level.</doc>
<status status="PASS" start="2025-01-23T10:28:35.276403" elapsed="0.000000"/>
</kw>
<kw name="Generate Basic Operation Data" owner="CalculatorData">
<kw name="Create Calculator Generator" owner="CalculatorData">
<kw name="Evaluate" owner="BuiltIn">
<msg time="2025-01-23T10:28:35.277407" level="INFO">${generator} = &lt;calculator_data_generator.CalculatorDataGenerator object at 0x000001FB95D0A3C0&gt;</msg>
<var>${generator}</var>
<arg>calculator_data_generator.CalculatorDataGenerator()</arg>
<doc>Evaluates the given expression in Python and returns the result.</doc>
<status status="PASS" start="2025-01-23T10:28:35.277407" elapsed="0.000000"/>
</kw>
<return>
<value>${generator}</value>
<status status="PASS" start="2025-01-23T10:28:35.277407" elapsed="0.000000"/>
</return>
<msg time="2025-01-23T10:28:35.278418" level="INFO">${generator} = &lt;calculator_data_generator.CalculatorDataGenerator object at 0x000001FB95D0A3C0&gt;</msg>
<var>${generator}</var>
<status status="PASS" start="2025-01-23T10:28:35.277407" elapsed="0.001011"/>
</kw>
<kw name="Generate Numbers" owner="calculator_data_generator">
<msg time="2025-01-23T10:28:35.278418" level="INFO">${data} = {'num1': '35', 'num2': '69', 'expected_addition': '104', 'expected_multiplication': '2415'}</msg>
<var>${data}</var>
<arg>${generator}</arg>
<arg>${min_val}</arg>
<arg>${max_val}</arg>
<arg>${use_decimal}</arg>
<doc>Helper function to generate numbers</doc>
<status status="PASS" start="2025-01-23T10:28:35.278418" elapsed="0.000000"/>
</kw>
<return>
<value>${data}</value>
<status status="PASS" start="2025-01-23T10:28:35.279411" elapsed="0.000000"/>
</return>
<msg time="2025-01-23T10:28:35.279411" level="INFO">${test_data} = {'num1': '35', 'num2': '69', 'expected_addition': '104', 'expected_multiplication': '2415'}</msg>
<var>${test_data}</var>
<arg>${min}</arg>
<arg>${max}</arg>
<arg>${use_decimals}</arg>
<status status="PASS" start="2025-01-23T10:28:35.276403" elapsed="0.003008"/>
</kw>
<kw name="Set Test Variable" owner="BuiltIn">
<msg time="2025-01-23T10:28:35.279411" level="INFO">${TEST_DATA} = {'num1': '35', 'num2': '69', 'expected_addition': '104', 'expected_multiplication': '2415'}</msg>
<arg>${TEST_DATA}</arg>
<arg>${test_data}</arg>
<doc>Makes a variable available everywhere within the scope of the current test.</doc>
<status status="PASS" start="2025-01-23T10:28:35.279411" elapsed="0.000000"/>
</kw>
<kw name="Log" owner="BuiltIn">
<msg time="2025-01-23T10:28:35.280408" level="INFO">Generated test data: {'num1': '35', 'num2': '69', 'expected_addition': '104', 'expected_multiplication': '2415'}</msg>
<arg>Generated test data: ${test_data}</arg>
<arg>console=True</arg>
<doc>Logs the given message with the given level.</doc>
<status status="PASS" start="2025-01-23T10:28:35.279411" elapsed="0.000997"/>
</kw>
<arg>min=1</arg>
<arg>max=100</arg>
<arg>use_decimals=${FALSE}</arg>
<status status="PASS" start="2025-01-23T10:28:35.276403" elapsed="0.005006"/>
</kw>
<kw name="And User performs multiplication operation with generated numbers">
<kw name="Log" owner="BuiltIn">
<msg time="2025-01-23T10:28:35.282404" level="INFO">Performing multiplication operation with numbers: 35 * 69</msg>
<arg>Performing multiplication operation with numbers: ${TEST_DATA}[num1] * ${TEST_DATA}[num2]</arg>
<arg>console=True</arg>
<doc>Logs the given message with the given level.</doc>
<status status="PASS" start="2025-01-23T10:28:35.281409" elapsed="0.000995"/>
</kw>
<kw name="Perform Multiplication Operation" owner="CalculatorFlow">
<kw name="Log" owner="BuiltIn">
<msg time="2025-01-23T10:28:35.282404" level="INFO">Performing multiplication: 35 * 69</msg>
<arg>Performing multiplication: ${first_number} * ${second_number}</arg>
<arg>console=True</arg>
<doc>Logs the given message with the given level.</doc>
<status status="PASS" start="2025-01-23T10:28:35.282404" elapsed="0.001201"/>
</kw>
<kw name="Enter Number" owner="CalculatorFlow">
<kw name="Log" owner="BuiltIn">
<msg time="2025-01-23T10:28:35.283605" level="INFO">Entering number: 35</msg>
<arg>Entering number: ${number}</arg>
<arg>console=True</arg>
<doc>Logs the given message with the given level.</doc>
<status status="PASS" start="2025-01-23T10:28:35.283605" elapsed="0.000000"/>
</kw>
<kw name="Convert To String" owner="BuiltIn">
<msg time="2025-01-23T10:28:35.284608" level="INFO">${digits} = 35</msg>
<var>${digits}</var>
<arg>${number}</arg>
<doc>Converts the given item to a Unicode string.</doc>
<status status="PASS" start="2025-01-23T10:28:35.283605" elapsed="0.001003"/>
</kw>
<kw name="Split String To Characters" owner="String">
<msg time="2025-01-23T10:28:35.284608" level="INFO">@{chars} = [ 3 | 5 ]</msg>
<var>@{chars}</var>
<arg>${digits}</arg>
<doc>Splits the given ``string`` to characters.</doc>
<status status="PASS" start="2025-01-23T10:28:35.284608" elapsed="0.000000"/>
</kw>
<for flavor="IN">
<iter>
<kw name="Run Keyword If" owner="BuiltIn">
<kw name="Click Number" owner="CalculatorPage">
<kw name="Get From Dictionary" owner="Collections">
<msg time="2025-01-23T10:28:35.285615" level="INFO">${button_id} = button03</msg>
<var>${button_id}</var>
<arg>${NUMBER_BUTTONS}</arg>
<arg>${number}</arg>
<doc>Returns a value from the given ``dictionary`` based on the given ``key``.</doc>
<status status="PASS" start="2025-01-23T10:28:35.285615" elapsed="0.000000"/>
</kw>
<kw name="Wait And Click Element" owner="CalculatorPage">
<kw name="Wait Until Element Is Visible" owner="SeleniumLibrary">
<arg>${locator}</arg>
<doc>Waits until the element ``locator`` is visible.</doc>
<status status="PASS" start="2025-01-23T10:28:35.286640" elapsed="0.016965"/>
</kw>
<kw name="Click Element" owner="SeleniumLibrary">
<msg time="2025-01-23T10:28:35.304606" level="INFO">Clicking element 'id=button03'.</msg>
<arg>${locator}</arg>
<doc>Click the element identified by ``locator``.</doc>
<status status="PASS" start="2025-01-23T10:28:35.304606" elapsed="0.047000"/>
</kw>
<arg>id=${button_id}</arg>
<status status="PASS" start="2025-01-23T10:28:35.286640" elapsed="0.064966"/>
</kw>
<arg>${char}</arg>
<status status="PASS" start="2025-01-23T10:28:35.285615" elapsed="0.065991"/>
</kw>
<arg>'${char}' == '.'</arg>
<arg>Click Decimal Point</arg>
<arg>ELSE</arg>
<arg>Click Number</arg>
<arg>${char}</arg>
<doc>Runs the given keyword with the given arguments, if ``condition`` is true.</doc>
<status status="PASS" start="2025-01-23T10:28:35.284608" elapsed="0.066998"/>
</kw>
<var name="${char}">3</var>
<status status="PASS" start="2025-01-23T10:28:35.284608" elapsed="0.066998"/>
</iter>
<iter>
<kw name="Run Keyword If" owner="BuiltIn">
<kw name="Click Number" owner="CalculatorPage">
<kw name="Get From Dictionary" owner="Collections">
<msg time="2025-01-23T10:28:35.353606" level="INFO">${button_id} = button05</msg>
<var>${button_id}</var>
<arg>${NUMBER_BUTTONS}</arg>
<arg>${number}</arg>
<doc>Returns a value from the given ``dictionary`` based on the given ``key``.</doc>
<status status="PASS" start="2025-01-23T10:28:35.353606" elapsed="0.000000"/>
</kw>
<kw name="Wait And Click Element" owner="CalculatorPage">
<kw name="Wait Until Element Is Visible" owner="SeleniumLibrary">
<arg>${locator}</arg>
<doc>Waits until the element ``locator`` is visible.</doc>
<status status="PASS" start="2025-01-23T10:28:35.353606" elapsed="0.012000"/>
</kw>
<kw name="Click Element" owner="SeleniumLibrary">
<msg time="2025-01-23T10:28:35.366629" level="INFO">Clicking element 'id=button05'.</msg>
<arg>${locator}</arg>
<doc>Click the element identified by ``locator``.</doc>
<status status="PASS" start="2025-01-23T10:28:35.365606" elapsed="0.033292"/>
</kw>
<arg>id=${button_id}</arg>
<status status="PASS" start="2025-01-23T10:28:35.353606" elapsed="0.045292"/>
</kw>
<arg>${char}</arg>
<status status="PASS" start="2025-01-23T10:28:35.352608" elapsed="0.046290"/>
</kw>
<arg>'${char}' == '.'</arg>
<arg>Click Decimal Point</arg>
<arg>ELSE</arg>
<arg>Click Number</arg>
<arg>${char}</arg>
<doc>Runs the given keyword with the given arguments, if ``condition`` is true.</doc>
<status status="PASS" start="2025-01-23T10:28:35.352608" elapsed="0.046290"/>
</kw>
<var name="${char}">5</var>
<status status="PASS" start="2025-01-23T10:28:35.351606" elapsed="0.047292"/>
</iter>
<var>${char}</var>
<value>@{chars}</value>
<status status="PASS" start="2025-01-23T10:28:35.284608" elapsed="0.114290"/>
</for>
<kw name="Sleep" owner="BuiltIn">
<msg time="2025-01-23T10:28:35.599357" level="INFO">Slept 200 milliseconds.</msg>
<arg>0.2s</arg>
<doc>Pauses the test executed for the given time.</doc>
<status status="PASS" start="2025-01-23T10:28:35.398898" elapsed="0.200459"/>
</kw>
<arg>${first_number}</arg>
<doc>Enters a number into the calculator</doc>
<status status="PASS" start="2025-01-23T10:28:35.283605" elapsed="0.315752"/>
</kw>
<kw name="Press Multiplication Operator" owner="CalculatorFlow">
<kw name="Log" owner="BuiltIn">
<msg time="2025-01-23T10:28:35.601403" level="INFO">Pressing multiplication operator</msg>
<arg>Pressing multiplication operator</arg>
<arg>console=True</arg>
<doc>Logs the given message with the given level.</doc>
<status status="PASS" start="2025-01-23T10:28:35.600403" elapsed="0.002001"/>
</kw>
<kw name="Click Multiply" owner="CalculatorPage">
<kw name="Wait And Click Element" owner="CalculatorPage">
<kw name="Wait Until Element Is Visible" owner="SeleniumLibrary">
<arg>${locator}</arg>
<doc>Waits until the element ``locator`` is visible.</doc>
<status status="PASS" start="2025-01-23T10:28:35.603460" elapsed="0.031096"/>
</kw>
<kw name="Click Element" owner="SeleniumLibrary">
<msg time="2025-01-23T10:28:35.634556" level="INFO">Clicking element 'id=buttonmultiply'.</msg>
<arg>${locator}</arg>
<doc>Click the element identified by ``locator``.</doc>
<status status="PASS" start="2025-01-23T10:28:35.634556" elapsed="0.035237"/>
</kw>
<arg>${MULTIPLY_BTN}</arg>
<status status="PASS" start="2025-01-23T10:28:35.603460" elapsed="0.066333"/>
</kw>
<status status="PASS" start="2025-01-23T10:28:35.602404" elapsed="0.067389"/>
</kw>
<doc>Clicks the multiplication operator</doc>
<status status="PASS" start="2025-01-23T10:28:35.600403" elapsed="0.069390"/>
</kw>
<kw name="Enter Number" owner="CalculatorFlow">
<kw name="Log" owner="BuiltIn">
<msg time="2025-01-23T10:28:35.670790" level="INFO">Entering number: 69</msg>
<arg>Entering number: ${number}</arg>
<arg>console=True</arg>
<doc>Logs the given message with the given level.</doc>
<status status="PASS" start="2025-01-23T10:28:35.670790" elapsed="0.000000"/>
</kw>
<kw name="Convert To String" owner="BuiltIn">
<msg time="2025-01-23T10:28:35.670790" level="INFO">${digits} = 69</msg>
<var>${digits}</var>
<arg>${number}</arg>
<doc>Converts the given item to a Unicode string.</doc>
<status status="PASS" start="2025-01-23T10:28:35.670790" elapsed="0.000000"/>
</kw>
<kw name="Split String To Characters" owner="String">
<msg time="2025-01-23T10:28:35.671792" level="INFO">@{chars} = [ 6 | 9 ]</msg>
<var>@{chars}</var>
<arg>${digits}</arg>
<doc>Splits the given ``string`` to characters.</doc>
<status status="PASS" start="2025-01-23T10:28:35.671792" elapsed="0.000000"/>
</kw>
<for flavor="IN">
<iter>
<kw name="Run Keyword If" owner="BuiltIn">
<kw name="Click Number" owner="CalculatorPage">
<kw name="Get From Dictionary" owner="Collections">
<msg time="2025-01-23T10:28:35.672864" level="INFO">${button_id} = button06</msg>
<var>${button_id}</var>
<arg>${NUMBER_BUTTONS}</arg>
<arg>${number}</arg>
<doc>Returns a value from the given ``dictionary`` based on the given ``key``.</doc>
<status status="PASS" start="2025-01-23T10:28:35.672864" elapsed="0.000000"/>
</kw>
<kw name="Wait And Click Element" owner="CalculatorPage">
<kw name="Wait Until Element Is Visible" owner="SeleniumLibrary">
<arg>${locator}</arg>
<doc>Waits until the element ``locator`` is visible.</doc>
<status status="PASS" start="2025-01-23T10:28:35.672864" elapsed="0.014801"/>
</kw>
<kw name="Click Element" owner="SeleniumLibrary">
<msg time="2025-01-23T10:28:35.687665" level="INFO">Clicking element 'id=button06'.</msg>
<arg>${locator}</arg>
<doc>Click the element identified by ``locator``.</doc>
<status status="PASS" start="2025-01-23T10:28:35.687665" elapsed="0.035412"/>
</kw>
<arg>id=${button_id}</arg>
<status status="PASS" start="2025-01-23T10:28:35.672864" elapsed="0.050213"/>
</kw>
<arg>${char}</arg>
<status status="PASS" start="2025-01-23T10:28:35.672864" elapsed="0.051189"/>
</kw>
<arg>'${char}' == '.'</arg>
<arg>Click Decimal Point</arg>
<arg>ELSE</arg>
<arg>Click Number</arg>
<arg>${char}</arg>
<doc>Runs the given keyword with the given arguments, if ``condition`` is true.</doc>
<status status="PASS" start="2025-01-23T10:28:35.671792" elapsed="0.052261"/>
</kw>
<var name="${char}">6</var>
<status status="PASS" start="2025-01-23T10:28:35.671792" elapsed="0.052261"/>
</iter>
<iter>
<kw name="Run Keyword If" owner="BuiltIn">
<kw name="Click Number" owner="CalculatorPage">
<kw name="Get From Dictionary" owner="Collections">
<msg time="2025-01-23T10:28:35.724053" level="INFO">${button_id} = button09</msg>
<var>${button_id}</var>
<arg>${NUMBER_BUTTONS}</arg>
<arg>${number}</arg>
<doc>Returns a value from the given ``dictionary`` based on the given ``key``.</doc>
<status status="PASS" start="2025-01-23T10:28:35.724053" elapsed="0.000000"/>
</kw>
<kw name="Wait And Click Element" owner="CalculatorPage">
<kw name="Wait Until Element Is Visible" owner="SeleniumLibrary">
<arg>${locator}</arg>
<doc>Waits until the element ``locator`` is visible.</doc>
<status status="PASS" start="2025-01-23T10:28:35.725071" elapsed="0.011659"/>
</kw>
<kw name="Click Element" owner="SeleniumLibrary">
<msg time="2025-01-23T10:28:35.736730" level="INFO">Clicking element 'id=button09'.</msg>
<arg>${locator}</arg>
<doc>Click the element identified by ``locator``.</doc>
<status status="PASS" start="2025-01-23T10:28:35.736730" elapsed="0.032437"/>
</kw>
<arg>id=${button_id}</arg>
<status status="PASS" start="2025-01-23T10:28:35.724053" elapsed="0.046114"/>
</kw>
<arg>${char}</arg>
<status status="PASS" start="2025-01-23T10:28:35.724053" elapsed="0.046114"/>
</kw>
<arg>'${char}' == '.'</arg>
<arg>Click Decimal Point</arg>
<arg>ELSE</arg>
<arg>Click Number</arg>
<arg>${char}</arg>
<doc>Runs the given keyword with the given arguments, if ``condition`` is true.</doc>
<status status="PASS" start="2025-01-23T10:28:35.724053" elapsed="0.046114"/>
</kw>
<var name="${char}">9</var>
<status status="PASS" start="2025-01-23T10:28:35.724053" elapsed="0.046114"/>
</iter>
<var>${char}</var>
<value>@{chars}</value>
<status status="PASS" start="2025-01-23T10:28:35.671792" elapsed="0.098375"/>
</for>
<kw name="Sleep" owner="BuiltIn">
<msg time="2025-01-23T10:28:35.970529" level="INFO">Slept 200 milliseconds.</msg>
<arg>0.2s</arg>
<doc>Pauses the test executed for the given time.</doc>
<status status="PASS" start="2025-01-23T10:28:35.770167" elapsed="0.201257"/>
</kw>
<arg>${second_number}</arg>
<doc>Enters a number into the calculator</doc>
<status status="PASS" start="2025-01-23T10:28:35.669793" elapsed="0.301631"/>
</kw>
<kw name="Press Equals" owner="CalculatorFlow">
<kw name="Log" owner="BuiltIn">
<msg time="2025-01-23T10:28:35.973479" level="INFO">Pressing equals button</msg>
<arg>Pressing equals button</arg>
<arg>console=True</arg>
<doc>Logs the given message with the given level.</doc>
<status status="PASS" start="2025-01-23T10:28:35.972421" elapsed="0.002125"/>
</kw>
<kw name="Click Equals" owner="CalculatorPage">
<kw name="Wait And Click Element" owner="CalculatorPage">
<kw name="Wait Until Element Is Visible" owner="SeleniumLibrary">
<arg>${locator}</arg>
<doc>Waits until the element ``locator`` is visible.</doc>
<status status="PASS" start="2025-01-23T10:28:35.975664" elapsed="0.021170"/>
</kw>
<kw name="Click Element" owner="SeleniumLibrary">
<msg time="2025-01-23T10:28:35.996834" level="INFO">Clicking element 'id=buttonequals'.</msg>
<arg>${locator}</arg>
<doc>Click the element identified by ``locator``.</doc>
<status status="PASS" start="2025-01-23T10:28:35.996834" elapsed="0.035453"/>
</kw>
<arg>${CALCULATOR_EQUALS}</arg>
<status status="PASS" start="2025-01-23T10:28:35.974546" elapsed="0.057741"/>
</kw>
<status status="PASS" start="2025-01-23T10:28:35.974546" elapsed="0.057741"/>
</kw>
<kw name="Sleep" owner="BuiltIn">
<msg time="2025-01-23T10:28:36.532691" level="INFO">Slept 500 milliseconds.</msg>
<arg>0.5s</arg>
<doc>Pauses the test executed for the given time.</doc>
<status status="PASS" start="2025-01-23T10:28:36.032287" elapsed="0.500404"/>
</kw>
<kw name="Get Display Value" owner="CalculatorPage">
<kw name="Wait Until Element Is Visible" owner="SeleniumLibrary">
<arg>${CALCULATOR_DISPLAY}</arg>
<doc>Waits until the element ``locator`` is visible.</doc>
<status status="PASS" start="2025-01-23T10:28:36.533702" elapsed="0.021358"/>
</kw>
<kw name="Get Element Attribute" owner="SeleniumLibrary">
<msg time="2025-01-23T10:28:36.564364" level="INFO">${value} = 2415</msg>
<var>${value}</var>
<arg>${CALCULATOR_DISPLAY}</arg>
<arg>value</arg>
<doc>Returns the value of ``attribute`` from the element ``locator``.</doc>
<status status="PASS" start="2025-01-23T10:28:36.555060" elapsed="0.009304"/>
</kw>
<kw name="Set Variable If" owner="BuiltIn">
<msg time="2025-01-23T10:28:36.565360" level="INFO">${value} = 2415</msg>
<var>${value}</var>
<arg>'${value}' == ''</arg>
<arg>0</arg>
<arg>${value}</arg>
<doc>Sets variable based on the given condition.</doc>
<status status="PASS" start="2025-01-23T10:28:36.565360" elapsed="0.000000"/>
</kw>
<return>
<value>${value}</value>
<status status="PASS" start="2025-01-23T10:28:36.565360" elapsed="0.000000"/>
</return>
<msg time="2025-01-23T10:28:36.565360" level="INFO">${result} = 2415</msg>
<var>${result}</var>
<status status="PASS" start="2025-01-23T10:28:36.533702" elapsed="0.031658"/>
</kw>
<kw name="Log" owner="BuiltIn">
<msg time="2025-01-23T10:28:36.565360" level="INFO">Result obtained: 2415</msg>
<arg>Result obtained: ${result}</arg>
<arg>console=True</arg>
<doc>Logs the given message with the given level.</doc>
<status status="PASS" start="2025-01-23T10:28:36.565360" elapsed="0.000774"/>
</kw>
<return>
<value>${result}</value>
<status status="PASS" start="2025-01-23T10:28:36.566134" elapsed="0.000000"/>
</return>
<msg time="2025-01-23T10:28:36.566134" level="INFO">${result} = 2415</msg>
<var>${result}</var>
<doc>Clicks the equals button and returns result</doc>
<status status="PASS" start="2025-01-23T10:28:35.972421" elapsed="0.593713"/>
</kw>
<kw name="Log" owner="BuiltIn">
<msg time="2025-01-23T10:28:36.566134" level="INFO">Multiplication result: 2415</msg>
<arg>Multiplication result: ${result}</arg>
<arg>console=True</arg>
<doc>Logs the given message with the given level.</doc>
<status status="PASS" start="2025-01-23T10:28:36.566134" elapsed="0.000000"/>
</kw>
<return>
<value>${result}</value>
<status status="PASS" start="2025-01-23T10:28:36.566134" elapsed="0.000000"/>
</return>
<msg time="2025-01-23T10:28:36.566134" level="INFO">${result} = 2415</msg>
<var>${result}</var>
<arg>${TEST_DATA}[num1]</arg>
<arg>${TEST_DATA}[num2]</arg>
<doc>Performs multiplication operation and returns result</doc>
<status status="PASS" start="2025-01-23T10:28:35.282404" elapsed="1.283730"/>
</kw>
<kw name="Set Test Variable" owner="BuiltIn">
<msg time="2025-01-23T10:28:36.567158" level="INFO">${ACTUAL_RESULT} = 2415</msg>
<arg>${ACTUAL_RESULT}</arg>
<arg>${result}</arg>
<doc>Makes a variable available everywhere within the scope of the current test.</doc>
<status status="PASS" start="2025-01-23T10:28:36.566134" elapsed="0.001024"/>
</kw>
<kw name="Log" owner="BuiltIn">
<msg time="2025-01-23T10:28:36.567158" level="INFO">Multiplication operation result: 2415</msg>
<arg>Multiplication operation result: ${result}</arg>
<arg>console=True</arg>
<doc>Logs the given message with the given level.</doc>
<status status="PASS" start="2025-01-23T10:28:36.567158" elapsed="0.000000"/>
</kw>
<status status="PASS" start="2025-01-23T10:28:35.281409" elapsed="1.285749"/>
</kw>
<kw name="Then Result should match expected multiplication value">
<kw name="Log" owner="BuiltIn">
<msg time="2025-01-23T10:28:36.568158" level="INFO">Verifying multiplication result</msg>
<arg>Verifying multiplication result</arg>
<arg>console=True</arg>
<doc>Logs the given message with the given level.</doc>
<status status="PASS" start="2025-01-23T10:28:36.568158" elapsed="0.000570"/>
</kw>
<kw name="Verify Calculation Result" owner="CalculatorFlow">
<kw name="Log" owner="BuiltIn">
<msg time="2025-01-23T10:28:36.568728" level="INFO">Verifying calculation result matches: 2415</msg>
<arg>Verifying calculation result matches: ${expected_result}</arg>
<arg>console=True</arg>
<doc>Logs the given message with the given level.</doc>
<status status="PASS" start="2025-01-23T10:28:36.568728" elapsed="0.000000"/>
</kw>
<kw name="Get Display Value" owner="CalculatorPage">
<kw name="Wait Until Element Is Visible" owner="SeleniumLibrary">
<arg>${CALCULATOR_DISPLAY}</arg>
<doc>Waits until the element ``locator`` is visible.</doc>
<status status="PASS" start="2025-01-23T10:28:36.568728" elapsed="0.010020"/>
</kw>
<kw name="Get Element Attribute" owner="SeleniumLibrary">
<msg time="2025-01-23T10:28:36.589838" level="INFO">${value} = 2415</msg>
<var>${value}</var>
<arg>${CALCULATOR_DISPLAY}</arg>
<arg>value</arg>
<doc>Returns the value of ``attribute`` from the element ``locator``.</doc>
<status status="PASS" start="2025-01-23T10:28:36.578748" elapsed="0.011090"/>
</kw>
<kw name="Set Variable If" owner="BuiltIn">
<msg time="2025-01-23T10:28:36.589838" level="INFO">${value} = 2415</msg>
<var>${value}</var>
<arg>'${value}' == ''</arg>
<arg>0</arg>
<arg>${value}</arg>
<doc>Sets variable based on the given condition.</doc>
<status status="PASS" start="2025-01-23T10:28:36.589838" elapsed="0.000000"/>
</kw>
<return>
<value>${value}</value>
<status status="PASS" start="2025-01-23T10:28:36.589838" elapsed="0.000000"/>
</return>
<msg time="2025-01-23T10:28:36.589838" level="INFO">${actual_result} = 2415</msg>
<var>${actual_result}</var>
<status status="PASS" start="2025-01-23T10:28:36.568728" elapsed="0.021110"/>
</kw>
<kw name="Should Be Equal As Numbers" owner="BuiltIn">
<arg>${actual_result}</arg>
<arg>${expected_result}</arg>
<doc>Fails if objects are unequal after converting them to real numbers.</doc>
<status status="PASS" start="2025-01-23T10:28:36.589838" elapsed="0.000000"/>
</kw>
<kw name="Log" owner="BuiltIn">
<msg time="2025-01-23T10:28:36.590853" level="INFO">Verification passed: 2415 equals 2415</msg>
<arg>Verification passed: ${actual_result} equals ${expected_result}</arg>
<arg>console=True</arg>
<doc>Logs the given message with the given level.</doc>
<status status="PASS" start="2025-01-23T10:28:36.589838" elapsed="0.001015"/>
</kw>
<arg>${TEST_DATA}[expected_multiplication]</arg>
<doc>Verifies the calculation result matches expected value</doc>
<status status="PASS" start="2025-01-23T10:28:36.568728" elapsed="0.022125"/>
</kw>
<status status="PASS" start="2025-01-23T10:28:36.568158" elapsed="0.022695"/>
</kw>
<kw name="Cleanup Calculator Session" owner="CalculatorFlow" type="TEARDOWN">
<kw name="Log" owner="BuiltIn">
<msg time="2025-01-23T10:28:36.590853" level="INFO">Cleaning up calculator session</msg>
<arg>Cleaning up calculator session</arg>
<arg>console=True</arg>
<doc>Logs the given message with the given level.</doc>
<status status="PASS" start="2025-01-23T10:28:36.590853" elapsed="0.000990"/>
</kw>
<kw name="Close Browser" owner="SeleniumLibrary">
<doc>Closes the current browser.</doc>
<status status="PASS" start="2025-01-23T10:28:36.591843" elapsed="2.239055"/>
</kw>
<doc>Closes calculator session</doc>
<status status="PASS" start="2025-01-23T10:28:36.590853" elapsed="2.240045"/>
</kw>
<doc>Verify that calculator can perform basic multiplication with integers</doc>
<tag>integer</tag>
<tag>multiplication</tag>
<tag>smoke</tag>
<status status="PASS" start="2025-01-23T10:28:31.723264" elapsed="7.108505"/>
</test>
<test id="s1-t3" name="User can perform decimal addition" line="36">
<kw name="Initialize Calculator Session" owner="CalculatorFlow" type="SETUP">
<kw name="Log" owner="BuiltIn">
<msg time="2025-01-23T10:28:38.834769" level="INFO">Initializing calculator session</msg>
<arg>Initializing calculator session</arg>
<arg>console=True</arg>
<doc>Logs the given message with the given level.</doc>
<status status="PASS" start="2025-01-23T10:28:38.833770" elapsed="0.000999"/>
</kw>
<kw name="Open Browser" owner="SeleniumLibrary">
<msg time="2025-01-23T10:28:38.834769" level="INFO">Opening browser 'chrome' to base url 'https://testpages.eviltester.com/styled/apps/calculator.html'.</msg>
<arg>${CALCULATOR_URL}</arg>
<arg>${BROWSER}</arg>
<doc>Opens a new browser instance to the optional ``url``.</doc>
<status status="PASS" start="2025-01-23T10:28:38.834769" elapsed="3.167430"/>
</kw>
<kw name="Maximize Browser Window" owner="SeleniumLibrary">
<doc>Maximizes current browser window.</doc>
<status status="PASS" start="2025-01-23T10:28:42.002199" elapsed="0.029613"/>
</kw>
<kw name="Wait Until Element Is Visible" owner="SeleniumLibrary">
<arg>${CALCULATOR_DISPLAY}</arg>
<doc>Waits until the element ``locator`` is visible.</doc>
<status status="PASS" start="2025-01-23T10:28:42.031812" elapsed="0.026005"/>
</kw>
<kw name="Log" owner="BuiltIn">
<msg time="2025-01-23T10:28:42.057817" level="INFO">Calculator session initialized successfully</msg>
<arg>Calculator session initialized successfully</arg>
<arg>console=True</arg>
<doc>Logs the given message with the given level.</doc>
<status status="PASS" start="2025-01-23T10:28:42.057817" elapsed="0.001000"/>
</kw>
<doc>Opens calculator and prepares for testing</doc>
<status status="PASS" start="2025-01-23T10:28:38.833770" elapsed="3.225047"/>
</kw>
<kw name="Log" owner="BuiltIn">
<msg time="2025-01-23T10:28:42.058817" level="INFO">Starting test: Decimal Addition</msg>
<arg>Starting test: Decimal Addition</arg>
<arg>console=True</arg>
<doc>Logs the given message with the given level.</doc>
<status status="PASS" start="2025-01-23T10:28:42.058817" elapsed="0.000000"/>
</kw>
<kw name="Given Calculator is ready for input">
<kw name="Log" owner="BuiltIn">
<msg time="2025-01-23T10:28:42.059869" level="INFO">Ensuring calculator is ready for input</msg>
<arg>Ensuring calculator is ready for input</arg>
<arg>console=True</arg>
<doc>Logs the given message with the given level.</doc>
<status status="PASS" start="2025-01-23T10:28:42.059869" elapsed="0.000000"/>
</kw>
<kw name="Clear Display" owner="CalculatorFlow">
<kw name="Log" owner="BuiltIn">
<msg time="2025-01-23T10:28:42.059869" level="INFO">Clearing calculator display</msg>
<arg>Clearing calculator display</arg>
<arg>console=True</arg>
<doc>Logs the given message with the given level.</doc>
<status status="PASS" start="2025-01-23T10:28:42.059869" elapsed="0.000000"/>
</kw>
<kw name="Click All Clear" owner="CalculatorPage">
<kw name="Wait And Click Element" owner="CalculatorPage">
<kw name="Wait Until Element Is Visible" owner="SeleniumLibrary">
<arg>${locator}</arg>
<doc>Waits until the element ``locator`` is visible.</doc>
<status status="PASS" start="2025-01-23T10:28:42.060868" elapsed="0.029843"/>
</kw>
<kw name="Click Element" owner="SeleniumLibrary">
<msg time="2025-01-23T10:28:42.091712" level="INFO">Clicking element 'id=buttonallclear'.</msg>
<arg>${locator}</arg>
<doc>Click the element identified by ``locator``.</doc>
<status status="PASS" start="2025-01-23T10:28:42.090711" elapsed="0.107510"/>
</kw>
<arg>${CALCULATOR_CLEAR}</arg>
<status status="PASS" start="2025-01-23T10:28:42.060868" elapsed="0.138348"/>
</kw>
<status status="PASS" start="2025-01-23T10:28:42.060868" elapsed="0.138348"/>
</kw>
<kw name="Verify Display Shows" owner="CalculatorFlow">
<kw name="Log" owner="BuiltIn">
<msg time="2025-01-23T10:28:42.199216" level="INFO">Verifying display shows: 0</msg>
<arg>Verifying display shows: ${expected_value}</arg>
<arg>console=True</arg>
<doc>Logs the given message with the given level.</doc>
<status status="PASS" start="2025-01-23T10:28:42.199216" elapsed="0.001003"/>
</kw>
<kw name="Wait Until Display Shows" owner="CalculatorPage">
<kw name="Wait Until Keyword Succeeds" owner="BuiltIn">
<kw name="Verify Display Value" owner="CalculatorPage">
<kw name="Get Display Value" owner="CalculatorPage">
<kw name="Wait Until Element Is Visible" owner="SeleniumLibrary">
<arg>${CALCULATOR_DISPLAY}</arg>
<doc>Waits until the element ``locator`` is visible.</doc>
<status status="PASS" start="2025-01-23T10:28:42.201216" elapsed="0.018999"/>
</kw>
<kw name="Get Element Attribute" owner="SeleniumLibrary">
<msg time="2025-01-23T10:28:42.239216" level="INFO">${value} = </msg>
<var>${value}</var>
<arg>${CALCULATOR_DISPLAY}</arg>
<arg>value</arg>
<doc>Returns the value of ``attribute`` from the element ``locator``.</doc>
<status status="PASS" start="2025-01-23T10:28:42.220215" elapsed="0.019001"/>
</kw>
<kw name="Set Variable If" owner="BuiltIn">
<msg time="2025-01-23T10:28:42.239216" level="INFO">${value} = 0</msg>
<var>${value}</var>
<arg>'${value}' == ''</arg>
<arg>0</arg>
<arg>${value}</arg>
<doc>Sets variable based on the given condition.</doc>
<status status="PASS" start="2025-01-23T10:28:42.239216" elapsed="0.000000"/>
</kw>
<return>
<value>${value}</value>
<status status="PASS" start="2025-01-23T10:28:42.239216" elapsed="0.000000"/>
</return>
<msg time="2025-01-23T10:28:42.240215" level="INFO">${actual} = 0</msg>
<var>${actual}</var>
<status status="PASS" start="2025-01-23T10:28:42.201216" elapsed="0.038999"/>
</kw>
<kw name="Convert And Compare Numbers" owner="CalculatorPage">
<kw name="Convert To Number" owner="BuiltIn">
<msg time="2025-01-23T10:28:42.240215" level="INFO">${actual} = 0.0</msg>
<var>${actual}</var>
<arg>${actual}</arg>
<doc>Converts the given item to a floating point number.</doc>
<status status="PASS" start="2025-01-23T10:28:42.240215" elapsed="0.000000"/>
</kw>
<kw name="Convert To Number" owner="BuiltIn">
<msg time="2025-01-23T10:28:42.240215" level="INFO">${expected} = 0.0</msg>
<var>${expected}</var>
<arg>${expected}</arg>
<doc>Converts the given item to a floating point number.</doc>
<status status="PASS" start="2025-01-23T10:28:42.240215" elapsed="0.000000"/>
</kw>
<kw name="Should Be Equal As Numbers" owner="BuiltIn">
<arg>${actual}</arg>
<arg>${expected}</arg>
<doc>Fails if objects are unequal after converting them to real numbers.</doc>
<status status="PASS" start="2025-01-23T10:28:42.240215" elapsed="0.000000"/>
</kw>
<arg>${actual}</arg>
<arg>${expected}</arg>
<status status="PASS" start="2025-01-23T10:28:42.240215" elapsed="0.000000"/>
</kw>
<arg>${expected}</arg>
<status status="PASS" start="2025-01-23T10:28:42.201216" elapsed="0.038999"/>
</kw>
<arg>5s</arg>
<arg>1s</arg>
<arg>Verify Display Value</arg>
<arg>${expected}</arg>
<doc>Runs the specified keyword and retries if it fails.</doc>
<status status="PASS" start="2025-01-23T10:28:42.200219" elapsed="0.039996"/>
</kw>
<arg>${expected_value}</arg>
<status status="PASS" start="2025-01-23T10:28:42.200219" elapsed="0.039996"/>
</kw>
<arg>0</arg>
<doc>Verifies the calculator display shows expected value</doc>
<status status="PASS" start="2025-01-23T10:28:42.199216" elapsed="0.041999"/>
</kw>
<doc>Clears the calculator display</doc>
<status status="PASS" start="2025-01-23T10:28:42.059869" elapsed="0.181346"/>
</kw>
<kw name="Verify Display Shows" owner="CalculatorFlow">
<kw name="Log" owner="BuiltIn">
<msg time="2025-01-23T10:28:42.241215" level="INFO">Verifying display shows: 0</msg>
<arg>Verifying display shows: ${expected_value}</arg>
<arg>console=True</arg>
<doc>Logs the given message with the given level.</doc>
<status status="PASS" start="2025-01-23T10:28:42.241215" elapsed="0.000000"/>
</kw>
<kw name="Wait Until Display Shows" owner="CalculatorPage">
<kw name="Wait Until Keyword Succeeds" owner="BuiltIn">
<kw name="Verify Display Value" owner="CalculatorPage">
<kw name="Get Display Value" owner="CalculatorPage">
<kw name="Wait Until Element Is Visible" owner="SeleniumLibrary">
<arg>${CALCULATOR_DISPLAY}</arg>
<doc>Waits until the element ``locator`` is visible.</doc>
<status status="PASS" start="2025-01-23T10:28:42.242216" elapsed="0.017064"/>
</kw>
<kw name="Get Element Attribute" owner="SeleniumLibrary">
<msg time="2025-01-23T10:28:42.275266" level="INFO">${value} = </msg>
<var>${value}</var>
<arg>${CALCULATOR_DISPLAY}</arg>
<arg>value</arg>
<doc>Returns the value of ``attribute`` from the element ``locator``.</doc>
<status status="PASS" start="2025-01-23T10:28:42.259280" elapsed="0.015986"/>
</kw>
<kw name="Set Variable If" owner="BuiltIn">
<msg time="2025-01-23T10:28:42.275266" level="INFO">${value} = 0</msg>
<var>${value}</var>
<arg>'${value}' == ''</arg>
<arg>0</arg>
<arg>${value}</arg>
<doc>Sets variable based on the given condition.</doc>
<status status="PASS" start="2025-01-23T10:28:42.275266" elapsed="0.000000"/>
</kw>
<return>
<value>${value}</value>
<status status="PASS" start="2025-01-23T10:28:42.275266" elapsed="0.000000"/>
</return>
<msg time="2025-01-23T10:28:42.275266" level="INFO">${actual} = 0</msg>
<var>${actual}</var>
<status status="PASS" start="2025-01-23T10:28:42.242216" elapsed="0.033050"/>
</kw>
<kw name="Convert And Compare Numbers" owner="CalculatorPage">
<kw name="Convert To Number" owner="BuiltIn">
<msg time="2025-01-23T10:28:42.276267" level="INFO">${actual} = 0.0</msg>
<var>${actual}</var>
<arg>${actual}</arg>
<doc>Converts the given item to a floating point number.</doc>
[...]
<kw name="Verify Display Shows" owner="CalculatorFlow">
<kw name="Log" owner="BuiltIn">
<msg time="2025-01-23T10:28:57.352204" level="INFO">Verifying display shows: 0</msg>
<arg>Verifying display shows: ${expected_value}</arg>
<arg>console=True</arg>
<doc>Logs the given message with the given level.</doc>
<status status="PASS" start="2025-01-23T10:28:57.352204" elapsed="0.000000"/>
</kw>
<kw name="Wait Until Display Shows" owner="CalculatorPage">
<kw name="Wait Until Keyword Succeeds" owner="BuiltIn">
<kw name="Verify Display Value" owner="CalculatorPage">
<kw name="Get Display Value" owner="CalculatorPage">
<kw name="Wait Until Element Is Visible" owner="SeleniumLibrary">
<arg>${CALCULATOR_DISPLAY}</arg>
<doc>Waits until the element ``locator`` is visible.</doc>
<status status="PASS" start="2025-01-23T10:28:57.353203" elapsed="0.011999"/>
</kw>
<kw name="Get Element Attribute" owner="SeleniumLibrary">
<msg time="2025-01-23T10:28:57.376202" level="INFO">${value} = </msg>
<var>${value}</var>
<arg>${CALCULATOR_DISPLAY}</arg>
<arg>value</arg>
<doc>Returns the value of ``attribute`` from the element ``locator``.</doc>
<status status="PASS" start="2025-01-23T10:28:57.366203" elapsed="0.009999"/>
</kw>
<kw name="Set Variable If" owner="BuiltIn">
<msg time="2025-01-23T10:28:57.376202" level="INFO">${value} = 0</msg>
<var>${value}</var>
<arg>'${value}' == ''</arg>
<arg>0</arg>
<arg>${value}</arg>
<doc>Sets variable based on the given condition.</doc>
<status status="PASS" start="2025-01-23T10:28:57.376202" elapsed="0.000000"/>
</kw>
<return>
<value>${value}</value>
<status status="PASS" start="2025-01-23T10:28:57.376202" elapsed="0.001002"/>
</return>
<msg time="2025-01-23T10:28:57.377204" level="INFO">${actual} = 0</msg>
<var>${actual}</var>
<status status="PASS" start="2025-01-23T10:28:57.353203" elapsed="0.024001"/>
</kw>
<kw name="Convert And Compare Numbers" owner="CalculatorPage">
<kw name="Convert To Number" owner="BuiltIn">
<msg time="2025-01-23T10:28:57.377204" level="INFO">${actual} = 0.0</msg>
<var>${actual}</var>
<arg>${actual}</arg>
<doc>Converts the given item to a floating point number.</doc>
<status status="PASS" start="2025-01-23T10:28:57.377204" elapsed="0.000000"/>
</kw>
<kw name="Convert To Number" owner="BuiltIn">
<msg time="2025-01-23T10:28:57.377204" level="INFO">${expected} = 0.0</msg>
<var>${expected}</var>
<arg>${expected}</arg>
<doc>Converts the given item to a floating point number.</doc>
<status status="PASS" start="2025-01-23T10:28:57.377204" elapsed="0.000000"/>
</kw>
<kw name="Should Be Equal As Numbers" owner="BuiltIn">
<arg>${actual}</arg>
<arg>${expected}</arg>
<doc>Fails if objects are unequal after converting them to real numbers.</doc>
<status status="PASS" start="2025-01-23T10:28:57.377204" elapsed="0.000000"/>
</kw>
<arg>${actual}</arg>
<arg>${expected}</arg>
<status status="PASS" start="2025-01-23T10:28:57.377204" elapsed="0.000000"/>
</kw>
<arg>${expected}</arg>
<status status="PASS" start="2025-01-23T10:28:57.353203" elapsed="0.024001"/>
</kw>
<arg>5s</arg>
<arg>1s</arg>
<arg>Verify Display Value</arg>
<arg>${expected}</arg>
<doc>Runs the specified keyword and retries if it fails.</doc>
<status status="PASS" start="2025-01-23T10:28:57.353203" elapsed="0.024001"/>
</kw>
<arg>${expected_value}</arg>
<status status="PASS" start="2025-01-23T10:28:57.352204" elapsed="0.025000"/>
</kw>
<arg>0</arg>
<doc>Verifies the calculator display shows expected value</doc>
<status status="PASS" start="2025-01-23T10:28:57.351203" elapsed="0.026999"/>
</kw>
<doc>Clears the calculator display</doc>
<status status="PASS" start="2025-01-23T10:28:57.307885" elapsed="0.070317"/>
</kw>
<kw name="Recall Memory" owner="CalculatorFlow">
<kw name="Log" owner="BuiltIn">
<msg time="2025-01-23T10:28:57.378202" level="INFO">Recalling value from memory</msg>
<arg>Recalling value from memory</arg>
<arg>console=True</arg>
<doc>Logs the given message with the given level.</doc>
<status status="PASS" start="2025-01-23T10:28:57.378202" elapsed="0.000000"/>
</kw>
<kw name="Click Memory Recall" owner="CalculatorPage">
<kw name="Wait And Click Element" owner="CalculatorPage">
<kw name="Wait Until Element Is Visible" owner="SeleniumLibrary">
<arg>${locator}</arg>
<doc>Waits until the element ``locator`` is visible.</doc>
<status status="PASS" start="2025-01-23T10:28:57.379203" elapsed="0.013139"/>
</kw>
<kw name="Click Element" owner="SeleniumLibrary">
<msg time="2025-01-23T10:28:57.392342" level="INFO">Clicking element 'id=buttonmemoryrecall'.</msg>
<arg>${locator}</arg>
<doc>Click the element identified by ``locator``.</doc>
<status status="PASS" start="2025-01-23T10:28:57.392342" elapsed="0.039954"/>
</kw>
<arg>${MEMORY_RECALL_BTN}</arg>
<status status="PASS" start="2025-01-23T10:28:57.378202" elapsed="0.054094"/>
</kw>
<status status="PASS" start="2025-01-23T10:28:57.378202" elapsed="0.054094"/>
</kw>
<doc>Recalls value from memory</doc>
<status status="PASS" start="2025-01-23T10:28:57.378202" elapsed="0.054094"/>
</kw>
<kw name="Click Minus" owner="CalculatorPage">
<kw name="Wait And Click Element" owner="CalculatorPage">
<kw name="Wait Until Element Is Visible" owner="SeleniumLibrary">
<arg>${locator}</arg>
<doc>Waits until the element ``locator`` is visible.</doc>
<status status="PASS" start="2025-01-23T10:28:57.432296" elapsed="0.013031"/>
</kw>
<kw name="Click Element" owner="SeleniumLibrary">
<msg time="2025-01-23T10:28:57.446298" level="INFO">Clicking element 'id=buttonminus'.</msg>
<arg>${locator}</arg>
<doc>Click the element identified by ``locator``.</doc>
<status status="PASS" start="2025-01-23T10:28:57.446298" elapsed="0.035505"/>
</kw>
<arg>${MINUS_BTN}</arg>
<status status="PASS" start="2025-01-23T10:28:57.432296" elapsed="0.050509"/>
</kw>
<status status="PASS" start="2025-01-23T10:28:57.432296" elapsed="0.050509"/>
</kw>
<kw name="Log" owner="BuiltIn">
<msg time="2025-01-23T10:28:57.482805" level="INFO">Memory subtract value: 9</msg>
<arg>Memory subtract value: ${data}[memory_subtract]</arg>
<arg>console=True</arg>
<doc>Logs the given message with the given level.</doc>
<status status="PASS" start="2025-01-23T10:28:57.482805" elapsed="0.000000"/>
</kw>
<kw name="Enter Number" owner="CalculatorFlow">
<kw name="Log" owner="BuiltIn">
<msg time="2025-01-23T10:28:57.483805" level="INFO">Entering number: 9</msg>
<arg>Entering number: ${number}</arg>
<arg>console=True</arg>
<doc>Logs the given message with the given level.</doc>
<status status="PASS" start="2025-01-23T10:28:57.483805" elapsed="0.000000"/>
</kw>
<kw name="Convert To String" owner="BuiltIn">
<msg time="2025-01-23T10:28:57.483805" level="INFO">${digits} = 9</msg>
<var>${digits}</var>
<arg>${number}</arg>
<doc>Converts the given item to a Unicode string.</doc>
<status status="PASS" start="2025-01-23T10:28:57.483805" elapsed="0.000000"/>
</kw>
<kw name="Split String To Characters" owner="String">
<msg time="2025-01-23T10:28:57.483805" level="INFO">@{chars} = [ 9 ]</msg>
<var>@{chars}</var>
<arg>${digits}</arg>
<doc>Splits the given ``string`` to characters.</doc>
<status status="PASS" start="2025-01-23T10:28:57.483805" elapsed="0.000000"/>
</kw>
<for flavor="IN">
<iter>
<kw name="Run Keyword If" owner="BuiltIn">
<kw name="Click Number" owner="CalculatorPage">
<kw name="Get From Dictionary" owner="Collections">
<msg time="2025-01-23T10:28:57.485805" level="INFO">${button_id} = button09</msg>
<var>${button_id}</var>
<arg>${NUMBER_BUTTONS}</arg>
<arg>${number}</arg>
<doc>Returns a value from the given ``dictionary`` based on the given ``key``.</doc>
<status status="PASS" start="2025-01-23T10:28:57.484805" elapsed="0.001000"/>
</kw>
<kw name="Wait And Click Element" owner="CalculatorPage">
<kw name="Wait Until Element Is Visible" owner="SeleniumLibrary">
<arg>${locator}</arg>
<doc>Waits until the element ``locator`` is visible.</doc>
<status status="PASS" start="2025-01-23T10:28:57.485805" elapsed="0.013000"/>
</kw>
<kw name="Click Element" owner="SeleniumLibrary">
<msg time="2025-01-23T10:28:57.498805" level="INFO">Clicking element 'id=button09'.</msg>
<arg>${locator}</arg>
<doc>Click the element identified by ``locator``.</doc>
<status status="PASS" start="2025-01-23T10:28:57.498805" elapsed="0.034101"/>
</kw>
<arg>id=${button_id}</arg>
<status status="PASS" start="2025-01-23T10:28:57.485805" elapsed="0.047101"/>
</kw>
<arg>${char}</arg>
<status status="PASS" start="2025-01-23T10:28:57.484805" elapsed="0.048101"/>
</kw>
<arg>'${char}' == '.'</arg>
<arg>Click Decimal Point</arg>
<arg>ELSE</arg>
<arg>Click Number</arg>
<arg>${char}</arg>
<doc>Runs the given keyword with the given arguments, if ``condition`` is true.</doc>
<status status="PASS" start="2025-01-23T10:28:57.484805" elapsed="0.048101"/>
</kw>
<var name="${char}">9</var>
<status status="PASS" start="2025-01-23T10:28:57.483805" elapsed="0.049101"/>
</iter>
<var>${char}</var>
<value>@{chars}</value>
<status status="PASS" start="2025-01-23T10:28:57.483805" elapsed="0.049101"/>
</for>
<kw name="Sleep" owner="BuiltIn">
<msg time="2025-01-23T10:28:57.734403" level="INFO">Slept 200 milliseconds.</msg>
<arg>0.2s</arg>
<doc>Pauses the test executed for the given time.</doc>
<status status="PASS" start="2025-01-23T10:28:57.532906" elapsed="0.201497"/>
</kw>
<arg>${data}[memory_subtract]</arg>
<doc>Enters a number into the calculator</doc>
<status status="PASS" start="2025-01-23T10:28:57.482805" elapsed="0.251598"/>
</kw>
<kw name="Press Equals" owner="CalculatorFlow">
<kw name="Log" owner="BuiltIn">
<msg time="2025-01-23T10:28:57.735512" level="INFO">Pressing equals button</msg>
<arg>Pressing equals button</arg>
<arg>console=True</arg>
<doc>Logs the given message with the given level.</doc>
<status status="PASS" start="2025-01-23T10:28:57.735512" elapsed="0.000000"/>
</kw>
<kw name="Click Equals" owner="CalculatorPage">
<kw name="Wait And Click Element" owner="CalculatorPage">
<kw name="Wait Until Element Is Visible" owner="SeleniumLibrary">
<arg>${locator}</arg>
<doc>Waits until the element ``locator`` is visible.</doc>
<status status="PASS" start="2025-01-23T10:28:57.736418" elapsed="0.022463"/>
</kw>
<kw name="Click Element" owner="SeleniumLibrary">
<msg time="2025-01-23T10:28:57.759883" level="INFO">Clicking element 'id=buttonequals'.</msg>
<arg>${locator}</arg>
<doc>Click the element identified by ``locator``.</doc>
<status status="PASS" start="2025-01-23T10:28:57.759883" elapsed="0.035300"/>
</kw>
<arg>${CALCULATOR_EQUALS}</arg>
<status status="PASS" start="2025-01-23T10:28:57.736418" elapsed="0.058765"/>
</kw>
<status status="PASS" start="2025-01-23T10:28:57.736418" elapsed="0.058765"/>
</kw>
<kw name="Sleep" owner="BuiltIn">
<msg time="2025-01-23T10:28:58.295598" level="INFO">Slept 500 milliseconds.</msg>
<arg>0.5s</arg>
<doc>Pauses the test executed for the given time.</doc>
<status status="PASS" start="2025-01-23T10:28:57.795183" elapsed="0.500415"/>
</kw>
<kw name="Get Display Value" owner="CalculatorPage">
<kw name="Wait Until Element Is Visible" owner="SeleniumLibrary">
<arg>${CALCULATOR_DISPLAY}</arg>
<doc>Waits until the element ``locator`` is visible.</doc>
<status status="PASS" start="2025-01-23T10:28:58.295598" elapsed="0.015010"/>
</kw>
<kw name="Get Element Attribute" owner="SeleniumLibrary">
<msg time="2025-01-23T10:28:58.322118" level="INFO">${value} = 22</msg>
<var>${value}</var>
<arg>${CALCULATOR_DISPLAY}</arg>
<arg>value</arg>
<doc>Returns the value of ``attribute`` from the element ``locator``.</doc>
<status status="PASS" start="2025-01-23T10:28:58.310608" elapsed="0.011510"/>
</kw>
<kw name="Set Variable If" owner="BuiltIn">
<msg time="2025-01-23T10:28:58.323118" level="INFO">${value} = 22</msg>
<var>${value}</var>
<arg>'${value}' == ''</arg>
<arg>0</arg>
<arg>${value}</arg>
<doc>Sets variable based on the given condition.</doc>
<status status="PASS" start="2025-01-23T10:28:58.322118" elapsed="0.001000"/>
</kw>
<return>
<value>${value}</value>
<status status="PASS" start="2025-01-23T10:28:58.323118" elapsed="0.000000"/>
</return>
<msg time="2025-01-23T10:28:58.323118" level="INFO">${result} = 22</msg>
<var>${result}</var>
<status status="PASS" start="2025-01-23T10:28:58.295598" elapsed="0.027520"/>
</kw>
<kw name="Log" owner="BuiltIn">
<msg time="2025-01-23T10:28:58.323118" level="INFO">Result obtained: 22</msg>
<arg>Result obtained: ${result}</arg>
<arg>console=True</arg>
<doc>Logs the given message with the given level.</doc>
<status status="PASS" start="2025-01-23T10:28:58.323118" elapsed="0.000000"/>
</kw>
<return>
<value>${result}</value>
<status status="PASS" start="2025-01-23T10:28:58.323118" elapsed="0.000000"/>
</return>
<msg time="2025-01-23T10:28:58.324117" level="INFO">${result} = 22</msg>
<var>${result}</var>
<doc>Clicks the equals button and returns result</doc>
<status status="PASS" start="2025-01-23T10:28:57.734403" elapsed="0.589714"/>
</kw>
<kw name="Log" owner="BuiltIn">
<msg time="2025-01-23T10:28:58.324117" level="INFO">Memory operation result: 22</msg>
<arg>Memory operation result: ${result}</arg>
<arg>console=True</arg>
<doc>Logs the given message with the given level.</doc>
<status status="PASS" start="2025-01-23T10:28:58.324117" elapsed="0.000000"/>
</kw>
<return>
<value>${result}</value>
<status status="PASS" start="2025-01-23T10:28:58.324117" elapsed="0.000000"/>
</return>
<msg time="2025-01-23T10:28:58.324117" level="INFO">${result} = 22</msg>
<var>${result}</var>
<arg>${TEST_DATA}</arg>
<doc>Performs a sequence of memory operations</doc>
<status status="PASS" start="2025-01-23T10:28:56.545210" elapsed="1.778907"/>
</kw>
<kw name="Set Test Variable" owner="BuiltIn">
<msg time="2025-01-23T10:28:58.325119" level="INFO">${ACTUAL_RESULT} = 22</msg>
<arg>${ACTUAL_RESULT}</arg>
<arg>${result}</arg>
<doc>Makes a variable available everywhere within the scope of the current test.</doc>
<status status="PASS" start="2025-01-23T10:28:58.324117" elapsed="0.001002"/>
</kw>
<kw name="Log" owner="BuiltIn">
<msg time="2025-01-23T10:28:58.325119" level="INFO">Memory operation sequence result: 22</msg>
<arg>Memory operation sequence result: ${result}</arg>
<arg>console=True</arg>
<doc>Logs the given message with the given level.</doc>
<status status="PASS" start="2025-01-23T10:28:58.325119" elapsed="0.000000"/>
</kw>
<status status="PASS" start="2025-01-23T10:28:56.544211" elapsed="1.780908"/>
</kw>
<kw name="Then Result should match expected memory operation value">
<kw name="Log" owner="BuiltIn">
<msg time="2025-01-23T10:28:58.326119" level="INFO">Verifying memory operation result</msg>
<arg>Verifying memory operation result</arg>
<arg>console=True</arg>
<doc>Logs the given message with the given level.</doc>
<status status="PASS" start="2025-01-23T10:28:58.326119" elapsed="0.000000"/>
</kw>
<kw name="Verify Calculation Result" owner="CalculatorFlow">
<kw name="Log" owner="BuiltIn">
<msg time="2025-01-23T10:28:58.327118" level="INFO">Verifying calculation result matches: 22</msg>
<arg>Verifying calculation result matches: ${expected_result}</arg>
<arg>console=True</arg>
<doc>Logs the given message with the given level.</doc>
<status status="PASS" start="2025-01-23T10:28:58.327118" elapsed="0.000000"/>
</kw>
<kw name="Get Display Value" owner="CalculatorPage">
<kw name="Wait Until Element Is Visible" owner="SeleniumLibrary">
<arg>${CALCULATOR_DISPLAY}</arg>
<doc>Waits until the element ``locator`` is visible.</doc>
<status status="PASS" start="2025-01-23T10:28:58.327118" elapsed="0.012000"/>
</kw>
<kw name="Get Element Attribute" owner="SeleniumLibrary">
<msg time="2025-01-23T10:28:58.350630" level="INFO">${value} = 22</msg>
<var>${value}</var>
<arg>${CALCULATOR_DISPLAY}</arg>
<arg>value</arg>
<doc>Returns the value of ``attribute`` from the element ``locator``.</doc>
<status status="PASS" start="2025-01-23T10:28:58.339118" elapsed="0.011512"/>
</kw>
<kw name="Set Variable If" owner="BuiltIn">
<msg time="2025-01-23T10:28:58.350630" level="INFO">${value} = 22</msg>
<var>${value}</var>
<arg>'${value}' == ''</arg>
<arg>0</arg>
<arg>${value}</arg>
<doc>Sets variable based on the given condition.</doc>
<status status="PASS" start="2025-01-23T10:28:58.350630" elapsed="0.000000"/>
</kw>
<return>
<value>${value}</value>
<status status="PASS" start="2025-01-23T10:28:58.350630" elapsed="0.000000"/>
</return>
<msg time="2025-01-23T10:28:58.350630" level="INFO">${actual_result} = 22</msg>
<var>${actual_result}</var>
<status status="PASS" start="2025-01-23T10:28:58.327118" elapsed="0.023512"/>
</kw>
<kw name="Should Be Equal As Numbers" owner="BuiltIn">
<arg>${actual_result}</arg>
<arg>${expected_result}</arg>
<doc>Fails if objects are unequal after converting them to real numbers.</doc>
<status status="PASS" start="2025-01-23T10:28:58.350630" elapsed="0.001028"/>
</kw>
<kw name="Log" owner="BuiltIn">
<msg time="2025-01-23T10:28:58.351658" level="INFO">Verification passed: 22 equals 22</msg>
<arg>Verification passed: ${actual_result} equals ${expected_result}</arg>
<arg>console=True</arg>
<doc>Logs the given message with the given level.</doc>
<status status="PASS" start="2025-01-23T10:28:58.351658" elapsed="0.000000"/>
</kw>
<arg>${TEST_DATA}[expected_result]</arg>
<doc>Verifies the calculation result matches expected value</doc>
<status status="PASS" start="2025-01-23T10:28:58.327118" elapsed="0.024540"/>
</kw>
<status status="PASS" start="2025-01-23T10:28:58.326119" elapsed="0.025539"/>
</kw>
<kw name="Cleanup Calculator Session" owner="CalculatorFlow" type="TEARDOWN">
<kw name="Log" owner="BuiltIn">
<msg time="2025-01-23T10:28:58.352630" level="INFO">Cleaning up calculator session</msg>
<arg>Cleaning up calculator session</arg>
<arg>console=True</arg>
<doc>Logs the given message with the given level.</doc>
<status status="PASS" start="2025-01-23T10:28:58.352630" elapsed="0.000000"/>
</kw>
<kw name="Close Browser" owner="SeleniumLibrary">
<doc>Closes the current browser.</doc>
<status status="PASS" start="2025-01-23T10:28:58.352630" elapsed="2.200929"/>
</kw>
<doc>Closes calculator session</doc>
<status status="PASS" start="2025-01-23T10:28:58.351658" elapsed="2.203048"/>
</kw>
<doc>Verify that calculator can perform a sequence of memory operations</doc>
<tag>memory</tag>
<tag>smoke</tag>
<status status="PASS" start="2025-01-23T10:28:53.279537" elapsed="7.276059"/>
</test>
<kw name="Cleanup Calculator Environment" type="TEARDOWN">
<kw name="Log" owner="BuiltIn">
<msg time="2025-01-23T10:29:00.558699" level="INFO">Cleaning up calculator test environment</msg>
<arg>Cleaning up calculator test environment</arg>
<arg>console=True</arg>
<doc>Logs the given message with the given level.</doc>
<status status="PASS" start="2025-01-23T10:29:00.557595" elapsed="0.001964"/>
</kw>
<kw name="Close All Browsers" owner="SeleniumLibrary">
<doc>Closes all open browsers and resets the browser cache.</doc>
<status status="PASS" start="2025-01-23T10:29:00.559559" elapsed="0.000000"/>
</kw>
<kw name="Log" owner="BuiltIn">
<msg time="2025-01-23T10:29:00.560678" level="INFO">Calculator environment cleanup completed</msg>
<arg>Calculator environment cleanup completed</arg>
<arg>console=True</arg>
<doc>Logs the given message with the given level.</doc>
<status status="PASS" start="2025-01-23T10:29:00.559559" elapsed="0.001472"/>
</kw>
<status status="PASS" start="2025-01-23T10:29:00.557595" elapsed="0.003436"/>
</kw>
<doc>Test suite for calculator functionality using BDD approach</doc>
<status status="PASS" start="2025-01-23T10:28:23.908662" elapsed="36.652369"/>
</suite>
<statistics>
<total>
<stat pass="5" fail="0" skip="0">All Tests</stat>
</total>
<tag>
<stat pass="2" fail="0" skip="0">addition</stat>
<stat pass="2" fail="0" skip="0">decimal</stat>
<stat pass="2" fail="0" skip="0">integer</stat>
<stat pass="1" fail="0" skip="0">memory</stat>
<stat pass="2" fail="0" skip="0">multiplication</stat>
<stat pass="5" fail="0" skip="0">smoke</stat>
</tag>
<suite>
<stat pass="5" fail="0" skip="0" id="s1" name="CalculatorTest">CalculatorTest</stat>
</suite>
</statistics>
<errors>
</errors>
</robot>
