<?xml version="1.0" encoding="UTF-8"?>
<robot generator="Robot 7.0 (Python 3.12.1 on win32)" generated="2025-02-01T23:17:50.428629" rpa="false" schemaversion="5">
<suite id="s1" name="CalculatorTest" source="D:\AUTOMATION TEST\Calculator_v2\Tests\CalculatorTest.robot">
<kw name="Setup Calculator Environment" owner="CalculatorPage" type="SETUP">
<kw name="Log" owner="BuiltIn">
<msg time="2025-02-01T23:17:50.688561" level="INFO">Setting up calculator test environment</msg>
<arg>Setting up calculator test environment</arg>
<arg>console=True</arg>
<doc>Logs the given message with the given level.</doc>
<status status="PASS" start="2025-02-01T23:17:50.688561" elapsed="0.000000"/>
</kw>
<kw name="Set Selenium Timeout" owner="SeleniumLibrary">
<arg>${TIMEOUT}</arg>
<doc>Sets the timeout that is used by various keywords.</doc>
<status status="PASS" start="2025-02-01T23:17:50.688561" elapsed="0.001000"/>
</kw>
<kw name="Create List" owner="BuiltIn">
<msg time="2025-02-01T23:17:50.689561" level="INFO">${args} = ['--headless', '--no-sandbox', '--disable-dev-shm-usage', '--disable-gpu', '--window-size=1920,1080', '--remote-debugging-port=9222', '--disable-extensions', '--disable-setuid-sandbox', '--disable-web...</msg>
<var>${args}</var>
<arg>--headless</arg>
<arg>--no-sandbox</arg>
<arg>--disable-dev-shm-usage</arg>
<arg>--disable-gpu</arg>
<arg>--window-size=1920,1080</arg>
<arg>--remote-debugging-port=9222</arg>
<arg>--disable-extensions</arg>
<arg>--disable-setuid-sandbox</arg>
<arg>--disable-web-security</arg>
<doc>Returns a list containing given items.</doc>
<status status="PASS" start="2025-02-01T23:17:50.689561" elapsed="0.000000"/>
</kw>
<kw name="Evaluate" owner="BuiltIn">
<msg time="2025-02-01T23:17:50.689561" level="INFO">${chrome_options} = &lt;selenium.webdriver.chrome.options.Options object at 0x000001FE10647F80&gt;</msg>
<var>${chrome_options}</var>
<arg>sys.modules['selenium.webdriver'].ChromeOptions()</arg>
<arg>sys</arg>
<doc>Evaluates the given expression in Python and returns the result.</doc>
<status status="PASS" start="2025-02-01T23:17:50.689561" elapsed="0.000000"/>
</kw>
<for flavor="IN">
<iter>
<kw name="Call Method" owner="BuiltIn">
<arg>${chrome_options}</arg>
<arg>add_argument</arg>
<arg>${arg}</arg>
<doc>Calls the named method of the given object with the provided arguments.</doc>
<status status="PASS" start="2025-02-01T23:17:50.689561" elapsed="0.001000"/>
</kw>
<var name="${arg}">--headless</var>
<status status="PASS" start="2025-02-01T23:17:50.689561" elapsed="0.001000"/>
</iter>
<iter>
<kw name="Call Method" owner="BuiltIn">
<arg>${chrome_options}</arg>
<arg>add_argument</arg>
<arg>${arg}</arg>
<doc>Calls the named method of the given object with the provided arguments.</doc>
<status status="PASS" start="2025-02-01T23:17:50.690561" elapsed="0.000000"/>
</kw>
<var name="${arg}">--no-sandbox</var>
<status status="PASS" start="2025-02-01T23:17:50.690561" elapsed="0.000000"/>
</iter>
<iter>
<kw name="Call Method" owner="BuiltIn">
<arg>${chrome_options}</arg>
<arg>add_argument</arg>
<arg>${arg}</arg>
<doc>Calls the named method of the given object with the provided arguments.</doc>
<status status="PASS" start="2025-02-01T23:17:50.690561" elapsed="0.000000"/>
</kw>
<var name="${arg}">--disable-dev-shm-usage</var>
<status status="PASS" start="2025-02-01T23:17:50.690561" elapsed="0.000000"/>
</iter>
<iter>
<kw name="Call Method" owner="BuiltIn">
<arg>${chrome_options}</arg>
<arg>add_argument</arg>
<arg>${arg}</arg>
<doc>Calls the named method of the given object with the provided arguments.</doc>
<status status="PASS" start="2025-02-01T23:17:50.690561" elapsed="0.000000"/>
</kw>
<var name="${arg}">--disable-gpu</var>
<status status="PASS" start="2025-02-01T23:17:50.690561" elapsed="0.000000"/>
</iter>
<iter>
<kw name="Call Method" owner="BuiltIn">
<arg>${chrome_options}</arg>
<arg>add_argument</arg>
<arg>${arg}</arg>
<doc>Calls the named method of the given object with the provided arguments.</doc>
<status status="PASS" start="2025-02-01T23:17:50.690561" elapsed="0.000000"/>
</kw>
<var name="${arg}">--window-size=1920,1080</var>
<status status="PASS" start="2025-02-01T23:17:50.690561" elapsed="0.000000"/>
</iter>
<iter>
<kw name="Call Method" owner="BuiltIn">
<arg>${chrome_options}</arg>
<arg>add_argument</arg>
<arg>${arg}</arg>
<doc>Calls the named method of the given object with the provided arguments.</doc>
<status status="PASS" start="2025-02-01T23:17:50.691560" elapsed="0.000000"/>
</kw>
<var name="${arg}">--remote-debugging-port=9222</var>
<status status="PASS" start="2025-02-01T23:17:50.690561" elapsed="0.000999"/>
</iter>
<iter>
<kw name="Call Method" owner="BuiltIn">
<arg>${chrome_options}</arg>
<arg>add_argument</arg>
<arg>${arg}</arg>
<doc>Calls the named method of the given object with the provided arguments.</doc>
<status status="PASS" start="2025-02-01T23:17:50.691560" elapsed="0.001002"/>
</kw>
<var name="${arg}">--disable-extensions</var>
<status status="PASS" start="2025-02-01T23:17:50.691560" elapsed="0.001002"/>
</iter>
<iter>
<kw name="Call Method" owner="BuiltIn">
<arg>${chrome_options}</arg>
<arg>add_argument</arg>
<arg>${arg}</arg>
<doc>Calls the named method of the given object with the provided arguments.</doc>
<status status="PASS" start="2025-02-01T23:17:50.692562" elapsed="0.000000"/>
</kw>
<var name="${arg}">--disable-setuid-sandbox</var>
<status status="PASS" start="2025-02-01T23:17:50.692562" elapsed="0.000000"/>
</iter>
<iter>
<kw name="Call Method" owner="BuiltIn">
<arg>${chrome_options}</arg>
<arg>add_argument</arg>
<arg>${arg}</arg>
<doc>Calls the named method of the given object with the provided arguments.</doc>
<status status="PASS" start="2025-02-01T23:17:50.692562" elapsed="0.000000"/>
</kw>
<var name="${arg}">--disable-web-security</var>
<status status="PASS" start="2025-02-01T23:17:50.692562" elapsed="0.000000"/>
</iter>
<var>${arg}</var>
<value>@{args}</value>
<status status="PASS" start="2025-02-01T23:17:50.689561" elapsed="0.003001"/>
</for>
<kw name="Create Webdriver" owner="SeleniumLibrary">
<msg time="2025-02-01T23:17:50.692562" level="INFO">Creating an instance of the Chrome WebDriver.</msg>
<arg>Chrome</arg>
<arg>options=${chrome_options}</arg>
<doc>Creates an instance of Selenium WebDriver.</doc>
<status status="PASS" start="2025-02-01T23:17:50.692562" elapsed="3.039756"/>
</kw>
<kw name="Set Window Size" owner="SeleniumLibrary">
<arg>1920</arg>
<arg>1080</arg>
<doc>Sets current windows size to given ``width`` and ``height``.</doc>
<status status="PASS" start="2025-02-01T23:17:53.732318" elapsed="0.005009"/>
</kw>
<kw name="Go To" owner="SeleniumLibrary">
<msg time="2025-02-01T23:17:53.737327" level="INFO">Opening url 'https://testpages.eviltester.com/styled/apps/calculator.html'</msg>
<arg>${URL}</arg>
<doc>Navigates the current browser window to the provided ``url``.</doc>
<status status="PASS" start="2025-02-01T23:17:53.737327" elapsed="2.207988"/>
</kw>
<doc>Initialize the calculator test environment</doc>
<status status="PASS" start="2025-02-01T23:17:50.687562" elapsed="5.258753"/>
</kw>
<test id="s1-t1" name="User can perform basic integer addition" line="17">
<kw name="Initialize Calculator Session" type="SETUP">
<kw name="Go To" owner="SeleniumLibrary">
<msg time="2025-02-01T23:17:55.947316" level="INFO">Opening url 'https://testpages.eviltester.com/styled/apps/calculator.html'</msg>
<arg>${URL}</arg>
<doc>Navigates the current browser window to the provided ``url``.</doc>
<status status="PASS" start="2025-02-01T23:17:55.947316" elapsed="0.585129"/>
</kw>
<kw name="Maximize Browser Window" owner="SeleniumLibrary">
<doc>Maximizes current browser window.</doc>
<status status="PASS" start="2025-02-01T23:17:56.532445" elapsed="0.018108"/>
</kw>
<kw name="Wait Until Element Is Visible" owner="SeleniumLibrary">
<arg>${CALCULATOR_DISPLAY}</arg>
<doc>Waits until the element ``locator`` is visible.</doc>
<status status="PASS" start="2025-02-01T23:17:56.550553" elapsed="0.022653"/>
</kw>
<status status="PASS" start="2025-02-01T23:17:55.947316" elapsed="0.626925"/>
</kw>
<kw name="Given Calculator is ready for input">
<kw name="Reset Calculator State" owner="CalculatorFlow">
<kw name="Clear Calculator" owner="CalculatorPage">
<kw name="Wait Until Element Is Visible" owner="SeleniumLibrary">
<arg>${CLEAR_BTN}</arg>
<arg>${TIMEOUT}</arg>
<doc>Waits until the element ``locator`` is visible.</doc>
<status status="PASS" start="2025-02-01T23:17:56.575269" elapsed="0.017995"/>
</kw>
<kw name="Click Element" owner="SeleniumLibrary">
<msg time="2025-02-01T23:17:56.594260" level="INFO">Clicking element 'id=buttonclearentry'.</msg>
<arg>${CLEAR_BTN}</arg>
<doc>Click the element identified by ``locator``.</doc>
<status status="PASS" start="2025-02-01T23:17:56.593264" elapsed="0.052560"/>
</kw>
<doc>Click the clear button to reset the display to the default value.</doc>
<status status="PASS" start="2025-02-01T23:17:56.575269" elapsed="0.070555"/>
</kw>
<kw name="Verify Result" owner="CalculatorFlow">
<kw name="Log" owner="BuiltIn">
<msg time="2025-02-01T23:17:56.646806" level="INFO">Verifying result: </msg>
<arg>Verifying result: ${expected_value}</arg>
<arg>console=True</arg>
<doc>Logs the given message with the given level.</doc>
<status status="PASS" start="2025-02-01T23:17:56.646806" elapsed="0.000000"/>
</kw>
<kw name="Get Display Value" owner="CalculatorPage">
<kw name="Wait Until Element Is Visible" owner="SeleniumLibrary">
<arg>${CALCULATOR_DISPLAY}</arg>
<arg>${TIMEOUT}</arg>
<doc>Waits until the element ``locator`` is visible.</doc>
<status status="PASS" start="2025-02-01T23:17:56.646806" elapsed="0.014653"/>
</kw>
<kw name="Get Element Attribute" owner="SeleniumLibrary">
<msg time="2025-02-01T23:17:56.679508" level="INFO">${value} = </msg>
<var>${value}</var>
<arg>${CALCULATOR_DISPLAY}</arg>
<arg>value</arg>
<doc>Returns the value of ``attribute`` from the element ``locator``.</doc>
<status status="PASS" start="2025-02-01T23:17:56.661459" elapsed="0.018049"/>
</kw>
<kw name="Set Variable If" owner="BuiltIn">
<msg time="2025-02-01T23:17:56.679508" level="INFO">${value} = </msg>
<var>${value}</var>
<arg>'${value}' == ''</arg>
<arg>${DEFAULT_VALUE}</arg>
<arg>${value}</arg>
<doc>Sets variable based on the given condition.</doc>
<status status="PASS" start="2025-02-01T23:17:56.679508" elapsed="0.000000"/>
</kw>
<kw name="Set Variable If" owner="BuiltIn">
<msg time="2025-02-01T23:17:56.680420" level="INFO">${value} = </msg>
<var>${value}</var>
<arg>'${value}' == 'undefined'</arg>
<arg>${DEFAULT_VALUE}</arg>
<arg>${value}</arg>
<doc>Sets variable based on the given condition.</doc>
<status status="PASS" start="2025-02-01T23:17:56.679508" elapsed="0.000912"/>
</kw>
<kw name="Set Variable If" owner="BuiltIn">
<msg time="2025-02-01T23:17:56.680420" level="INFO">${value} = </msg>
<var>${value}</var>
<arg>'${value}' == 'null'</arg>
<arg>${DEFAULT_VALUE}</arg>
<arg>${value}</arg>
<doc>Sets variable based on the given condition.</doc>
<status status="PASS" start="2025-02-01T23:17:56.680420" elapsed="0.000000"/>
</kw>
<kw name="Log" owner="BuiltIn">
<msg time="2025-02-01T23:17:56.680420" level="INFO">Display value: </msg>
<arg>Display value: ${value}</arg>
<arg>console=True</arg>
<doc>Logs the given message with the given level.</doc>
<status status="PASS" start="2025-02-01T23:17:56.680420" elapsed="0.000000"/>
</kw>
<return>
<value>${value}</value>
<status status="PASS" start="2025-02-01T23:17:56.681512" elapsed="0.000000"/>
</return>
<msg time="2025-02-01T23:17:56.681512" level="INFO">${actual_value} = </msg>
<var>${actual_value}</var>
<doc>Get the value displayed on Calculator screen</doc>
<status status="PASS" start="2025-02-01T23:17:56.646806" elapsed="0.034706"/>
</kw>
<kw name="Set Variable If" owner="BuiltIn">
<msg time="2025-02-01T23:17:56.681512" level="INFO">${actual_value} = 0</msg>
<var>${actual_value}</var>
<arg>'${actual_value}' == ''</arg>
<arg>0</arg>
<arg>${actual_value}</arg>
<doc>Sets variable based on the given condition.</doc>
<status status="PASS" start="2025-02-01T23:17:56.681512" elapsed="0.000000"/>
</kw>
<kw name="Set Variable If" owner="BuiltIn">
<msg time="2025-02-01T23:17:56.682415" level="INFO">${expected_value} = 0</msg>
<var>${expected_value}</var>
<arg>'${expected_value}' == ''</arg>
<arg>0</arg>
<arg>${expected_value}</arg>
<doc>Sets variable based on the given condition.</doc>
<status status="PASS" start="2025-02-01T23:17:56.682415" elapsed="0.000000"/>
</kw>
<kw name="Should Be Equal As Strings" owner="BuiltIn">
<arg>${actual_value}</arg>
<arg>${expected_value}</arg>
<doc>Fails if objects are unequal after converting them to strings.</doc>
<status status="PASS" start="2025-02-01T23:17:56.682415" elapsed="0.000000"/>
</kw>
<kw name="Log" owner="BuiltIn">
<msg time="2025-02-01T23:17:56.682415" level="INFO">Verification passed: 0 equals 0</msg>
<arg>Verification passed: ${actual_value} equals ${expected_value}</arg>
<arg>console=True</arg>
<doc>Logs the given message with the given level.</doc>
<status status="PASS" start="2025-02-01T23:17:56.682415" elapsed="0.000000"/>
</kw>
<arg>${DEFAULT_VALUE}</arg>
<doc>Verifies the calculator display shows expected value</doc>
<status status="PASS" start="2025-02-01T23:17:56.645824" elapsed="0.036591"/>
</kw>
<doc>Resets calculator to initial state</doc>
<status status="PASS" start="2025-02-01T23:17:56.574241" elapsed="0.108174"/>
</kw>
<kw name="Verify Result" owner="CalculatorFlow">
<kw name="Log" owner="BuiltIn">
<msg time="2025-02-01T23:17:56.683515" level="INFO">Verifying result: </msg>
<arg>Verifying result: ${expected_value}</arg>
<arg>console=True</arg>
<doc>Logs the given message with the given level.</doc>
<status status="PASS" start="2025-02-01T23:17:56.683515" elapsed="0.000000"/>
</kw>
<kw name="Get Display Value" owner="CalculatorPage">
<kw name="Wait Until Element Is Visible" owner="SeleniumLibrary">
<arg>${CALCULATOR_DISPLAY}</arg>
<arg>${TIMEOUT}</arg>
<doc>Waits until the element ``locator`` is visible.</doc>
<status status="PASS" start="2025-02-01T23:17:56.683515" elapsed="0.013907"/>
</kw>
<kw name="Get Element Attribute" owner="SeleniumLibrary">
<msg time="2025-02-01T23:17:56.717523" level="INFO">${value} = </msg>
<var>${value}</var>
<arg>${CALCULATOR_DISPLAY}</arg>
<arg>value</arg>
<doc>Returns the value of ``attribute`` from the element ``locator``.</doc>
<status status="PASS" start="2025-02-01T23:17:56.697422" elapsed="0.020101"/>
</kw>
<kw name="Set Variable If" owner="BuiltIn">
<msg time="2025-02-01T23:17:56.717523" level="INFO">${value} = </msg>
<var>${value}</var>
<arg>'${value}' == ''</arg>
<arg>${DEFAULT_VALUE}</arg>
<arg>${value}</arg>
<doc>Sets variable based on the given condition.</doc>
<status status="PASS" start="2025-02-01T23:17:56.717523" elapsed="0.000000"/>
</kw>
<kw name="Set Variable If" owner="BuiltIn">
<msg time="2025-02-01T23:17:56.717523" level="INFO">${value} = </msg>
<var>${value}</var>
<arg>'${value}' == 'undefined'</arg>
<arg>${DEFAULT_VALUE}</arg>
<arg>${value}</arg>
<doc>Sets variable based on the given condition.</doc>
<status status="PASS" start="2025-02-01T23:17:56.717523" elapsed="0.000000"/>
</kw>
<kw name="Set Variable If" owner="BuiltIn">
<msg time="2025-02-01T23:17:56.717523" level="INFO">${value} = </msg>
<var>${value}</var>
<arg>'${value}' == 'null'</arg>
<arg>${DEFAULT_VALUE}</arg>
<arg>${value}</arg>
<doc>Sets variable based on the given condition.</doc>
<status status="PASS" start="2025-02-01T23:17:56.717523" elapsed="0.000000"/>
</kw>
<kw name="Log" owner="BuiltIn">
<msg time="2025-02-01T23:17:56.718518" level="INFO">Display value: </msg>
<arg>Display value: ${value}</arg>
<arg>console=True</arg>
<doc>Logs the given message with the given level.</doc>
<status status="PASS" start="2025-02-01T23:17:56.718518" elapsed="0.000000"/>
</kw>
<return>
<value>${value}</value>
<status status="PASS" start="2025-02-01T23:17:56.718518" elapsed="0.000000"/>
</return>
<msg time="2025-02-01T23:17:56.718518" level="INFO">${actual_value} = </msg>
<var>${actual_value}</var>
<doc>Get the value displayed on Calculator screen</doc>
<status status="PASS" start="2025-02-01T23:17:56.683515" elapsed="0.035003"/>
</kw>
<kw name="Set Variable If" owner="BuiltIn">
<msg time="2025-02-01T23:17:56.719461" level="INFO">${actual_value} = 0</msg>
<var>${actual_value}</var>
<arg>'${actual_value}' == ''</arg>
<arg>0</arg>
<arg>${actual_value}</arg>
<doc>Sets variable based on the given condition.</doc>
<status status="PASS" start="2025-02-01T23:17:56.718518" elapsed="0.000943"/>
</kw>
<kw name="Set Variable If" owner="BuiltIn">
<msg time="2025-02-01T23:17:56.719461" level="INFO">${expected_value} = 0</msg>
<var>${expected_value}</var>
<arg>'${expected_value}' == ''</arg>
<arg>0</arg>
<arg>${expected_value}</arg>
<doc>Sets variable based on the given condition.</doc>
<status status="PASS" start="2025-02-01T23:17:56.719461" elapsed="0.000000"/>
</kw>
<kw name="Should Be Equal As Strings" owner="BuiltIn">
<arg>${actual_value}</arg>
<arg>${expected_value}</arg>
<doc>Fails if objects are unequal after converting them to strings.</doc>
<status status="PASS" start="2025-02-01T23:17:56.719461" elapsed="0.000000"/>
</kw>
<kw name="Log" owner="BuiltIn">
<msg time="2025-02-01T23:17:56.719461" level="INFO">Verification passed: 0 equals 0</msg>
<arg>Verification passed: ${actual_value} equals ${expected_value}</arg>
<arg>console=True</arg>
<doc>Logs the given message with the given level.</doc>
<status status="PASS" start="2025-02-01T23:17:56.719461" elapsed="0.000000"/>
</kw>
<arg>${DEFAULT_VALUE}</arg>
<doc>Verifies the calculator display shows expected value</doc>
<status status="PASS" start="2025-02-01T23:17:56.682415" elapsed="0.037046"/>
</kw>
<doc>Ensures calculator is in initial state and ready for input</doc>
<status status="PASS" start="2025-02-01T23:17:56.574241" elapsed="0.145220"/>
</kw>
<kw name="When User performs basic operation">
<kw name="Execute Operation Flow" owner="CalculatorFlow">
<kw name="Generate Basic Operation Data" owner="CalculatorData">
<kw name="Generate Numbers" owner="calculator_data_generator">
<msg time="2025-02-01T23:17:56.721475" level="INFO">${data} = {'num1': '87', 'num2': '27', 'num3': '9', 'expected_addition': '114', 'expected_multiplication': '2349', 'expected_result': '105'}</msg>
<var>${data}</var>
<arg>${min_val}</arg>
<arg>${max_val}</arg>
<arg>${use_decimal}</arg>
<doc>Generate three random numbers and their expected results</doc>
<status status="PASS" start="2025-02-01T23:17:56.721475" elapsed="0.000000"/>
</kw>
<return>
<value>${data}</value>
<status status="PASS" start="2025-02-01T23:17:56.721475" elapsed="0.000000"/>
</return>
<msg time="2025-02-01T23:17:56.721475" level="INFO">${test_data} = {'num1': '87', 'num2': '27', 'num3': '9', 'expected_addition': '114', 'expected_multiplication': '2349', 'expected_result': '105'}</msg>
<var>${test_data}</var>
<arg>${min}</arg>
<arg>${max}</arg>
<arg>${use_decimals}</arg>
<status status="PASS" start="2025-02-01T23:17:56.720479" elapsed="0.000996"/>
</kw>
<kw name="Set Test Variable" owner="BuiltIn">
<msg time="2025-02-01T23:17:56.721475" level="INFO">${TEST_DATA} = {'num1': '87', 'num2': '27', 'num3': '9', 'expected_addition': '114', 'expected_multiplication': '2349', 'expected_result': '105'}</msg>
<arg>${TEST_DATA}</arg>
<arg>${test_data}</arg>
<doc>Makes a variable available everywhere within the scope of the current test.</doc>
<status status="PASS" start="2025-02-01T23:17:56.721475" elapsed="0.000000"/>
</kw>
<kw name="Run Keyword If" owner="BuiltIn">
<kw name="Perform Addition Flow" owner="CalculatorFlow">
<kw name="Perform Addition Operation" owner="CalculatorFlow">
<kw name="Log" owner="BuiltIn">
<msg time="2025-02-01T23:17:56.722475" level="INFO">Performing addition: 87 + 27</msg>
<arg>Performing addition: ${first_number} + ${second_number}</arg>
<arg>console=True</arg>
<doc>Logs the given message with the given level.</doc>
<status status="PASS" start="2025-02-01T23:17:56.722475" elapsed="0.000000"/>
</kw>
<kw name="Enter Number" owner="CalculatorFlow">
<kw name="Log" owner="BuiltIn">
<msg time="2025-02-01T23:17:56.723487" level="INFO">Entering number: 87</msg>
<arg>Entering number: ${number}</arg>
<arg>console=True</arg>
<doc>Logs the given message with the given level.</doc>
<status status="PASS" start="2025-02-01T23:17:56.723487" elapsed="0.000000"/>
</kw>
<kw name="Convert To String" owner="BuiltIn">
<msg time="2025-02-01T23:17:56.724481" level="INFO">${digits} = 87</msg>
<var>${digits}</var>
<arg>${number}</arg>
<doc>Converts the given item to a Unicode string.</doc>
<status status="PASS" start="2025-02-01T23:17:56.723487" elapsed="0.000994"/>
</kw>
<kw name="Split String To Characters" owner="String">
<msg time="2025-02-01T23:17:56.724481" level="INFO">@{chars} = [ 8 | 7 ]</msg>
<var>@{chars}</var>
<arg>${digits}</arg>
<doc>Splits the given ``string`` to characters.</doc>
<status status="PASS" start="2025-02-01T23:17:56.724481" elapsed="0.000000"/>
</kw>
<for flavor="IN">
<iter>
<kw name="Run Keyword If" owner="BuiltIn">
<kw name="Click Number" owner="CalculatorPage">
<kw name="Set Variable" owner="BuiltIn">
<msg time="2025-02-01T23:17:56.725465" level="INFO">${locator} = xpath=//button[normalize-space(text())='8']</msg>
<var>${locator}</var>
<arg>xpath=//button[normalize-space(text())='${digit}']</arg>
<doc>Returns the given values which can then be assigned to a variables.</doc>
<status status="PASS" start="2025-02-01T23:17:56.725465" elapsed="0.000000"/>
</kw>
<kw name="Wait And Click Element" owner="CalculatorPage">
<kw name="Wait Until Element Is Enabled" owner="SeleniumLibrary">
<arg>${locator}</arg>
<doc>Waits until the element ``locator`` is enabled.</doc>
<status status="PASS" start="2025-02-01T23:17:56.725465" elapsed="0.028074"/>
</kw>
<kw name="Click Element" owner="SeleniumLibrary">
<msg time="2025-02-01T23:17:56.753539" level="INFO">Clicking element 'xpath=//button[normalize-space(text())='8']'.</msg>
<arg>${locator}</arg>
<doc>Click the element identified by ``locator``.</doc>
<status status="PASS" start="2025-02-01T23:17:56.753539" elapsed="0.058856"/>
</kw>
<arg>${locator}</arg>
<doc>Wait for element to be visible and click it</doc>
<status status="PASS" start="2025-02-01T23:17:56.725465" elapsed="0.086930"/>
</kw>
<arg>${char}</arg>
<doc>Click on the number button with value ${digit}.</doc>
<status status="PASS" start="2025-02-01T23:17:56.725465" elapsed="0.086930"/>
</kw>
<arg>'${char}' == '.'</arg>
<arg>Click Decimal Point</arg>
<arg>ELSE</arg>
<arg>Click Number</arg>
<arg>${char}</arg>
<doc>Runs the given keyword with the given arguments, if ``condition`` is true.</doc>
<status status="PASS" start="2025-02-01T23:17:56.724481" elapsed="0.088914"/>
</kw>
<var name="${char}">8</var>
<status status="PASS" start="2025-02-01T23:17:56.724481" elapsed="0.088914"/>
</iter>
<iter>
<kw name="Run Keyword If" owner="BuiltIn">
<kw name="Click Number" owner="CalculatorPage">
<kw name="Set Variable" owner="BuiltIn">
<msg time="2025-02-01T23:17:56.815402" level="INFO">${locator} = xpath=//button[normalize-space(text())='7']</msg>
<var>${locator}</var>
<arg>xpath=//button[normalize-space(text())='${digit}']</arg>
<doc>Returns the given values which can then be assigned to a variables.</doc>
<status status="PASS" start="2025-02-01T23:17:56.815402" elapsed="0.000000"/>
</kw>
<kw name="Wait And Click Element" owner="CalculatorPage">
<kw name="Wait Until Element Is Enabled" owner="SeleniumLibrary">
<arg>${locator}</arg>
<doc>Waits until the element ``locator`` is enabled.</doc>
<status status="PASS" start="2025-02-01T23:17:56.816395" elapsed="0.024565"/>
</kw>
<kw name="Click Element" owner="SeleniumLibrary">
<msg time="2025-02-01T23:17:56.840960" level="INFO">Clicking element 'xpath=//button[normalize-space(text())='7']'.</msg>
<arg>${locator}</arg>
<doc>Click the element identified by ``locator``.</doc>
<status status="PASS" start="2025-02-01T23:17:56.840960" elapsed="0.035707"/>
</kw>
<arg>${locator}</arg>
<doc>Wait for element to be visible and click it</doc>
<status status="PASS" start="2025-02-01T23:17:56.815402" elapsed="0.061265"/>
</kw>
<arg>${char}</arg>
<doc>Click on the number button with value ${digit}.</doc>
<status status="PASS" start="2025-02-01T23:17:56.814394" elapsed="0.062273"/>
</kw>
<arg>'${char}' == '.'</arg>
<arg>Click Decimal Point</arg>
<arg>ELSE</arg>
<arg>Click Number</arg>
<arg>${char}</arg>
<doc>Runs the given keyword with the given arguments, if ``condition`` is true.</doc>
<status status="PASS" start="2025-02-01T23:17:56.813395" elapsed="0.063272"/>
</kw>
<var name="${char}">7</var>
<status status="PASS" start="2025-02-01T23:17:56.813395" elapsed="0.063272"/>
</iter>
<var>${char}</var>
<value>@{chars}</value>
<status status="PASS" start="2025-02-01T23:17:56.724481" elapsed="0.152186"/>
</for>
<kw name="Sleep" owner="BuiltIn">
<msg time="2025-02-01T23:17:57.376971" level="INFO">Slept 500 milliseconds.</msg>
<arg>0.5s</arg>
<doc>Pauses the test executed for the given time.</doc>
<status status="PASS" start="2025-02-01T23:17:56.876667" elapsed="0.500304"/>
</kw>
<arg>${first_number}</arg>
<doc>Enters a number into the calculator</doc>
<status status="PASS" start="2025-02-01T23:17:56.723487" elapsed="0.653995"/>
</kw>
<kw name="Click Plus" owner="CalculatorPage">
<kw name="Wait And Click Element" owner="CalculatorPage">
<kw name="Wait Until Element Is Enabled" owner="SeleniumLibrary">
<arg>${locator}</arg>
<doc>Waits until the element ``locator`` is enabled.</doc>
<status status="PASS" start="2025-02-01T23:17:57.378598" elapsed="0.027932"/>
</kw>
<kw name="Click Element" owner="SeleniumLibrary">
<msg time="2025-02-01T23:17:57.406530" level="INFO">Clicking element 'id=buttonplus'.</msg>
<arg>${locator}</arg>
<doc>Click the element identified by ``locator``.</doc>
<status status="PASS" start="2025-02-01T23:17:57.406530" elapsed="0.039034"/>
</kw>
<arg>${PLUS_BTN}</arg>
<doc>Wait for element to be visible and click it</doc>
<status status="PASS" start="2025-02-01T23:17:57.377482" elapsed="0.068082"/>
</kw>
<doc>Click the plus button</doc>
<status status="PASS" start="2025-02-01T23:17:57.377482" elapsed="0.068082"/>
</kw>
<kw name="Enter Number" owner="CalculatorFlow">
<kw name="Log" owner="BuiltIn">
<msg time="2025-02-01T23:17:57.446564" level="INFO">Entering number: 27</msg>
<arg>Entering number: ${number}</arg>
<arg>console=True</arg>
<doc>Logs the given message with the given level.</doc>
<status status="PASS" start="2025-02-01T23:17:57.445564" elapsed="0.001000"/>
</kw>
<kw name="Convert To String" owner="BuiltIn">
<msg time="2025-02-01T23:17:57.446564" level="INFO">${digits} = 27</msg>
<var>${digits}</var>
<arg>${number}</arg>
<doc>Converts the given item to a Unicode string.</doc>
<status status="PASS" start="2025-02-01T23:17:57.446564" elapsed="0.000000"/>
</kw>
<kw name="Split String To Characters" owner="String">
<msg time="2025-02-01T23:17:57.446564" level="INFO">@{chars} = [ 2 | 7 ]</msg>
<var>@{chars}</var>
<arg>${digits}</arg>
<doc>Splits the given ``string`` to characters.</doc>
<status status="PASS" start="2025-02-01T23:17:57.446564" elapsed="0.000000"/>
</kw>
<for flavor="IN">
<iter>
<kw name="Run Keyword If" owner="BuiltIn">
<kw name="Click Number" owner="CalculatorPage">
<kw name="Set Variable" owner="BuiltIn">
<msg time="2025-02-01T23:17:57.447564" level="INFO">${locator} = xpath=//button[normalize-space(text())='2']</msg>
<var>${locator}</var>
<arg>xpath=//button[normalize-space(text())='${digit}']</arg>
<doc>Returns the given values which can then be assigned to a variables.</doc>
<status status="PASS" start="2025-02-01T23:17:57.447564" elapsed="0.000000"/>
</kw>
<kw name="Wait And Click Element" owner="CalculatorPage">
<kw name="Wait Until Element Is Enabled" owner="SeleniumLibrary">
<arg>${locator}</arg>
<doc>Waits until the element ``locator`` is enabled.</doc>
<status status="PASS" start="2025-02-01T23:17:57.448564" elapsed="0.017512"/>
</kw>
<kw name="Click Element" owner="SeleniumLibrary">
<msg time="2025-02-01T23:17:57.466076" level="INFO">Clicking element 'xpath=//button[normalize-space(text())='2']'.</msg>
<arg>${locator}</arg>
<doc>Click the element identified by ``locator``.</doc>
<status status="PASS" start="2025-02-01T23:17:57.466076" elapsed="0.037999"/>
</kw>
<arg>${locator}</arg>
<doc>Wait for element to be visible and click it</doc>
<status status="PASS" start="2025-02-01T23:17:57.447564" elapsed="0.056511"/>
</kw>
<arg>${char}</arg>
<doc>Click on the number button with value ${digit}.</doc>
<status status="PASS" start="2025-02-01T23:17:57.447564" elapsed="0.056511"/>
</kw>
<arg>'${char}' == '.'</arg>
<arg>Click Decimal Point</arg>
<arg>ELSE</arg>
<arg>Click Number</arg>
<arg>${char}</arg>
<doc>Runs the given keyword with the given arguments, if ``condition`` is true.</doc>
<status status="PASS" start="2025-02-01T23:17:57.446564" elapsed="0.057511"/>
</kw>
<var name="${char}">2</var>
<status status="PASS" start="2025-02-01T23:17:57.446564" elapsed="0.057511"/>
</iter>
<iter>
<kw name="Run Keyword If" owner="BuiltIn">
<kw name="Click Number" owner="CalculatorPage">
<kw name="Set Variable" owner="BuiltIn">
<msg time="2025-02-01T23:17:57.505078" level="INFO">${locator} = xpath=//button[normalize-space(text())='7']</msg>
<var>${locator}</var>
<arg>xpath=//button[normalize-space(text())='${digit}']</arg>
<doc>Returns the given values which can then be assigned to a variables.</doc>
<status status="PASS" start="2025-02-01T23:17:57.505078" elapsed="0.000998"/>
</kw>
<kw name="Wait And Click Element" owner="CalculatorPage">
<kw name="Wait Until Element Is Enabled" owner="SeleniumLibrary">
<arg>${locator}</arg>
<doc>Waits until the element ``locator`` is enabled.</doc>
<status status="PASS" start="2025-02-01T23:17:57.506076" elapsed="0.013999"/>
</kw>
<kw name="Click Element" owner="SeleniumLibrary">
<msg time="2025-02-01T23:17:57.520075" level="INFO">Clicking element 'xpath=//button[normalize-space(text())='7']'.</msg>
<arg>${locator}</arg>
<doc>Click the element identified by ``locator``.</doc>
<status status="PASS" start="2025-02-01T23:17:57.520075" elapsed="0.033007"/>
</kw>
<arg>${locator}</arg>
<doc>Wait for element to be visible and click it</doc>
<status status="PASS" start="2025-02-01T23:17:57.506076" elapsed="0.047006"/>
</kw>
<arg>${char}</arg>
<doc>Click on the number button with value ${digit}.</doc>
<status status="PASS" start="2025-02-01T23:17:57.505078" elapsed="0.048004"/>
</kw>
<arg>'${char}' == '.'</arg>
<arg>Click Decimal Point</arg>
<arg>ELSE</arg>
<arg>Click Number</arg>
<arg>${char}</arg>
<doc>Runs the given keyword with the given arguments, if ``condition`` is true.</doc>
<status status="PASS" start="2025-02-01T23:17:57.505078" elapsed="0.048004"/>
</kw>
<var name="${char}">7</var>
<status status="PASS" start="2025-02-01T23:17:57.504075" elapsed="0.049007"/>
</iter>
<var>${char}</var>
<value>@{chars}</value>
<status status="PASS" start="2025-02-01T23:17:57.446564" elapsed="0.106518"/>
</for>
<kw name="Sleep" owner="BuiltIn">
<msg time="2025-02-01T23:17:58.053657" level="INFO">Slept 500 milliseconds.</msg>
<arg>0.5s</arg>
<doc>Pauses the test executed for the given time.</doc>
<status status="PASS" start="2025-02-01T23:17:57.553082" elapsed="0.500575"/>
</kw>
<arg>${second_number}</arg>
<doc>Enters a number into the calculator</doc>
<status status="PASS" start="2025-02-01T23:17:57.445564" elapsed="0.608093"/>
</kw>
<kw name="Click Equals" owner="CalculatorPage">
<kw name="Wait And Click Element" owner="CalculatorPage">
<kw name="Wait Until Element Is Enabled" owner="SeleniumLibrary">
<arg>${locator}</arg>
<doc>Waits until the element ``locator`` is enabled.</doc>
<status status="PASS" start="2025-02-01T23:17:58.054272" elapsed="0.017830"/>
</kw>
<kw name="Click Element" owner="SeleniumLibrary">
<msg time="2025-02-01T23:17:58.072102" level="INFO">Clicking element 'id=buttonequals'.</msg>
<arg>${locator}</arg>
<doc>Click the element identified by ``locator``.</doc>
<status status="PASS" start="2025-02-01T23:17:58.072102" elapsed="0.038893"/>
</kw>
<arg>${CALCULATOR_EQUALS}</arg>
<doc>Wait for element to be visible and click it</doc>
<status status="PASS" start="2025-02-01T23:17:58.054272" elapsed="0.057825"/>
</kw>
<doc>Click the equals button</doc>
<status status="PASS" start="2025-02-01T23:17:58.053657" elapsed="0.058440"/>
</kw>
<kw name="Sleep" owner="BuiltIn">
<msg time="2025-02-01T23:17:58.612270" level="INFO">Slept 500 milliseconds.</msg>
<arg>0.5s</arg>
<doc>Pauses the test executed for the given time.</doc>
<status status="PASS" start="2025-02-01T23:17:58.112097" elapsed="0.500173"/>
</kw>
<kw name="Get Display Value" owner="CalculatorPage">
<kw name="Wait Until Element Is Visible" owner="SeleniumLibrary">
<arg>${CALCULATOR_DISPLAY}</arg>
<arg>${TIMEOUT}</arg>
<doc>Waits until the element ``locator`` is visible.</doc>
<status status="PASS" start="2025-02-01T23:17:58.612270" elapsed="0.012402"/>
</kw>
<kw name="Get Element Attribute" owner="SeleniumLibrary">
<msg time="2025-02-01T23:17:58.634037" level="INFO">${value} = 114</msg>
<var>${value}</var>
<arg>${CALCULATOR_DISPLAY}</arg>
<arg>value</arg>
<doc>Returns the value of ``attribute`` from the element ``locator``.</doc>
<status status="PASS" start="2025-02-01T23:17:58.624672" elapsed="0.009365"/>
</kw>
<kw name="Set Variable If" owner="BuiltIn">
<msg time="2025-02-01T23:17:58.634037" level="INFO">${value} = 114</msg>
<var>${value}</var>
<arg>'${value}' == ''</arg>
<arg>${DEFAULT_VALUE}</arg>
<arg>${value}</arg>
<doc>Sets variable based on the given condition.</doc>
<status status="PASS" start="2025-02-01T23:17:58.634037" elapsed="0.000000"/>
</kw>
<kw name="Set Variable If" owner="BuiltIn">
<msg time="2025-02-01T23:17:58.635064" level="INFO">${value} = 114</msg>
<var>${value}</var>
<arg>'${value}' == 'undefined'</arg>
<arg>${DEFAULT_VALUE}</arg>
<arg>${value}</arg>
<doc>Sets variable based on the given condition.</doc>
<status status="PASS" start="2025-02-01T23:17:58.635064" elapsed="0.000000"/>
</kw>
<kw name="Set Variable If" owner="BuiltIn">
<msg time="2025-02-01T23:17:58.635064" level="INFO">${value} = 114</msg>
<var>${value}</var>
<arg>'${value}' == 'null'</arg>
<arg>${DEFAULT_VALUE}</arg>
<arg>${value}</arg>
<doc>Sets variable based on the given condition.</doc>
<status status="PASS" start="2025-02-01T23:17:58.635064" elapsed="0.000000"/>
</kw>
<kw name="Log" owner="BuiltIn">
<msg time="2025-02-01T23:17:58.635064" level="INFO">Display value: 114</msg>
<arg>Display value: ${value}</arg>
<arg>console=True</arg>
<doc>Logs the given message with the given level.</doc>
<status status="PASS" start="2025-02-01T23:17:58.635064" elapsed="0.000000"/>
</kw>
<return>
<value>${value}</value>
<status status="PASS" start="2025-02-01T23:17:58.635064" elapsed="0.000000"/>
</return>
<msg time="2025-02-01T23:17:58.636038" level="INFO">${result} = 114</msg>
<var>${result}</var>
<doc>Get the value displayed on Calculator screen</doc>
<status status="PASS" start="2025-02-01T23:17:58.612270" elapsed="0.023768"/>
</kw>
<kw name="Log" owner="BuiltIn">
<msg time="2025-02-01T23:17:58.636038" level="INFO">Addition result: 114</msg>
<arg>Addition result: ${result}</arg>
<arg>console=True</arg>
<doc>Logs the given message with the given level.</doc>
<status status="PASS" start="2025-02-01T23:17:58.636038" elapsed="0.000000"/>
</kw>
<return>
<value>${result}</value>
<status status="PASS" start="2025-02-01T23:17:58.636038" elapsed="0.000000"/>
</return>
<msg time="2025-02-01T23:17:58.636038" level="INFO">${result} = 114</msg>
<var>${result}</var>
<arg>${TEST_DATA}[num1]</arg>
<arg>${TEST_DATA}[num2]</arg>
<doc>Performs addition operation and returns result</doc>
<status status="PASS" start="2025-02-01T23:17:56.722475" elapsed="1.913563"/>
</kw>
<kw name="Set Test Variable" owner="BuiltIn">
<msg time="2025-02-01T23:17:58.637094" level="INFO">${ACTUAL_RESULT} = 114</msg>
<arg>${ACTUAL_RESULT}</arg>
<arg>${result}</arg>
<doc>Makes a variable available everywhere within the scope of the current test.</doc>
<status status="PASS" start="2025-02-01T23:17:58.637094" elapsed="0.000000"/>
</kw>
<status status="PASS" start="2025-02-01T23:17:56.722475" elapsed="1.914619"/>
</kw>
<arg>'${operation}' == 'addition'</arg>
<arg>Perform Addition Flow</arg>
<arg>ELSE IF</arg>
<arg>'${operation}' == 'multiplication'</arg>
<arg>Perform Multiplication Flow</arg>
<doc>Runs the given keyword with the given arguments, if ``condition`` is true.</doc>
<status status="PASS" start="2025-02-01T23:17:56.722475" elapsed="1.914619"/>
</kw>
<arg>${operation}</arg>
<arg>${min}</arg>
<arg>${max}</arg>
<arg>${use_decimals}</arg>
<doc>Generates test data and executes the specified operation flow</doc>
<status status="PASS" start="2025-02-01T23:17:56.720479" elapsed="1.916615"/>
</kw>
<arg>addition</arg>
<arg>1</arg>
<arg>100</arg>
<arg>${FALSE}</arg>
<status status="PASS" start="2025-02-01T23:17:56.720479" elapsed="1.916615"/>
</kw>
<kw name="Then Result should match expected value">
<kw name="Verify Operation Result" owner="CalculatorFlow">
<kw name="Set Variable If" owner="BuiltIn">
<msg time="2025-02-01T23:17:58.639101" level="INFO">${expected} = 114</msg>
<var>${expected}</var>
<arg>'${operation}' == 'addition'</arg>
<arg>${TEST_DATA}[expected_addition]</arg>
<arg>'${operation}' == 'multiplication'</arg>
<arg>${TEST_DATA}[expected_multiplication]</arg>
<doc>Sets variable based on the given condition.</doc>
<status status="PASS" start="2025-02-01T23:17:58.638100" elapsed="0.001001"/>
</kw>
<kw name="Verify Result" owner="CalculatorFlow">
<kw name="Log" owner="BuiltIn">
<msg time="2025-02-01T23:17:58.639101" level="INFO">Verifying result: 114</msg>
<arg>Verifying result: ${expected_value}</arg>
<arg>console=True</arg>
<doc>Logs the given message with the given level.</doc>
<status status="PASS" start="2025-02-01T23:17:58.639101" elapsed="0.000000"/>
</kw>
<kw name="Get Display Value" owner="CalculatorPage">
<kw name="Wait Until Element Is Visible" owner="SeleniumLibrary">
<arg>${CALCULATOR_DISPLAY}</arg>
<arg>${TIMEOUT}</arg>
<doc>Waits until the element ``locator`` is visible.</doc>
<status status="PASS" start="2025-02-01T23:17:58.639101" elapsed="0.010611"/>
</kw>
<kw name="Get Element Attribute" owner="SeleniumLibrary">
<msg time="2025-02-01T23:17:58.661226" level="INFO">${value} = 114</msg>
<var>${value}</var>
<arg>${CALCULATOR_DISPLAY}</arg>
<arg>value</arg>
<doc>Returns the value of ``attribute`` from the element ``locator``.</doc>
<status status="PASS" start="2025-02-01T23:17:58.649712" elapsed="0.011514"/>
</kw>
<kw name="Set Variable If" owner="BuiltIn">
<msg time="2025-02-01T23:17:58.661226" level="INFO">${value} = 114</msg>
<var>${value}</var>
<arg>'${value}' == ''</arg>
<arg>${DEFAULT_VALUE}</arg>
<arg>${value}</arg>
<doc>Sets variable based on the given condition.</doc>
<status status="PASS" start="2025-02-01T23:17:58.661226" elapsed="0.000000"/>
</kw>
<kw name="Set Variable If" owner="BuiltIn">
<msg time="2025-02-01T23:17:58.661226" level="INFO">${value} = 114</msg>
<var>${value}</var>
<arg>'${value}' == 'undefined'</arg>
<arg>${DEFAULT_VALUE}</arg>
<arg>${value}</arg>
<doc>Sets variable based on the given condition.</doc>
<status status="PASS" start="2025-02-01T23:17:58.661226" elapsed="0.000000"/>
</kw>
<kw name="Set Variable If" owner="BuiltIn">
<msg time="2025-02-01T23:17:58.662225" level="INFO">${value} = 114</msg>
<var>${value}</var>
<arg>'${value}' == 'null'</arg>
<arg>${DEFAULT_VALUE}</arg>
<arg>${value}</arg>
<doc>Sets variable based on the given condition.</doc>
<status status="PASS" start="2025-02-01T23:17:58.661226" elapsed="0.000999"/>
</kw>
<kw name="Log" owner="BuiltIn">
<msg time="2025-02-01T23:17:58.662225" level="INFO">Display value: 114</msg>
<arg>Display value: ${value}</arg>
<arg>console=True</arg>
<doc>Logs the given message with the given level.</doc>
<status status="PASS" start="2025-02-01T23:17:58.662225" elapsed="0.000000"/>
</kw>
<return>
<value>${value}</value>
<status status="PASS" start="2025-02-01T23:17:58.663225" elapsed="0.000000"/>
</return>
<msg time="2025-02-01T23:17:58.663225" level="INFO">${actual_value} = 114</msg>
<var>${actual_value}</var>
<doc>Get the value displayed on Calculator screen</doc>
<status status="PASS" start="2025-02-01T23:17:58.639101" elapsed="0.024124"/>
</kw>
<kw name="Set Variable If" owner="BuiltIn">
<msg time="2025-02-01T23:17:58.663225" level="INFO">${actual_value} = 114</msg>
<var>${actual_value}</var>
<arg>'${actual_value}' == ''</arg>
<arg>0</arg>
<arg>${actual_value}</arg>
<doc>Sets variable based on the given condition.</doc>
<status status="PASS" start="2025-02-01T23:17:58.663225" elapsed="0.000000"/>
</kw>
<kw name="Set Variable If" owner="BuiltIn">
<msg time="2025-02-01T23:17:58.663225" level="INFO">${expected_value} = 114</msg>
<var>${expected_value}</var>
<arg>'${expected_value}' == ''</arg>
<arg>0</arg>
<arg>${expected_value}</arg>
<doc>Sets variable based on the given condition.</doc>
<status status="PASS" start="2025-02-01T23:17:58.663225" elapsed="0.000000"/>
</kw>
<kw name="Should Be Equal As Strings" owner="BuiltIn">
<arg>${actual_value}</arg>
<arg>${expected_value}</arg>
<doc>Fails if objects are unequal after converting them to strings.</doc>
<status status="PASS" start="2025-02-01T23:17:58.664228" elapsed="0.000000"/>
</kw>
<kw name="Log" owner="BuiltIn">
<msg time="2025-02-01T23:17:58.664228" level="INFO">Verification passed: 114 equals 114</msg>
<arg>Verification passed: ${actual_value} equals ${expected_value}</arg>
<arg>console=True</arg>
<doc>Logs the given message with the given level.</doc>
<status status="PASS" start="2025-02-01T23:17:58.664228" elapsed="0.000000"/>
</kw>
<arg>${expected}</arg>
<doc>Verifies the calculator display shows expected value</doc>
<status status="PASS" start="2025-02-01T23:17:58.639101" elapsed="0.025127"/>
</kw>
<arg>${operation}</arg>
<status status="PASS" start="2025-02-01T23:17:58.638100" elapsed="0.026128"/>
</kw>
<arg>addition</arg>
<status status="PASS" start="2025-02-01T23:17:58.638100" elapsed="0.026128"/>
</kw>
<kw name="Cleanup Calculator Session" type="TEARDOWN">
<kw name="Run Keyword If Test Failed" owner="BuiltIn">
<arg>Capture Page Screenshot</arg>
<doc>Runs the given keyword with the given arguments, if the test failed.</doc>
<status status="PASS" start="2025-02-01T23:17:58.665225" elapsed="0.000000"/>
</kw>
<kw name="Go To" owner="SeleniumLibrary">
<msg time="2025-02-01T23:17:58.665225" level="INFO">Opening url 'about:blank'</msg>
<arg>about:blank</arg>
<doc>Navigates the current browser window to the provided ``url``.</doc>
<status status="PASS" start="2025-02-01T23:17:58.665225" elapsed="0.116960"/>
</kw>
<status status="PASS" start="2025-02-01T23:17:58.665225" elapsed="0.117959"/>
</kw>
<doc>Verify that calculator can perform basic addition with integers</doc>
<tag>addition</tag>
<tag>integer</tag>
<tag>smoke</tag>
<status status="PASS" start="2025-02-01T23:17:55.946315" elapsed="2.836869"/>
</test>
<test id="s1-t2" name="User can perform basic integer multiplication" line="24">
<kw name="Initialize Calculator Session" type="SETUP">
<kw name="Go To" owner="SeleniumLibrary">
<msg time="2025-02-01T23:17:58.785190" level="INFO">Opening url 'https://testpages.eviltester.com/styled/apps/calculator.html'</msg>
<arg>${URL}</arg>
<doc>Navigates the current browser window to the provided ``url``.</doc>
<status status="PASS" start="2025-02-01T23:17:58.784192" elapsed="0.606758"/>
</kw>
<kw name="Maximize Browser Window" owner="SeleniumLibrary">
<doc>Maximizes current browser window.</doc>
<status status="PASS" start="2025-02-01T23:17:59.390950" elapsed="0.001999"/>
</kw>
<kw name="Wait Until Element Is Visible" owner="SeleniumLibrary">
<arg>${CALCULATOR_DISPLAY}</arg>
<doc>Waits until the element ``locator`` is visible.</doc>
<status status="PASS" start="2025-02-01T23:17:59.392949" elapsed="0.017999"/>
</kw>
<status status="PASS" start="2025-02-01T23:17:58.784192" elapsed="0.627756"/>
</kw>
<kw name="Given Calculator is ready for input">
<kw name="Reset Calculator State" owner="CalculatorFlow">
<kw name="Clear Calculator" owner="CalculatorPage">
<kw name="Wait Until Element Is Visible" owner="SeleniumLibrary">
<arg>${CLEAR_BTN}</arg>
<arg>${TIMEOUT}</arg>
<doc>Waits until the element ``locator`` is visible.</doc>
<status status="PASS" start="2025-02-01T23:17:59.412126" elapsed="0.015102"/>
</kw>
<kw name="Click Element" owner="SeleniumLibrary">
<msg time="2025-02-01T23:17:59.427228" level="INFO">Clicking element 'id=buttonclearentry'.</msg>
<arg>${CLEAR_BTN}</arg>
<doc>Click the element identified by ``locator``.</doc>
<status status="PASS" start="2025-02-01T23:17:59.427228" elapsed="0.041724"/>
</kw>
<doc>Click the clear button to reset the display to the default value.</doc>
<status status="PASS" start="2025-02-01T23:17:59.412126" elapsed="0.056826"/>
</kw>
<kw name="Verify Result" owner="CalculatorFlow">
<kw name="Log" owner="BuiltIn">
<msg time="2025-02-01T23:17:59.469959" level="INFO">Verifying result: </msg>
<arg>Verifying result: ${expected_value}</arg>
<arg>console=True</arg>
<doc>Logs the given message with the given level.</doc>
<status status="PASS" start="2025-02-01T23:17:59.469959" elapsed="0.000000"/>
</kw>
<kw name="Get Display Value" owner="CalculatorPage">
<kw name="Wait Until Element Is Visible" owner="SeleniumLibrary">
<arg>${CALCULATOR_DISPLAY}</arg>
<arg>${TIMEOUT}</arg>
<doc>Waits until the element ``locator`` is visible.</doc>
<status status="PASS" start="2025-02-01T23:17:59.469959" elapsed="0.010409"/>
</kw>
<kw name="Get Element Attribute" owner="SeleniumLibrary">
<msg time="2025-02-01T23:17:59.494797" level="INFO">${value} = </msg>
<var>${value}</var>
<arg>${CALCULATOR_DISPLAY}</arg>
<arg>value</arg>
<doc>Returns the value of ``attribute`` from the element ``locator``.</doc>
<status status="PASS" start="2025-02-01T23:17:59.480368" elapsed="0.014429"/>
</kw>
<kw name="Set Variable If" owner="BuiltIn">
<msg time="2025-02-01T23:17:59.495786" level="INFO">${value} = </msg>
<var>${value}</var>
<arg>'${value}' == ''</arg>
<arg>${DEFAULT_VALUE}</arg>
<arg>${value}</arg>
<doc>Sets variable based on the given condition.</doc>
<status status="PASS" start="2025-02-01T23:17:59.494797" elapsed="0.000989"/>
</kw>
<kw name="Set Variable If" owner="BuiltIn">
<msg time="2025-02-01T23:17:59.495786" level="INFO">${value} = </msg>
<var>${value}</var>
<arg>'${value}' == 'undefined'</arg>
<arg>${DEFAULT_VALUE}</arg>
<arg>${value}</arg>
<doc>Sets variable based on the given condition.</doc>
<status status="PASS" start="2025-02-01T23:17:59.495786" elapsed="0.000000"/>
</kw>
<kw name="Set Variable If" owner="BuiltIn">
<msg time="2025-02-01T23:17:59.495786" level="INFO">${value} = </msg>
<var>${value}</var>
<arg>'${value}' == 'null'</arg>
<arg>${DEFAULT_VALUE}</arg>
<arg>${value}</arg>
<doc>Sets variable based on the given condition.</doc>
<status status="PASS" start="2025-02-01T23:17:59.495786" elapsed="0.000000"/>
</kw>
<kw name="Log" owner="BuiltIn">
<msg time="2025-02-01T23:17:59.495786" level="INFO">Display value: </msg>
<arg>Display value: ${value}</arg>
<arg>console=True</arg>
<doc>Logs the given message with the given level.</doc>
<status status="PASS" start="2025-02-01T23:17:59.495786" elapsed="0.000808"/>
</kw>
<return>
<value>${value}</value>
<status status="PASS" start="2025-02-01T23:17:59.496594" elapsed="0.000000"/>
</return>
<msg time="2025-02-01T23:17:59.496594" level="INFO">${actual_value} = </msg>
<var>${actual_value}</var>
<doc>Get the value displayed on Calculator screen</doc>
<status status="PASS" start="2025-02-01T23:17:59.469959" elapsed="0.026635"/>
</kw>
<kw name="Set Variable If" owner="BuiltIn">
<msg time="2025-02-01T23:17:59.496594" level="INFO">${actual_value} = 0</msg>
<var>${actual_value}</var>
<arg>'${actual_value}' == ''</arg>
<arg>0</arg>
<arg>${actual_value}</arg>
<doc>Sets variable based on the given condition.</doc>
<status status="PASS" start="2025-02-01T23:17:59.496594" elapsed="0.000000"/>
</kw>
<kw name="Set Variable If" owner="BuiltIn">
<msg time="2025-02-01T23:17:59.496594" level="INFO">${expected_value} = 0</msg>
<var>${expected_value}</var>
<arg>'${expected_value}' == ''</arg>
<arg>0</arg>
<arg>${expected_value}</arg>
<doc>Sets variable based on the given condition.</doc>
<status status="PASS" start="2025-02-01T23:17:59.496594" elapsed="0.000000"/>
</kw>
<kw name="Should Be Equal As Strings" owner="BuiltIn">
<arg>${actual_value}</arg>
<arg>${expected_value}</arg>
<doc>Fails if objects are unequal after converting them to strings.</doc>
<status status="PASS" start="2025-02-01T23:17:59.496594" elapsed="0.001024"/>
</kw>
<kw name="Log" owner="BuiltIn">
<msg time="2025-02-01T23:17:59.497618" level="INFO">Verification passed: 0 equals 0</msg>
<arg>Verification passed: ${actual_value} equals ${expected_value}</arg>
<arg>console=True</arg>
<doc>Logs the given message with the given level.</doc>
<status status="PASS" start="2025-02-01T23:17:59.497618" elapsed="0.000000"/>
</kw>
<arg>${DEFAULT_VALUE}</arg>
<doc>Verifies the calculator display shows expected value</doc>
<status status="PASS" start="2025-02-01T23:17:59.468952" elapsed="0.028666"/>
</kw>
<doc>Resets calculator to initial state</doc>
<status status="PASS" start="2025-02-01T23:17:59.412126" elapsed="0.085492"/>
</kw>
<kw name="Verify Result" owner="CalculatorFlow">
<kw name="Log" owner="BuiltIn">
<msg time="2025-02-01T23:17:59.498615" level="INFO">Verifying result: </msg>
<arg>Verifying result: ${expected_value}</arg>
<arg>console=True</arg>
<doc>Logs the given message with the given level.</doc>
<status status="PASS" start="2025-02-01T23:17:59.497618" elapsed="0.000997"/>
</kw>
<kw name="Get Display Value" owner="CalculatorPage">
<kw name="Wait Until Element Is Visible" owner="SeleniumLibrary">
<arg>${CALCULATOR_DISPLAY}</arg>
<arg>${TIMEOUT}</arg>
<doc>Waits until the element ``locator`` is visible.</doc>
<status status="PASS" start="2025-02-01T23:17:59.498615" elapsed="0.012001"/>
</kw>
<kw name="Get Element Attribute" owner="SeleniumLibrary">
<msg time="2025-02-01T23:17:59.522615" level="INFO">${value} = </msg>
<var>${value}</var>
<arg>${CALCULATOR_DISPLAY}</arg>
<arg>value</arg>
<doc>Returns the value of ``attribute`` from the element ``locator``.</doc>
<status status="PASS" start="2025-02-01T23:17:59.510616" elapsed="0.011999"/>
</kw>
<kw name="Set Variable If" owner="BuiltIn">
<msg time="2025-02-01T23:17:59.523617" level="INFO">${value} = </msg>
<var>${value}</var>
<arg>'${value}' == ''</arg>
<arg>${DEFAULT_VALUE}</arg>
<arg>${value}</arg>
<doc>Sets variable based on the given condition.</doc>
<status status="PASS" start="2025-02-01T23:17:59.523617" elapsed="0.000000"/>
</kw>
<kw name="Set Variable If" owner="BuiltIn">
<msg time="2025-02-01T23:17:59.523617" level="INFO">${value} = </msg>
<var>${value}</var>
<arg>'${value}' == 'undefined'</arg>
<arg>${DEFAULT_VALUE}</arg>
<arg>${value}</arg>
<doc>Sets variable based on the given condition.</doc>
<status status="PASS" start="2025-02-01T23:17:59.523617" elapsed="0.000000"/>
</kw>
<kw name="Set Variable If" owner="BuiltIn">
<msg time="2025-02-01T23:17:59.523617" level="INFO">${value} = </msg>
<var>${value}</var>
<arg>'${value}' == 'null'</arg>
<arg>${DEFAULT_VALUE}</arg>
<arg>${value}</arg>
<doc>Sets variable based on the given condition.</doc>
<status status="PASS" start="2025-02-01T23:17:59.523617" elapsed="0.000000"/>
</kw>
<kw name="Log" owner="BuiltIn">
<msg time="2025-02-01T23:17:59.523617" level="INFO">Display value: </msg>
<arg>Display value: ${value}</arg>
<arg>console=True</arg>
<doc>Logs the given message with the given level.</doc>
<status status="PASS" start="2025-02-01T23:17:59.523617" elapsed="0.001001"/>
</kw>
<return>
<value>${value}</value>
<status status="PASS" start="2025-02-01T23:17:59.524618" elapsed="0.000000"/>
</return>
<msg time="2025-02-01T23:17:59.524618" level="INFO">${actual_value} = </msg>
<var>${actual_value}</var>
<doc>Get the value displayed on Calculator screen</doc>
<status status="PASS" start="2025-02-01T23:17:59.498615" elapsed="0.026003"/>
</kw>
<kw name="Set Variable If" owner="BuiltIn">
<msg time="2025-02-01T23:17:59.524618" level="INFO">${actual_value} = 0</msg>
<var>${actual_value}</var>
<arg>'${actual_value}' == ''</arg>
<arg>0</arg>
<arg>${actual_value}</arg>
<doc>Sets variable based on the given condition.</doc>
<status status="PASS" start="2025-02-01T23:17:59.524618" elapsed="0.000000"/>
</kw>
<kw name="Set Variable If" owner="BuiltIn">
<msg time="2025-02-01T23:17:59.525640" level="INFO">${expected_value} = 0</msg>
<var>${expected_value}</var>
<arg>'${expected_value}' == ''</arg>
<arg>0</arg>
<arg>${expected_value}</arg>
<doc>Sets variable based on the given condition.</doc>
<status status="PASS" start="2025-02-01T23:17:59.524618" elapsed="0.001022"/>
</kw>
<kw name="Should Be Equal As Strings" owner="BuiltIn">
<arg>${actual_value}</arg>
<arg>${expected_value}</arg>
<doc>Fails if objects are unequal after converting them to strings.</doc>
<status status="PASS" start="2025-02-01T23:17:59.525640" elapsed="0.000000"/>
</kw>
<kw name="Log" owner="BuiltIn">
<msg time="2025-02-01T23:17:59.525640" level="INFO">Verification passed: 0 equals 0</msg>
<arg>Verification passed: ${actual_value} equals ${expected_value}</arg>
<arg>console=True</arg>
<doc>Logs the given message with the given level.</doc>
<status status="PASS" start="2025-02-01T23:17:59.525640" elapsed="0.000000"/>
</kw>
<arg>${DEFAULT_VALUE}</arg>
<doc>Verifies the calculator display shows expected value</doc>
<status status="PASS" start="2025-02-01T23:17:59.497618" elapsed="0.028022"/>
</kw>
<doc>Ensures calculator is in initial state and ready for input</doc>
<status status="PASS" start="2025-02-01T23:17:59.412126" elapsed="0.113514"/>
</kw>
<kw name="When User performs basic operation">
<kw name="Execute Operation Flow" owner="CalculatorFlow">
<kw name="Generate Basic Operation Data" owner="CalculatorData">
<kw name="Generate Numbers" owner="calculator_data_generator">
<msg time="2025-02-01T23:17:59.526616" level="INFO">${data} = {'num1': '42', 'num2': '42', 'num3': '37', 'expected_addition': '84', 'expected_multiplication': '1764', 'expected_result': '47'}</msg>
<var>${data}</var>
<arg>${min_val}</arg>
<arg>${max_val}</arg>
<arg>${use_decimal}</arg>
<doc>Generate three random numbers and their expected results</doc>
<status status="PASS" start="2025-02-01T23:17:59.526616" elapsed="0.000000"/>
</kw>
<return>
<value>${data}</value>
<status status="PASS" start="2025-02-01T23:17:59.526616" elapsed="0.000000"/>
</return>
<msg time="2025-02-01T23:17:59.527621" level="INFO">${test_data} = {'num1': '42', 'num2': '42', 'num3': '37', 'expected_addition': '84', 'expected_multiplication': '1764', 'expected_result': '47'}</msg>
<var>${test_data}</var>
<arg>${min}</arg>
<arg>${max}</arg>
<arg>${use_decimals}</arg>
<status status="PASS" start="2025-02-01T23:17:59.526616" elapsed="0.001005"/>
</kw>
<kw name="Set Test Variable" owner="BuiltIn">
<msg time="2025-02-01T23:17:59.527621" level="INFO">${TEST_DATA} = {'num1': '42', 'num2': '42', 'num3': '37', 'expected_addition': '84', 'expected_multiplication': '1764', 'expected_result': '47'}</msg>
<arg>${TEST_DATA}</arg>
<arg>${test_data}</arg>
<doc>Makes a variable available everywhere within the scope of the current test.</doc>
<status status="PASS" start="2025-02-01T23:17:59.527621" elapsed="0.000000"/>
</kw>
<kw name="Run Keyword If" owner="BuiltIn">
<kw name="Perform Multiplication Flow" owner="CalculatorFlow">
<kw name="Perform Multiplication Operation" owner="CalculatorFlow">
<kw name="Log" owner="BuiltIn">
<msg time="2025-02-01T23:17:59.528637" level="INFO">Performing multiplication: 42 * 42</msg>
<arg>Performing multiplication: ${first_number} * ${second_number}</arg>
<arg>console=True</arg>
<doc>Logs the given message with the given level.</doc>
<status status="PASS" start="2025-02-01T23:17:59.527621" elapsed="0.001016"/>
</kw>
<kw name="Enter Number" owner="CalculatorFlow">
<kw name="Log" owner="BuiltIn">
<msg time="2025-02-01T23:17:59.528637" level="INFO">Entering number: 42</msg>
<arg>Entering number: ${number}</arg>
<arg>console=True</arg>
<doc>Logs the given message with the given level.</doc>
<status status="PASS" start="2025-02-01T23:17:59.528637" elapsed="0.000000"/>
</kw>
<kw name="Convert To String" owner="BuiltIn">
<msg time="2025-02-01T23:17:59.528637" level="INFO">${digits} = 42</msg>
<var>${digits}</var>
<arg>${number}</arg>
<doc>Converts the given item to a Unicode string.</doc>
<status status="PASS" start="2025-02-01T23:17:59.528637" elapsed="0.000000"/>
</kw>
<kw name="Split String To Characters" owner="String">
<msg time="2025-02-01T23:17:59.529617" level="INFO">@{chars} = [ 4 | 2 ]</msg>
<var>@{chars}</var>
<arg>${digits}</arg>
<doc>Splits the given ``string`` to characters.</doc>
<status status="PASS" start="2025-02-01T23:17:59.529617" elapsed="0.000000"/>
</kw>
<for flavor="IN">
<iter>
<kw name="Run Keyword If" owner="BuiltIn">
<kw name="Click Number" owner="CalculatorPage">
<kw name="Set Variable" owner="BuiltIn">
<msg time="2025-02-01T23:17:59.530616" level="INFO">${locator} = xpath=//button[normalize-space(text())='4']</msg>
<var>${locator}</var>
<arg>xpath=//button[normalize-space(text())='${digit}']</arg>
<doc>Returns the given values which can then be assigned to a variables.</doc>
<status status="PASS" start="2025-02-01T23:17:59.530616" elapsed="0.000000"/>
</kw>
<kw name="Wait And Click Element" owner="CalculatorPage">
<kw name="Wait Until Element Is Enabled" owner="SeleniumLibrary">
<arg>${locator}</arg>
<doc>Waits until the element ``locator`` is enabled.</doc>
<status status="PASS" start="2025-02-01T23:17:59.530616" elapsed="0.021530"/>
</kw>
<kw name="Click Element" owner="SeleniumLibrary">
<msg time="2025-02-01T23:17:59.553145" level="INFO">Clicking element 'xpath=//button[normalize-space(text())='4']'.</msg>
<arg>${locator}</arg>
<doc>Click the element identified by ``locator``.</doc>
<status status="PASS" start="2025-02-01T23:17:59.552146" elapsed="0.037795"/>
</kw>
<arg>${locator}</arg>
<doc>Wait for element to be visible and click it</doc>
<status status="PASS" start="2025-02-01T23:17:59.530616" elapsed="0.059325"/>
</kw>
<arg>${char}</arg>
<doc>Click on the number button with value ${digit}.</doc>
<status status="PASS" start="2025-02-01T23:17:59.530616" elapsed="0.059325"/>
</kw>
<arg>'${char}' == '.'</arg>
<arg>Click Decimal Point</arg>
<arg>ELSE</arg>
<arg>Click Number</arg>
<arg>${char}</arg>
<doc>Runs the given keyword with the given arguments, if ``condition`` is true.</doc>
<status status="PASS" start="2025-02-01T23:17:59.529617" elapsed="0.060324"/>
</kw>
<var name="${char}">4</var>
<status status="PASS" start="2025-02-01T23:17:59.529617" elapsed="0.060324"/>
</iter>
<iter>
<kw name="Run Keyword If" owner="BuiltIn">
<kw name="Click Number" owner="CalculatorPage">
<kw name="Set Variable" owner="BuiltIn">
<msg time="2025-02-01T23:17:59.591977" level="INFO">${locator} = xpath=//button[normalize-space(text())='2']</msg>
<var>${locator}</var>
<arg>xpath=//button[normalize-space(text())='${digit}']</arg>
<doc>Returns the given values which can then be assigned to a variables.</doc>
<status status="PASS" start="2025-02-01T23:17:59.591977" elapsed="0.000000"/>
</kw>
<kw name="Wait And Click Element" owner="CalculatorPage">
<kw name="Wait Until Element Is Enabled" owner="SeleniumLibrary">
<arg>${locator}</arg>
<doc>Waits until the element ``locator`` is enabled.</doc>
<status status="PASS" start="2025-02-01T23:17:59.591977" elapsed="0.015982"/>
</kw>
<kw name="Click Element" owner="SeleniumLibrary">
<msg time="2025-02-01T23:17:59.608951" level="INFO">Clicking element 'xpath=//button[normalize-space(text())='2']'.</msg>
<arg>${locator}</arg>
<doc>Click the element identified by ``locator``.</doc>
<status status="PASS" start="2025-02-01T23:17:59.608951" elapsed="0.033990"/>
</kw>
<arg>${locator}</arg>
<doc>Wait for element to be visible and click it</doc>
<status status="PASS" start="2025-02-01T23:17:59.591977" elapsed="0.051997"/>
</kw>
<arg>${char}</arg>
<doc>Click on the number button with value ${digit}.</doc>
<status status="PASS" start="2025-02-01T23:17:59.590960" elapsed="0.053014"/>
</kw>
<arg>'${char}' == '.'</arg>
<arg>Click Decimal Point</arg>
<arg>ELSE</arg>
<arg>Click Number</arg>
<arg>${char}</arg>
<doc>Runs the given keyword with the given arguments, if ``condition`` is true.</doc>
<status status="PASS" start="2025-02-01T23:17:59.590960" elapsed="0.053014"/>
</kw>
<var name="${char}">2</var>
<status status="PASS" start="2025-02-01T23:17:59.589941" elapsed="0.054033"/>
</iter>
<var>${char}</var>
<value>@{chars}</value>
<status status="PASS" start="2025-02-01T23:17:59.529617" elapsed="0.114357"/>
</for>
<kw name="Sleep" owner="BuiltIn">
<msg time="2025-02-01T23:18:00.144491" level="INFO">Slept 500 milliseconds.</msg>
<arg>0.5s</arg>
<doc>Pauses the test executed for the given time.</doc>
<status status="PASS" start="2025-02-01T23:17:59.643974" elapsed="0.500517"/>
</kw>
<arg>${first_number}</arg>
<doc>Enters a number into the calculator</doc>
<status status="PASS" start="2025-02-01T23:17:59.528637" elapsed="0.616464"/>
</kw>
<kw name="Log" owner="BuiltIn">
<msg time="2025-02-01T23:18:00.145101" level="INFO">Clicking multiplication operator</msg>
<arg>Clicking multiplication operator</arg>
<arg>console=True</arg>
<doc>Logs the given message with the given level.</doc>
<status status="PASS" start="2025-02-01T23:18:00.145101" elapsed="0.001015"/>
</kw>
<kw name="Click Multiply" owner="CalculatorPage">
<kw name="Wait And Click Element" owner="CalculatorPage">
<kw name="Wait Until Element Is Enabled" owner="SeleniumLibrary">
<arg>${locator}</arg>
<doc>Waits until the element ``locator`` is enabled.</doc>
<status status="PASS" start="2025-02-01T23:18:00.147119" elapsed="0.032561"/>
</kw>
<kw name="Click Element" owner="SeleniumLibrary">
<msg time="2025-02-01T23:18:00.179680" level="INFO">Clicking element 'id=buttonmultiply'.</msg>
<arg>${locator}</arg>
<doc>Click the element identified by ``locator``.</doc>
<status status="PASS" start="2025-02-01T23:18:00.179680" elapsed="0.036584"/>
</kw>
<arg>${MULTIPLY_BTN}</arg>
<doc>Wait for element to be visible and click it</doc>
<status status="PASS" start="2025-02-01T23:18:00.147119" elapsed="0.069145"/>
</kw>
<doc>Click the multiply button</doc>
<status status="PASS" start="2025-02-01T23:18:00.146116" elapsed="0.070148"/>
</kw>
<kw name="Enter Number" owner="CalculatorFlow">
<kw name="Log" owner="BuiltIn">
<msg time="2025-02-01T23:18:00.216264" level="INFO">Entering number: 42</msg>
<arg>Entering number: ${number}</arg>
<arg>console=True</arg>
<doc>Logs the given message with the given level.</doc>
<status status="PASS" start="2025-02-01T23:18:00.216264" elapsed="0.001063"/>
</kw>
<kw name="Convert To String" owner="BuiltIn">
<msg time="2025-02-01T23:18:00.217327" level="INFO">${digits} = 42</msg>
<var>${digits}</var>
<arg>${number}</arg>
<doc>Converts the given item to a Unicode string.</doc>
<status status="PASS" start="2025-02-01T23:18:00.217327" elapsed="0.000000"/>
</kw>
<kw name="Split String To Characters" owner="String">
<msg time="2025-02-01T23:18:00.217327" level="INFO">@{chars} = [ 4 | 2 ]</msg>
<var>@{chars}</var>
<arg>${digits}</arg>
<doc>Splits the given ``string`` to characters.</doc>
<status status="PASS" start="2025-02-01T23:18:00.217327" elapsed="0.000000"/>
</kw>
<for flavor="IN">
<iter>
<kw name="Run Keyword If" owner="BuiltIn">
<kw name="Click Number" owner="CalculatorPage">
<kw name="Set Variable" owner="BuiltIn">
<msg time="2025-02-01T23:18:00.218323" level="INFO">${locator} = xpath=//button[normalize-space(text())='4']</msg>
<var>${locator}</var>
<arg>xpath=//button[normalize-space(text())='${digit}']</arg>
<doc>Returns the given values which can then be assigned to a variables.</doc>
<status status="PASS" start="2025-02-01T23:18:00.218323" elapsed="0.000000"/>
</kw>
<kw name="Wait And Click Element" owner="CalculatorPage">
<kw name="Wait Until Element Is Enabled" owner="SeleniumLibrary">
<arg>${locator}</arg>
<doc>Waits until the element ``locator`` is enabled.</doc>
<status status="PASS" start="2025-02-01T23:18:00.219320" elapsed="0.012998"/>
</kw>
<kw name="Click Element" owner="SeleniumLibrary">
<msg time="2025-02-01T23:18:00.233319" level="INFO">Clicking element 'xpath=//button[normalize-space(text())='4']'.</msg>
<arg>${locator}</arg>
<doc>Click the element identified by ``locator``.</doc>
<status status="PASS" start="2025-02-01T23:18:00.232318" elapsed="0.037760"/>
</kw>
<arg>${locator}</arg>
<doc>Wait for element to be visible and click it</doc>
<status status="PASS" start="2025-02-01T23:18:00.219320" elapsed="0.050758"/>
</kw>
<arg>${char}</arg>
<doc>Click on the number button with value ${digit}.</doc>
<status status="PASS" start="2025-02-01T23:18:00.218323" elapsed="0.051755"/>
</kw>
<arg>'${char}' == '.'</arg>
<arg>Click Decimal Point</arg>
<arg>ELSE</arg>
<arg>Click Number</arg>
<arg>${char}</arg>
<doc>Runs the given keyword with the given arguments, if ``condition`` is true.</doc>
<status status="PASS" start="2025-02-01T23:18:00.217327" elapsed="0.052751"/>
</kw>
<var name="${char}">4</var>
<status status="PASS" start="2025-02-01T23:18:00.217327" elapsed="0.052751"/>
</iter>
<iter>
<kw name="Run Keyword If" owner="BuiltIn">
<kw name="Click Number" owner="CalculatorPage">
<kw name="Set Variable" owner="BuiltIn">
<msg time="2025-02-01T23:18:00.271100" level="INFO">${locator} = xpath=//button[normalize-space(text())='2']</msg>
<var>${locator}</var>
<arg>xpath=//button[normalize-space(text())='${digit}']</arg>
<doc>Returns the given values which can then be assigned to a variables.</doc>
<status status="PASS" start="2025-02-01T23:18:00.271100" elapsed="0.000000"/>
</kw>
<kw name="Wait And Click Element" owner="CalculatorPage">
<kw name="Wait Until Element Is Enabled" owner="SeleniumLibrary">
<arg>${locator}</arg>
<doc>Waits until the element ``locator`` is enabled.</doc>
<status status="PASS" start="2025-02-01T23:18:00.271100" elapsed="0.015194"/>
</kw>
<kw name="Click Element" owner="SeleniumLibrary">
<msg time="2025-02-01T23:18:00.286294" level="INFO">Clicking element 'xpath=//button[normalize-space(text())='2']'.</msg>
<arg>${locator}</arg>
<doc>Click the element identified by ``locator``.</doc>
<status status="PASS" start="2025-02-01T23:18:00.286294" elapsed="0.034092"/>
</kw>
<arg>${locator}</arg>
<doc>Wait for element to be visible and click it</doc>
<status status="PASS" start="2025-02-01T23:18:00.271100" elapsed="0.049286"/>
</kw>
<arg>${char}</arg>
<doc>Click on the number button with value ${digit}.</doc>
<status status="PASS" start="2025-02-01T23:18:00.271100" elapsed="0.049286"/>
</kw>
<arg>'${char}' == '.'</arg>
<arg>Click Decimal Point</arg>
<arg>ELSE</arg>
<arg>Click Number</arg>
<arg>${char}</arg>
<doc>Runs the given keyword with the given arguments, if ``condition`` is true.</doc>
<status status="PASS" start="2025-02-01T23:18:00.270078" elapsed="0.050308"/>
</kw>
<var name="${char}">2</var>
<status status="PASS" start="2025-02-01T23:18:00.270078" elapsed="0.050308"/>
</iter>
<var>${char}</var>
<value>@{chars}</value>
<status status="PASS" start="2025-02-01T23:18:00.217327" elapsed="0.103059"/>
</for>
<kw name="Sleep" owner="BuiltIn">
<msg time="2025-02-01T23:18:00.820706" level="INFO">Slept 500 milliseconds.</msg>
<arg>0.5s</arg>
<doc>Pauses the test executed for the given time.</doc>
<status status="PASS" start="2025-02-01T23:18:00.320386" elapsed="0.500320"/>
</kw>
<arg>${second_number}</arg>
<doc>Enters a number into the calculator</doc>
<status status="PASS" start="2025-02-01T23:18:00.216264" elapsed="0.604442"/>
</kw>
<kw name="Log" owner="BuiltIn">
<msg time="2025-02-01T23:18:00.820706" level="INFO">Clicking equals button</msg>
<arg>Clicking equals button</arg>
<arg>console=True</arg>
<doc>Logs the given message with the given level.</doc>
<status status="PASS" start="2025-02-01T23:18:00.820706" elapsed="0.001012"/>
</kw>
<kw name="Click Equals" owner="CalculatorPage">
<kw name="Wait And Click Element" owner="CalculatorPage">
<kw name="Wait Until Element Is Enabled" owner="SeleniumLibrary">
<arg>${locator}</arg>
<doc>Waits until the element ``locator`` is enabled.</doc>
<status status="PASS" start="2025-02-01T23:18:00.821718" elapsed="0.020000"/>
</kw>
<kw name="Click Element" owner="SeleniumLibrary">
<msg time="2025-02-01T23:18:00.841718" level="INFO">Clicking element 'id=buttonequals'.</msg>
<arg>${locator}</arg>
<doc>Click the element identified by ``locator``.</doc>
<status status="PASS" start="2025-02-01T23:18:00.841718" elapsed="0.040109"/>
</kw>
<arg>${CALCULATOR_EQUALS}</arg>
<doc>Wait for element to be visible and click it</doc>
<status status="PASS" start="2025-02-01T23:18:00.821718" elapsed="0.060109"/>
</kw>
<doc>Click the equals button</doc>
<status status="PASS" start="2025-02-01T23:18:00.821718" elapsed="0.060109"/>
</kw>
<kw name="Sleep" owner="BuiltIn">
<msg time="2025-02-01T23:18:01.382313" level="INFO">Slept 500 milliseconds.</msg>
<arg>0.5s</arg>
<doc>Pauses the test executed for the given time.</doc>
<status status="PASS" start="2025-02-01T23:18:00.881827" elapsed="0.500486"/>
</kw>
<kw name="Get Display Value" owner="CalculatorPage">
<kw name="Wait Until Element Is Visible" owner="SeleniumLibrary">
<arg>${CALCULATOR_DISPLAY}</arg>
<arg>${TIMEOUT}</arg>
<doc>Waits until the element ``locator`` is visible.</doc>
<status status="PASS" start="2025-02-01T23:18:01.383855" elapsed="0.021713"/>
</kw>
<kw name="Get Element Attribute" owner="SeleniumLibrary">
<msg time="2025-02-01T23:18:01.414568" level="INFO">${value} = 1764</msg>
<var>${value}</var>
<arg>${CALCULATOR_DISPLAY}</arg>
<arg>value</arg>
<doc>Returns the value of ``attribute`` from the element ``locator``.</doc>
<status status="PASS" start="2025-02-01T23:18:01.405568" elapsed="0.009000"/>
</kw>
<kw name="Set Variable If" owner="BuiltIn">
<msg time="2025-02-01T23:18:01.414568" level="INFO">${value} = 1764</msg>
<var>${value}</var>
<arg>'${value}' == ''</arg>
<arg>${DEFAULT_VALUE}</arg>
<arg>${value}</arg>
<doc>Sets variable based on the given condition.</doc>
<status status="PASS" start="2025-02-01T23:18:01.414568" elapsed="0.000000"/>
</kw>
<kw name="Set Variable If" owner="BuiltIn">
<msg time="2025-02-01T23:18:01.414568" level="INFO">${value} = 1764</msg>
<var>${value}</var>
<arg>'${value}' == 'undefined'</arg>
<arg>${DEFAULT_VALUE}</arg>
<arg>${value}</arg>
<doc>Sets variable based on the given condition.</doc>
<status status="PASS" start="2025-02-01T23:18:01.414568" elapsed="0.000000"/>
</kw>
<kw name="Set Variable If" owner="BuiltIn">
<msg time="2025-02-01T23:18:01.414568" level="INFO">${value} = 1764</msg>
<var>${value}</var>
<arg>'${value}' == 'null'</arg>
<arg>${DEFAULT_VALUE}</arg>
<arg>${value}</arg>
<doc>Sets variable based on the given condition.</doc>
<status status="PASS" start="2025-02-01T23:18:01.414568" elapsed="0.000000"/>
</kw>
<kw name="Log" owner="BuiltIn">
<msg time="2025-02-01T23:18:01.415584" level="INFO">Display value: 1764</msg>
<arg>Display value: ${value}</arg>
<arg>console=True</arg>
<doc>Logs the given message with the given level.</doc>
<status status="PASS" start="2025-02-01T23:18:01.414568" elapsed="0.001170"/>
</kw>
<return>
<value>${value}</value>
<status status="PASS" start="2025-02-01T23:18:01.415738" elapsed="0.000000"/>
</return>
<msg time="2025-02-01T23:18:01.415738" level="INFO">${result} = 1764</msg>
<var>${result}</var>
<doc>Get the value displayed on Calculator screen</doc>
<status status="PASS" start="2025-02-01T23:18:01.382831" elapsed="0.032907"/>
</kw>
<kw name="Log" owner="BuiltIn">
<msg time="2025-02-01T23:18:01.415738" level="INFO">Multiplication result: 1764</msg>
<arg>Multiplication result: ${result}</arg>
<arg>console=True</arg>
<doc>Logs the given message with the given level.</doc>
<status status="PASS" start="2025-02-01T23:18:01.415738" elapsed="0.000000"/>
</kw>
<return>
<value>${result}</value>
<status status="PASS" start="2025-02-01T23:18:01.415738" elapsed="0.000000"/>
</return>
<msg time="2025-02-01T23:18:01.415738" level="INFO">${result} = 1764</msg>
<var>${result}</var>
<arg>${TEST_DATA}[num1]</arg>
<arg>${TEST_DATA}[num2]</arg>
<doc>Performs multiplication operation and returns result</doc>
<status status="PASS" start="2025-02-01T23:17:59.527621" elapsed="1.888117"/>
</kw>
<kw name="Set Test Variable" owner="BuiltIn">
<msg time="2025-02-01T23:18:01.416788" level="INFO">${ACTUAL_RESULT} = 1764</msg>
<arg>${ACTUAL_RESULT}</arg>
<arg>${result}</arg>
<doc>Makes a variable available everywhere within the scope of the current test.</doc>
<status status="PASS" start="2025-02-01T23:18:01.415738" elapsed="0.001050"/>
</kw>
<status status="PASS" start="2025-02-01T23:17:59.527621" elapsed="1.889167"/>
</kw>
<arg>'${operation}' == 'addition'</arg>
<arg>Perform Addition Flow</arg>
<arg>ELSE IF</arg>
<arg>'${operation}' == 'multiplication'</arg>
<arg>Perform Multiplication Flow</arg>
<doc>Runs the given keyword with the given arguments, if ``condition`` is true.</doc>
<status status="PASS" start="2025-02-01T23:17:59.527621" elapsed="1.889167"/>
</kw>
<arg>${operation}</arg>
<arg>${min}</arg>
<arg>${max}</arg>
<arg>${use_decimals}</arg>
<doc>Generates test data and executes the specified operation flow</doc>
<status status="PASS" start="2025-02-01T23:17:59.526616" elapsed="1.890172"/>
</kw>
<arg>multiplication</arg>
<arg>1</arg>
<arg>100</arg>
<arg>${FALSE}</arg>
<status status="PASS" start="2025-02-01T23:17:59.526616" elapsed="1.890172"/>
</kw>
<kw name="Then Result should match expected value">
<kw name="Verify Operation Result" owner="CalculatorFlow">
<kw name="Set Variable If" owner="BuiltIn">
<msg time="2025-02-01T23:18:01.417764" level="INFO">${expected} = 1764</msg>
<var>${expected}</var>
<arg>'${operation}' == 'addition'</arg>
<arg>${TEST_DATA}[expected_addition]</arg>
<arg>'${operation}' == 'multiplication'</arg>
<arg>${TEST_DATA}[expected_multiplication]</arg>
<doc>Sets variable based on the given condition.</doc>
<status status="PASS" start="2025-02-01T23:18:01.417764" elapsed="0.000000"/>
</kw>
<kw name="Verify Result" owner="CalculatorFlow">
<kw name="Log" owner="BuiltIn">
<msg time="2025-02-01T23:18:01.417764" level="INFO">Verifying result: 1764</msg>
<arg>Verifying result: ${expected_value}</arg>
<arg>console=True</arg>
<doc>Logs the given message with the given level.</doc>
<status status="PASS" start="2025-02-01T23:18:01.417764" elapsed="0.000000"/>
</kw>
<kw name="Get Display Value" owner="CalculatorPage">
<kw name="Wait Until Element Is Visible" owner="SeleniumLibrary">
<arg>${CALCULATOR_DISPLAY}</arg>
<arg>${TIMEOUT}</arg>
<doc>Waits until the element ``locator`` is visible.</doc>
<status status="PASS" start="2025-02-01T23:18:01.418759" elapsed="0.008021"/>
</kw>
<kw name="Get Element Attribute" owner="SeleniumLibrary">
<msg time="2025-02-01T23:18:01.435759" level="INFO">${value} = 1764</msg>
<var>${value}</var>
<arg>${CALCULATOR_DISPLAY}</arg>
<arg>value</arg>
<doc>Returns the value of ``attribute`` from the element ``locator``.</doc>
<status status="PASS" start="2025-02-01T23:18:01.427781" elapsed="0.007978"/>
</kw>
<kw name="Set Variable If" owner="BuiltIn">
<msg time="2025-02-01T23:18:01.435759" level="INFO">${value} = 1764</msg>
<var>${value}</var>
<arg>'${value}' == ''</arg>
<arg>${DEFAULT_VALUE}</arg>
<arg>${value}</arg>
<doc>Sets variable based on the given condition.</doc>
<status status="PASS" start="2025-02-01T23:18:01.435759" elapsed="0.000000"/>
</kw>
<kw name="Set Variable If" owner="BuiltIn">
<msg time="2025-02-01T23:18:01.435759" level="INFO">${value} = 1764</msg>
<var>${value}</var>
<arg>'${value}' == 'undefined'</arg>
<arg>${DEFAULT_VALUE}</arg>
<arg>${value}</arg>
<doc>Sets variable based on the given condition.</doc>
<status status="PASS" start="2025-02-01T23:18:01.435759" elapsed="0.001001"/>
</kw>
<kw name="Set Variable If" owner="BuiltIn">
<msg time="2025-02-01T23:18:01.436760" level="INFO">${value} = 1764</msg>
<var>${value}</var>
<arg>'${value}' == 'null'</arg>
<arg>${DEFAULT_VALUE}</arg>
<arg>${value}</arg>
<doc>Sets variable based on the given condition.</doc>
<status status="PASS" start="2025-02-01T23:18:01.436760" elapsed="0.000000"/>
</kw>
<kw name="Log" owner="BuiltIn">
<msg time="2025-02-01T23:18:01.436760" level="INFO">Display value: 1764</msg>
<arg>Display value: ${value}</arg>
<arg>console=True</arg>
<doc>Logs the given message with the given level.</doc>
<status status="PASS" start="2025-02-01T23:18:01.436760" elapsed="0.000000"/>
</kw>
<return>
<value>${value}</value>
<status status="PASS" start="2025-02-01T23:18:01.436760" elapsed="0.000000"/>
</return>
<msg time="2025-02-01T23:18:01.437880" level="INFO">${actual_value} = 1764</msg>
<var>${actual_value}</var>
<doc>Get the value displayed on Calculator screen</doc>
<status status="PASS" start="2025-02-01T23:18:01.418759" elapsed="0.019121"/>
</kw>
<kw name="Set Variable If" owner="BuiltIn">
<msg time="2025-02-01T23:18:01.437880" level="INFO">${actual_value} = 1764</msg>
<var>${actual_value}</var>
<arg>'${actual_value}' == ''</arg>
<arg>0</arg>
<arg>${actual_value}</arg>
<doc>Sets variable based on the given condition.</doc>
<status status="PASS" start="2025-02-01T23:18:01.437880" elapsed="0.000000"/>
</kw>
<kw name="Set Variable If" owner="BuiltIn">
<msg time="2025-02-01T23:18:01.437880" level="INFO">${expected_value} = 1764</msg>
<var>${expected_value}</var>
<arg>'${expected_value}' == ''</arg>
<arg>0</arg>
<arg>${expected_value}</arg>
<doc>Sets variable based on the given condition.</doc>
<status status="PASS" start="2025-02-01T23:18:01.437880" elapsed="0.000000"/>
</kw>
<kw name="Should Be Equal As Strings" owner="BuiltIn">
<arg>${actual_value}</arg>
<arg>${expected_value}</arg>
<doc>Fails if objects are unequal after converting them to strings.</doc>
<status status="PASS" start="2025-02-01T23:18:01.437880" elapsed="0.000000"/>
</kw>
<kw name="Log" owner="BuiltIn">
<msg time="2025-02-01T23:18:01.438894" level="INFO">Verification passed: 1764 equals 1764</msg>
<arg>Verification passed: ${actual_value} equals ${expected_value}</arg>
<arg>console=True</arg>
<doc>Logs the given message with the given level.</doc>
<status status="PASS" start="2025-02-01T23:18:01.438894" elapsed="0.000000"/>
</kw>
<arg>${expected}</arg>
<doc>Verifies the calculator display shows expected value</doc>
<status status="PASS" start="2025-02-01T23:18:01.417764" elapsed="0.021130"/>
</kw>
<arg>${operation}</arg>
<status status="PASS" start="2025-02-01T23:18:01.417764" elapsed="0.021130"/>
</kw>
<arg>multiplication</arg>
<status status="PASS" start="2025-02-01T23:18:01.416788" elapsed="0.022106"/>
</kw>
<kw name="Cleanup Calculator Session" type="TEARDOWN">
<kw name="Run Keyword If Test Failed" owner="BuiltIn">
<arg>Capture Page Screenshot</arg>
<doc>Runs the given keyword with the given arguments, if the test failed.</doc>
<status status="PASS" start="2025-02-01T23:18:01.439890" elapsed="0.000000"/>
</kw>
<kw name="Go To" owner="SeleniumLibrary">
<msg time="2025-02-01T23:18:01.439890" level="INFO">Opening url 'about:blank'</msg>
<arg>about:blank</arg>
<doc>Navigates the current browser window to the provided ``url``.</doc>
<status status="PASS" start="2025-02-01T23:18:01.439890" elapsed="0.117037"/>
</kw>
<status status="PASS" start="2025-02-01T23:18:01.439890" elapsed="0.117037"/>
</kw>
<doc>Verify that calculator can perform basic multiplication with integers</doc>
<tag>integer</tag>
<tag>multiplication</tag>
<tag>smoke</tag>
<status status="PASS" start="2025-02-01T23:17:58.784192" elapsed="2.773707"/>
</test>
<test id="s1-t3" name="User can perform decimal addition" line="31">
<kw name="Initialize Calculator Session" type="SETUP">
<kw name="Go To" owner="SeleniumLibrary">
<msg time="2025-02-01T23:18:01.559933" level="INFO">Opening url 'https://testpages.eviltester.com/styled/apps/calculator.html'</msg>
<arg>${URL}</arg>
[...]
</kw>
<doc>Click the clear button to reset the display to the default value.</doc>
<status status="PASS" start="2025-02-01T23:18:09.937140" elapsed="0.038684"/>
</kw>
<kw name="Log" owner="BuiltIn">
<msg time="2025-02-01T23:18:09.976826" level="INFO">Recalling memory</msg>
<arg>Recalling memory</arg>
<arg>console=True</arg>
<doc>Logs the given message with the given level.</doc>
<status status="PASS" start="2025-02-01T23:18:09.976826" elapsed="0.000000"/>
</kw>
<kw name="Click Memory Recall" owner="CalculatorPage">
<kw name="Wait And Click Element" owner="CalculatorPage">
<kw name="Wait Until Element Is Enabled" owner="SeleniumLibrary">
<arg>${locator}</arg>
<doc>Waits until the element ``locator`` is enabled.</doc>
<status status="PASS" start="2025-02-01T23:18:09.977853" elapsed="0.014772"/>
</kw>
<kw name="Click Element" owner="SeleniumLibrary">
<msg time="2025-02-01T23:18:09.993627" level="INFO">Clicking element 'id=buttonmemoryrecall'.</msg>
<arg>${locator}</arg>
<doc>Click the element identified by ``locator``.</doc>
<status status="PASS" start="2025-02-01T23:18:09.993627" elapsed="0.035978"/>
</kw>
<arg>${MEMORY_RECALL_BTN}</arg>
<doc>Wait for element to be visible and click it</doc>
<status status="PASS" start="2025-02-01T23:18:09.976826" elapsed="0.052779"/>
</kw>
<doc>Click the memory recall button</doc>
<status status="PASS" start="2025-02-01T23:18:09.976826" elapsed="0.052779"/>
</kw>
<kw name="Log" owner="BuiltIn">
<msg time="2025-02-01T23:18:10.030633" level="INFO">Clicking minus operator</msg>
<arg>Clicking minus operator</arg>
<arg>console=True</arg>
<doc>Logs the given message with the given level.</doc>
<status status="PASS" start="2025-02-01T23:18:10.029605" elapsed="0.001028"/>
</kw>
<kw name="Click Minus" owner="CalculatorPage">
<kw name="Wait And Click Element" owner="CalculatorPage">
<kw name="Wait Until Element Is Enabled" owner="SeleniumLibrary">
<arg>${locator}</arg>
<doc>Waits until the element ``locator`` is enabled.</doc>
<status status="PASS" start="2025-02-01T23:18:10.030633" elapsed="0.017648"/>
</kw>
<kw name="Click Element" owner="SeleniumLibrary">
<msg time="2025-02-01T23:18:10.049283" level="INFO">Clicking element 'id=buttonminus'.</msg>
<arg>${locator}</arg>
<doc>Click the element identified by ``locator``.</doc>
<status status="PASS" start="2025-02-01T23:18:10.049283" elapsed="0.035466"/>
</kw>
<arg>${MINUS_BTN}</arg>
<doc>Wait for element to be visible and click it</doc>
<status status="PASS" start="2025-02-01T23:18:10.030633" elapsed="0.054116"/>
</kw>
<doc>Click the minus button</doc>
<status status="PASS" start="2025-02-01T23:18:10.030633" elapsed="0.054116"/>
</kw>
<kw name="Log" owner="BuiltIn">
<msg time="2025-02-01T23:18:10.084749" level="INFO">Memory subtract value: 49</msg>
<arg>Memory subtract value: ${data}[num3]</arg>
<arg>console=True</arg>
<doc>Logs the given message with the given level.</doc>
<status status="PASS" start="2025-02-01T23:18:10.084749" elapsed="0.000999"/>
</kw>
<kw name="Enter Number" owner="CalculatorFlow">
<kw name="Log" owner="BuiltIn">
<msg time="2025-02-01T23:18:10.085748" level="INFO">Entering number: 49</msg>
<arg>Entering number: ${number}</arg>
<arg>console=True</arg>
<doc>Logs the given message with the given level.</doc>
<status status="PASS" start="2025-02-01T23:18:10.085748" elapsed="0.001002"/>
</kw>
<kw name="Convert To String" owner="BuiltIn">
<msg time="2025-02-01T23:18:10.086750" level="INFO">${digits} = 49</msg>
<var>${digits}</var>
<arg>${number}</arg>
<doc>Converts the given item to a Unicode string.</doc>
<status status="PASS" start="2025-02-01T23:18:10.086750" elapsed="0.000000"/>
</kw>
<kw name="Split String To Characters" owner="String">
<msg time="2025-02-01T23:18:10.086750" level="INFO">@{chars} = [ 4 | 9 ]</msg>
<var>@{chars}</var>
<arg>${digits}</arg>
<doc>Splits the given ``string`` to characters.</doc>
<status status="PASS" start="2025-02-01T23:18:10.086750" elapsed="0.000000"/>
</kw>
<for flavor="IN">
<iter>
<kw name="Run Keyword If" owner="BuiltIn">
<kw name="Click Number" owner="CalculatorPage">
<kw name="Set Variable" owner="BuiltIn">
<msg time="2025-02-01T23:18:10.088750" level="INFO">${locator} = xpath=//button[normalize-space(text())='4']</msg>
<var>${locator}</var>
<arg>xpath=//button[normalize-space(text())='${digit}']</arg>
<doc>Returns the given values which can then be assigned to a variables.</doc>
<status status="PASS" start="2025-02-01T23:18:10.087756" elapsed="0.000994"/>
</kw>
<kw name="Wait And Click Element" owner="CalculatorPage">
<kw name="Wait Until Element Is Enabled" owner="SeleniumLibrary">
<arg>${locator}</arg>
<doc>Waits until the element ``locator`` is enabled.</doc>
<status status="PASS" start="2025-02-01T23:18:10.088750" elapsed="0.018002"/>
</kw>
<kw name="Click Element" owner="SeleniumLibrary">
<msg time="2025-02-01T23:18:10.107749" level="INFO">Clicking element 'xpath=//button[normalize-space(text())='4']'.</msg>
<arg>${locator}</arg>
<doc>Click the element identified by ``locator``.</doc>
<status status="PASS" start="2025-02-01T23:18:10.106752" elapsed="0.035996"/>
</kw>
<arg>${locator}</arg>
<doc>Wait for element to be visible and click it</doc>
<status status="PASS" start="2025-02-01T23:18:10.088750" elapsed="0.053998"/>
</kw>
<arg>${char}</arg>
<doc>Click on the number button with value ${digit}.</doc>
<status status="PASS" start="2025-02-01T23:18:10.087756" elapsed="0.054992"/>
</kw>
<arg>'${char}' == '.'</arg>
<arg>Click Decimal Point</arg>
<arg>ELSE</arg>
<arg>Click Number</arg>
<arg>${char}</arg>
<doc>Runs the given keyword with the given arguments, if ``condition`` is true.</doc>
<status status="PASS" start="2025-02-01T23:18:10.086750" elapsed="0.055998"/>
</kw>
<var name="${char}">4</var>
<status status="PASS" start="2025-02-01T23:18:10.086750" elapsed="0.055998"/>
</iter>
<iter>
<kw name="Run Keyword If" owner="BuiltIn">
<kw name="Click Number" owner="CalculatorPage">
<kw name="Set Variable" owner="BuiltIn">
<msg time="2025-02-01T23:18:10.144765" level="INFO">${locator} = xpath=//button[normalize-space(text())='9']</msg>
<var>${locator}</var>
<arg>xpath=//button[normalize-space(text())='${digit}']</arg>
<doc>Returns the given values which can then be assigned to a variables.</doc>
<status status="PASS" start="2025-02-01T23:18:10.143748" elapsed="0.001017"/>
</kw>
<kw name="Wait And Click Element" owner="CalculatorPage">
<kw name="Wait Until Element Is Enabled" owner="SeleniumLibrary">
<arg>${locator}</arg>
<doc>Waits until the element ``locator`` is enabled.</doc>
<status status="PASS" start="2025-02-01T23:18:10.144765" elapsed="0.015660"/>
</kw>
<kw name="Click Element" owner="SeleniumLibrary">
<msg time="2025-02-01T23:18:10.160425" level="INFO">Clicking element 'xpath=//button[normalize-space(text())='9']'.</msg>
<arg>${locator}</arg>
<doc>Click the element identified by ``locator``.</doc>
<status status="PASS" start="2025-02-01T23:18:10.160425" elapsed="0.032718"/>
</kw>
<arg>${locator}</arg>
<doc>Wait for element to be visible and click it</doc>
<status status="PASS" start="2025-02-01T23:18:10.144765" elapsed="0.049377"/>
</kw>
<arg>${char}</arg>
<doc>Click on the number button with value ${digit}.</doc>
<status status="PASS" start="2025-02-01T23:18:10.143748" elapsed="0.050394"/>
</kw>
<arg>'${char}' == '.'</arg>
<arg>Click Decimal Point</arg>
<arg>ELSE</arg>
<arg>Click Number</arg>
<arg>${char}</arg>
<doc>Runs the given keyword with the given arguments, if ``condition`` is true.</doc>
<status status="PASS" start="2025-02-01T23:18:10.142748" elapsed="0.051394"/>
</kw>
<var name="${char}">9</var>
<status status="PASS" start="2025-02-01T23:18:10.142748" elapsed="0.051394"/>
</iter>
<var>${char}</var>
<value>@{chars}</value>
<status status="PASS" start="2025-02-01T23:18:10.086750" elapsed="0.107392"/>
</for>
<kw name="Sleep" owner="BuiltIn">
<msg time="2025-02-01T23:18:10.694593" level="INFO">Slept 500 milliseconds.</msg>
<arg>0.5s</arg>
<doc>Pauses the test executed for the given time.</doc>
<status status="PASS" start="2025-02-01T23:18:10.194142" elapsed="0.500451"/>
</kw>
<arg>${data}[num3]</arg>
<doc>Enters a number into the calculator</doc>
<status status="PASS" start="2025-02-01T23:18:10.085748" elapsed="0.608845"/>
</kw>
<kw name="Log" owner="BuiltIn">
<msg time="2025-02-01T23:18:10.695107" level="INFO">Clicking equals button</msg>
<arg>Clicking equals button</arg>
<arg>console=True</arg>
<doc>Logs the given message with the given level.</doc>
<status status="PASS" start="2025-02-01T23:18:10.694593" elapsed="0.000514"/>
</kw>
<kw name="Click Equals" owner="CalculatorPage">
<kw name="Wait And Click Element" owner="CalculatorPage">
<kw name="Wait Until Element Is Enabled" owner="SeleniumLibrary">
<arg>${locator}</arg>
<doc>Waits until the element ``locator`` is enabled.</doc>
<status status="PASS" start="2025-02-01T23:18:10.696112" elapsed="0.020293"/>
</kw>
<kw name="Click Element" owner="SeleniumLibrary">
<msg time="2025-02-01T23:18:10.716405" level="INFO">Clicking element 'id=buttonequals'.</msg>
<arg>${locator}</arg>
<doc>Click the element identified by ``locator``.</doc>
<status status="PASS" start="2025-02-01T23:18:10.716405" elapsed="0.038398"/>
</kw>
<arg>${CALCULATOR_EQUALS}</arg>
<doc>Wait for element to be visible and click it</doc>
<status status="PASS" start="2025-02-01T23:18:10.695107" elapsed="0.059696"/>
</kw>
<doc>Click the equals button</doc>
<status status="PASS" start="2025-02-01T23:18:10.695107" elapsed="0.059696"/>
</kw>
<kw name="Sleep" owner="BuiltIn">
<msg time="2025-02-01T23:18:11.255268" level="INFO">Slept 500 milliseconds.</msg>
<arg>0.5s</arg>
<doc>Pauses the test executed for the given time.</doc>
<status status="PASS" start="2025-02-01T23:18:10.754803" elapsed="0.500465"/>
</kw>
<kw name="Get Display Value" owner="CalculatorPage">
<kw name="Wait Until Element Is Visible" owner="SeleniumLibrary">
<arg>${CALCULATOR_DISPLAY}</arg>
<arg>${TIMEOUT}</arg>
<doc>Waits until the element ``locator`` is visible.</doc>
<status status="PASS" start="2025-02-01T23:18:11.256563" elapsed="0.017134"/>
</kw>
<kw name="Get Element Attribute" owner="SeleniumLibrary">
<msg time="2025-02-01T23:18:11.284584" level="INFO">${value} = 55</msg>
<var>${value}</var>
<arg>${CALCULATOR_DISPLAY}</arg>
<arg>value</arg>
<doc>Returns the value of ``attribute`` from the element ``locator``.</doc>
<status status="PASS" start="2025-02-01T23:18:11.273697" elapsed="0.010887"/>
</kw>
<kw name="Set Variable If" owner="BuiltIn">
<msg time="2025-02-01T23:18:11.284584" level="INFO">${value} = 55</msg>
<var>${value}</var>
<arg>'${value}' == ''</arg>
<arg>${DEFAULT_VALUE}</arg>
<arg>${value}</arg>
<doc>Sets variable based on the given condition.</doc>
<status status="PASS" start="2025-02-01T23:18:11.284584" elapsed="0.000000"/>
</kw>
<kw name="Set Variable If" owner="BuiltIn">
<msg time="2025-02-01T23:18:11.284584" level="INFO">${value} = 55</msg>
<var>${value}</var>
<arg>'${value}' == 'undefined'</arg>
<arg>${DEFAULT_VALUE}</arg>
<arg>${value}</arg>
<doc>Sets variable based on the given condition.</doc>
<status status="PASS" start="2025-02-01T23:18:11.284584" elapsed="0.000000"/>
</kw>
<kw name="Set Variable If" owner="BuiltIn">
<msg time="2025-02-01T23:18:11.285589" level="INFO">${value} = 55</msg>
<var>${value}</var>
<arg>'${value}' == 'null'</arg>
<arg>${DEFAULT_VALUE}</arg>
<arg>${value}</arg>
<doc>Sets variable based on the given condition.</doc>
<status status="PASS" start="2025-02-01T23:18:11.285589" elapsed="0.000000"/>
</kw>
<kw name="Log" owner="BuiltIn">
<msg time="2025-02-01T23:18:11.285589" level="INFO">Display value: 55</msg>
<arg>Display value: ${value}</arg>
<arg>console=True</arg>
<doc>Logs the given message with the given level.</doc>
<status status="PASS" start="2025-02-01T23:18:11.285589" elapsed="0.000000"/>
</kw>
<return>
<value>${value}</value>
<status status="PASS" start="2025-02-01T23:18:11.286586" elapsed="0.000000"/>
</return>
<msg time="2025-02-01T23:18:11.286586" level="INFO">${result} = 55</msg>
<var>${result}</var>
<doc>Get the value displayed on Calculator screen</doc>
<status status="PASS" start="2025-02-01T23:18:11.255268" elapsed="0.031318"/>
</kw>
<kw name="Log" owner="BuiltIn">
<msg time="2025-02-01T23:18:11.286586" level="INFO">Memory operation result: 55</msg>
<arg>Memory operation result: ${result}</arg>
<arg>console=True</arg>
<doc>Logs the given message with the given level.</doc>
<status status="PASS" start="2025-02-01T23:18:11.286586" elapsed="0.000000"/>
</kw>
<return>
<value>${result}</value>
<status status="PASS" start="2025-02-01T23:18:11.286586" elapsed="0.000000"/>
</return>
<msg time="2025-02-01T23:18:11.286586" level="INFO">${result} = 55</msg>
<var>${result}</var>
<arg>${TEST_DATA}</arg>
<doc>Performs a sequence of memory operations</doc>
<status status="PASS" start="2025-02-01T23:18:08.534161" elapsed="2.752425"/>
</kw>
<kw name="Set Test Variable" owner="BuiltIn">
<msg time="2025-02-01T23:18:11.287586" level="INFO">${ACTUAL_RESULT} = 55</msg>
<arg>${ACTUAL_RESULT}</arg>
<arg>${result}</arg>
<doc>Makes a variable available everywhere within the scope of the current test.</doc>
<status status="PASS" start="2025-02-01T23:18:11.286586" elapsed="0.001000"/>
</kw>
<status status="PASS" start="2025-02-01T23:18:08.533171" elapsed="2.754415"/>
</kw>
<arg>1</arg>
<arg>100</arg>
<arg>${FALSE}</arg>
<status status="PASS" start="2025-02-01T23:18:08.532142" elapsed="2.755444"/>
</kw>
<kw name="Then Result should match expected memory value">
<kw name="Verify Memory Operation Result" owner="CalculatorFlow">
<kw name="Verify Result" owner="CalculatorFlow">
<kw name="Log" owner="BuiltIn">
<msg time="2025-02-01T23:18:11.288605" level="INFO">Verifying result: 55</msg>
<arg>Verifying result: ${expected_value}</arg>
<arg>console=True</arg>
<doc>Logs the given message with the given level.</doc>
<status status="PASS" start="2025-02-01T23:18:11.288605" elapsed="0.000000"/>
</kw>
<kw name="Get Display Value" owner="CalculatorPage">
<kw name="Wait Until Element Is Visible" owner="SeleniumLibrary">
<arg>${CALCULATOR_DISPLAY}</arg>
<arg>${TIMEOUT}</arg>
<doc>Waits until the element ``locator`` is visible.</doc>
<status status="PASS" start="2025-02-01T23:18:11.288605" elapsed="0.009750"/>
</kw>
<kw name="Get Element Attribute" owner="SeleniumLibrary">
<msg time="2025-02-01T23:18:11.308355" level="INFO">${value} = 55</msg>
<var>${value}</var>
<arg>${CALCULATOR_DISPLAY}</arg>
<arg>value</arg>
<doc>Returns the value of ``attribute`` from the element ``locator``.</doc>
<status status="PASS" start="2025-02-01T23:18:11.298355" elapsed="0.010000"/>
</kw>
<kw name="Set Variable If" owner="BuiltIn">
<msg time="2025-02-01T23:18:11.308355" level="INFO">${value} = 55</msg>
<var>${value}</var>
<arg>'${value}' == ''</arg>
<arg>${DEFAULT_VALUE}</arg>
<arg>${value}</arg>
<doc>Sets variable based on the given condition.</doc>
<status status="PASS" start="2025-02-01T23:18:11.308355" elapsed="0.000000"/>
</kw>
<kw name="Set Variable If" owner="BuiltIn">
<msg time="2025-02-01T23:18:11.309356" level="INFO">${value} = 55</msg>
<var>${value}</var>
<arg>'${value}' == 'undefined'</arg>
<arg>${DEFAULT_VALUE}</arg>
<arg>${value}</arg>
<doc>Sets variable based on the given condition.</doc>
<status status="PASS" start="2025-02-01T23:18:11.309356" elapsed="0.000000"/>
</kw>
<kw name="Set Variable If" owner="BuiltIn">
<msg time="2025-02-01T23:18:11.309356" level="INFO">${value} = 55</msg>
<var>${value}</var>
<arg>'${value}' == 'null'</arg>
<arg>${DEFAULT_VALUE}</arg>
<arg>${value}</arg>
<doc>Sets variable based on the given condition.</doc>
<status status="PASS" start="2025-02-01T23:18:11.309356" elapsed="0.000000"/>
</kw>
<kw name="Log" owner="BuiltIn">
<msg time="2025-02-01T23:18:11.309356" level="INFO">Display value: 55</msg>
<arg>Display value: ${value}</arg>
<arg>console=True</arg>
<doc>Logs the given message with the given level.</doc>
<status status="PASS" start="2025-02-01T23:18:11.309356" elapsed="0.001001"/>
</kw>
<return>
<value>${value}</value>
<status status="PASS" start="2025-02-01T23:18:11.310357" elapsed="0.000000"/>
</return>
<msg time="2025-02-01T23:18:11.310357" level="INFO">${actual_value} = 55</msg>
<var>${actual_value}</var>
<doc>Get the value displayed on Calculator screen</doc>
<status status="PASS" start="2025-02-01T23:18:11.288605" elapsed="0.021752"/>
</kw>
<kw name="Set Variable If" owner="BuiltIn">
<msg time="2025-02-01T23:18:11.310357" level="INFO">${actual_value} = 55</msg>
<var>${actual_value}</var>
<arg>'${actual_value}' == ''</arg>
<arg>0</arg>
<arg>${actual_value}</arg>
<doc>Sets variable based on the given condition.</doc>
<status status="PASS" start="2025-02-01T23:18:11.310357" elapsed="0.000000"/>
</kw>
<kw name="Set Variable If" owner="BuiltIn">
<msg time="2025-02-01T23:18:11.311358" level="INFO">${expected_value} = 55</msg>
<var>${expected_value}</var>
<arg>'${expected_value}' == ''</arg>
<arg>0</arg>
<arg>${expected_value}</arg>
<doc>Sets variable based on the given condition.</doc>
<status status="PASS" start="2025-02-01T23:18:11.311358" elapsed="0.000000"/>
</kw>
<kw name="Should Be Equal As Strings" owner="BuiltIn">
<arg>${actual_value}</arg>
<arg>${expected_value}</arg>
<doc>Fails if objects are unequal after converting them to strings.</doc>
<status status="PASS" start="2025-02-01T23:18:11.311358" elapsed="0.000000"/>
</kw>
<kw name="Log" owner="BuiltIn">
<msg time="2025-02-01T23:18:11.311358" level="INFO">Verification passed: 55 equals 55</msg>
<arg>Verification passed: ${actual_value} equals ${expected_value}</arg>
<arg>console=True</arg>
<doc>Logs the given message with the given level.</doc>
<status status="PASS" start="2025-02-01T23:18:11.311358" elapsed="0.000000"/>
</kw>
<arg>${TEST_DATA}[expected_result]</arg>
<doc>Verifies the calculator display shows expected value</doc>
<status status="PASS" start="2025-02-01T23:18:11.288605" elapsed="0.023750"/>
</kw>
<status status="PASS" start="2025-02-01T23:18:11.287586" elapsed="0.024769"/>
</kw>
<status status="PASS" start="2025-02-01T23:18:11.287586" elapsed="0.024769"/>
</kw>
<kw name="Cleanup Calculator Session" type="TEARDOWN">
<kw name="Run Keyword If Test Failed" owner="BuiltIn">
<arg>Capture Page Screenshot</arg>
<doc>Runs the given keyword with the given arguments, if the test failed.</doc>
<status status="PASS" start="2025-02-01T23:18:11.312355" elapsed="0.000000"/>
</kw>
<kw name="Go To" owner="SeleniumLibrary">
<msg time="2025-02-01T23:18:11.312355" level="INFO">Opening url 'about:blank'</msg>
<arg>about:blank</arg>
<doc>Navigates the current browser window to the provided ``url``.</doc>
<status status="PASS" start="2025-02-01T23:18:11.312355" elapsed="0.112074"/>
</kw>
<status status="PASS" start="2025-02-01T23:18:11.312355" elapsed="0.112074"/>
</kw>
<doc>Verify that calculator can perform a sequence of memory operations</doc>
<tag>memory</tag>
<tag>smoke</tag>
<status status="PASS" start="2025-02-01T23:18:07.792527" elapsed="3.631902"/>
</test>
<kw name="Cleanup Calculator Environment" owner="CalculatorPage" type="TEARDOWN">
<kw name="Close All Browsers" owner="SeleniumLibrary">
<doc>Closes all open browsers and resets the browser cache.</doc>
<status status="PASS" start="2025-02-01T23:18:11.426429" elapsed="7.324373"/>
</kw>
<doc>Clean up the test environment</doc>
<status status="PASS" start="2025-02-01T23:18:11.426429" elapsed="7.324373"/>
</kw>
<status status="PASS" start="2025-02-01T23:17:50.429629" elapsed="28.321173"/>
</suite>
<statistics>
<total>
<stat pass="5" fail="0" skip="0">All Tests</stat>
</total>
<tag>
<stat pass="2" fail="0" skip="0">addition</stat>
<stat pass="2" fail="0" skip="0">decimal</stat>
<stat pass="2" fail="0" skip="0">integer</stat>
<stat pass="1" fail="0" skip="0">memory</stat>
<stat pass="2" fail="0" skip="0">multiplication</stat>
<stat pass="5" fail="0" skip="0">smoke</stat>
</tag>
<suite>
<stat pass="5" fail="0" skip="0" id="s1" name="CalculatorTest">CalculatorTest</stat>
</suite>
</statistics>
<errors>
</errors>
</robot>
