<?xml version="1.0" encoding="UTF-8"?>
<robot generator="Robot 7.0 (Python 3.12.1 on win32)" generated="2025-01-23T17:01:09.346630" rpa="false" schemaversion="5">
<suite id="s1" name="CalculatorTest" source="D:\AUTOMATION TEST\Calculator_v2\Tests\CalculatorTest.robot">
<kw name="Setup Calculator Test Environment" type="SETUP">
<kw name="Log" owner="BuiltIn">
<msg time="2025-01-23T17:01:09.737154" level="INFO">Setting up calculator test environment</msg>
<arg>Setting up calculator test environment</arg>
<arg>console=True</arg>
<doc>Logs the given message with the given level.</doc>
<status status="PASS" start="2025-01-23T17:01:09.737154" elapsed="0.000000"/>
</kw>
<kw name="Set Selenium Timeout" owner="SeleniumLibrary">
<arg>${TIMEOUT}</arg>
<doc>Sets the timeout that is used by various keywords.</doc>
<status status="PASS" start="2025-01-23T17:01:09.737154" elapsed="0.000000"/>
</kw>
<kw name="Evaluate" owner="BuiltIn">
<msg time="2025-01-23T17:01:09.738659" level="INFO">${options} = &lt;selenium.webdriver.chrome.options.Options object at 0x000001F1C51EB2C0&gt;</msg>
<var>${options}</var>
<arg>sys.modules['selenium.webdriver'].ChromeOptions()</arg>
<arg>sys, selenium.webdriver</arg>
<doc>Evaluates the given expression in Python and returns the result.</doc>
<status status="PASS" start="2025-01-23T17:01:09.738659" elapsed="0.000000"/>
</kw>
<kw name="Run Keyword If" owner="BuiltIn">
<kw name="Call Method" owner="BuiltIn">
<arg>${options}</arg>
<arg>add_argument</arg>
<arg>--headless</arg>
<doc>Calls the named method of the given object with the provided arguments.</doc>
<status status="PASS" start="2025-01-23T17:01:09.738659" elapsed="0.000000"/>
</kw>
<arg>${HEADLESS}</arg>
<arg>Call Method</arg>
<arg>${options}</arg>
<arg>add_argument</arg>
<arg>--headless</arg>
<doc>Runs the given keyword with the given arguments, if ``condition`` is true.</doc>
<status status="PASS" start="2025-01-23T17:01:09.738659" elapsed="0.000000"/>
</kw>
<kw name="Call Method" owner="BuiltIn">
<arg>${options}</arg>
<arg>add_argument</arg>
<arg>--no-sandbox</arg>
<doc>Calls the named method of the given object with the provided arguments.</doc>
<status status="PASS" start="2025-01-23T17:01:09.738659" elapsed="0.000000"/>
</kw>
<kw name="Call Method" owner="BuiltIn">
<arg>${options}</arg>
<arg>add_argument</arg>
<arg>--disable-dev-shm-usage</arg>
<doc>Calls the named method of the given object with the provided arguments.</doc>
<status status="PASS" start="2025-01-23T17:01:09.738659" elapsed="0.000000"/>
</kw>
<kw name="Call Method" owner="BuiltIn">
<msg time="2025-01-23T17:01:09.738659" level="INFO">${capabilities} = {'browserName': 'chrome', 'pageLoadStrategy': 'normal', 'goog:chromeOptions': {'extensions': [], 'args': ['--headless', '--no-sandbox', '--disable-dev-shm-usage']}}</msg>
<var>${capabilities}</var>
<arg>${options}</arg>
<arg>to_capabilities</arg>
<doc>Calls the named method of the given object with the provided arguments.</doc>
<status status="PASS" start="2025-01-23T17:01:09.738659" elapsed="0.000000"/>
</kw>
<kw name="Run Keyword If" owner="BuiltIn">
<kw name="Create Webdriver" owner="SeleniumLibrary">
<msg time="2025-01-23T17:01:09.739663" level="INFO">Creating an instance of the Chrome WebDriver.</msg>
<arg>Chrome</arg>
<arg>options=${options}</arg>
<doc>Creates an instance of Selenium WebDriver.</doc>
<status status="PASS" start="2025-01-23T17:01:09.739663" elapsed="1.911704"/>
</kw>
<arg>'${REMOTE_URL}' != '${EMPTY}'</arg>
<arg>Open Browser</arg>
<arg>about:blank</arg>
<arg>browser=${BROWSER}</arg>
<arg>remote_url=${REMOTE_URL}</arg>
<arg>desired_capabilities=${capabilities}</arg>
<arg>ELSE</arg>
<arg>Create Webdriver</arg>
<arg>Chrome</arg>
<arg>options=${options}</arg>
<doc>Runs the given keyword with the given arguments, if ``condition`` is true.</doc>
<status status="PASS" start="2025-01-23T17:01:09.739663" elapsed="1.911704"/>
</kw>
<status status="PASS" start="2025-01-23T17:01:09.737154" elapsed="1.914213"/>
</kw>
<test id="s1-t1" name="User can perform basic integer addition" line="17">
<kw name="Initialize Calculator Session" owner="CalculatorApp" type="SETUP">
<kw name="Go To" owner="SeleniumLibrary">
<msg time="2025-01-23T17:01:11.652348" level="INFO">Opening url 'https://testpages.eviltester.com/styled/apps/calculator.html'</msg>
<arg>${URL}</arg>
<doc>Navigates the current browser window to the provided ``url``.</doc>
<status status="PASS" start="2025-01-23T17:01:11.651367" elapsed="2.690317"/>
</kw>
<kw name="Wait Until Element Is Visible" owner="SeleniumLibrary">
<arg>${DISPLAY_LOCATOR}</arg>
<arg>${TIMEOUT}</arg>
<doc>Waits until the element ``locator`` is visible.</doc>
<status status="PASS" start="2025-01-23T17:01:14.341684" elapsed="0.022463"/>
</kw>
<kw name="Clear Display" owner="CalculatorApp">
<kw name="Wait Until Element Is Visible" owner="SeleniumLibrary">
<arg>${CLEAR_BTN}</arg>
<arg>${TIMEOUT}</arg>
<doc>Waits until the element ``locator`` is visible.</doc>
<status status="PASS" start="2025-01-23T17:01:14.364147" elapsed="0.016001"/>
</kw>
<kw name="Click Element" owner="SeleniumLibrary">
<msg time="2025-01-23T17:01:14.380148" level="INFO">Clicking element 'id=buttonallclear'.</msg>
<arg>${CLEAR_BTN}</arg>
<doc>Click the element identified by ``locator``.</doc>
<status status="PASS" start="2025-01-23T17:01:14.380148" elapsed="0.049748"/>
</kw>
<kw name="Wait Until Element Contains" owner="SeleniumLibrary">
<msg time="2025-01-23T17:01:24.585945" level="INFO" html="true">&lt;/td&gt;&lt;/tr&gt;&lt;tr&gt;&lt;td colspan="3"&gt;&lt;a href="selenium-screenshot-33.png"&gt;&lt;img src="selenium-screenshot-33.png" width="800px"&gt;&lt;/a&gt;</msg>
<msg time="2025-01-23T17:01:24.585945" level="FAIL">Element 'id=calculated-display' did not get text '0' in 10 seconds.</msg>
<arg>${DISPLAY_LOCATOR}</arg>
<arg>0</arg>
<arg>${TIMEOUT}</arg>
<doc>Waits until the element ``locator`` contains ``text``.</doc>
<status status="FAIL" start="2025-01-23T17:01:14.429896" elapsed="10.158050">Element 'id=calculated-display' did not get text '0' in 10 seconds.</status>
</kw>
<status status="FAIL" start="2025-01-23T17:01:14.364147" elapsed="10.223799">Element 'id=calculated-display' did not get text '0' in 10 seconds.</status>
</kw>
<status status="FAIL" start="2025-01-23T17:01:11.651367" elapsed="12.936579">Element 'id=calculated-display' did not get text '0' in 10 seconds.</status>
</kw>
<kw name="Cleanup Calculator Session" owner="CalculatorApp" type="TEARDOWN">
<kw name="Run Keyword If Test Failed" owner="BuiltIn">
<kw name="Capture Page Screenshot" owner="SeleniumLibrary">
<msg time="2025-01-23T17:01:24.648068" level="INFO" html="true">&lt;/td&gt;&lt;/tr&gt;&lt;tr&gt;&lt;td colspan="3"&gt;&lt;a href="selenium-screenshot-34.png"&gt;&lt;img src="selenium-screenshot-34.png" width="800px"&gt;&lt;/a&gt;</msg>
<doc>Takes a screenshot of the current page and embeds it into a log file.</doc>
<status status="PASS" start="2025-01-23T17:01:24.588947" elapsed="0.059121"/>
</kw>
<arg>Capture Page Screenshot</arg>
<doc>Runs the given keyword with the given arguments, if the test failed.</doc>
<status status="PASS" start="2025-01-23T17:01:24.588947" elapsed="0.059121"/>
</kw>
<kw name="Clear Display" owner="CalculatorApp">
<kw name="Wait Until Element Is Visible" owner="SeleniumLibrary">
<arg>${CLEAR_BTN}</arg>
<arg>${TIMEOUT}</arg>
<doc>Waits until the element ``locator`` is visible.</doc>
<status status="PASS" start="2025-01-23T17:01:24.648068" elapsed="0.013506"/>
</kw>
<kw name="Click Element" owner="SeleniumLibrary">
<msg time="2025-01-23T17:01:24.662580" level="INFO">Clicking element 'id=buttonallclear'.</msg>
<arg>${CLEAR_BTN}</arg>
<doc>Click the element identified by ``locator``.</doc>
<status status="PASS" start="2025-01-23T17:01:24.662580" elapsed="0.047001"/>
</kw>
<kw name="Wait Until Element Contains" owner="SeleniumLibrary">
<msg time="2025-01-23T17:01:34.809560" level="INFO" html="true">&lt;/td&gt;&lt;/tr&gt;&lt;tr&gt;&lt;td colspan="3"&gt;&lt;a href="selenium-screenshot-35.png"&gt;&lt;img src="selenium-screenshot-35.png" width="800px"&gt;&lt;/a&gt;</msg>
<msg time="2025-01-23T17:01:34.810560" level="FAIL">Element 'id=calculated-display' did not get text '0' in 10 seconds.</msg>
<arg>${DISPLAY_LOCATOR}</arg>
<arg>0</arg>
<arg>${TIMEOUT}</arg>
<doc>Waits until the element ``locator`` contains ``text``.</doc>
<status status="FAIL" start="2025-01-23T17:01:24.710582" elapsed="10.099978">Element 'id=calculated-display' did not get text '0' in 10 seconds.</status>
</kw>
<status status="FAIL" start="2025-01-23T17:01:24.648068" elapsed="10.163492">Element 'id=calculated-display' did not get text '0' in 10 seconds.</status>
</kw>
<status status="FAIL" start="2025-01-23T17:01:24.588947" elapsed="10.222613">Element 'id=calculated-display' did not get text '0' in 10 seconds.</status>
</kw>
<doc>Verify that calculator can perform basic addition with integers</doc>
<tag>addition</tag>
<tag>integer</tag>
<tag>smoke</tag>
<status status="FAIL" start="2025-01-23T17:01:11.651367" elapsed="23.160193">Setup failed:
Element 'id=calculated-display' did not get text '0' in 10 seconds.

Also teardown failed:
Element 'id=calculated-display' did not get text '0' in 10 seconds.</status>
</test>
<test id="s1-t2" name="User can perform basic integer multiplication" line="26">
<kw name="Initialize Calculator Session" owner="CalculatorApp" type="SETUP">
<kw name="Go To" owner="SeleniumLibrary">
<msg time="2025-01-23T17:01:34.813560" level="INFO">Opening url 'https://testpages.eviltester.com/styled/apps/calculator.html'</msg>
<arg>${URL}</arg>
<doc>Navigates the current browser window to the provided ``url``.</doc>
<status status="PASS" start="2025-01-23T17:01:34.813560" elapsed="0.601021"/>
</kw>
<kw name="Wait Until Element Is Visible" owner="SeleniumLibrary">
<arg>${DISPLAY_LOCATOR}</arg>
<arg>${TIMEOUT}</arg>
<doc>Waits until the element ``locator`` is visible.</doc>
<status status="PASS" start="2025-01-23T17:01:35.415582" elapsed="0.016989"/>
</kw>
<kw name="Clear Display" owner="CalculatorApp">
<kw name="Wait Until Element Is Visible" owner="SeleniumLibrary">
<arg>${CLEAR_BTN}</arg>
<arg>${TIMEOUT}</arg>
<doc>Waits until the element ``locator`` is visible.</doc>
<status status="PASS" start="2025-01-23T17:01:35.433573" elapsed="0.010997"/>
</kw>
<kw name="Click Element" owner="SeleniumLibrary">
<msg time="2025-01-23T17:01:35.445590" level="INFO">Clicking element 'id=buttonallclear'.</msg>
<arg>${CLEAR_BTN}</arg>
<doc>Click the element identified by ``locator``.</doc>
<status status="PASS" start="2025-01-23T17:01:35.444570" elapsed="0.034441"/>
</kw>
<kw name="Wait Until Element Contains" owner="SeleniumLibrary">
<msg time="2025-01-23T17:01:45.752830" level="INFO" html="true">&lt;/td&gt;&lt;/tr&gt;&lt;tr&gt;&lt;td colspan="3"&gt;&lt;a href="selenium-screenshot-36.png"&gt;&lt;img src="selenium-screenshot-36.png" width="800px"&gt;&lt;/a&gt;</msg>
<msg time="2025-01-23T17:01:45.752830" level="FAIL">Element 'id=calculated-display' did not get text '0' in 10 seconds.</msg>
<arg>${DISPLAY_LOCATOR}</arg>
<arg>0</arg>
<arg>${TIMEOUT}</arg>
<doc>Waits until the element ``locator`` contains ``text``.</doc>
<status status="FAIL" start="2025-01-23T17:01:35.479011" elapsed="10.274847">Element 'id=calculated-display' did not get text '0' in 10 seconds.</status>
</kw>
<status status="FAIL" start="2025-01-23T17:01:35.432571" elapsed="10.321287">Element 'id=calculated-display' did not get text '0' in 10 seconds.</status>
</kw>
<status status="FAIL" start="2025-01-23T17:01:34.813560" elapsed="10.940298">Element 'id=calculated-display' did not get text '0' in 10 seconds.</status>
</kw>
<kw name="Cleanup Calculator Session" owner="CalculatorApp" type="TEARDOWN">
<kw name="Run Keyword If Test Failed" owner="BuiltIn">
<kw name="Capture Page Screenshot" owner="SeleniumLibrary">
<msg time="2025-01-23T17:01:45.812949" level="INFO" html="true">&lt;/td&gt;&lt;/tr&gt;&lt;tr&gt;&lt;td colspan="3"&gt;&lt;a href="selenium-screenshot-37.png"&gt;&lt;img src="selenium-screenshot-37.png" width="800px"&gt;&lt;/a&gt;</msg>
<doc>Takes a screenshot of the current page and embeds it into a log file.</doc>
<status status="PASS" start="2025-01-23T17:01:45.753858" elapsed="0.059091"/>
</kw>
<arg>Capture Page Screenshot</arg>
<doc>Runs the given keyword with the given arguments, if the test failed.</doc>
<status status="PASS" start="2025-01-23T17:01:45.753858" elapsed="0.059091"/>
</kw>
<kw name="Clear Display" owner="CalculatorApp">
<kw name="Wait Until Element Is Visible" owner="SeleniumLibrary">
<arg>${CLEAR_BTN}</arg>
<arg>${TIMEOUT}</arg>
<doc>Waits until the element ``locator`` is visible.</doc>
<status status="PASS" start="2025-01-23T17:01:45.812949" elapsed="0.013092"/>
</kw>
<kw name="Click Element" owner="SeleniumLibrary">
<msg time="2025-01-23T17:01:45.826041" level="INFO">Clicking element 'id=buttonallclear'.</msg>
<arg>${CLEAR_BTN}</arg>
<doc>Click the element identified by ``locator``.</doc>
<status status="PASS" start="2025-01-23T17:01:45.826041" elapsed="0.035997"/>
</kw>
<kw name="Wait Until Element Contains" owner="SeleniumLibrary">
<msg time="2025-01-23T17:01:55.926971" level="INFO" html="true">&lt;/td&gt;&lt;/tr&gt;&lt;tr&gt;&lt;td colspan="3"&gt;&lt;a href="selenium-screenshot-38.png"&gt;&lt;img src="selenium-screenshot-38.png" width="800px"&gt;&lt;/a&gt;</msg>
<msg time="2025-01-23T17:01:55.926971" level="FAIL">Element 'id=calculated-display' did not get text '0' in 10 seconds.</msg>
<arg>${DISPLAY_LOCATOR}</arg>
<arg>0</arg>
<arg>${TIMEOUT}</arg>
<doc>Waits until the element ``locator`` contains ``text``.</doc>
<status status="FAIL" start="2025-01-23T17:01:45.862038" elapsed="10.064933">Element 'id=calculated-display' did not get text '0' in 10 seconds.</status>
</kw>
<status status="FAIL" start="2025-01-23T17:01:45.812949" elapsed="10.114022">Element 'id=calculated-display' did not get text '0' in 10 seconds.</status>
</kw>
<status status="FAIL" start="2025-01-23T17:01:45.753858" elapsed="10.173113">Element 'id=calculated-display' did not get text '0' in 10 seconds.</status>
</kw>
<doc>Verify that calculator can perform basic multiplication with integers</doc>
<tag>integer</tag>
<tag>multiplication</tag>
<tag>smoke</tag>
<status status="FAIL" start="2025-01-23T17:01:34.812560" elapsed="21.115764">Setup failed:
Element 'id=calculated-display' did not get text '0' in 10 seconds.

Also teardown failed:
Element 'id=calculated-display' did not get text '0' in 10 seconds.</status>
</test>
<test id="s1-t3" name="User can perform decimal addition" line="35">
<kw name="Initialize Calculator Session" owner="CalculatorApp" type="SETUP">
<kw name="Go To" owner="SeleniumLibrary">
<msg time="2025-01-23T17:01:55.929329" level="INFO">Opening url 'https://testpages.eviltester.com/styled/apps/calculator.html'</msg>
<arg>${URL}</arg>
<doc>Navigates the current browser window to the provided ``url``.</doc>
<status status="PASS" start="2025-01-23T17:01:55.929329" elapsed="0.631540"/>
</kw>
<kw name="Wait Until Element Is Visible" owner="SeleniumLibrary">
<arg>${DISPLAY_LOCATOR}</arg>
<arg>${TIMEOUT}</arg>
<doc>Waits until the element ``locator`` is visible.</doc>
<status status="PASS" start="2025-01-23T17:01:56.560869" elapsed="0.011798"/>
</kw>
<kw name="Clear Display" owner="CalculatorApp">
<kw name="Wait Until Element Is Visible" owner="SeleniumLibrary">
<arg>${CLEAR_BTN}</arg>
<arg>${TIMEOUT}</arg>
<doc>Waits until the element ``locator`` is visible.</doc>
<status status="PASS" start="2025-01-23T17:01:56.572667" elapsed="0.010638"/>
</kw>
<kw name="Click Element" owner="SeleniumLibrary">
<msg time="2025-01-23T17:01:56.583305" level="INFO">Clicking element 'id=buttonallclear'.</msg>
<arg>${CLEAR_BTN}</arg>
<doc>Click the element identified by ``locator``.</doc>
<status status="PASS" start="2025-01-23T17:01:56.583305" elapsed="0.031574"/>
</kw>
<kw name="Wait Until Element Contains" owner="SeleniumLibrary">
<msg time="2025-01-23T17:02:06.730893" level="INFO" html="true">&lt;/td&gt;&lt;/tr&gt;&lt;tr&gt;&lt;td colspan="3"&gt;&lt;a href="selenium-screenshot-39.png"&gt;&lt;img src="selenium-screenshot-39.png" width="800px"&gt;&lt;/a&gt;</msg>
<msg time="2025-01-23T17:02:06.730893" level="FAIL">Element 'id=calculated-display' did not get text '0' in 10 seconds.</msg>
<arg>${DISPLAY_LOCATOR}</arg>
<arg>0</arg>
<arg>${TIMEOUT}</arg>
<doc>Waits until the element ``locator`` contains ``text``.</doc>
<status status="FAIL" start="2025-01-23T17:01:56.614879" elapsed="10.117019">Element 'id=calculated-display' did not get text '0' in 10 seconds.</status>
</kw>
<status status="FAIL" start="2025-01-23T17:01:56.572667" elapsed="10.159231">Element 'id=calculated-display' did not get text '0' in 10 seconds.</status>
</kw>
<status status="FAIL" start="2025-01-23T17:01:55.929329" elapsed="10.802569">Element 'id=calculated-display' did not get text '0' in 10 seconds.</status>
</kw>
<kw name="Cleanup Calculator Session" owner="CalculatorApp" type="TEARDOWN">
<kw name="Run Keyword If Test Failed" owner="BuiltIn">
<kw name="Capture Page Screenshot" owner="SeleniumLibrary">
<msg time="2025-01-23T17:02:06.786322" level="INFO" html="true">&lt;/td&gt;&lt;/tr&gt;&lt;tr&gt;&lt;td colspan="3"&gt;&lt;a href="selenium-screenshot-40.png"&gt;&lt;img src="selenium-screenshot-40.png" width="800px"&gt;&lt;/a&gt;</msg>
<doc>Takes a screenshot of the current page and embeds it into a log file.</doc>
<status status="PASS" start="2025-01-23T17:02:06.732898" elapsed="0.053424"/>
</kw>
<arg>Capture Page Screenshot</arg>
<doc>Runs the given keyword with the given arguments, if the test failed.</doc>
<status status="PASS" start="2025-01-23T17:02:06.732898" elapsed="0.053424"/>
</kw>
<kw name="Clear Display" owner="CalculatorApp">
<kw name="Wait Until Element Is Visible" owner="SeleniumLibrary">
<arg>${CLEAR_BTN}</arg>
<arg>${TIMEOUT}</arg>
<doc>Waits until the element ``locator`` is visible.</doc>
<status status="PASS" start="2025-01-23T17:02:06.786322" elapsed="0.011510"/>
</kw>
<kw name="Click Element" owner="SeleniumLibrary">
<msg time="2025-01-23T17:02:06.797832" level="INFO">Clicking element 'id=buttonallclear'.</msg>
<arg>${CLEAR_BTN}</arg>
<doc>Click the element identified by ``locator``.</doc>
<status status="PASS" start="2025-01-23T17:02:06.797832" elapsed="0.045971"/>
</kw>
<kw name="Wait Until Element Contains" owner="SeleniumLibrary">
<msg time="2025-01-23T17:02:17.102468" level="INFO" html="true">&lt;/td&gt;&lt;/tr&gt;&lt;tr&gt;&lt;td colspan="3"&gt;&lt;a href="selenium-screenshot-41.png"&gt;&lt;img src="selenium-screenshot-41.png" width="800px"&gt;&lt;/a&gt;</msg>
<msg time="2025-01-23T17:02:17.103468" level="FAIL">Element 'id=calculated-display' did not get text '0' in 10 seconds.</msg>
<arg>${DISPLAY_LOCATOR}</arg>
<arg>0</arg>
<arg>${TIMEOUT}</arg>
<doc>Waits until the element ``locator`` contains ``text``.</doc>
<status status="FAIL" start="2025-01-23T17:02:06.843803" elapsed="10.259665">Element 'id=calculated-display' did not get text '0' in 10 seconds.</status>
</kw>
<status status="FAIL" start="2025-01-23T17:02:06.786322" elapsed="10.317146">Element 'id=calculated-display' did not get text '0' in 10 seconds.</status>
</kw>
<status status="FAIL" start="2025-01-23T17:02:06.731898" elapsed="10.371570">Element 'id=calculated-display' did not get text '0' in 10 seconds.</status>
</kw>
<doc>Verify that calculator can perform addition with decimal numbers</doc>
<tag>addition</tag>
<tag>decimal</tag>
<tag>smoke</tag>
<status status="FAIL" start="2025-01-23T17:01:55.928324" elapsed="21.176145">Setup failed:
Element 'id=calculated-display' did not get text '0' in 10 seconds.

Also teardown failed:
Element 'id=calculated-display' did not get text '0' in 10 seconds.</status>
</test>
<test id="s1-t4" name="User can perform decimal multiplication" line="44">
<kw name="Initialize Calculator Session" owner="CalculatorApp" type="SETUP">
<kw name="Go To" owner="SeleniumLibrary">
<msg time="2025-01-23T17:02:17.105467" level="INFO">Opening url 'https://testpages.eviltester.com/styled/apps/calculator.html'</msg>
<arg>${URL}</arg>
<doc>Navigates the current browser window to the provided ``url``.</doc>
<status status="PASS" start="2025-01-23T17:02:17.105467" elapsed="0.615789"/>
</kw>
<kw name="Wait Until Element Is Visible" owner="SeleniumLibrary">
<arg>${DISPLAY_LOCATOR}</arg>
<arg>${TIMEOUT}</arg>
<doc>Waits until the element ``locator`` is visible.</doc>
<status status="PASS" start="2025-01-23T17:02:17.722396" elapsed="0.016773"/>
</kw>
<kw name="Clear Display" owner="CalculatorApp">
<kw name="Wait Until Element Is Visible" owner="SeleniumLibrary">
<arg>${CLEAR_BTN}</arg>
<arg>${TIMEOUT}</arg>
<doc>Waits until the element ``locator`` is visible.</doc>
<status status="PASS" start="2025-01-23T17:02:17.740179" elapsed="0.011046"/>
</kw>
<kw name="Click Element" owner="SeleniumLibrary">
<msg time="2025-01-23T17:02:17.752240" level="INFO">Clicking element 'id=buttonallclear'.</msg>
<arg>${CLEAR_BTN}</arg>
<doc>Click the element identified by ``locator``.</doc>
<status status="PASS" start="2025-01-23T17:02:17.752240" elapsed="0.036726"/>
</kw>
<kw name="Wait Until Element Contains" owner="SeleniumLibrary">
<msg time="2025-01-23T17:02:27.957175" level="INFO" html="true">&lt;/td&gt;&lt;/tr&gt;&lt;tr&gt;&lt;td colspan="3"&gt;&lt;a href="selenium-screenshot-42.png"&gt;&lt;img src="selenium-screenshot-42.png" width="800px"&gt;&lt;/a&gt;</msg>
<msg time="2025-01-23T17:02:27.957175" level="FAIL">Element 'id=calculated-display' did not get text '0' in 10 seconds.</msg>
<arg>${DISPLAY_LOCATOR}</arg>
<arg>0</arg>
<arg>${TIMEOUT}</arg>
<doc>Waits until the element ``locator`` contains ``text``.</doc>
<status status="FAIL" start="2025-01-23T17:02:17.788966" elapsed="10.169196">Element 'id=calculated-display' did not get text '0' in 10 seconds.</status>
</kw>
<status status="FAIL" start="2025-01-23T17:02:17.739169" elapsed="10.218993">Element 'id=calculated-display' did not get text '0' in 10 seconds.</status>
</kw>
<status status="FAIL" start="2025-01-23T17:02:17.105467" elapsed="10.852695">Element 'id=calculated-display' did not get text '0' in 10 seconds.</status>
</kw>
<kw name="Cleanup Calculator Session" owner="CalculatorApp" type="TEARDOWN">
<kw name="Run Keyword If Test Failed" owner="BuiltIn">
<kw name="Capture Page Screenshot" owner="SeleniumLibrary">
<msg time="2025-01-23T17:02:28.051080" level="INFO" html="true">&lt;/td&gt;&lt;/tr&gt;&lt;tr&gt;&lt;td colspan="3"&gt;&lt;a href="selenium-screenshot-43.png"&gt;&lt;img src="selenium-screenshot-43.png" width="800px"&gt;&lt;/a&gt;</msg>
<doc>Takes a screenshot of the current page and embeds it into a log file.</doc>
<status status="PASS" start="2025-01-23T17:02:27.960236" elapsed="0.090844"/>
</kw>
<arg>Capture Page Screenshot</arg>
<doc>Runs the given keyword with the given arguments, if the test failed.</doc>
<status status="PASS" start="2025-01-23T17:02:27.960236" elapsed="0.090844"/>
</kw>
<kw name="Clear Display" owner="CalculatorApp">
<kw name="Wait Until Element Is Visible" owner="SeleniumLibrary">
<arg>${CLEAR_BTN}</arg>
<arg>${TIMEOUT}</arg>
<doc>Waits until the element ``locator`` is visible.</doc>
<status status="PASS" start="2025-01-23T17:02:28.052686" elapsed="0.080706"/>
</kw>
<kw name="Click Element" owner="SeleniumLibrary">
<msg time="2025-01-23T17:02:28.133392" level="INFO">Clicking element 'id=buttonallclear'.</msg>
<arg>${CLEAR_BTN}</arg>
<doc>Click the element identified by ``locator``.</doc>
<status status="PASS" start="2025-01-23T17:02:28.133392" elapsed="0.126045"/>
</kw>
<kw name="Wait Until Element Contains" owner="SeleniumLibrary">
<msg time="2025-01-23T17:02:38.480654" level="INFO" html="true">&lt;/td&gt;&lt;/tr&gt;&lt;tr&gt;&lt;td colspan="3"&gt;&lt;a href="selenium-screenshot-44.png"&gt;&lt;img src="selenium-screenshot-44.png" width="800px"&gt;&lt;/a&gt;</msg>
<msg time="2025-01-23T17:02:38.480654" level="FAIL">Element 'id=calculated-display' did not get text '0' in 10 seconds.</msg>
<arg>${DISPLAY_LOCATOR}</arg>
<arg>0</arg>
<arg>${TIMEOUT}</arg>
<doc>Waits until the element ``locator`` contains ``text``.</doc>
<status status="FAIL" start="2025-01-23T17:02:28.260616" elapsed="10.221032">Element 'id=calculated-display' did not get text '0' in 10 seconds.</status>
</kw>
<status status="FAIL" start="2025-01-23T17:02:28.051782" elapsed="10.429866">Element 'id=calculated-display' did not get text '0' in 10 seconds.</status>
</kw>
<status status="FAIL" start="2025-01-23T17:02:27.959168" elapsed="10.522480">Element 'id=calculated-display' did not get text '0' in 10 seconds.</status>
</kw>
<doc>Verify that calculator can perform multiplication with decimal numbers</doc>
<tag>decimal</tag>
<tag>multiplication</tag>
<tag>smoke</tag>
<status status="FAIL" start="2025-01-23T17:02:17.105467" elapsed="21.376824">Setup failed:
Element 'id=calculated-display' did not get text '0' in 10 seconds.

Also teardown failed:
Element 'id=calculated-display' did not get text '0' in 10 seconds.</status>
</test>
<test id="s1-t5" name="User can perform memory operations sequence" line="53">
<kw name="Initialize Calculator Session" owner="CalculatorApp" type="SETUP">
<kw name="Go To" owner="SeleniumLibrary">
<msg time="2025-01-23T17:02:38.483312" level="INFO">Opening url 'https://testpages.eviltester.com/styled/apps/calculator.html'</msg>
<arg>${URL}</arg>
<doc>Navigates the current browser window to the provided ``url``.</doc>
<status status="PASS" start="2025-01-23T17:02:38.483312" elapsed="0.639839"/>
</kw>
<kw name="Wait Until Element Is Visible" owner="SeleniumLibrary">
<arg>${DISPLAY_LOCATOR}</arg>
<arg>${TIMEOUT}</arg>
<doc>Waits until the element ``locator`` is visible.</doc>
<status status="PASS" start="2025-01-23T17:02:39.123151" elapsed="0.018005"/>
</kw>
<kw name="Clear Display" owner="CalculatorApp">
<kw name="Wait Until Element Is Visible" owner="SeleniumLibrary">
<arg>${CLEAR_BTN}</arg>
<arg>${TIMEOUT}</arg>
<doc>Waits until the element ``locator`` is visible.</doc>
<status status="PASS" start="2025-01-23T17:02:39.141156" elapsed="0.014266"/>
</kw>
<kw name="Click Element" owner="SeleniumLibrary">
<msg time="2025-01-23T17:02:39.155422" level="INFO">Clicking element 'id=buttonallclear'.</msg>
<arg>${CLEAR_BTN}</arg>
<doc>Click the element identified by ``locator``.</doc>
<status status="PASS" start="2025-01-23T17:02:39.155422" elapsed="0.034009"/>
</kw>
<kw name="Wait Until Element Contains" owner="SeleniumLibrary">
<msg time="2025-01-23T17:02:49.447985" level="INFO" html="true">&lt;/td&gt;&lt;/tr&gt;&lt;tr&gt;&lt;td colspan="3"&gt;&lt;a href="selenium-screenshot-45.png"&gt;&lt;img src="selenium-screenshot-45.png" width="800px"&gt;&lt;/a&gt;</msg>
<msg time="2025-01-23T17:02:49.447985" level="FAIL">Element 'id=calculated-display' did not get text '0' in 10 seconds.</msg>
<arg>${DISPLAY_LOCATOR}</arg>
<arg>0</arg>
<arg>${TIMEOUT}</arg>
<doc>Waits until the element ``locator`` contains ``text``.</doc>
<status status="FAIL" start="2025-01-23T17:02:39.189431" elapsed="10.259558">Element 'id=calculated-display' did not get text '0' in 10 seconds.</status>
</kw>
<status status="FAIL" start="2025-01-23T17:02:39.141156" elapsed="10.307833">Element 'id=calculated-display' did not get text '0' in 10 seconds.</status>
</kw>
<status status="FAIL" start="2025-01-23T17:02:38.483312" elapsed="10.965677">Element 'id=calculated-display' did not get text '0' in 10 seconds.</status>
</kw>
<kw name="Cleanup Calculator Session" owner="CalculatorApp" type="TEARDOWN">
<kw name="Run Keyword If Test Failed" owner="BuiltIn">
<kw name="Capture Page Screenshot" owner="SeleniumLibrary">
<msg time="2025-01-23T17:02:49.516742" level="INFO" html="true">&lt;/td&gt;&lt;/tr&gt;&lt;tr&gt;&lt;td colspan="3"&gt;&lt;a href="selenium-screenshot-46.png"&gt;&lt;img src="selenium-screenshot-46.png" width="800px"&gt;&lt;/a&gt;</msg>
<doc>Takes a screenshot of the current page and embeds it into a log file.</doc>
<status status="PASS" start="2025-01-23T17:02:49.450999" elapsed="0.066743"/>
</kw>
<arg>Capture Page Screenshot</arg>
<doc>Runs the given keyword with the given arguments, if the test failed.</doc>
<status status="PASS" start="2025-01-23T17:02:49.450038" elapsed="0.067704"/>
</kw>
<kw name="Clear Display" owner="CalculatorApp">
<kw name="Wait Until Element Is Visible" owner="SeleniumLibrary">
<arg>${CLEAR_BTN}</arg>
<arg>${TIMEOUT}</arg>
<doc>Waits until the element ``locator`` is visible.</doc>
<status status="PASS" start="2025-01-23T17:02:49.517742" elapsed="0.013237"/>
</kw>
<kw name="Click Element" owner="SeleniumLibrary">
<msg time="2025-01-23T17:02:49.530979" level="INFO">Clicking element 'id=buttonallclear'.</msg>
<arg>${CLEAR_BTN}</arg>
<doc>Click the element identified by ``locator``.</doc>
<status status="PASS" start="2025-01-23T17:02:49.530979" elapsed="0.032345"/>
</kw>
<kw name="Wait Until Element Contains" owner="SeleniumLibrary">
<msg time="2025-01-23T17:02:59.660583" level="INFO" html="true">&lt;/td&gt;&lt;/tr&gt;&lt;tr&gt;&lt;td colspan="3"&gt;&lt;a href="selenium-screenshot-47.png"&gt;&lt;img src="selenium-screenshot-47.png" width="800px"&gt;&lt;/a&gt;</msg>
<msg time="2025-01-23T17:02:59.660583" level="FAIL">Element 'id=calculated-display' did not get text '0' in 10 seconds.</msg>
<arg>${DISPLAY_LOCATOR}</arg>
<arg>0</arg>
<arg>${TIMEOUT}</arg>
<doc>Waits until the element ``locator`` contains ``text``.</doc>
<status status="FAIL" start="2025-01-23T17:02:49.563324" elapsed="10.098275">Element 'id=calculated-display' did not get text '0' in 10 seconds.</status>
</kw>
<status status="FAIL" start="2025-01-23T17:02:49.517742" elapsed="10.143857">Element 'id=calculated-display' did not get text '0' in 10 seconds.</status>
</kw>
<status status="FAIL" start="2025-01-23T17:02:49.450038" elapsed="10.211561">Element 'id=calculated-display' did not get text '0' in 10 seconds.</status>
</kw>
<doc>Verify that calculator can perform a sequence of memory operations</doc>
<tag>memory</tag>
<tag>smoke</tag>
<status status="FAIL" start="2025-01-23T17:02:38.482291" elapsed="21.179308">Setup failed:
Element 'id=calculated-display' did not get text '0' in 10 seconds.

Also teardown failed:
Element 'id=calculated-display' did not get text '0' in 10 seconds.</status>
</test>
<kw name="Cleanup Calculator Test Environment" type="TEARDOWN">
<kw name="Log" owner="BuiltIn">
<msg time="2025-01-23T17:02:59.663583" level="INFO">Cleaning up calculator test environment</msg>
<arg>Cleaning up calculator test environment</arg>
<arg>console=True</arg>
<doc>Logs the given message with the given level.</doc>
<status status="PASS" start="2025-01-23T17:02:59.663583" elapsed="0.001000"/>
</kw>
<kw name="Close All Browsers" owner="SeleniumLibrary">
<doc>Closes all open browsers and resets the browser cache.</doc>
<status status="PASS" start="2025-01-23T17:02:59.664583" elapsed="6.367187"/>
</kw>
<kw name="Log" owner="BuiltIn">
<msg time="2025-01-23T17:03:06.032756" level="INFO">Calculator environment cleanup completed</msg>
<arg>Calculator environment cleanup completed</arg>
<arg>console=True</arg>
<doc>Logs the given message with the given level.</doc>
<status status="PASS" start="2025-01-23T17:03:06.031770" elapsed="0.000986"/>
</kw>
<status status="PASS" start="2025-01-23T17:02:59.663583" elapsed="6.369173"/>
</kw>
<doc>Test suite for calculator functionality using BDD approach</doc>
<status status="FAIL" start="2025-01-23T17:01:09.348767" elapsed="116.683989"/>
</suite>
<statistics>
<total>
<stat pass="0" fail="5" skip="0">All Tests</stat>
</total>
<tag>
<stat pass="0" fail="2" skip="0">addition</stat>
<stat pass="0" fail="2" skip="0">decimal</stat>
<stat pass="0" fail="2" skip="0">integer</stat>
<stat pass="0" fail="1" skip="0">memory</stat>
<stat pass="0" fail="2" skip="0">multiplication</stat>
<stat pass="0" fail="5" skip="0">smoke</stat>
</tag>
<suite>
<stat pass="0" fail="5" skip="0" id="s1" name="CalculatorTest">CalculatorTest</stat>
</suite>
</statistics>
<errors>
<msg time="2025-01-23T17:01:09.596917" level="WARN">Error in file 'D:\AUTOMATION TEST\Calculator_v2\Resources\CalculatorApp.resource' on line 68: The '[Return]' setting is deprecated. Use the 'RETURN' statement instead.</msg>
</errors>
</robot>
